[2026-06-14T00:30:44+0200] [MainThread] [I] [toil.worker] ---TOIL WORKER OUTPUT LOG---
[2026-06-14T00:30:44+0200] [MainThread] [I] [toil] Running Toil version 9.4.1-c6a39f2c827899f9a1dd0018ca2b72c675120096 on host gs14r3b26.
[2026-06-14T00:30:44+0200] [MainThread] [D] [toil] Configuration: {'cwl': False, 'workflowID': '643d9c9e-9a00-4715-9443-b191a557c09d', 'kill_polling_interval': 5, 'jobStore': 'file:/gpfs/projects/[REDACTED]/[REDACTED]/cwl-mpi/workflows/mpich-sr/logs/toil/mn5/singularity/d9a5525c-7423-4498-a0e6-52b809f4f338', 'workDir': '/gpfs/projects/[REDACTED]/[REDACTED]/cwl-mpi/workflows/mpich-sr/logs/toil/mn5/singularity', 'coordination_dir': None, 'noStdOutErr': False, 'stats': False, 'cleanWorkDir': 'always', 'clean': 'onSuccess', 'clusterStats': None, 'restart': False, 'batchSystem': 'single_machine', 'scale': 1, 'slurm_allocate_mem': True, 'slurm_default_all_mem': False, 'slurm_time': None, 'slurm_partition': None, 'slurm_gpu_partition': None, 'slurm_pe': None, 'slurm_args': '', 'disableAutoDeployment': False, 'max_jobs': 9223372036854775807, 'max_local_jobs': None, 'manualMemArgs': False, 'run_local_jobs_on_workers': False, 'statePollingWait': None, 'state_polling_timeout': 1200, 'batch_logs_dir': None, 'symlinkImports': True, 'moveOutputs': False, 'caching': False, 'symlink_job_store_reads': True, 'provisioner': None, 'nodeTypes': [], 'minNodes': [0], 'maxNodes': [10], 'targetTime': 1800, 'betaInertia': 0.1, 'scaleInterval': 60, 'metrics': False, 'assume_zero_overhead': False, 'preemptibleCompensation': 0.0, 'nodeStorage': 50, 'nodeStorageOverrides': [], 'maxServiceJobs': 9223372036854775807, 'maxPreemptibleServiceJobs': 9223372036854775807, 'deadlockWait': 60, 'deadlockCheckInterval': 30, 'defaultMemory': 2147483648, 'defaultCores': 1, 'defaultDisk': 2147483648, 'defaultAccelerators': [], 'maxCores': 9223372036854775807, 'maxMemory': 9223372036854775807, 'maxDisk': 9223372036854775807, 'defaultPreemptible': False, 'retryCount': 0, 'retry_backoff_seconds': 2, 'retry_backoff_factor': 3, 'stop_on_first_failure': False, 'enableUnlimitedPreemptibleRetries': False, 'doubleMem': False, 'maxJobDuration': 9223372036854775807, 'rescueJobsFrequency': 60, 'job_store_timeout': 30, 'maxLogFileSize': 104857600, 'writeLogs': 'logs/toil/mn5/singularity', 'writeLogsGzip': None, 'writeLogsFromAllJobs': False, 'write_messages': '/scratch/tmp/41770356/tmp3li1iorn', 'publish_workflow_metrics': None, 'environment': {}, 'disableChaining': False, 'disableJobStoreChecksumVerification': False, 'statusWait': 3600, 'disableProgress': False, 'sseKey': None, 'servicePollingInterval': 60.0, 'forceDockerAppliance': False, 'debugWorker': False, 'disableWorkerOutputCapture': False, 'badWorker': 0.0, 'badWorkerFailInterval': 0.01, 'logLevel': 'Debug', 'colored_logs': True, 'memory_is_product': False, 'workflowAttemptNumber': 0}
[2026-06-14T00:30:44+0200] [MainThread] [D] [toil.deferred] Opened with own state file /scratch/tmp/41770356/toilwf-b279e46fb6235e369134e00ead34fb77/deferred/funcr0s8pvsc
[2026-06-14T00:30:44+0200] [MainThread] [D] [toil.worker] Parsed job description
[2026-06-14T00:30:44+0200] [MainThread] [I] [toil.worker] Working on job 'CWLWorkflow' sr-workflow kind-CWLWorkflow/instance-flzz073k v1
[2026-06-14T00:30:44+0200] [MainThread] [D] [toil.job] Loading user module ModuleDescriptor(dirPath='/gpfs/projects/[REDACTED]/[REDACTED]/micromamba-envs/envs/toil/lib/python3.13/site-packages', name='toil.cwl.cwltoil', fromVirtualEnv=True).
[2026-06-14T00:30:44+0200] [MainThread] [D] [pydot] pydot initializing
[2026-06-14T00:30:44+0200] [MainThread] [D] [pydot] pydot 4.0.1
[2026-06-14T00:30:44+0200] [MainThread] [D] [pydot.core] pydot core module initializing
[2026-06-14T00:30:44+0200] [MainThread] [I] [toil.worker] Loaded body Job('CWLWorkflow' sr-workflow kind-CWLWorkflow/instance-flzz073k v1) from description 'CWLWorkflow' sr-workflow kind-CWLWorkflow/instance-flzz073k v1
[2026-06-14T00:30:44+0200] [MainThread] [D] [toil.lib.threading] Detected that /scratch/tmp/41770356/toilwf-b279e46fb6235e369134e00ead34fb77 has lockable filesystem type: ext2/ext3
[2026-06-14T00:30:44+0200] [MainThread] [D] [toil.deferred] Running orphaned deferred functions
[2026-06-14T00:30:44+0200] [MainThread] [D] [toil.deferred] Ran orphaned deferred functions from 0 abandoned state files
[2026-06-14T00:30:44+0200] [MainThread] [D] [toil.deferred] Running job
[2026-06-14T00:30:44+0200] [MainThread] [W] [toil.fileStores.nonCachingFileStore] Starting job 'CWLWorkflow' sr-workflow kind-CWLWorkflow/instance-flzz073k v1 with less than 10%% of disk space remaining.
[2026-06-14T00:30:44+0200] [MainThread] [D] [toil.resource] Module dir is /gpfs/projects/[REDACTED]/[REDACTED]/micromamba-envs/envs/toil/lib/python3.13/site-packages, our prefix is /gpfs/projects/[REDACTED]/[REDACTED]/micromamba-envs/envs/toil, virtualenv: True
[2026-06-14T00:30:44+0200] [MainThread] [D] [toil.resource] Module dir is /gpfs/projects/[REDACTED]/[REDACTED]/micromamba-envs/envs/toil/lib/python3.13/site-packages, our prefix is /gpfs/projects/[REDACTED]/[REDACTED]/micromamba-envs/envs/toil, virtualenv: True
[2026-06-14T00:30:44+0200] [MainThread] [D] [toil.resource] Module dir is /gpfs/projects/[REDACTED]/[REDACTED]/micromamba-envs/envs/toil/lib/python3.13/site-packages, our prefix is /gpfs/projects/[REDACTED]/[REDACTED]/micromamba-envs/envs/toil, virtualenv: True
[2026-06-14T00:30:44+0200] [MainThread] [D] [toil.resource] Module dir is /gpfs/projects/[REDACTED]/[REDACTED]/micromamba-envs/envs/toil/lib/python3.13/site-packages, our prefix is /gpfs/projects/[REDACTED]/[REDACTED]/micromamba-envs/envs/toil, virtualenv: True
[2026-06-14T00:30:44+0200] [MainThread] [D] [toil.cwl.cwltoil] Ready to make job for workflow step file:///gpfs/projects/[REDACTED]/[REDACTED]/cwl-mpi/workflows/mpich-sr/sr-workflow-mpi-requirement.cwl#sr-workflow/mpicc
[2026-06-14T00:30:44+0200] [MainThread] [D] [toil.cwl.cwltoil] Takes input: file:///gpfs/projects/[REDACTED]/[REDACTED]/cwl-mpi/workflows/mpich-sr/sr-workflow-mpi-requirement.cwl#sr-workflow/mpicc/source
[2026-06-14T00:30:44+0200] [MainThread] [D] [toil.cwl.cwltoil] Value will come from DefaultWithSource({'class': 'File', 'location': 'file:///gpfs/projects/[REDACTED]/[REDACTED]/cwl-mpi/workflows/mpich-sr/sr.c', 'size': 2570, 'basename': 'sr.c', 'nameroot': 'sr', 'nameext': '.c'}, ResolveSource(source key source, name source in promise))
[2026-06-14T00:30:44+0200] [MainThread] [D] [toil.cwl.cwltoil] Make job for tool: file:///gpfs/projects/[REDACTED]/[REDACTED]/cwl-mpi/workflows/mpich-sr/mpicc.cwl#mpich-mpicc
[2026-06-14T00:30:44+0200] [MainThread] [D] [toil.resource] Module dir is /gpfs/projects/[REDACTED]/[REDACTED]/micromamba-envs/envs/toil/lib/python3.13/site-packages, our prefix is /gpfs/projects/[REDACTED]/[REDACTED]/micromamba-envs/envs/toil, virtualenv: True
[2026-06-14T00:30:44+0200] [MainThread] [D] [toil.cwl.cwltoil] Is non-scatter with Job('CWLJob' sr-workflow.mpicc.mpich-mpicc TemporaryID(195c1ed4-b533-4abd-9251-daefd62688cc) v0) and follow-on Job('CWLJob' sr-workflow.mpicc.mpich-mpicc TemporaryID(195c1ed4-b533-4abd-9251-daefd62688cc) v0)
[2026-06-14T00:30:44+0200] [MainThread] [D] [toil.cwl.cwltoil] Connect as child based on need for file:///gpfs/projects/[REDACTED]/[REDACTED]/cwl-mpi/workflows/mpich-sr/sr-workflow-mpi-requirement.cwl#sr-workflow/source from Job('SelfJob' TemporaryID(cb42ea5b-2ee2-45eb-af5d-6b8015c4e1d9) v0)
[2026-06-14T00:30:44+0200] [MainThread] [D] [toil.cwl.cwltoil] Provides file:///gpfs/projects/[REDACTED]/[REDACTED]/cwl-mpi/workflows/mpich-sr/sr-workflow-mpi-requirement.cwl#sr-workflow/mpicc/executable from Job('CWLJob' sr-workflow.mpicc.mpich-mpicc TemporaryID(195c1ed4-b533-4abd-9251-daefd62688cc) v0)
[2026-06-14T00:30:44+0200] [MainThread] [D] [toil.cwl.cwltoil] Ready to make job for workflow step file:///gpfs/projects/[REDACTED]/[REDACTED]/cwl-mpi/workflows/mpich-sr/sr-workflow-mpi-requirement.cwl#sr-workflow/mpirun
[2026-06-14T00:30:44+0200] [MainThread] [D] [toil.cwl.cwltoil] Takes input: file:///gpfs/projects/[REDACTED]/[REDACTED]/cwl-mpi/workflows/mpich-sr/sr-workflow-mpi-requirement.cwl#sr-workflow/mpirun/executable
[2026-06-14T00:30:44+0200] [MainThread] [D] [toil.cwl.cwltoil] Value will come from ResolveSource(source key source, name executable in promise)
[2026-06-14T00:30:44+0200] [MainThread] [D] [toil.cwl.cwltoil] Takes input: file:///gpfs/projects/[REDACTED]/[REDACTED]/cwl-mpi/workflows/mpich-sr/sr-workflow-mpi-requirement.cwl#sr-workflow/mpirun/msg_size
[2026-06-14T00:30:44+0200] [MainThread] [D] [toil.cwl.cwltoil] Value will come from DefaultWithSource(0, ResolveSource(source key source, name msg_size in promise))
[2026-06-14T00:30:44+0200] [MainThread] [D] [toil.cwl.cwltoil] Takes input: file:///gpfs/projects/[REDACTED]/[REDACTED]/cwl-mpi/workflows/mpich-sr/sr-workflow-mpi-requirement.cwl#sr-workflow/mpirun/niter
[2026-06-14T00:30:44+0200] [MainThread] [D] [toil.cwl.cwltoil] Value will come from DefaultWithSource(1, ResolveSource(source key source, name niter in promise))
[2026-06-14T00:30:44+0200] [MainThread] [D] [toil.cwl.cwltoil] Takes input: file:///gpfs/projects/[REDACTED]/[REDACTED]/cwl-mpi/workflows/mpich-sr/sr-workflow-mpi-requirement.cwl#sr-workflow/mpirun/np
[2026-06-14T00:30:44+0200] [MainThread] [D] [toil.cwl.cwltoil] Value will come from DefaultWithSource(2, ResolveSource(source key source, name np in promise))
[2026-06-14T00:30:44+0200] [MainThread] [D] [toil.cwl.cwltoil] Make job for tool: file:///gpfs/projects/[REDACTED]/[REDACTED]/cwl-mpi/workflows/mpich-sr/sr-mpi-requirement.cwl#mpich-mpirun-base-command
[2026-06-14T00:30:44+0200] [MainThread] [D] [toil.resource] Module dir is /gpfs/projects/[REDACTED]/[REDACTED]/micromamba-envs/envs/toil/lib/python3.13/site-packages, our prefix is /gpfs/projects/[REDACTED]/[REDACTED]/micromamba-envs/envs/toil, virtualenv: True
[2026-06-14T00:30:44+0200] [MainThread] [D] [toil.cwl.cwltoil] Is non-scatter with Job('CWLJob' sr-workflow.mpirun.mpich-mpirun-base-command TemporaryID(eb879bd6-362f-4eb7-9bbd-72c17827f3c1) v0) and follow-on Job('CWLJob' sr-workflow.mpirun.mpich-mpirun-base-command TemporaryID(eb879bd6-362f-4eb7-9bbd-72c17827f3c1) v0)
[2026-06-14T00:30:44+0200] [MainThread] [D] [toil.cwl.cwltoil] Connect as child based on need for file:///gpfs/projects/[REDACTED]/[REDACTED]/cwl-mpi/workflows/mpich-sr/sr-workflow-mpi-requirement.cwl#sr-workflow/mpicc/executable from Job('CWLJob' sr-workflow.mpicc.mpich-mpicc TemporaryID(195c1ed4-b533-4abd-9251-daefd62688cc) v0)
[2026-06-14T00:30:44+0200] [MainThread] [D] [toil.cwl.cwltoil] Connect as child based on need for file:///gpfs/projects/[REDACTED]/[REDACTED]/cwl-mpi/workflows/mpich-sr/sr-workflow-mpi-requirement.cwl#sr-workflow/msg_size from Job('SelfJob' TemporaryID(329a03bf-a6fe-49eb-8a7a-e68f4bc94319) v0)
[2026-06-14T00:30:44+0200] [MainThread] [D] [toil.cwl.cwltoil] Provides file:///gpfs/projects/[REDACTED]/[REDACTED]/cwl-mpi/workflows/mpich-sr/sr-workflow-mpi-requirement.cwl#sr-workflow/mpirun/stdout_file from Job('CWLJob' sr-workflow.mpirun.mpich-mpirun-base-command TemporaryID(eb879bd6-362f-4eb7-9bbd-72c17827f3c1) v0)
[2026-06-14T00:30:44+0200] [MainThread] [D] [toil.cwl.cwltoil] Provides file:///gpfs/projects/[REDACTED]/[REDACTED]/cwl-mpi/workflows/mpich-sr/sr-workflow-mpi-requirement.cwl#sr-workflow/mpirun/stderr_file from Job('CWLJob' sr-workflow.mpirun.mpich-mpirun-base-command TemporaryID(eb879bd6-362f-4eb7-9bbd-72c17827f3c1) v0)
[2026-06-14T00:30:44+0200] [MainThread] [D] [toil.job] Saving graph of 3 jobs, 3 non-service, 2 new
[2026-06-14T00:30:44+0200] [MainThread] [I] [toil.job] Resolve promise files/no-job/file-1565d483aab04523bd8094e3a12a78e8/stream from Job('CWLWorkflow' sr-workflow kind-CWLWorkflow/instance-flzz073k v1) with a <class 'toil.cwl.cwltoil.UnresolvedDict'>
[2026-06-14T00:30:44+0200] [MainThread] [D] [toil.job] Issuing promise files/no-job/file-66f23c4255974214b94af3cc337458cb/stream for result of 'CWLJob' sr-workflow.mpirun.mpich-mpirun-base-command kind-CWLJob/instance-rlataqy5 v0
[2026-06-14T00:30:44+0200] [MainThread] [D] [toil.job] Issuing promise files/no-job/file-e760eff600a04359ada9a66214b9fa8c/stream for result of 'CWLJob' sr-workflow.mpirun.mpich-mpirun-base-command kind-CWLJob/instance-rlataqy5 v0
[2026-06-14T00:30:44+0200] [MainThread] [I] [toil.job] Resolve promise files/no-job/file-f9d857b96c02486fa2c37b26adde0d12/stream from Job('CWLWorkflow' sr-workflow kind-CWLWorkflow/instance-flzz073k v1) with a <class 'toil.cwl.cwltoil.UnresolvedDict'>
[2026-06-14T00:30:44+0200] [MainThread] [D] [toil.job] Issuing promise files/no-job/file-5198fcba26534459917bea07bf9a6da9/stream for result of 'CWLJob' sr-workflow.mpirun.mpich-mpirun-base-command kind-CWLJob/instance-rlataqy5 v0
[2026-06-14T00:30:44+0200] [MainThread] [D] [toil.job] Issuing promise files/no-job/file-b7cda800bfb540efb2648512f1183a19/stream for result of 'CWLJob' sr-workflow.mpirun.mpich-mpirun-base-command kind-CWLJob/instance-rlataqy5 v0
[2026-06-14T00:30:44+0200] [MainThread] [D] [toil.job] Processing job 'CWLJob' sr-workflow.mpirun.mpich-mpirun-base-command kind-CWLJob/instance-rlataqy5 v0
[2026-06-14T00:30:44+0200] [MainThread] [D] [toil.job] Issuing promise files/no-job/file-aa9cd556637846f5b7d7fce20a34e548/stream for result of 'CWLJob' sr-workflow.mpicc.mpich-mpicc kind-CWLJob/instance-q4ltlhj5 v0
[2026-06-14T00:30:44+0200] [MainThread] [D] [toil.job] Processing job 'CWLJob' sr-workflow.mpicc.mpich-mpicc kind-CWLJob/instance-q4ltlhj5 v0
[2026-06-14T00:30:44+0200] [MainThread] [D] [toil.job] Processing job 'CWLWorkflow' sr-workflow kind-CWLWorkflow/instance-flzz073k v1
[2026-06-14T00:30:44+0200] [MainThread] [D] [toil.job] New job version: 'CWLJob' sr-workflow.mpirun.mpich-mpirun-base-command kind-CWLJob/instance-rlataqy5 v1
[2026-06-14T00:30:44+0200] [MainThread] [D] [toil.job] New job version: 'CWLJob' sr-workflow.mpicc.mpich-mpicc kind-CWLJob/instance-q4ltlhj5 v1
[2026-06-14T00:30:44+0200] [MainThread] [D] [toil.fileStores.abstractFileStore] LOG-TO-LEADER: Job 'CWLWorkflow' sr-workflow kind-CWLWorkflow/instance-flzz073k v1 used 0.10% disk (1.0 KiB [1024B] used, 1.0 MiB [1048576B] requested).
[2026-06-14T00:30:44+0200] [MainThread] [D] [toil.deferred] Running own deferred functions
[2026-06-14T00:30:44+0200] [MainThread] [D] [toil.deferred] Out of deferred functions!
[2026-06-14T00:30:44+0200] [MainThread] [D] [toil.deferred] Running orphaned deferred functions
[2026-06-14T00:30:44+0200] [MainThread] [D] [toil.deferred] Ran orphaned deferred functions from 0 abandoned state files
[2026-06-14T00:30:44+0200] [MainThread] [D] [toil.job] New job version: 'CWLWorkflow' sr-workflow kind-CWLWorkflow/instance-flzz073k v2
[2026-06-14T00:30:44+0200] [MainThread] [I] [toil.worker] Completed body for 'CWLWorkflow' sr-workflow kind-CWLWorkflow/instance-flzz073k v2
[2026-06-14T00:30:44+0200] [MainThread] [D] [toil.worker] No more jobs can run in series by this worker, it's got 2 successors
[2026-06-14T00:30:44+0200] [MainThread] [D] [toil.worker] Two distinct successors are kind-CWLJob/instance-q4ltlhj5 and kind-CWLJob/instance-rlataqy5
[2026-06-14T00:30:44+0200] [MainThread] [I] [toil.worker] Not chaining from job 'CWLWorkflow' sr-workflow kind-CWLWorkflow/instance-flzz073k v2
[2026-06-14T00:30:44+0200] [MainThread] [I] [toil.worker] Worker log can be found at /gpfs/projects/[REDACTED]/[REDACTED]/cwl-mpi/workflows/mpich-sr/logs/toil/mn5/singularity/toilwf-b279e46fb6235e369134e00ead34fb77/2c1f. Set --cleanWorkDir to retain this log
[2026-06-14T00:30:44+0200] [MainThread] [I] [toil.worker] Finished running the chain of jobs on this node, we ran for a total of 0.140665 seconds
