[2026-06-14T01:17:09+0200] [MainThread] [I] [toil.worker] ---TOIL WORKER OUTPUT LOG---
[2026-06-14T01:17:09+0200] [MainThread] [I] [toil] Running Toil version 9.4.1-c6a39f2c827899f9a1dd0018ca2b72c675120096 on host ranma.
[2026-06-14T01:17:09+0200] [MainThread] [D] [toil] Configuration: {'cwl': False, 'workflowID': '75c4ff28-ad0f-4393-8fa5-69384dc20634', 'kill_polling_interval': 5, 'jobStore': 'file:/home/kinow/Development/python/workspace/cwl-mpi/workflows/mpich-sr/logs/toil/laptop/none/45948d56-3dc7-4319-a22c-0c790f4771f1', 'workDir': '/home/kinow/Development/python/workspace/cwl-mpi/workflows/mpich-sr/logs/toil/laptop/none', 'coordination_dir': None, 'noStdOutErr': False, 'stats': False, 'cleanWorkDir': 'always', 'clean': 'onSuccess', 'clusterStats': None, 'restart': False, 'batchSystem': 'single_machine', 'scale': 1, 'slurm_allocate_mem': True, 'slurm_default_all_mem': False, 'slurm_time': None, 'slurm_partition': None, 'slurm_gpu_partition': None, 'slurm_pe': None, 'slurm_args': '', 'disableAutoDeployment': False, 'max_jobs': 9223372036854775807, 'max_local_jobs': None, 'manualMemArgs': False, 'run_local_jobs_on_workers': False, 'statePollingWait': None, 'state_polling_timeout': 1200, 'batch_logs_dir': None, 'symlinkImports': True, 'moveOutputs': False, 'caching': False, 'symlink_job_store_reads': True, 'provisioner': None, 'nodeTypes': [], 'minNodes': [0], 'maxNodes': [10], 'targetTime': 1800, 'betaInertia': 0.1, 'scaleInterval': 60, 'metrics': False, 'assume_zero_overhead': False, 'preemptibleCompensation': 0.0, 'nodeStorage': 50, 'nodeStorageOverrides': [], 'maxServiceJobs': 9223372036854775807, 'maxPreemptibleServiceJobs': 9223372036854775807, 'deadlockWait': 60, 'deadlockCheckInterval': 30, 'defaultMemory': 2147483648, 'defaultCores': 1, 'defaultDisk': 2147483648, 'defaultAccelerators': [], 'maxCores': 9223372036854775807, 'maxMemory': 9223372036854775807, 'maxDisk': 9223372036854775807, 'defaultPreemptible': False, 'retryCount': 0, 'retry_backoff_seconds': 2, 'retry_backoff_factor': 3, 'stop_on_first_failure': False, 'enableUnlimitedPreemptibleRetries': False, 'doubleMem': False, 'maxJobDuration': 9223372036854775807, 'rescueJobsFrequency': 60, 'job_store_timeout': 30, 'maxLogFileSize': 104857600, 'writeLogs': 'logs/toil/laptop/none', 'writeLogsGzip': None, 'writeLogsFromAllJobs': False, 'write_messages': '/tmp/tmp5i_n8dnk', 'publish_workflow_metrics': None, 'environment': {}, 'disableChaining': False, 'disableJobStoreChecksumVerification': False, 'statusWait': 3600, 'disableProgress': False, 'sseKey': None, 'servicePollingInterval': 60.0, 'forceDockerAppliance': False, 'debugWorker': False, 'disableWorkerOutputCapture': False, 'badWorker': 0.0, 'badWorkerFailInterval': 0.01, 'logLevel': 'Debug', 'colored_logs': True, 'memory_is_product': False, 'workflowAttemptNumber': 0}
[2026-06-14T01:17:09+0200] [MainThread] [D] [toil.deferred] Opened with own state file /run/user/1000/toil/toilwf-99edbf6db86e53fbab2b05197f2f462d/deferred/funckgii_vik
[2026-06-14T01:17:09+0200] [MainThread] [D] [toil.worker] Parsed job description
[2026-06-14T01:17:09+0200] [MainThread] [I] [toil.worker] Working on job 'CWLJob' sr-workflow.mpicc.mpich-mpicc kind-CWLJob/instance-um6wqp36 v1
[2026-06-14T01:17:09+0200] [MainThread] [D] [toil.job] Loading user module ModuleDescriptor(dirPath='/home/kinow/Development/python/micromamba/envs/toil/lib/python3.13/site-packages', name='toil.cwl.cwltoil', fromVirtualEnv=True).
[2026-06-14T01:17:09+0200] [MainThread] [D] [pydot] pydot initializing
[2026-06-14T01:17:09+0200] [MainThread] [D] [pydot] pydot 4.0.1
[2026-06-14T01:17:09+0200] [MainThread] [D] [pydot.core] pydot core module initializing
[2026-06-14T01:17:09+0200] [MainThread] [I] [toil.worker] Loaded body Job('CWLJob' sr-workflow.mpicc.mpich-mpicc kind-CWLJob/instance-um6wqp36 v1) from description 'CWLJob' sr-workflow.mpicc.mpich-mpicc kind-CWLJob/instance-um6wqp36 v1
[2026-06-14T01:17:09+0200] [MainThread] [D] [toil.lib.threading] Detected that /run/user/1000/toil/toilwf-99edbf6db86e53fbab2b05197f2f462d has lockable filesystem type: tmpfs
[2026-06-14T01:17:09+0200] [MainThread] [D] [toil.deferred] Running orphaned deferred functions
[2026-06-14T01:17:09+0200] [MainThread] [D] [toil.deferred] Ran orphaned deferred functions from 0 abandoned state files
[2026-06-14T01:17:09+0200] [MainThread] [D] [toil.deferred] Running job
[2026-06-14T01:17:09+0200] [MainThread] [D] [toil.cwl.cwltoil] Loaded order:
{'source': DefaultWithSource({'class': 'File', 'location': 'file:///home/kinow/Development/python/workspace/cwl-mpi/workflows/mpich-sr/sr.c', 'size': 2570, 'basename': 'sr.c', 'nameroot': 'sr', 'nameext': '.c'}, ResolveSource(source key source, name source in promise))}
[2026-06-14T01:17:09+0200] [MainThread] [D] [toil.cwl.cwltoil] Output disposition: copy
[2026-06-14T01:17:09+0200] [MainThread] [D] [toil.cwl.cwltoil] Running tool ToilCommandLineTool('file:///home/kinow/Development/python/workspace/cwl-mpi/workflows/mpich-sr/mpicc.cwl#mpich-mpicc') with order: {'source': DefaultWithSource({'class': 'File', 'location': 'file:///home/kinow/Development/python/workspace/cwl-mpi/workflows/mpich-sr/sr.c', 'size': 2570, 'basename': 'sr.c', 'nameroot': 'sr', 'nameext': '.c'}, ResolveSource(source key source, name source in promise))}
Warning: invalid field 'streamable', expected one of: 'class', 'location', 'path', 'basename', 'dirname', 'nameroot', 'nameext', 'checksum', 'size', 'secondaryFiles', 'format', 'contents'
[2026-06-14T01:17:09+0200] [MainThread] [W] [salad] Warning: invalid field 'streamable', expected one of: 'class', 'location', 'path', 'basename', 'dirname', 'nameroot', 'nameext', 'checksum', 'size', 'secondaryFiles', 'format', 'contents'
[2026-06-14T01:17:09+0200] [MainThread] [D] [cwltool] [job sr-workflow.mpicc.mpich-mpicc] initializing from file:///home/kinow/Development/python/workspace/cwl-mpi/workflows/mpich-sr/mpicc.cwl#mpich-mpicc
[2026-06-14T01:17:09+0200] [MainThread] [D] [cwltool] [job sr-workflow.mpicc.mpich-mpicc] {
    "source": {
        "class": "File",
        "location": "file:///home/kinow/Development/python/workspace/cwl-mpi/workflows/mpich-sr/sr.c",
        "size": 2570,
        "basename": "sr.c",
        "nameroot": "sr",
        "nameext": ".c",
        "streamable": false
    },
    "output_name": "sr"
}
[2026-06-14T01:17:09+0200] [MainThread] [D] [toil.cwl.cwltoil] Initial work dir: {'class': 'Directory', 'listing': [], 'basename': ''}
[2026-06-14T01:17:09+0200] [MainThread] [D] [cwltool] [job sr-workflow.mpicc.mpich-mpicc] path mappings is {
    "file:///home/kinow/Development/python/workspace/cwl-mpi/workflows/mpich-sr/sr.c": [
        "/home/kinow/Development/python/workspace/cwl-mpi/workflows/mpich-sr/sr.c",
        "/tmp/tmpcv7hxbog/stg9e1f2ce4-51bf-4a7d-bb1a-656bad648519/sr.c",
        "File",
        true
    ]
}
[2026-06-14T01:17:09+0200] [MainThread] [D] [cwltool] [job sr-workflow.mpicc.mpich-mpicc] command line bindings is [
    {
        "position": [
            -1000000,
            0
        ],
        "datum": "mpicc"
    },
    {
        "position": [
            1,
            "source"
        ],
        "datum": {
            "class": "File",
            "location": "file:///home/kinow/Development/python/workspace/cwl-mpi/workflows/mpich-sr/sr.c",
            "size": 2570,
            "basename": "sr.c",
            "nameroot": "sr",
            "nameext": ".c",
            "streamable": false,
            "path": "/tmp/tmpcv7hxbog/stg9e1f2ce4-51bf-4a7d-bb1a-656bad648519/sr.c",
            "dirname": "/tmp/tmpcv7hxbog/stg9e1f2ce4-51bf-4a7d-bb1a-656bad648519"
        }
    },
    {
        "prefix": "-o",
        "position": [
            2,
            "output_name"
        ],
        "datum": "sr"
    }
]
[2026-06-14T01:17:09+0200] [MainThread] [D] [cwltool] [job sr-workflow.mpicc.mpich-mpicc] initial work dir {}
[2026-06-14T01:17:09+0200] [MainThread] [I] [cwltool] [job sr-workflow.mpicc.mpich-mpicc] /tmp/tmp9d0j88_m$ mpicc \
    /tmp/tmpcv7hxbog/stg9e1f2ce4-51bf-4a7d-bb1a-656bad648519/sr.c \
    -o \
    sr
[2026-06-14T01:17:09+0200] [MainThread] [D] [cwltool] Could not collect memory usage, job ended before monitoring began.
[2026-06-14T01:17:09+0200] [MainThread] [I] [cwltool] [job sr-workflow.mpicc.mpich-mpicc] completed success
[2026-06-14T01:17:09+0200] [MainThread] [D] [cwltool] [job sr-workflow.mpicc.mpich-mpicc] outputs {
    "executable": {
        "location": "file:///tmp/tmp9d0j88_m/sr",
        "basename": "sr",
        "nameroot": "sr",
        "nameext": "",
        "class": "File",
        "checksum": "sha1$669a5703acc3dc8478407100c4d2e2aed0890d52",
        "size": 16448,
        "http://commonwl.org/cwltool#generation": 0
    }
}
[2026-06-14T01:17:09+0200] [MainThread] [D] [cwltool] [job sr-workflow.mpicc.mpich-mpicc] Removing input staging directory /tmp/tmpcv7hxbog
[2026-06-14T01:17:09+0200] [MainThread] [D] [cwltool] [job sr-workflow.mpicc.mpich-mpicc] Removing temporary directory /tmp/tmpmr5e8qwj
[2026-06-14T01:17:09+0200] [MainThread] [D] [cwltool] Copying /tmp/tmp9d0j88_m/sr to /home/kinow/Development/python/workspace/cwl-mpi/workflows/mpich-sr/logs/toil/laptop/none/sr
[2026-06-14T01:17:09+0200] [MainThread] [D] [cwltool] Removing intermediate output directory /tmp/tmp9d0j88_m
[2026-06-14T01:17:09+0200] [MainThread] [D] [toil.cwl.cwltoil] Visiting files for {'executable': {'location': 'file:///home/kinow/Development/python/workspace/cwl-mpi/workflows/mpich-sr/logs/toil/laptop/none/sr', 'basename': 'sr', 'nameroot': 'sr', 'nameext': '', 'class': 'File', 'checksum': 'sha1$669a5703acc3dc8478407100c4d2e2aed0890d52', 'size': 16448, 'http://commonwl.org/cwltool#generation': 0}}
[2026-06-14T01:17:09+0200] [MainThread] [D] [toil.cwl.cwltoil] Visiting files in {'executable': {'location': 'file:///home/kinow/Development/python/workspace/cwl-mpi/workflows/mpich-sr/logs/toil/laptop/none/sr', 'basename': 'sr', 'nameroot': 'sr', 'nameext': '', 'class': 'File', 'checksum': 'sha1$669a5703acc3dc8478407100c4d2e2aed0890d52', 'size': 16448, 'http://commonwl.org/cwltool#generation': 0}}
[2026-06-14T01:17:09+0200] [MainThread] [D] [toil.cwl.cwltoil] Emitting output: {'executable': {'location': 'file:///home/kinow/Development/python/workspace/cwl-mpi/workflows/mpich-sr/logs/toil/laptop/none/sr', 'basename': 'sr', 'nameroot': 'sr', 'nameext': '', 'class': 'File', 'checksum': 'sha1$669a5703acc3dc8478407100c4d2e2aed0890d52', 'size': 16448, 'http://commonwl.org/cwltool#generation': 0}}
[2026-06-14T01:17:09+0200] [MainThread] [I] [toil.fileStores.abstractFileStore] LOG-TO-LEADER: CWL step complete: sr-workflow.mpicc.mpich-mpicc
[2026-06-14T01:17:09+0200] [MainThread] [D] [toil.job] Saving graph of 1 jobs, 1 non-service, 0 new
[2026-06-14T01:17:09+0200] [MainThread] [I] [toil.job] Resolve promise files/no-job/file-d3ab0b7aa6834a1bbf77bb0f2b351a89/stream from Job('CWLJob' sr-workflow.mpicc.mpich-mpicc kind-CWLJob/instance-um6wqp36 v1) with a <class 'dict'>
[2026-06-14T01:17:09+0200] [MainThread] [D] [toil.job] Processing job 'CWLJob' sr-workflow.mpicc.mpich-mpicc kind-CWLJob/instance-um6wqp36 v1
[2026-06-14T01:17:09+0200] [MainThread] [D] [toil.fileStores.abstractFileStore] LOG-TO-LEADER: Job 'CWLJob' sr-workflow.mpicc.mpich-mpicc kind-CWLJob/instance-um6wqp36 v1 used 0.00% disk (4.0 KiB [4096B] used, 1.0 GiB [1073741824B] requested).
[2026-06-14T01:17:09+0200] [MainThread] [D] [toil.deferred] Running own deferred functions
[2026-06-14T01:17:09+0200] [MainThread] [D] [toil.deferred] Out of deferred functions!
[2026-06-14T01:17:09+0200] [MainThread] [D] [toil.deferred] Running orphaned deferred functions
[2026-06-14T01:17:09+0200] [MainThread] [D] [toil.deferred] Ran orphaned deferred functions from 0 abandoned state files
[2026-06-14T01:17:09+0200] [MainThread] [D] [toil.job] New job version: 'CWLJob' sr-workflow.mpicc.mpich-mpicc kind-CWLJob/instance-um6wqp36 v2
[2026-06-14T01:17:09+0200] [MainThread] [I] [toil.worker] Completed body for 'CWLJob' sr-workflow.mpicc.mpich-mpicc kind-CWLJob/instance-um6wqp36 v2
[2026-06-14T01:17:09+0200] [MainThread] [D] [toil.worker] 'CWLJob' sr-workflow.mpicc.mpich-mpicc kind-CWLJob/instance-um6wqp36 v2 would chain to ID kind-CWLJob/instance-xwu8o22g
[2026-06-14T01:17:09+0200] [MainThread] [D] [toil.worker] The next job has multiple predecessors; we must return to the leader.
[2026-06-14T01:17:09+0200] [MainThread] [I] [toil.worker] Not chaining from job 'CWLJob' sr-workflow.mpicc.mpich-mpicc kind-CWLJob/instance-um6wqp36 v2
[2026-06-14T01:17:09+0200] [MainThread] [I] [toil.worker] Worker log can be found at /home/kinow/Development/python/workspace/cwl-mpi/workflows/mpich-sr/logs/toil/laptop/none/toilwf-99edbf6db86e53fbab2b05197f2f462d/4ae1. Set --cleanWorkDir to retain this log
[2026-06-14T01:17:09+0200] [MainThread] [I] [toil.worker] Finished running the chain of jobs on this node, we ran for a total of 0.256366 seconds
