[2026-06-14T01:17:08+0200] [MainThread] [I] [toil.worker] ---TOIL WORKER OUTPUT LOG---
[2026-06-14T01:17:08+0200] [MainThread] [I] [toil] Running Toil version 9.4.1-c6a39f2c827899f9a1dd0018ca2b72c675120096 on host ranma.
[2026-06-14T01:17:08+0200] [MainThread] [D] [toil] Configuration: {'cwl': False, 'workflowID': '75c4ff28-ad0f-4393-8fa5-69384dc20634', 'kill_polling_interval': 5, 'jobStore': 'file:/home/kinow/Development/python/workspace/cwl-mpi/workflows/mpich-sr/logs/toil/laptop/none/45948d56-3dc7-4319-a22c-0c790f4771f1', 'workDir': '/home/kinow/Development/python/workspace/cwl-mpi/workflows/mpich-sr/logs/toil/laptop/none', 'coordination_dir': None, 'noStdOutErr': False, 'stats': False, 'cleanWorkDir': 'always', 'clean': 'onSuccess', 'clusterStats': None, 'restart': False, 'batchSystem': 'single_machine', 'scale': 1, 'slurm_allocate_mem': True, 'slurm_default_all_mem': False, 'slurm_time': None, 'slurm_partition': None, 'slurm_gpu_partition': None, 'slurm_pe': None, 'slurm_args': '', 'disableAutoDeployment': False, 'max_jobs': 9223372036854775807, 'max_local_jobs': None, 'manualMemArgs': False, 'run_local_jobs_on_workers': False, 'statePollingWait': None, 'state_polling_timeout': 1200, 'batch_logs_dir': None, 'symlinkImports': True, 'moveOutputs': False, 'caching': False, 'symlink_job_store_reads': True, 'provisioner': None, 'nodeTypes': [], 'minNodes': [0], 'maxNodes': [10], 'targetTime': 1800, 'betaInertia': 0.1, 'scaleInterval': 60, 'metrics': False, 'assume_zero_overhead': False, 'preemptibleCompensation': 0.0, 'nodeStorage': 50, 'nodeStorageOverrides': [], 'maxServiceJobs': 9223372036854775807, 'maxPreemptibleServiceJobs': 9223372036854775807, 'deadlockWait': 60, 'deadlockCheckInterval': 30, 'defaultMemory': 2147483648, 'defaultCores': 1, 'defaultDisk': 2147483648, 'defaultAccelerators': [], 'maxCores': 9223372036854775807, 'maxMemory': 9223372036854775807, 'maxDisk': 9223372036854775807, 'defaultPreemptible': False, 'retryCount': 0, 'retry_backoff_seconds': 2, 'retry_backoff_factor': 3, 'stop_on_first_failure': False, 'enableUnlimitedPreemptibleRetries': False, 'doubleMem': False, 'maxJobDuration': 9223372036854775807, 'rescueJobsFrequency': 60, 'job_store_timeout': 30, 'maxLogFileSize': 104857600, 'writeLogs': 'logs/toil/laptop/none', 'writeLogsGzip': None, 'writeLogsFromAllJobs': False, 'write_messages': '/tmp/tmp5i_n8dnk', 'publish_workflow_metrics': None, 'environment': {}, 'disableChaining': False, 'disableJobStoreChecksumVerification': False, 'statusWait': 3600, 'disableProgress': False, 'sseKey': None, 'servicePollingInterval': 60.0, 'forceDockerAppliance': False, 'debugWorker': False, 'disableWorkerOutputCapture': False, 'badWorker': 0.0, 'badWorkerFailInterval': 0.01, 'logLevel': 'Debug', 'colored_logs': True, 'memory_is_product': False, 'workflowAttemptNumber': 0}
[2026-06-14T01:17:08+0200] [MainThread] [D] [toil.deferred] Opened with own state file /run/user/1000/toil/toilwf-99edbf6db86e53fbab2b05197f2f462d/deferred/funcryqmcyaf
[2026-06-14T01:17:08+0200] [MainThread] [D] [toil.worker] Parsed job description
[2026-06-14T01:17:08+0200] [MainThread] [I] [toil.worker] Working on job 'CWLWorkflow' sr-workflow kind-CWLWorkflow/instance-alkc8zbw v1
[2026-06-14T01:17:08+0200] [MainThread] [D] [toil.job] Loading user module ModuleDescriptor(dirPath='/home/kinow/Development/python/micromamba/envs/toil/lib/python3.13/site-packages', name='toil.cwl.cwltoil', fromVirtualEnv=True).
[2026-06-14T01:17:08+0200] [MainThread] [D] [pydot] pydot initializing
[2026-06-14T01:17:08+0200] [MainThread] [D] [pydot] pydot 4.0.1
[2026-06-14T01:17:08+0200] [MainThread] [D] [pydot.core] pydot core module initializing
[2026-06-14T01:17:08+0200] [MainThread] [I] [toil.worker] Loaded body Job('CWLWorkflow' sr-workflow kind-CWLWorkflow/instance-alkc8zbw v1) from description 'CWLWorkflow' sr-workflow kind-CWLWorkflow/instance-alkc8zbw v1
[2026-06-14T01:17:08+0200] [MainThread] [D] [toil.lib.threading] Detected that /run/user/1000/toil/toilwf-99edbf6db86e53fbab2b05197f2f462d has lockable filesystem type: tmpfs
[2026-06-14T01:17:08+0200] [MainThread] [D] [toil.deferred] Running orphaned deferred functions
[2026-06-14T01:17:08+0200] [MainThread] [D] [toil.deferred] Ran orphaned deferred functions from 0 abandoned state files
[2026-06-14T01:17:08+0200] [MainThread] [D] [toil.deferred] Running job
[2026-06-14T01:17:08+0200] [MainThread] [D] [toil.resource] Module dir is /home/kinow/Development/python/micromamba/envs/toil/lib/python3.13/site-packages, our prefix is /home/kinow/Development/python/micromamba/envs/toil, virtualenv: True
[2026-06-14T01:17:08+0200] [MainThread] [D] [toil.resource] Module dir is /home/kinow/Development/python/micromamba/envs/toil/lib/python3.13/site-packages, our prefix is /home/kinow/Development/python/micromamba/envs/toil, virtualenv: True
[2026-06-14T01:17:08+0200] [MainThread] [D] [toil.resource] Module dir is /home/kinow/Development/python/micromamba/envs/toil/lib/python3.13/site-packages, our prefix is /home/kinow/Development/python/micromamba/envs/toil, virtualenv: True
[2026-06-14T01:17:08+0200] [MainThread] [D] [toil.resource] Module dir is /home/kinow/Development/python/micromamba/envs/toil/lib/python3.13/site-packages, our prefix is /home/kinow/Development/python/micromamba/envs/toil, virtualenv: True
[2026-06-14T01:17:08+0200] [MainThread] [D] [toil.cwl.cwltoil] Ready to make job for workflow step file:///home/kinow/Development/python/workspace/cwl-mpi/workflows/mpich-sr/sr-workflow-base-command.cwl#sr-workflow/mpicc
[2026-06-14T01:17:08+0200] [MainThread] [D] [toil.cwl.cwltoil] Takes input: file:///home/kinow/Development/python/workspace/cwl-mpi/workflows/mpich-sr/sr-workflow-base-command.cwl#sr-workflow/mpicc/source
[2026-06-14T01:17:08+0200] [MainThread] [D] [toil.cwl.cwltoil] Value will come from DefaultWithSource({'class': 'File', 'location': 'file:///home/kinow/Development/python/workspace/cwl-mpi/workflows/mpich-sr/sr.c', 'size': 2570, 'basename': 'sr.c', 'nameroot': 'sr', 'nameext': '.c'}, ResolveSource(source key source, name source in promise))
[2026-06-14T01:17:08+0200] [MainThread] [D] [toil.cwl.cwltoil] Make job for tool: file:///home/kinow/Development/python/workspace/cwl-mpi/workflows/mpich-sr/mpicc.cwl#mpich-mpicc
[2026-06-14T01:17:08+0200] [MainThread] [D] [toil.resource] Module dir is /home/kinow/Development/python/micromamba/envs/toil/lib/python3.13/site-packages, our prefix is /home/kinow/Development/python/micromamba/envs/toil, virtualenv: True
[2026-06-14T01:17:08+0200] [MainThread] [D] [toil.cwl.cwltoil] Is non-scatter with Job('CWLJob' sr-workflow.mpicc.mpich-mpicc TemporaryID(be3238db-bb72-4a56-9772-5c01a37cae39) v0) and follow-on Job('CWLJob' sr-workflow.mpicc.mpich-mpicc TemporaryID(be3238db-bb72-4a56-9772-5c01a37cae39) v0)
[2026-06-14T01:17:08+0200] [MainThread] [D] [toil.cwl.cwltoil] Connect as child based on need for file:///home/kinow/Development/python/workspace/cwl-mpi/workflows/mpich-sr/sr-workflow-base-command.cwl#sr-workflow/source from Job('SelfJob' TemporaryID(5c228b0c-ee86-4930-9392-77463cbddca3) v0)
[2026-06-14T01:17:08+0200] [MainThread] [D] [toil.cwl.cwltoil] Provides file:///home/kinow/Development/python/workspace/cwl-mpi/workflows/mpich-sr/sr-workflow-base-command.cwl#sr-workflow/mpicc/executable from Job('CWLJob' sr-workflow.mpicc.mpich-mpicc TemporaryID(be3238db-bb72-4a56-9772-5c01a37cae39) v0)
[2026-06-14T01:17:08+0200] [MainThread] [D] [toil.cwl.cwltoil] Ready to make job for workflow step file:///home/kinow/Development/python/workspace/cwl-mpi/workflows/mpich-sr/sr-workflow-base-command.cwl#sr-workflow/mpirun
[2026-06-14T01:17:08+0200] [MainThread] [D] [toil.cwl.cwltoil] Takes input: file:///home/kinow/Development/python/workspace/cwl-mpi/workflows/mpich-sr/sr-workflow-base-command.cwl#sr-workflow/mpirun/executable
[2026-06-14T01:17:08+0200] [MainThread] [D] [toil.cwl.cwltoil] Value will come from ResolveSource(source key source, name executable in promise)
[2026-06-14T01:17:08+0200] [MainThread] [D] [toil.cwl.cwltoil] Takes input: file:///home/kinow/Development/python/workspace/cwl-mpi/workflows/mpich-sr/sr-workflow-base-command.cwl#sr-workflow/mpirun/msg_size
[2026-06-14T01:17:08+0200] [MainThread] [D] [toil.cwl.cwltoil] Value will come from DefaultWithSource(0, ResolveSource(source key source, name msg_size in promise))
[2026-06-14T01:17:08+0200] [MainThread] [D] [toil.cwl.cwltoil] Takes input: file:///home/kinow/Development/python/workspace/cwl-mpi/workflows/mpich-sr/sr-workflow-base-command.cwl#sr-workflow/mpirun/niter
[2026-06-14T01:17:08+0200] [MainThread] [D] [toil.cwl.cwltoil] Value will come from DefaultWithSource(1, ResolveSource(source key source, name niter in promise))
[2026-06-14T01:17:08+0200] [MainThread] [D] [toil.cwl.cwltoil] Takes input: file:///home/kinow/Development/python/workspace/cwl-mpi/workflows/mpich-sr/sr-workflow-base-command.cwl#sr-workflow/mpirun/np
[2026-06-14T01:17:08+0200] [MainThread] [D] [toil.cwl.cwltoil] Value will come from DefaultWithSource(2, ResolveSource(source key source, name np in promise))
[2026-06-14T01:17:08+0200] [MainThread] [D] [toil.cwl.cwltoil] Make job for tool: file:///home/kinow/Development/python/workspace/cwl-mpi/workflows/mpich-sr/sr-base-command.cwl#mpirun-base-command
[2026-06-14T01:17:08+0200] [MainThread] [D] [toil.resource] Module dir is /home/kinow/Development/python/micromamba/envs/toil/lib/python3.13/site-packages, our prefix is /home/kinow/Development/python/micromamba/envs/toil, virtualenv: True
[2026-06-14T01:17:08+0200] [MainThread] [D] [toil.cwl.cwltoil] Is non-scatter with Job('CWLJob' sr-workflow.mpirun.mpirun-base-command TemporaryID(5136de9e-1d9d-44cb-844a-7579cc7a030a) v0) and follow-on Job('CWLJob' sr-workflow.mpirun.mpirun-base-command TemporaryID(5136de9e-1d9d-44cb-844a-7579cc7a030a) v0)
[2026-06-14T01:17:08+0200] [MainThread] [D] [toil.cwl.cwltoil] Connect as child based on need for file:///home/kinow/Development/python/workspace/cwl-mpi/workflows/mpich-sr/sr-workflow-base-command.cwl#sr-workflow/mpicc/executable from Job('CWLJob' sr-workflow.mpicc.mpich-mpicc TemporaryID(be3238db-bb72-4a56-9772-5c01a37cae39) v0)
[2026-06-14T01:17:08+0200] [MainThread] [D] [toil.cwl.cwltoil] Connect as child based on need for file:///home/kinow/Development/python/workspace/cwl-mpi/workflows/mpich-sr/sr-workflow-base-command.cwl#sr-workflow/msg_size from Job('SelfJob' TemporaryID(6985fffb-50a2-4497-a32f-b6002f2fa940) v0)
[2026-06-14T01:17:08+0200] [MainThread] [D] [toil.cwl.cwltoil] Provides file:///home/kinow/Development/python/workspace/cwl-mpi/workflows/mpich-sr/sr-workflow-base-command.cwl#sr-workflow/mpirun/stdout_file from Job('CWLJob' sr-workflow.mpirun.mpirun-base-command TemporaryID(5136de9e-1d9d-44cb-844a-7579cc7a030a) v0)
[2026-06-14T01:17:08+0200] [MainThread] [D] [toil.cwl.cwltoil] Provides file:///home/kinow/Development/python/workspace/cwl-mpi/workflows/mpich-sr/sr-workflow-base-command.cwl#sr-workflow/mpirun/stderr_file from Job('CWLJob' sr-workflow.mpirun.mpirun-base-command TemporaryID(5136de9e-1d9d-44cb-844a-7579cc7a030a) v0)
[2026-06-14T01:17:08+0200] [MainThread] [D] [toil.job] Saving graph of 3 jobs, 3 non-service, 2 new
[2026-06-14T01:17:08+0200] [MainThread] [I] [toil.job] Resolve promise files/no-job/file-596f99f9752d4986a542dd9cd1c0f5ec/stream from Job('CWLWorkflow' sr-workflow kind-CWLWorkflow/instance-alkc8zbw v1) with a <class 'toil.cwl.cwltoil.UnresolvedDict'>
[2026-06-14T01:17:08+0200] [MainThread] [D] [toil.job] Issuing promise files/no-job/file-e8dd4f4d286b4a33a900c6089e9ef8c2/stream for result of 'CWLJob' sr-workflow.mpirun.mpirun-base-command kind-CWLJob/instance-xwu8o22g v0
[2026-06-14T01:17:08+0200] [MainThread] [D] [toil.job] Issuing promise files/no-job/file-9d4264d62a534975a4b544a81ec9baaa/stream for result of 'CWLJob' sr-workflow.mpirun.mpirun-base-command kind-CWLJob/instance-xwu8o22g v0
[2026-06-14T01:17:08+0200] [MainThread] [I] [toil.job] Resolve promise files/no-job/file-ed94ef54fc744f03aefdacf08f690d5a/stream from Job('CWLWorkflow' sr-workflow kind-CWLWorkflow/instance-alkc8zbw v1) with a <class 'toil.cwl.cwltoil.UnresolvedDict'>
[2026-06-14T01:17:08+0200] [MainThread] [D] [toil.job] Issuing promise files/no-job/file-3aa08a23066e49f7a68844bbd68321e8/stream for result of 'CWLJob' sr-workflow.mpirun.mpirun-base-command kind-CWLJob/instance-xwu8o22g v0
[2026-06-14T01:17:08+0200] [MainThread] [D] [toil.job] Issuing promise files/no-job/file-033e05e3a61a442fadd20ed97d2ffb09/stream for result of 'CWLJob' sr-workflow.mpirun.mpirun-base-command kind-CWLJob/instance-xwu8o22g v0
[2026-06-14T01:17:08+0200] [MainThread] [D] [toil.job] Processing job 'CWLJob' sr-workflow.mpirun.mpirun-base-command kind-CWLJob/instance-xwu8o22g v0
[2026-06-14T01:17:08+0200] [MainThread] [D] [toil.job] Issuing promise files/no-job/file-d3ab0b7aa6834a1bbf77bb0f2b351a89/stream for result of 'CWLJob' sr-workflow.mpicc.mpich-mpicc kind-CWLJob/instance-um6wqp36 v0
[2026-06-14T01:17:08+0200] [MainThread] [D] [toil.job] Processing job 'CWLJob' sr-workflow.mpicc.mpich-mpicc kind-CWLJob/instance-um6wqp36 v0
[2026-06-14T01:17:08+0200] [MainThread] [D] [toil.job] Processing job 'CWLWorkflow' sr-workflow kind-CWLWorkflow/instance-alkc8zbw v1
[2026-06-14T01:17:08+0200] [MainThread] [D] [toil.job] New job version: 'CWLJob' sr-workflow.mpirun.mpirun-base-command kind-CWLJob/instance-xwu8o22g v1
[2026-06-14T01:17:08+0200] [MainThread] [D] [toil.job] New job version: 'CWLJob' sr-workflow.mpicc.mpich-mpicc kind-CWLJob/instance-um6wqp36 v1
[2026-06-14T01:17:08+0200] [MainThread] [D] [toil.fileStores.abstractFileStore] LOG-TO-LEADER: Job 'CWLWorkflow' sr-workflow kind-CWLWorkflow/instance-alkc8zbw v1 used 0.39% disk (4.0 KiB [4096B] used, 1.0 MiB [1048576B] requested).
[2026-06-14T01:17:08+0200] [MainThread] [D] [toil.deferred] Running own deferred functions
[2026-06-14T01:17:08+0200] [MainThread] [D] [toil.deferred] Out of deferred functions!
[2026-06-14T01:17:08+0200] [MainThread] [D] [toil.deferred] Running orphaned deferred functions
[2026-06-14T01:17:08+0200] [MainThread] [D] [toil.deferred] Ran orphaned deferred functions from 0 abandoned state files
[2026-06-14T01:17:08+0200] [MainThread] [D] [toil.job] New job version: 'CWLWorkflow' sr-workflow kind-CWLWorkflow/instance-alkc8zbw v2
[2026-06-14T01:17:08+0200] [MainThread] [W] [toil.fileStores.abstractFileStore] LOG-TO-LEADER: Job 'CWLWorkflow' sr-workflow kind-CWLWorkflow/instance-alkc8zbw v2 used 1.00x more CPU than the requested 1 cores. Consider increasing the job's required CPU cores or limiting the number of processes/threads launched.
[2026-06-14T01:17:08+0200] [MainThread] [I] [toil.worker] Completed body for 'CWLWorkflow' sr-workflow kind-CWLWorkflow/instance-alkc8zbw v2
[2026-06-14T01:17:08+0200] [MainThread] [D] [toil.worker] No more jobs can run in series by this worker, it's got 2 successors
[2026-06-14T01:17:08+0200] [MainThread] [D] [toil.worker] Two distinct successors are kind-CWLJob/instance-um6wqp36 and kind-CWLJob/instance-xwu8o22g
[2026-06-14T01:17:08+0200] [MainThread] [I] [toil.worker] Not chaining from job 'CWLWorkflow' sr-workflow kind-CWLWorkflow/instance-alkc8zbw v2
[2026-06-14T01:17:08+0200] [MainThread] [I] [toil.worker] Worker log can be found at /home/kinow/Development/python/workspace/cwl-mpi/workflows/mpich-sr/logs/toil/laptop/none/toilwf-99edbf6db86e53fbab2b05197f2f462d/93bc. Set --cleanWorkDir to retain this log
[2026-06-14T01:17:08+0200] [MainThread] [I] [toil.worker] Finished running the chain of jobs on this node, we ran for a total of 0.289534 seconds
