StreamFlow file:

version: v1.0
database:
  type: default
  config:
    connection: ":memory:"
workflows:
  workflow_name:
    type: cwl
    config:
      file: "/home/kinow/Development/python/workspace/cwl-mpi/workflows/mpich-sr/sr-workflow-base-command.cwl"
      docker:
        - step: /
          deployment:
            type: singularity
            config: {}


Executing: streamflow run --debug --outdir logs/streamflow/laptop/singularity /tmp/tmp.MiLqdz9YCI
2026-06-14 01:22:56.221 INFO     Processing workflow d5cdde19-bec6-475b-ab33-f5d65112f0bc
2026-06-14 01:22:56.221 INFO     Building workflow execution plan
2026-06-14 01:22:56.700 DEBUG    Translating Workflow /
2026-06-14 01:22:56.701 DEBUG    Translating WorkflowStep /mpicc
2026-06-14 01:22:56.705 DEBUG    Translating CommandLineTool /mpicc
2026-06-14 01:22:56.706 DEBUG    Translating WorkflowStep /mpirun
2026-06-14 01:22:56.710 DEBUG    Translating CommandLineTool /mpirun
2026-06-14 01:22:56.983 INFO     COMPLETED building of workflow execution plan
2026-06-14 01:22:56.983 INFO     EXECUTING workflow d5cdde19-bec6-475b-ab33-f5d65112f0bc
2026-06-14 01:22:56.994 DEBUG    Step /source-wf-default-transformer-injector received inputs ['0']
2026-06-14 01:22:56.994 DEBUG    Step /source-wf-default-transformer received inputs ['0']
2026-06-14 01:22:56.994 DEBUG    Step /np-wf-default-transformer-injector received inputs ['0']
2026-06-14 01:22:56.994 DEBUG    Step /np-wf-default-transformer received inputs ['0']
2026-06-14 01:22:56.994 DEBUG    Step /msg_size-wf-default-transformer-injector received inputs ['0']
2026-06-14 01:22:56.994 DEBUG    Step /msg_size-wf-default-transformer received inputs ['0']
2026-06-14 01:22:56.994 DEBUG    Step /niter-wf-default-transformer-injector received inputs ['0']
2026-06-14 01:22:56.994 DEBUG    Step /niter-wf-default-transformer received inputs ['0']
2026-06-14 01:22:56.994 DEBUG    Step /mpicc/source-cmd-default-transformer-injector received inputs ['0']
2026-06-14 01:22:56.994 DEBUG    Step /mpicc/output_name-cmd-default-transformer-injector received inputs ['0']
2026-06-14 01:22:56.994 DEBUG    Step /mpirun/np-cmd-default-transformer-injector received inputs ['0']
2026-06-14 01:22:56.994 DEBUG    Step /mpirun/msg_size-cmd-default-transformer-injector received inputs ['0']
2026-06-14 01:22:56.994 DEBUG    Step /mpirun/niter-cmd-default-transformer-injector received inputs ['0']
2026-06-14 01:22:56.995 DEBUG    Retrieving available locations for job /source-wf-default-transformer-injector/0 on __LOCAL__.
2026-06-14 01:22:56.995 DEBUG    Available locations for job /source-wf-default-transformer-injector/0 on __LOCAL__ are ['__LOCAL__'].
2026-06-14 01:22:56.995 DEBUG    Job /source-wf-default-transformer-injector/0 allocated locally
2026-06-14 01:22:56.995 DEBUG    Retrieving available locations for job /np-wf-default-transformer-injector/0 on __LOCAL__.
2026-06-14 01:22:56.995 DEBUG    Available locations for job /np-wf-default-transformer-injector/0 on __LOCAL__ are ['__LOCAL__'].
2026-06-14 01:22:56.995 DEBUG    Job /np-wf-default-transformer-injector/0 allocated locally
2026-06-14 01:22:56.996 DEBUG    Retrieving available locations for job /msg_size-wf-default-transformer-injector/0 on __LOCAL__.
2026-06-14 01:22:56.996 DEBUG    Available locations for job /msg_size-wf-default-transformer-injector/0 on __LOCAL__ are ['__LOCAL__'].
2026-06-14 01:22:56.996 DEBUG    Job /msg_size-wf-default-transformer-injector/0 allocated locally
2026-06-14 01:22:56.996 DEBUG    Retrieving available locations for job /niter-wf-default-transformer-injector/0 on __LOCAL__.
2026-06-14 01:22:56.996 DEBUG    Available locations for job /niter-wf-default-transformer-injector/0 on __LOCAL__ are ['__LOCAL__'].
2026-06-14 01:22:56.996 DEBUG    Job /niter-wf-default-transformer-injector/0 allocated locally
2026-06-14 01:22:56.996 DEBUG    COMPLETED Step __deploy__/__LOCAL__
2026-06-14 01:22:56.996 DEBUG    COMPLETED Step __deploy__/7c7b4fce-7dca-465f-ae47-adcb3d8f075a
2026-06-14 01:22:56.997 DEBUG    Retrieving available locations for job /mpicc/source-cmd-default-transformer-injector/0 on __LOCAL__.
2026-06-14 01:22:56.997 DEBUG    COMPLETED Step __deploy__/3560534c-f2f8-455c-b252-4d955cdf7da4
2026-06-14 01:22:56.997 DEBUG    Available locations for job /mpicc/source-cmd-default-transformer-injector/0 on __LOCAL__ are ['__LOCAL__'].
2026-06-14 01:22:56.997 DEBUG    Job /mpicc/source-cmd-default-transformer-injector/0 allocated locally
2026-06-14 01:22:56.997 DEBUG    Retrieving available locations for job /mpicc/output_name-cmd-default-transformer-injector/0 on __LOCAL__.
2026-06-14 01:22:56.997 DEBUG    Available locations for job /mpicc/output_name-cmd-default-transformer-injector/0 on __LOCAL__ are ['__LOCAL__'].
2026-06-14 01:22:56.997 DEBUG    Job /mpicc/output_name-cmd-default-transformer-injector/0 allocated locally
2026-06-14 01:22:56.997 DEBUG    Retrieving available locations for job /mpirun/np-cmd-default-transformer-injector/0 on __LOCAL__.
2026-06-14 01:22:56.998 DEBUG    Available locations for job /mpirun/np-cmd-default-transformer-injector/0 on __LOCAL__ are ['__LOCAL__'].
2026-06-14 01:22:56.998 DEBUG    Job /mpirun/np-cmd-default-transformer-injector/0 allocated locally
2026-06-14 01:22:56.998 DEBUG    Retrieving available locations for job /mpirun/msg_size-cmd-default-transformer-injector/0 on __LOCAL__.
2026-06-14 01:22:56.998 DEBUG    COMPLETED Step /source-wf-default-transformer-injector/__schedule__
2026-06-14 01:22:56.998 DEBUG    Available locations for job /mpirun/msg_size-cmd-default-transformer-injector/0 on __LOCAL__ are ['__LOCAL__'].
2026-06-14 01:22:56.998 DEBUG    Job /mpirun/msg_size-cmd-default-transformer-injector/0 allocated locally
2026-06-14 01:22:56.998 DEBUG    Retrieving available locations for job /mpirun/niter-cmd-default-transformer-injector/0 on __LOCAL__.
2026-06-14 01:22:56.998 DEBUG    COMPLETED Step /np-wf-default-transformer-injector/__schedule__
2026-06-14 01:22:56.998 DEBUG    Available locations for job /mpirun/niter-cmd-default-transformer-injector/0 on __LOCAL__ are ['__LOCAL__'].
2026-06-14 01:22:56.998 DEBUG    Job /mpirun/niter-cmd-default-transformer-injector/0 allocated locally
2026-06-14 01:22:56.999 DEBUG    Job /source-wf-default-transformer-injector/0 changed status to RUNNING
2026-06-14 01:22:56.999 DEBUG    Job /np-wf-default-transformer-injector/0 changed status to RUNNING
2026-06-14 01:22:56.999 DEBUG    Job /msg_size-wf-default-transformer-injector/0 changed status to RUNNING
2026-06-14 01:22:56.999 DEBUG    COMPLETED Step /msg_size-wf-default-transformer-injector/__schedule__
2026-06-14 01:22:56.999 DEBUG    Job /niter-wf-default-transformer-injector/0 changed status to RUNNING
2026-06-14 01:22:57.000 DEBUG    COMPLETED Step /niter-wf-default-transformer-injector/__schedule__
2026-06-14 01:22:57.000 DEBUG    Job /mpicc/source-cmd-default-transformer-injector/0 changed status to RUNNING
2026-06-14 01:22:57.001 DEBUG    Job /mpicc/output_name-cmd-default-transformer-injector/0 changed status to RUNNING
2026-06-14 01:22:57.001 DEBUG    COMPLETED Step /mpicc/source-cmd-default-transformer-injector/__schedule__
2026-06-14 01:22:57.001 DEBUG    Job /mpirun/np-cmd-default-transformer-injector/0 changed status to RUNNING
2026-06-14 01:22:57.001 DEBUG    COMPLETED Step /mpicc/output_name-cmd-default-transformer-injector/__schedule__
2026-06-14 01:22:57.001 DEBUG    Job /np-wf-default-transformer-injector/0 changed status to COMPLETED
2026-06-14 01:22:57.001 DEBUG    Step /np-wf-default-transformer received inputs ['0']
2026-06-14 01:22:57.001 DEBUG    Job /mpirun/msg_size-cmd-default-transformer-injector/0 changed status to RUNNING
2026-06-14 01:22:57.002 DEBUG    Step /np-wf-default-transformer-injector received termination token with Status COMPLETED
2026-06-14 01:22:57.002 DEBUG    Job /msg_size-wf-default-transformer-injector/0 changed status to COMPLETED
2026-06-14 01:22:57.002 DEBUG    COMPLETED Step /mpirun/np-cmd-default-transformer-injector/__schedule__
2026-06-14 01:22:57.002 DEBUG    Step /msg_size-wf-default-transformer received inputs ['0']
2026-06-14 01:22:57.002 DEBUG    Job /niter-wf-default-transformer-injector/0 changed status to COMPLETED
2026-06-14 01:22:57.002 DEBUG    Step /niter-wf-default-transformer received inputs ['0']
2026-06-14 01:22:57.002 DEBUG    Step /msg_size-wf-default-transformer-injector received termination token with Status COMPLETED
2026-06-14 01:22:57.002 DEBUG    Job /mpirun/niter-cmd-default-transformer-injector/0 changed status to RUNNING
2026-06-14 01:22:57.002 DEBUG    Step /niter-wf-default-transformer-injector received termination token with Status COMPLETED
2026-06-14 01:22:57.002 DEBUG    COMPLETED Step /mpirun/msg_size-cmd-default-transformer-injector/__schedule__
2026-06-14 01:22:57.002 DEBUG    Job /source-wf-default-transformer-injector/0 changed status to COMPLETED
2026-06-14 01:22:57.002 DEBUG    Step /source-wf-default-transformer received inputs ['0']
2026-06-14 01:22:57.003 DEBUG    Step /np-token-transformer received inputs ['0']
2026-06-14 01:22:57.003 DEBUG    Step /np-wf-default-transformer received termination token with Status COMPLETED
2026-06-14 01:22:57.003 DEBUG    Step /source-wf-default-transformer-injector received termination token with Status COMPLETED
2026-06-14 01:22:57.003 DEBUG    COMPLETED Step /mpirun/niter-cmd-default-transformer-injector/__schedule__
2026-06-14 01:22:57.003 DEBUG    Job /mpicc/output_name-cmd-default-transformer-injector/0 changed status to COMPLETED
2026-06-14 01:22:57.003 DEBUG    Job /mpicc/source-cmd-default-transformer-injector/0 changed status to COMPLETED
2026-06-14 01:22:57.003 DEBUG    Step /msg_size-token-transformer received inputs ['0']
2026-06-14 01:22:57.003 DEBUG    Step /msg_size-wf-default-transformer received termination token with Status COMPLETED
2026-06-14 01:22:57.003 DEBUG    Step /mpicc/output_name-cmd-default-transformer-injector received termination token with Status COMPLETED
2026-06-14 01:22:57.003 DEBUG    Job /mpirun/np-cmd-default-transformer-injector/0 changed status to COMPLETED
2026-06-14 01:22:57.003 DEBUG    Step /mpicc/source-cmd-default-transformer-injector received termination token with Status COMPLETED
2026-06-14 01:22:57.003 DEBUG    Step /niter-token-transformer received inputs ['0']
2026-06-14 01:22:57.003 DEBUG    Step /niter-wf-default-transformer received termination token with Status COMPLETED
2026-06-14 01:22:57.003 DEBUG    Step /mpirun/np-cmd-default-transformer-injector received termination token with Status COMPLETED
2026-06-14 01:22:57.003 DEBUG    COMPLETED Step /np-wf-default-transformer-injector
2026-06-14 01:22:57.004 DEBUG    Job /mpirun/msg_size-cmd-default-transformer-injector/0 changed status to COMPLETED
2026-06-14 01:22:57.004 DEBUG    Step /mpirun/msg_size-cmd-default-transformer-injector received termination token with Status COMPLETED
2026-06-14 01:22:57.004 DEBUG    COMPLETED Step /np-wf-default-transformer
2026-06-14 01:22:57.004 DEBUG    COMPLETED Step /msg_size-wf-default-transformer-injector
2026-06-14 01:22:57.004 DEBUG    COMPLETED Step /niter-wf-default-transformer-injector
2026-06-14 01:22:57.004 DEBUG    COMPLETED Step /msg_size-wf-default-transformer
2026-06-14 01:22:57.004 DEBUG    Step /source-token-transformer received inputs ['0']
2026-06-14 01:22:57.004 DEBUG    Processing /home/kinow/Development/python/workspace/cwl-mpi/workflows/mpich-sr/sr.c on location __LOCAL__/__LOCAL__.
2026-06-14 01:22:57.004 DEBUG    Step /source-wf-default-transformer received termination token with Status COMPLETED
2026-06-14 01:22:57.005 DEBUG    COMPLETED Step /niter-wf-default-transformer
2026-06-14 01:22:57.005 DEBUG    Job /mpirun/niter-cmd-default-transformer-injector/0 changed status to COMPLETED
2026-06-14 01:22:57.005 DEBUG    Step /mpirun/niter-cmd-default-transformer-injector received termination token with Status COMPLETED
2026-06-14 01:22:57.005 DEBUG    COMPLETED Step /source-wf-default-transformer-injector
2026-06-14 01:22:57.005 DEBUG    COMPLETED Step /mpicc/output_name-cmd-default-transformer-injector
2026-06-14 01:22:57.005 DEBUG    COMPLETED Step /mpicc/source-cmd-default-transformer-injector
2026-06-14 01:22:57.005 DEBUG    COMPLETED Step /source-wf-default-transformer
2026-06-14 01:22:57.005 DEBUG    COMPLETED Step /mpirun/np-cmd-default-transformer-injector
2026-06-14 01:22:57.005 DEBUG    COMPLETED Step /mpirun/msg_size-cmd-default-transformer-injector
2026-06-14 01:22:57.005 DEBUG    Step /np-token-transformer received termination token with Status COMPLETED
2026-06-14 01:22:57.005 DEBUG    Step /msg_size-token-transformer received termination token with Status COMPLETED
2026-06-14 01:22:57.005 DEBUG    Step /niter-token-transformer received termination token with Status COMPLETED
2026-06-14 01:22:57.005 DEBUG    COMPLETED Step /mpirun/niter-cmd-default-transformer-injector
2026-06-14 01:22:57.006 DEBUG    COMPLETED Step /np-token-transformer
2026-06-14 01:22:57.006 DEBUG    COMPLETED Step /msg_size-token-transformer
2026-06-14 01:22:57.006 DEBUG    COMPLETED Step /niter-token-transformer
2026-06-14 01:22:57.006 DEBUG    Step /mpicc/output_name-step-default-transformer received inputs ['0']
2026-06-14 01:22:57.006 DEBUG    Step /mpicc/source-cmd-default-transformer received inputs ['0']
2026-06-14 01:22:57.006 DEBUG    Step /source-token-transformer received termination token with Status COMPLETED
2026-06-14 01:22:57.006 DEBUG    Step /mpicc/output_name-step-default-transformer received inputs ['0']
2026-06-14 01:22:57.006 DEBUG    Step /mpicc/output_name-step-default-transformer received inputs ['0']
2026-06-14 01:22:57.006 DEBUG    COMPLETED Step /source-token-transformer
2026-06-14 01:22:57.006 DEBUG    Step /mpicc/source-cmd-default-transformer received termination token with Status COMPLETED
2026-06-14 01:22:57.006 DEBUG    Step /mpicc/output_name-cmd-default-transformer received inputs ['0']
2026-06-14 01:22:57.006 DEBUG    Step /mpicc/output_name-step-default-transformer received termination token with Status COMPLETED
2026-06-14 01:22:57.006 DEBUG    COMPLETED Step /mpicc/source-cmd-default-transformer
2026-06-14 01:22:57.006 DEBUG    Step /mpicc/output_name-cmd-default-transformer received inputs ['0']
2026-06-14 01:22:57.006 DEBUG    COMPLETED Step /mpicc/output_name-step-default-transformer
2026-06-14 01:22:57.006 DEBUG    Step /mpicc/source-token-transformer received inputs ['0', '0']
2026-06-14 01:22:57.007 DEBUG    Processing /home/kinow/Development/python/workspace/cwl-mpi/workflows/mpich-sr/sr.c on location __LOCAL__/__LOCAL__.
2026-06-14 01:22:57.007 DEBUG    Step /mpicc/output_name-token-transformer received inputs ['0', '0']
2026-06-14 01:22:57.007 DEBUG    Step /mpicc/output_name-cmd-default-transformer received termination token with Status COMPLETED
2026-06-14 01:22:57.007 DEBUG    COMPLETED Step /mpicc/output_name-cmd-default-transformer
2026-06-14 01:22:57.007 DEBUG    Step /mpicc/__transfer__/output_name received inputs ['0']
2026-06-14 01:22:57.007 DEBUG    Step /mpicc/output_name-token-transformer received termination token with Status COMPLETED
2026-06-14 01:22:57.007 DEBUG    COMPLETED Step /mpicc/output_name-token-transformer
2026-06-14 01:22:57.008 DEBUG    Step /mpicc/__transfer__/source received inputs ['0']
2026-06-14 01:22:57.008 DEBUG    Step /mpicc/__schedule__ received inputs ['0', '0']
2026-06-14 01:22:57.008 DEBUG    Step /mpicc/source-token-transformer received termination token with Status COMPLETED
2026-06-14 01:22:57.008 DEBUG    Retrieving available locations for job /mpicc/0 on 7c7b4fce-7dca-465f-ae47-adcb3d8f075a/mfisherman/mpich:4.3.2.
2026-06-14 01:22:57.008 INFO     DEPLOYING 7c7b4fce-7dca-465f-ae47-adcb3d8f075a
2026-06-14 01:22:57.008 DEBUG    EXECUTING command singularity --version 2>&1 on __LOCAL__/__LOCAL__ 
2026-06-14 01:22:57.009 DEBUG    COMPLETED Step /mpicc/source-token-transformer
2026-06-14 01:22:57.020 DEBUG    Using apptainer version 1.4.5.
2026-06-14 01:22:57.020 DEBUG    EXECUTING command singularity instance start    --bind  "/tmp/streamflow:/tmp/streamflow"     --cleanenv    --contain                       --net   --network  "none"                         docker://mfisherman/mpich:4.3.2 02f87e27-bdd9-4b00-8170-0a0bc2b6a6ff  2>&1 on __LOCAL__/__LOCAL__ 
2026-06-14 01:22:58.684 DEBUG    EXECUTING command singularity instance list --json 2>&1 on __LOCAL__/__LOCAL__ 
2026-06-14 01:22:58.700 DEBUG    EXECUTING command nproc 2>&1 on SubprocessShell with command `singularity exec instance://02f87e27-bdd9-4b00-8170-0a0bc2b6a6ff sh`
2026-06-14 01:22:58.761 DEBUG    EXECUTING command cat /proc/meminfo | grep MemTotal | awk '{print $2}' 2>&1 on SubprocessShell with command `singularity exec instance://02f87e27-bdd9-4b00-8170-0a0bc2b6a6ff sh`
2026-06-14 01:22:58.768 DEBUG    EXECUTING command cat /proc/1/mountinfo 2>&1 on SubprocessShell with command `singularity exec instance://02f87e27-bdd9-4b00-8170-0a0bc2b6a6ff sh`
2026-06-14 01:22:58.769 DEBUG    Container binds: {'/tmp/streamflow': '/tmp/streamflow', '/etc/localtime': '/usr/share/zoneinfo/Europe/Madrid', '/sys/firmware/efi/efivars': '/sys/firmware/efi/efivars/'}
2026-06-14 01:22:58.769 DEBUG    EXECUTING command df -aT | tail -n +2 | awk 'NF == 1 {device = $1; getline; $0 = device $0} {print $7, $2, $5}' 2>&1 on SubprocessShell with command `singularity exec instance://02f87e27-bdd9-4b00-8170-0a0bc2b6a6ff sh`
2026-06-14 01:22:58.778 INFO     COMPLETED deployment of 7c7b4fce-7dca-465f-ae47-adcb3d8f075a
2026-06-14 01:22:58.778 DEBUG    EXECUTING command test -e /tmp/streamflow && readlink -f /tmp/streamflow 2>&1 on SubprocessShell with command `singularity exec instance://02f87e27-bdd9-4b00-8170-0a0bc2b6a6ff sh`
2026-06-14 01:22:58.780 DEBUG    Not enough available locations: job /mpicc/0 requires 1 locations on deployment 7c7b4fce-7dca-465f-ae47-adcb3d8f075a/mfisherman/mpich:4.3.2, but only 0 are available.
