[2026-06-14T01:21:26+0200] [MainThread] [I] [toil.worker] ---TOIL WORKER OUTPUT LOG---
[2026-06-14T01:21:26+0200] [MainThread] [I] [toil] Running Toil version 9.4.1-c6a39f2c827899f9a1dd0018ca2b72c675120096 on host ranma.
[2026-06-14T01:21:26+0200] [MainThread] [D] [toil] Configuration: {'cwl': False, 'workflowID': '8f2df073-b321-4531-9539-6ba71205845a', 'kill_polling_interval': 5, 'jobStore': 'file:/home/kinow/Development/python/workspace/cwl-mpi/workflows/mpich-sr/logs/toil/laptop/singularity/54554e14-fa68-4db9-b0a8-3035749b8ec7', 'workDir': '/home/kinow/Development/python/workspace/cwl-mpi/workflows/mpich-sr/logs/toil/laptop/singularity', 'coordination_dir': None, 'noStdOutErr': False, 'stats': False, 'cleanWorkDir': 'always', 'clean': 'onSuccess', 'clusterStats': None, 'restart': False, 'batchSystem': 'single_machine', 'scale': 1, 'slurm_allocate_mem': True, 'slurm_default_all_mem': False, 'slurm_time': None, 'slurm_partition': None, 'slurm_gpu_partition': None, 'slurm_pe': None, 'slurm_args': '', 'disableAutoDeployment': False, 'max_jobs': 9223372036854775807, 'max_local_jobs': None, 'manualMemArgs': False, 'run_local_jobs_on_workers': False, 'statePollingWait': None, 'state_polling_timeout': 1200, 'batch_logs_dir': None, 'symlinkImports': True, 'moveOutputs': False, 'caching': False, 'symlink_job_store_reads': True, 'provisioner': None, 'nodeTypes': [], 'minNodes': [0], 'maxNodes': [10], 'targetTime': 1800, 'betaInertia': 0.1, 'scaleInterval': 60, 'metrics': False, 'assume_zero_overhead': False, 'preemptibleCompensation': 0.0, 'nodeStorage': 50, 'nodeStorageOverrides': [], 'maxServiceJobs': 9223372036854775807, 'maxPreemptibleServiceJobs': 9223372036854775807, 'deadlockWait': 60, 'deadlockCheckInterval': 30, 'defaultMemory': 2147483648, 'defaultCores': 1, 'defaultDisk': 2147483648, 'defaultAccelerators': [], 'maxCores': 9223372036854775807, 'maxMemory': 9223372036854775807, 'maxDisk': 9223372036854775807, 'defaultPreemptible': False, 'retryCount': 0, 'retry_backoff_seconds': 2, 'retry_backoff_factor': 3, 'stop_on_first_failure': False, 'enableUnlimitedPreemptibleRetries': False, 'doubleMem': False, 'maxJobDuration': 9223372036854775807, 'rescueJobsFrequency': 60, 'job_store_timeout': 30, 'maxLogFileSize': 104857600, 'writeLogs': 'logs/toil/laptop/singularity', 'writeLogsGzip': None, 'writeLogsFromAllJobs': False, 'write_messages': '/tmp/tmp67umnqyt', 'publish_workflow_metrics': None, 'environment': {}, 'disableChaining': False, 'disableJobStoreChecksumVerification': False, 'statusWait': 3600, 'disableProgress': False, 'sseKey': None, 'servicePollingInterval': 60.0, 'forceDockerAppliance': False, 'debugWorker': False, 'disableWorkerOutputCapture': False, 'badWorker': 0.0, 'badWorkerFailInterval': 0.01, 'logLevel': 'Debug', 'colored_logs': True, 'memory_is_product': False, 'workflowAttemptNumber': 0}
[2026-06-14T01:21:26+0200] [MainThread] [D] [toil.deferred] Opened with own state file /run/user/1000/toil/toilwf-bbce2be92c7c5123a31b37ee45378d20/deferred/funcf3x0bndt
[2026-06-14T01:21:26+0200] [MainThread] [D] [toil.worker] Parsed job description
[2026-06-14T01:21:26+0200] [MainThread] [I] [toil.worker] Working on job 'CWLWorkflow' sr-workflow kind-CWLWorkflow/instance-85k52obh v1
[2026-06-14T01:21:26+0200] [MainThread] [D] [toil.job] Loading user module ModuleDescriptor(dirPath='/home/kinow/Development/python/micromamba/envs/toil/lib/python3.13/site-packages', name='toil.cwl.cwltoil', fromVirtualEnv=True).
[2026-06-14T01:21:26+0200] [MainThread] [D] [pydot] pydot initializing
[2026-06-14T01:21:26+0200] [MainThread] [D] [pydot] pydot 4.0.1
[2026-06-14T01:21:26+0200] [MainThread] [D] [pydot.core] pydot core module initializing
[2026-06-14T01:21:26+0200] [MainThread] [I] [toil.worker] Loaded body Job('CWLWorkflow' sr-workflow kind-CWLWorkflow/instance-85k52obh v1) from description 'CWLWorkflow' sr-workflow kind-CWLWorkflow/instance-85k52obh v1
[2026-06-14T01:21:26+0200] [MainThread] [D] [toil.lib.threading] Detected that /run/user/1000/toil/toilwf-bbce2be92c7c5123a31b37ee45378d20 has lockable filesystem type: tmpfs
[2026-06-14T01:21:26+0200] [MainThread] [D] [toil.deferred] Running orphaned deferred functions
[2026-06-14T01:21:26+0200] [MainThread] [D] [toil.deferred] Ran orphaned deferred functions from 0 abandoned state files
[2026-06-14T01:21:26+0200] [MainThread] [D] [toil.deferred] Running job
[2026-06-14T01:21:26+0200] [MainThread] [D] [toil.resource] Module dir is /home/kinow/Development/python/micromamba/envs/toil/lib/python3.13/site-packages, our prefix is /home/kinow/Development/python/micromamba/envs/toil, virtualenv: True
[2026-06-14T01:21:26+0200] [MainThread] [D] [toil.resource] Module dir is /home/kinow/Development/python/micromamba/envs/toil/lib/python3.13/site-packages, our prefix is /home/kinow/Development/python/micromamba/envs/toil, virtualenv: True
[2026-06-14T01:21:26+0200] [MainThread] [D] [toil.resource] Module dir is /home/kinow/Development/python/micromamba/envs/toil/lib/python3.13/site-packages, our prefix is /home/kinow/Development/python/micromamba/envs/toil, virtualenv: True
[2026-06-14T01:21:26+0200] [MainThread] [D] [toil.resource] Module dir is /home/kinow/Development/python/micromamba/envs/toil/lib/python3.13/site-packages, our prefix is /home/kinow/Development/python/micromamba/envs/toil, virtualenv: True
[2026-06-14T01:21:26+0200] [MainThread] [D] [toil.cwl.cwltoil] Ready to make job for workflow step file:///home/kinow/Development/python/workspace/cwl-mpi/workflows/mpich-sr/sr-workflow-mpi-requirement.cwl#sr-workflow/mpicc
[2026-06-14T01:21:26+0200] [MainThread] [D] [toil.cwl.cwltoil] Takes input: file:///home/kinow/Development/python/workspace/cwl-mpi/workflows/mpich-sr/sr-workflow-mpi-requirement.cwl#sr-workflow/mpicc/source
[2026-06-14T01:21:26+0200] [MainThread] [D] [toil.cwl.cwltoil] Value will come from DefaultWithSource({'class': 'File', 'location': 'file:///home/kinow/Development/python/workspace/cwl-mpi/workflows/mpich-sr/sr.c', 'size': 2570, 'basename': 'sr.c', 'nameroot': 'sr', 'nameext': '.c'}, ResolveSource(source key source, name source in promise))
[2026-06-14T01:21:26+0200] [MainThread] [D] [toil.cwl.cwltoil] Make job for tool: file:///home/kinow/Development/python/workspace/cwl-mpi/workflows/mpich-sr/mpicc.cwl#mpich-mpicc
[2026-06-14T01:21:26+0200] [MainThread] [D] [toil.resource] Module dir is /home/kinow/Development/python/micromamba/envs/toil/lib/python3.13/site-packages, our prefix is /home/kinow/Development/python/micromamba/envs/toil, virtualenv: True
[2026-06-14T01:21:26+0200] [MainThread] [D] [toil.cwl.cwltoil] Is non-scatter with Job('CWLJob' sr-workflow.mpicc.mpich-mpicc TemporaryID(8a15d1ad-caf5-4723-a41d-fab6bdb50938) v0) and follow-on Job('CWLJob' sr-workflow.mpicc.mpich-mpicc TemporaryID(8a15d1ad-caf5-4723-a41d-fab6bdb50938) v0)
[2026-06-14T01:21:26+0200] [MainThread] [D] [toil.cwl.cwltoil] Connect as child based on need for file:///home/kinow/Development/python/workspace/cwl-mpi/workflows/mpich-sr/sr-workflow-mpi-requirement.cwl#sr-workflow/source from Job('SelfJob' TemporaryID(3d1a629e-4180-41fc-b3c4-77617e59800a) v0)
[2026-06-14T01:21:26+0200] [MainThread] [D] [toil.cwl.cwltoil] Provides file:///home/kinow/Development/python/workspace/cwl-mpi/workflows/mpich-sr/sr-workflow-mpi-requirement.cwl#sr-workflow/mpicc/executable from Job('CWLJob' sr-workflow.mpicc.mpich-mpicc TemporaryID(8a15d1ad-caf5-4723-a41d-fab6bdb50938) v0)
[2026-06-14T01:21:26+0200] [MainThread] [D] [toil.cwl.cwltoil] Ready to make job for workflow step file:///home/kinow/Development/python/workspace/cwl-mpi/workflows/mpich-sr/sr-workflow-mpi-requirement.cwl#sr-workflow/mpirun
[2026-06-14T01:21:26+0200] [MainThread] [D] [toil.cwl.cwltoil] Takes input: file:///home/kinow/Development/python/workspace/cwl-mpi/workflows/mpich-sr/sr-workflow-mpi-requirement.cwl#sr-workflow/mpirun/executable
[2026-06-14T01:21:26+0200] [MainThread] [D] [toil.cwl.cwltoil] Value will come from ResolveSource(source key source, name executable in promise)
[2026-06-14T01:21:26+0200] [MainThread] [D] [toil.cwl.cwltoil] Takes input: file:///home/kinow/Development/python/workspace/cwl-mpi/workflows/mpich-sr/sr-workflow-mpi-requirement.cwl#sr-workflow/mpirun/msg_size
[2026-06-14T01:21:26+0200] [MainThread] [D] [toil.cwl.cwltoil] Value will come from DefaultWithSource(0, ResolveSource(source key source, name msg_size in promise))
[2026-06-14T01:21:26+0200] [MainThread] [D] [toil.cwl.cwltoil] Takes input: file:///home/kinow/Development/python/workspace/cwl-mpi/workflows/mpich-sr/sr-workflow-mpi-requirement.cwl#sr-workflow/mpirun/niter
[2026-06-14T01:21:26+0200] [MainThread] [D] [toil.cwl.cwltoil] Value will come from DefaultWithSource(1, ResolveSource(source key source, name niter in promise))
[2026-06-14T01:21:26+0200] [MainThread] [D] [toil.cwl.cwltoil] Takes input: file:///home/kinow/Development/python/workspace/cwl-mpi/workflows/mpich-sr/sr-workflow-mpi-requirement.cwl#sr-workflow/mpirun/np
[2026-06-14T01:21:26+0200] [MainThread] [D] [toil.cwl.cwltoil] Value will come from DefaultWithSource(2, ResolveSource(source key source, name np in promise))
[2026-06-14T01:21:26+0200] [MainThread] [D] [toil.cwl.cwltoil] Make job for tool: file:///home/kinow/Development/python/workspace/cwl-mpi/workflows/mpich-sr/sr-mpi-requirement.cwl#mpich-mpirun-base-command
[2026-06-14T01:21:26+0200] [MainThread] [D] [toil.resource] Module dir is /home/kinow/Development/python/micromamba/envs/toil/lib/python3.13/site-packages, our prefix is /home/kinow/Development/python/micromamba/envs/toil, virtualenv: True
[2026-06-14T01:21:26+0200] [MainThread] [D] [toil.cwl.cwltoil] Is non-scatter with Job('CWLJob' sr-workflow.mpirun.mpich-mpirun-base-command TemporaryID(2f71d57d-0071-4003-9ea1-903bdc786efd) v0) and follow-on Job('CWLJob' sr-workflow.mpirun.mpich-mpirun-base-command TemporaryID(2f71d57d-0071-4003-9ea1-903bdc786efd) v0)
[2026-06-14T01:21:26+0200] [MainThread] [D] [toil.cwl.cwltoil] Connect as child based on need for file:///home/kinow/Development/python/workspace/cwl-mpi/workflows/mpich-sr/sr-workflow-mpi-requirement.cwl#sr-workflow/mpicc/executable from Job('CWLJob' sr-workflow.mpicc.mpich-mpicc TemporaryID(8a15d1ad-caf5-4723-a41d-fab6bdb50938) v0)
[2026-06-14T01:21:26+0200] [MainThread] [D] [toil.cwl.cwltoil] Connect as child based on need for file:///home/kinow/Development/python/workspace/cwl-mpi/workflows/mpich-sr/sr-workflow-mpi-requirement.cwl#sr-workflow/msg_size from Job('SelfJob' TemporaryID(24806f0c-b173-4852-9184-680cbc570dd5) v0)
[2026-06-14T01:21:26+0200] [MainThread] [D] [toil.cwl.cwltoil] Provides file:///home/kinow/Development/python/workspace/cwl-mpi/workflows/mpich-sr/sr-workflow-mpi-requirement.cwl#sr-workflow/mpirun/stdout_file from Job('CWLJob' sr-workflow.mpirun.mpich-mpirun-base-command TemporaryID(2f71d57d-0071-4003-9ea1-903bdc786efd) v0)
[2026-06-14T01:21:26+0200] [MainThread] [D] [toil.cwl.cwltoil] Provides file:///home/kinow/Development/python/workspace/cwl-mpi/workflows/mpich-sr/sr-workflow-mpi-requirement.cwl#sr-workflow/mpirun/stderr_file from Job('CWLJob' sr-workflow.mpirun.mpich-mpirun-base-command TemporaryID(2f71d57d-0071-4003-9ea1-903bdc786efd) v0)
[2026-06-14T01:21:26+0200] [MainThread] [D] [toil.job] Saving graph of 3 jobs, 3 non-service, 2 new
[2026-06-14T01:21:26+0200] [MainThread] [I] [toil.job] Resolve promise files/no-job/file-d7c9fa12668c4a019e0bb90f80cfeded/stream from Job('CWLWorkflow' sr-workflow kind-CWLWorkflow/instance-85k52obh v1) with a <class 'toil.cwl.cwltoil.UnresolvedDict'>
[2026-06-14T01:21:26+0200] [MainThread] [D] [toil.job] Issuing promise files/no-job/file-1582c15cec784d80b123d263c83ca497/stream for result of 'CWLJob' sr-workflow.mpirun.mpich-mpirun-base-command kind-CWLJob/instance-zvxbja8r v0
[2026-06-14T01:21:26+0200] [MainThread] [D] [toil.job] Issuing promise files/no-job/file-db0a424da7b544b09beef32411df061c/stream for result of 'CWLJob' sr-workflow.mpirun.mpich-mpirun-base-command kind-CWLJob/instance-zvxbja8r v0
[2026-06-14T01:21:26+0200] [MainThread] [I] [toil.job] Resolve promise files/no-job/file-c99370282c784c14a0099024a736964e/stream from Job('CWLWorkflow' sr-workflow kind-CWLWorkflow/instance-85k52obh v1) with a <class 'toil.cwl.cwltoil.UnresolvedDict'>
[2026-06-14T01:21:26+0200] [MainThread] [D] [toil.job] Issuing promise files/no-job/file-40bd3b67226e4a6c8872514772fd3b62/stream for result of 'CWLJob' sr-workflow.mpirun.mpich-mpirun-base-command kind-CWLJob/instance-zvxbja8r v0
[2026-06-14T01:21:26+0200] [MainThread] [D] [toil.job] Issuing promise files/no-job/file-b915bae2f6e84f738a7e6820da78c519/stream for result of 'CWLJob' sr-workflow.mpirun.mpich-mpirun-base-command kind-CWLJob/instance-zvxbja8r v0
[2026-06-14T01:21:26+0200] [MainThread] [D] [toil.job] Processing job 'CWLJob' sr-workflow.mpirun.mpich-mpirun-base-command kind-CWLJob/instance-zvxbja8r v0
[2026-06-14T01:21:26+0200] [MainThread] [D] [toil.job] Issuing promise files/no-job/file-3cf8c44222574e209f4ddd146e545123/stream for result of 'CWLJob' sr-workflow.mpicc.mpich-mpicc kind-CWLJob/instance-zpm9pcjg v0
[2026-06-14T01:21:26+0200] [MainThread] [D] [toil.job] Processing job 'CWLJob' sr-workflow.mpicc.mpich-mpicc kind-CWLJob/instance-zpm9pcjg v0
[2026-06-14T01:21:26+0200] [MainThread] [D] [toil.job] Processing job 'CWLWorkflow' sr-workflow kind-CWLWorkflow/instance-85k52obh v1
[2026-06-14T01:21:26+0200] [MainThread] [D] [toil.job] New job version: 'CWLJob' sr-workflow.mpirun.mpich-mpirun-base-command kind-CWLJob/instance-zvxbja8r v1
[2026-06-14T01:21:26+0200] [MainThread] [D] [toil.job] New job version: 'CWLJob' sr-workflow.mpicc.mpich-mpicc kind-CWLJob/instance-zpm9pcjg v1
[2026-06-14T01:21:26+0200] [MainThread] [D] [toil.fileStores.abstractFileStore] LOG-TO-LEADER: Job 'CWLWorkflow' sr-workflow kind-CWLWorkflow/instance-85k52obh v1 used 0.39% disk (4.0 KiB [4096B] used, 1.0 MiB [1048576B] requested).
[2026-06-14T01:21:26+0200] [MainThread] [D] [toil.deferred] Running own deferred functions
[2026-06-14T01:21:26+0200] [MainThread] [D] [toil.deferred] Out of deferred functions!
[2026-06-14T01:21:26+0200] [MainThread] [D] [toil.deferred] Running orphaned deferred functions
[2026-06-14T01:21:26+0200] [MainThread] [D] [toil.deferred] Ran orphaned deferred functions from 0 abandoned state files
[2026-06-14T01:21:26+0200] [MainThread] [D] [toil.job] New job version: 'CWLWorkflow' sr-workflow kind-CWLWorkflow/instance-85k52obh v2
[2026-06-14T01:21:26+0200] [MainThread] [W] [toil.fileStores.abstractFileStore] LOG-TO-LEADER: Job 'CWLWorkflow' sr-workflow kind-CWLWorkflow/instance-85k52obh v2 used 1.00x more CPU than the requested 1 cores. Consider increasing the job's required CPU cores or limiting the number of processes/threads launched.
[2026-06-14T01:21:26+0200] [MainThread] [I] [toil.worker] Completed body for 'CWLWorkflow' sr-workflow kind-CWLWorkflow/instance-85k52obh v2
[2026-06-14T01:21:26+0200] [MainThread] [D] [toil.worker] No more jobs can run in series by this worker, it's got 2 successors
[2026-06-14T01:21:26+0200] [MainThread] [D] [toil.worker] Two distinct successors are kind-CWLJob/instance-zvxbja8r and kind-CWLJob/instance-zpm9pcjg
[2026-06-14T01:21:26+0200] [MainThread] [I] [toil.worker] Not chaining from job 'CWLWorkflow' sr-workflow kind-CWLWorkflow/instance-85k52obh v2
[2026-06-14T01:21:26+0200] [MainThread] [I] [toil.worker] Worker log can be found at /home/kinow/Development/python/workspace/cwl-mpi/workflows/mpich-sr/logs/toil/laptop/singularity/toilwf-bbce2be92c7c5123a31b37ee45378d20/8f57. Set --cleanWorkDir to retain this log
[2026-06-14T01:21:26+0200] [MainThread] [I] [toil.worker] Finished running the chain of jobs on this node, we ran for a total of 0.296250 seconds
