[2026-06-14T01:21:28+0200] [MainThread] [I] [toil.worker] ---TOIL WORKER OUTPUT LOG---
[2026-06-14T01:21:28+0200] [MainThread] [I] [toil] Running Toil version 9.4.1-c6a39f2c827899f9a1dd0018ca2b72c675120096 on host ranma.
[2026-06-14T01:21:28+0200] [MainThread] [D] [toil] Configuration: {'cwl': False, 'workflowID': '8f2df073-b321-4531-9539-6ba71205845a', 'kill_polling_interval': 5, 'jobStore': 'file:/home/kinow/Development/python/workspace/cwl-mpi/workflows/mpich-sr/logs/toil/laptop/singularity/54554e14-fa68-4db9-b0a8-3035749b8ec7', 'workDir': '/home/kinow/Development/python/workspace/cwl-mpi/workflows/mpich-sr/logs/toil/laptop/singularity', 'coordination_dir': None, 'noStdOutErr': False, 'stats': False, 'cleanWorkDir': 'always', 'clean': 'onSuccess', 'clusterStats': None, 'restart': False, 'batchSystem': 'single_machine', 'scale': 1, 'slurm_allocate_mem': True, 'slurm_default_all_mem': False, 'slurm_time': None, 'slurm_partition': None, 'slurm_gpu_partition': None, 'slurm_pe': None, 'slurm_args': '', 'disableAutoDeployment': False, 'max_jobs': 9223372036854775807, 'max_local_jobs': None, 'manualMemArgs': False, 'run_local_jobs_on_workers': False, 'statePollingWait': None, 'state_polling_timeout': 1200, 'batch_logs_dir': None, 'symlinkImports': True, 'moveOutputs': False, 'caching': False, 'symlink_job_store_reads': True, 'provisioner': None, 'nodeTypes': [], 'minNodes': [0], 'maxNodes': [10], 'targetTime': 1800, 'betaInertia': 0.1, 'scaleInterval': 60, 'metrics': False, 'assume_zero_overhead': False, 'preemptibleCompensation': 0.0, 'nodeStorage': 50, 'nodeStorageOverrides': [], 'maxServiceJobs': 9223372036854775807, 'maxPreemptibleServiceJobs': 9223372036854775807, 'deadlockWait': 60, 'deadlockCheckInterval': 30, 'defaultMemory': 2147483648, 'defaultCores': 1, 'defaultDisk': 2147483648, 'defaultAccelerators': [], 'maxCores': 9223372036854775807, 'maxMemory': 9223372036854775807, 'maxDisk': 9223372036854775807, 'defaultPreemptible': False, 'retryCount': 0, 'retry_backoff_seconds': 2, 'retry_backoff_factor': 3, 'stop_on_first_failure': False, 'enableUnlimitedPreemptibleRetries': False, 'doubleMem': False, 'maxJobDuration': 9223372036854775807, 'rescueJobsFrequency': 60, 'job_store_timeout': 30, 'maxLogFileSize': 104857600, 'writeLogs': 'logs/toil/laptop/singularity', 'writeLogsGzip': None, 'writeLogsFromAllJobs': False, 'write_messages': '/tmp/tmp67umnqyt', 'publish_workflow_metrics': None, 'environment': {}, 'disableChaining': False, 'disableJobStoreChecksumVerification': False, 'statusWait': 3600, 'disableProgress': False, 'sseKey': None, 'servicePollingInterval': 60.0, 'forceDockerAppliance': False, 'debugWorker': False, 'disableWorkerOutputCapture': False, 'badWorker': 0.0, 'badWorkerFailInterval': 0.01, 'logLevel': 'Debug', 'colored_logs': True, 'memory_is_product': False, 'workflowAttemptNumber': 0}
[2026-06-14T01:21:28+0200] [MainThread] [D] [toil.deferred] Opened with own state file /run/user/1000/toil/toilwf-bbce2be92c7c5123a31b37ee45378d20/deferred/funcwtpremdk
[2026-06-14T01:21:28+0200] [MainThread] [D] [toil.worker] Parsed job description
[2026-06-14T01:21:28+0200] [MainThread] [I] [toil.worker] Working on job 'CWLJob' sr-workflow.mpirun.mpich-mpirun-base-command kind-CWLJob/instance-zvxbja8r v1
[2026-06-14T01:21:28+0200] [MainThread] [D] [toil.job] Loading user module ModuleDescriptor(dirPath='/home/kinow/Development/python/micromamba/envs/toil/lib/python3.13/site-packages', name='toil.cwl.cwltoil', fromVirtualEnv=True).
[2026-06-14T01:21:28+0200] [MainThread] [D] [pydot] pydot initializing
[2026-06-14T01:21:28+0200] [MainThread] [D] [pydot] pydot 4.0.1
[2026-06-14T01:21:28+0200] [MainThread] [D] [pydot.core] pydot core module initializing
[2026-06-14T01:21:29+0200] [MainThread] [D] [toil.jobStores.fileJobStore] Path to job store directory is '/home/kinow/Development/python/workspace/cwl-mpi/workflows/mpich-sr/logs/toil/laptop/singularity/54554e14-fa68-4db9-b0a8-3035749b8ec7'.
[2026-06-14T01:21:29+0200] [MainThread] [I] [toil.worker] Loaded body Job('CWLJob' sr-workflow.mpirun.mpich-mpirun-base-command kind-CWLJob/instance-zvxbja8r v1) from description 'CWLJob' sr-workflow.mpirun.mpich-mpirun-base-command kind-CWLJob/instance-zvxbja8r v1
[2026-06-14T01:21:29+0200] [MainThread] [D] [toil.lib.threading] Detected that /run/user/1000/toil/toilwf-bbce2be92c7c5123a31b37ee45378d20 has lockable filesystem type: tmpfs
[2026-06-14T01:21:29+0200] [MainThread] [D] [toil.deferred] Running orphaned deferred functions
[2026-06-14T01:21:29+0200] [MainThread] [D] [toil.deferred] Ran orphaned deferred functions from 0 abandoned state files
[2026-06-14T01:21:29+0200] [MainThread] [D] [toil.deferred] Running job
[2026-06-14T01:21:29+0200] [MainThread] [D] [toil.cwl.cwltoil] Loaded order:
{'executable': ResolveSource(source key source, name executable in promise), 'msg_size': DefaultWithSource(0, ResolveSource(source key source, name msg_size in promise)), 'niter': DefaultWithSource(1, ResolveSource(source key source, name niter in promise)), 'np': DefaultWithSource(2, ResolveSource(source key source, name np in promise))}
[2026-06-14T01:21:29+0200] [MainThread] [D] [toil.cwl.cwltoil] Output disposition: copy
[2026-06-14T01:21:29+0200] [MainThread] [D] [toil.cwl.cwltoil] Running tool ToilCommandLineTool('file:///home/kinow/Development/python/workspace/cwl-mpi/workflows/mpich-sr/sr-mpi-requirement.cwl#mpich-mpirun-base-command') with order: {'executable': ResolveSource(source key source, name executable in promise), 'msg_size': DefaultWithSource(0, ResolveSource(source key source, name msg_size in promise)), 'niter': DefaultWithSource(1, ResolveSource(source key source, name niter in promise)), 'np': DefaultWithSource(2, ResolveSource(source key source, name np in promise))}
[2026-06-14T01:21:29+0200] [MainThread] [W] [cwltool] MPIRequirement with containers is a beta feature
[2026-06-14T01:21:29+0200] [MainThread] [W] [cwltool] MPIRequirement with containers is a beta feature
[2026-06-14T01:21:29+0200] [MainThread] [D] [cwltool] [job sr-workflow.mpirun.mpich-mpirun-base-command] initializing from file:///home/kinow/Development/python/workspace/cwl-mpi/workflows/mpich-sr/sr-mpi-requirement.cwl#mpich-mpirun-base-command
[2026-06-14T01:21:29+0200] [MainThread] [D] [cwltool] [job sr-workflow.mpirun.mpich-mpirun-base-command] {
    "executable": {
        "location": "file:///home/kinow/Development/python/workspace/cwl-mpi/workflows/mpich-sr/logs/toil/laptop/singularity/sr",
        "basename": "sr",
        "nameroot": "sr",
        "nameext": "",
        "class": "File",
        "checksum": "sha1$0ec2227060df40b5ce79cc59c60cdaacaf19bfb6",
        "size": 16512,
        "http://commonwl.org/cwltool#generation": 0
    },
    "msg_size": 0,
    "niter": 1,
    "np": 6
}
[2026-06-14T01:21:29+0200] [MainThread] [D] [toil.cwl.cwltoil] Initial work dir: {'class': 'Directory', 'listing': [], 'basename': ''}
[2026-06-14T01:21:29+0200] [MainThread] [D] [cwltool] [job sr-workflow.mpirun.mpich-mpirun-base-command] path mappings is {
    "file:///home/kinow/Development/python/workspace/cwl-mpi/workflows/mpich-sr/logs/toil/laptop/singularity/sr": [
        "/home/kinow/Development/python/workspace/cwl-mpi/workflows/mpich-sr/logs/toil/laptop/singularity/sr",
        "/var/lib/cwl/stg7c57bb11-add9-4563-9a3f-c4f001e84651/sr",
        "File",
        true
    ]
}
[2026-06-14T01:21:29+0200] [MainThread] [D] [cwltool] [job sr-workflow.mpirun.mpich-mpirun-base-command] command line bindings is [
    {
        "position": [
            2,
            "executable"
        ],
        "datum": {
            "location": "file:///home/kinow/Development/python/workspace/cwl-mpi/workflows/mpich-sr/logs/toil/laptop/singularity/sr",
            "basename": "sr",
            "nameroot": "sr",
            "nameext": "",
            "class": "File",
            "checksum": "sha1$0ec2227060df40b5ce79cc59c60cdaacaf19bfb6",
            "size": 16512,
            "http://commonwl.org/cwltool#generation": 0,
            "path": "/var/lib/cwl/stg7c57bb11-add9-4563-9a3f-c4f001e84651/sr",
            "dirname": "/var/lib/cwl/stg7c57bb11-add9-4563-9a3f-c4f001e84651"
        }
    },
    {
        "position": [
            3,
            "msg_size"
        ],
        "datum": 0
    },
    {
        "position": [
            4,
            "niter"
        ],
        "datum": 1
    }
]
[2026-06-14T01:21:29+0200] [MainThread] [D] [cwltool] Singularity version: 1.4.5 ({_SINGULARITY_FLAVOR}.
[2026-06-14T01:21:29+0200] [MainThread] [I] [cwltool] ['singularity', 'pull', '--force', '--name', 'mfisherman_mpich:4.3.2.sif', 'docker://mfisherman/mpich:4.3.2']
INFO:    Using cached SIF image
[2026-06-14T01:21:30+0200] [MainThread] [D] [cwltool] [job sr-workflow.mpirun.mpich-mpirun-base-command] initial work dir {}
[2026-06-14T01:21:30+0200] [MainThread] [I] [cwltool] [job sr-workflow.mpirun.mpich-mpirun-base-command] /tmp/tmpn8w8mso_$ mpirun \
    -n \
    6 \
    singularity \
    --quiet \
    run \
    --contain \
    --ipc \
    --cleanenv \
    --no-eval \
    --userns \
    --home \
    /tmp/tmpn8w8mso_:/GLZeNy \
    --mount=type=bind,source=/tmp/tmp4kxnxr6h,target=/tmp \
    --mount=type=bind,source=/home/kinow/Development/python/workspace/cwl-mpi/workflows/mpich-sr/logs/toil/laptop/singularity/sr,target=/var/lib/cwl/stg7c57bb11-add9-4563-9a3f-c4f001e84651/sr,readonly \
    --pwd \
    /GLZeNy \
    --net \
    --network \
    none \
    /home/kinow/Development/python/workspace/cwl-mpi/workflows/mpich-sr/logs/toil/laptop/singularity/toilwf-bbce2be92c7c5123a31b37ee45378d20/cb19/job/mfisherman_mpich:4.3.2.sif \
    /var/lib/cwl/stg7c57bb11-add9-4563-9a3f-c4f001e84651/sr \
    0 \
    1 > /tmp/tmpn8w8mso_/mpirun-mpi-requirement.out 2> /tmp/tmpn8w8mso_/mpirun-mpi-requirement.err
[2026-06-14T01:21:30+0200] [MainThread] [W] [cwltool] [job sr-workflow.mpirun.mpich-mpirun-base-command] exited with status: 6
[2026-06-14T01:21:30+0200] [MainThread] [W] [cwltool] [job sr-workflow.mpirun.mpich-mpirun-base-command] completed permanentFail
[2026-06-14T01:21:30+0200] [MainThread] [D] [cwltool] [job sr-workflow.mpirun.mpich-mpirun-base-command] outputs {
    "stderr_file": {
        "location": "file:///tmp/tmpn8w8mso_/mpirun-mpi-requirement.err",
        "basename": "mpirun-mpi-requirement.err",
        "nameroot": "mpirun-mpi-requirement",
        "nameext": ".err",
        "class": "File",
        "checksum": "sha1$a348563f14f63b707c6ea8ae3b5fa39bc7c30e34",
        "size": 1656,
        "http://commonwl.org/cwltool#generation": 0
    },
    "stdout_file": {
        "location": "file:///tmp/tmpn8w8mso_/mpirun-mpi-requirement.out",
        "basename": "mpirun-mpi-requirement.out",
        "nameroot": "mpirun-mpi-requirement",
        "nameext": ".out",
        "class": "File",
        "checksum": "sha1$ce9f5cecc2cb1365a8534ed198bc03d55fbde57a",
        "size": 486,
        "http://commonwl.org/cwltool#generation": 0
    }
}
[2026-06-14T01:21:30+0200] [MainThread] [D] [cwltool] [job sr-workflow.mpirun.mpich-mpirun-base-command] Removing input staging directory /tmp/tmpih0mg10j
[2026-06-14T01:21:30+0200] [MainThread] [D] [cwltool] [job sr-workflow.mpirun.mpich-mpirun-base-command] Removing temporary directory /tmp/tmp4kxnxr6h
[2026-06-14T01:21:30+0200] [MainThread] [D] [cwltool] Copying /tmp/tmpn8w8mso_/mpirun-mpi-requirement.err to /home/kinow/Development/python/workspace/cwl-mpi/workflows/mpich-sr/logs/toil/laptop/singularity/mpirun-mpi-requirement.err
[2026-06-14T01:21:30+0200] [MainThread] [D] [cwltool] Copying /tmp/tmpn8w8mso_/mpirun-mpi-requirement.out to /home/kinow/Development/python/workspace/cwl-mpi/workflows/mpich-sr/logs/toil/laptop/singularity/mpirun-mpi-requirement.out
[2026-06-14T01:21:30+0200] [MainThread] [D] [cwltool] Removing intermediate output directory /tmp/tmpn8w8mso_
[2026-06-14T01:21:30+0200] [MainThread] [D] [toil.fileStores.abstractFileStore] LOG-TO-LEADER: Job 'CWLJob' sr-workflow.mpirun.mpich-mpirun-base-command kind-CWLJob/instance-zvxbja8r v1 used 25.02% disk (256.2 MiB [268632064B] used, 1.0 GiB [1073741824B] requested).
[2026-06-14T01:21:30+0200] [MainThread] [D] [toil.deferred] Running own deferred functions
[2026-06-14T01:21:30+0200] [MainThread] [D] [toil.deferred] Out of deferred functions!
[2026-06-14T01:21:30+0200] [MainThread] [D] [toil.deferred] Running orphaned deferred functions
[2026-06-14T01:21:30+0200] [MainThread] [D] [toil.deferred] Ran orphaned deferred functions from 0 abandoned state files
[2026-06-14T01:21:30+0200] [MainThread] [C] [toil.worker] Worker crashed with traceback:
Traceback (most recent call last):
  File "/home/kinow/Development/python/micromamba/envs/toil/lib/python3.13/site-packages/toil/worker.py", line 591, in workerScript
    job._runner(
    ~~~~~~~~~~~^
        jobGraph=None,
        ^^^^^^^^^^^^^^
    ...<2 lines>...
        defer=defer,
        ^^^^^^^^^^^^
    )
    ^
  File "/home/kinow/Development/python/micromamba/envs/toil/lib/python3.13/site-packages/toil/job.py", line 3376, in _runner
    returnValues = self._run(jobGraph=None, fileStore=fileStore)
  File "/home/kinow/Development/python/micromamba/envs/toil/lib/python3.13/site-packages/toil/job.py", line 3254, in _run
    return self.run(fileStore)
           ~~~~~~~~^^^^^^^^^^^
  File "/home/kinow/Development/python/micromamba/envs/toil/lib/python3.13/site-packages/toil/cwl/cwltoil.py", line 2871, in run
    raise cwl_utils.errors.WorkflowException(status)
cwl_utils.errors.WorkflowException: permanentFail

[2026-06-14T01:21:30+0200] [MainThread] [E] [toil.worker] Exiting the worker because of a failed job on host ranma
