StreamFlow file:

version: v1.0
database:
  type: default
  config:
    connection: ":memory:"
workflows:
  workflow_name:
    type: cwl
    config:
      file: "/home/cwlmpi/cwl-mpi/workflows/mpich-sr/sr-workflow-base-command.cwl"
      docker:
        - step: /
          deployment:
            type: singularity
            config: {}


Executing: streamflow run --debug --outdir logs/streamflow/cloud/singularity /tmp/tmp.xOFiKrtvZa
2026-06-14 15:10:14.145 INFO     Processing workflow 306afba0-54be-4b79-8e1e-db22fb24abfc
2026-06-14 15:10:14.145 INFO     Building workflow execution plan
2026-06-14 15:10:15.270 DEBUG    Translating Workflow /
2026-06-14 15:10:15.272 DEBUG    Translating WorkflowStep /mpicc
2026-06-14 15:10:15.280 DEBUG    Translating CommandLineTool /mpicc
2026-06-14 15:10:15.281 DEBUG    Translating WorkflowStep /mpirun
2026-06-14 15:10:15.292 DEBUG    Translating CommandLineTool /mpirun
2026-06-14 15:10:15.873 INFO     COMPLETED building of workflow execution plan
2026-06-14 15:10:15.873 INFO     EXECUTING workflow 306afba0-54be-4b79-8e1e-db22fb24abfc
2026-06-14 15:10:15.878 DEBUG    Step /source-wf-default-transformer-injector received inputs ['0']
2026-06-14 15:10:15.878 DEBUG    Step /source-wf-default-transformer received inputs ['0']
2026-06-14 15:10:15.879 DEBUG    Step /np-wf-default-transformer-injector received inputs ['0']
2026-06-14 15:10:15.879 DEBUG    Step /np-wf-default-transformer received inputs ['0']
2026-06-14 15:10:15.879 DEBUG    Step /msg_size-wf-default-transformer-injector received inputs ['0']
2026-06-14 15:10:15.879 DEBUG    Step /msg_size-wf-default-transformer received inputs ['0']
2026-06-14 15:10:15.879 DEBUG    Step /niter-wf-default-transformer-injector received inputs ['0']
2026-06-14 15:10:15.879 DEBUG    Step /niter-wf-default-transformer received inputs ['0']
2026-06-14 15:10:15.879 DEBUG    Step /mpicc/source-cmd-default-transformer-injector received inputs ['0']
2026-06-14 15:10:15.879 DEBUG    Step /mpicc/output_name-cmd-default-transformer-injector received inputs ['0']
2026-06-14 15:10:15.879 DEBUG    Step /mpirun/np-cmd-default-transformer-injector received inputs ['0']
2026-06-14 15:10:15.879 DEBUG    Step /mpirun/msg_size-cmd-default-transformer-injector received inputs ['0']
2026-06-14 15:10:15.879 DEBUG    Step /mpirun/niter-cmd-default-transformer-injector received inputs ['0']
2026-06-14 15:10:15.881 DEBUG    Retrieving available locations for job /source-wf-default-transformer-injector/0 on __LOCAL__.
2026-06-14 15:10:15.881 DEBUG    Available locations for job /source-wf-default-transformer-injector/0 on __LOCAL__ are ['__LOCAL__'].
2026-06-14 15:10:15.881 DEBUG    Job /source-wf-default-transformer-injector/0 allocated locally
2026-06-14 15:10:15.881 DEBUG    Retrieving available locations for job /np-wf-default-transformer-injector/0 on __LOCAL__.
2026-06-14 15:10:15.882 DEBUG    Available locations for job /np-wf-default-transformer-injector/0 on __LOCAL__ are ['__LOCAL__'].
2026-06-14 15:10:15.882 DEBUG    Job /np-wf-default-transformer-injector/0 allocated locally
2026-06-14 15:10:15.882 DEBUG    Retrieving available locations for job /msg_size-wf-default-transformer-injector/0 on __LOCAL__.
2026-06-14 15:10:15.883 DEBUG    Available locations for job /msg_size-wf-default-transformer-injector/0 on __LOCAL__ are ['__LOCAL__'].
2026-06-14 15:10:15.883 DEBUG    Job /msg_size-wf-default-transformer-injector/0 allocated locally
2026-06-14 15:10:15.883 DEBUG    Retrieving available locations for job /niter-wf-default-transformer-injector/0 on __LOCAL__.
2026-06-14 15:10:15.884 DEBUG    Available locations for job /niter-wf-default-transformer-injector/0 on __LOCAL__ are ['__LOCAL__'].
2026-06-14 15:10:15.884 DEBUG    Job /niter-wf-default-transformer-injector/0 allocated locally
2026-06-14 15:10:15.884 DEBUG    Retrieving available locations for job /mpicc/source-cmd-default-transformer-injector/0 on __LOCAL__.
2026-06-14 15:10:15.884 DEBUG    Available locations for job /mpicc/source-cmd-default-transformer-injector/0 on __LOCAL__ are ['__LOCAL__'].
2026-06-14 15:10:15.885 DEBUG    Job /mpicc/source-cmd-default-transformer-injector/0 allocated locally
2026-06-14 15:10:15.885 DEBUG    Retrieving available locations for job /mpicc/output_name-cmd-default-transformer-injector/0 on __LOCAL__.
2026-06-14 15:10:15.885 DEBUG    Available locations for job /mpicc/output_name-cmd-default-transformer-injector/0 on __LOCAL__ are ['__LOCAL__'].
2026-06-14 15:10:15.885 DEBUG    Job /mpicc/output_name-cmd-default-transformer-injector/0 allocated locally
2026-06-14 15:10:15.885 DEBUG    Retrieving available locations for job /mpirun/np-cmd-default-transformer-injector/0 on __LOCAL__.
2026-06-14 15:10:15.886 DEBUG    Available locations for job /mpirun/np-cmd-default-transformer-injector/0 on __LOCAL__ are ['__LOCAL__'].
2026-06-14 15:10:15.886 DEBUG    Job /mpirun/np-cmd-default-transformer-injector/0 allocated locally
2026-06-14 15:10:15.886 DEBUG    Retrieving available locations for job /mpirun/msg_size-cmd-default-transformer-injector/0 on __LOCAL__.
2026-06-14 15:10:15.886 DEBUG    Available locations for job /mpirun/msg_size-cmd-default-transformer-injector/0 on __LOCAL__ are ['__LOCAL__'].
2026-06-14 15:10:15.887 DEBUG    Job /mpirun/msg_size-cmd-default-transformer-injector/0 allocated locally
2026-06-14 15:10:15.887 DEBUG    Retrieving available locations for job /mpirun/niter-cmd-default-transformer-injector/0 on __LOCAL__.
2026-06-14 15:10:15.887 DEBUG    Available locations for job /mpirun/niter-cmd-default-transformer-injector/0 on __LOCAL__ are ['__LOCAL__'].
2026-06-14 15:10:15.887 DEBUG    Job /mpirun/niter-cmd-default-transformer-injector/0 allocated locally
2026-06-14 15:10:15.889 DEBUG    COMPLETED Step __deploy__/__LOCAL__
2026-06-14 15:10:15.889 DEBUG    COMPLETED Step __deploy__/0c84da49-e219-4205-b2a8-5fb0d2804ba3
2026-06-14 15:10:15.889 DEBUG    COMPLETED Step __deploy__/b5ab200e-116b-4518-84e5-938e0627156a
2026-06-14 15:10:15.890 DEBUG    Job /source-wf-default-transformer-injector/0 changed status to RUNNING
2026-06-14 15:10:15.891 DEBUG    Job /np-wf-default-transformer-injector/0 changed status to RUNNING
2026-06-14 15:10:15.891 DEBUG    Job /msg_size-wf-default-transformer-injector/0 changed status to RUNNING
2026-06-14 15:10:15.891 DEBUG    Job /niter-wf-default-transformer-injector/0 changed status to RUNNING
2026-06-14 15:10:15.891 DEBUG    Job /mpicc/source-cmd-default-transformer-injector/0 changed status to RUNNING
2026-06-14 15:10:15.892 DEBUG    Job /mpicc/output_name-cmd-default-transformer-injector/0 changed status to RUNNING
2026-06-14 15:10:15.892 DEBUG    Job /mpirun/np-cmd-default-transformer-injector/0 changed status to RUNNING
2026-06-14 15:10:15.893 DEBUG    Job /mpirun/msg_size-cmd-default-transformer-injector/0 changed status to RUNNING
2026-06-14 15:10:15.893 DEBUG    Job /mpirun/niter-cmd-default-transformer-injector/0 changed status to RUNNING
2026-06-14 15:10:15.893 DEBUG    COMPLETED Step /source-wf-default-transformer-injector/__schedule__
2026-06-14 15:10:15.893 DEBUG    COMPLETED Step /np-wf-default-transformer-injector/__schedule__
2026-06-14 15:10:15.893 DEBUG    COMPLETED Step /msg_size-wf-default-transformer-injector/__schedule__
2026-06-14 15:10:15.893 DEBUG    COMPLETED Step /niter-wf-default-transformer-injector/__schedule__
2026-06-14 15:10:15.893 DEBUG    COMPLETED Step /mpicc/source-cmd-default-transformer-injector/__schedule__
2026-06-14 15:10:15.893 DEBUG    COMPLETED Step /mpicc/output_name-cmd-default-transformer-injector/__schedule__
2026-06-14 15:10:15.893 DEBUG    COMPLETED Step /mpirun/np-cmd-default-transformer-injector/__schedule__
2026-06-14 15:10:15.893 DEBUG    COMPLETED Step /mpirun/msg_size-cmd-default-transformer-injector/__schedule__
2026-06-14 15:10:15.894 DEBUG    COMPLETED Step /mpirun/niter-cmd-default-transformer-injector/__schedule__
2026-06-14 15:10:15.894 DEBUG    Job /np-wf-default-transformer-injector/0 changed status to COMPLETED
2026-06-14 15:10:15.894 DEBUG    Step /np-wf-default-transformer received inputs ['0']
2026-06-14 15:10:15.894 DEBUG    Step /msg_size-wf-default-transformer received inputs ['0']
2026-06-14 15:10:15.894 DEBUG    Step /niter-wf-default-transformer received inputs ['0']
2026-06-14 15:10:15.895 DEBUG    Step /source-wf-default-transformer received inputs ['0']
2026-06-14 15:10:15.895 DEBUG    Job /msg_size-wf-default-transformer-injector/0 changed status to COMPLETED
2026-06-14 15:10:15.895 DEBUG    Step /np-wf-default-transformer-injector received termination token with Status COMPLETED
2026-06-14 15:10:15.895 DEBUG    Job /niter-wf-default-transformer-injector/0 changed status to COMPLETED
2026-06-14 15:10:15.896 DEBUG    Step /msg_size-wf-default-transformer-injector received termination token with Status COMPLETED
2026-06-14 15:10:15.896 DEBUG    Job /mpicc/output_name-cmd-default-transformer-injector/0 changed status to COMPLETED
2026-06-14 15:10:15.896 DEBUG    Step /np-token-transformer received inputs ['0']
2026-06-14 15:10:15.896 DEBUG    Step /np-wf-default-transformer received termination token with Status COMPLETED
2026-06-14 15:10:15.896 DEBUG    Step /msg_size-token-transformer received inputs ['0']
2026-06-14 15:10:15.896 DEBUG    Step /msg_size-wf-default-transformer received termination token with Status COMPLETED
2026-06-14 15:10:15.897 DEBUG    Step /niter-token-transformer received inputs ['0']
2026-06-14 15:10:15.897 DEBUG    Step /niter-wf-default-transformer received termination token with Status COMPLETED
2026-06-14 15:10:15.897 DEBUG    Step /source-token-transformer received inputs ['0']
2026-06-14 15:10:15.897 DEBUG    Processing /home/cwlmpi/cwl-mpi/workflows/mpich-sr/sr.c on location __LOCAL__/__LOCAL__.
2026-06-14 15:10:15.897 DEBUG    Step /source-wf-default-transformer received termination token with Status COMPLETED
2026-06-14 15:10:15.897 DEBUG    Step /niter-wf-default-transformer-injector received termination token with Status COMPLETED
2026-06-14 15:10:15.897 DEBUG    COMPLETED Step /np-wf-default-transformer-injector
2026-06-14 15:10:15.898 DEBUG    Job /mpirun/np-cmd-default-transformer-injector/0 changed status to COMPLETED
2026-06-14 15:10:15.898 DEBUG    COMPLETED Step /np-wf-default-transformer
2026-06-14 15:10:15.898 DEBUG    COMPLETED Step /msg_size-wf-default-transformer
2026-06-14 15:10:15.898 DEBUG    COMPLETED Step /niter-wf-default-transformer
2026-06-14 15:10:15.898 DEBUG    COMPLETED Step /source-wf-default-transformer
2026-06-14 15:10:15.898 DEBUG    Step /mpicc/output_name-cmd-default-transformer-injector received termination token with Status COMPLETED
2026-06-14 15:10:15.898 DEBUG    COMPLETED Step /msg_size-wf-default-transformer-injector
2026-06-14 15:10:15.898 DEBUG    Job /mpicc/source-cmd-default-transformer-injector/0 changed status to COMPLETED
2026-06-14 15:10:15.899 DEBUG    Step /mpirun/np-cmd-default-transformer-injector received termination token with Status COMPLETED
2026-06-14 15:10:15.899 DEBUG    COMPLETED Step /niter-wf-default-transformer-injector
2026-06-14 15:10:15.899 DEBUG    Job /source-wf-default-transformer-injector/0 changed status to COMPLETED
2026-06-14 15:10:15.899 DEBUG    Step /np-token-transformer received termination token with Status COMPLETED
2026-06-14 15:10:15.899 DEBUG    Step /msg_size-token-transformer received termination token with Status COMPLETED
2026-06-14 15:10:15.899 DEBUG    Step /niter-token-transformer received termination token with Status COMPLETED
2026-06-14 15:10:15.900 DEBUG    Step /mpicc/source-cmd-default-transformer-injector received termination token with Status COMPLETED
2026-06-14 15:10:15.900 DEBUG    COMPLETED Step /mpicc/output_name-cmd-default-transformer-injector
2026-06-14 15:10:15.900 DEBUG    Job /mpirun/msg_size-cmd-default-transformer-injector/0 changed status to COMPLETED
2026-06-14 15:10:15.900 DEBUG    Step /mpicc/output_name-step-default-transformer received inputs ['0']
2026-06-14 15:10:15.900 DEBUG    Step /mpicc/source-cmd-default-transformer received inputs ['0']
2026-06-14 15:10:15.900 DEBUG    Step /source-token-transformer received termination token with Status COMPLETED
2026-06-14 15:10:15.900 DEBUG    COMPLETED Step /np-token-transformer
2026-06-14 15:10:15.900 DEBUG    COMPLETED Step /msg_size-token-transformer
2026-06-14 15:10:15.900 DEBUG    COMPLETED Step /niter-token-transformer
2026-06-14 15:10:15.900 DEBUG    Step /source-wf-default-transformer-injector received termination token with Status COMPLETED
2026-06-14 15:10:15.901 DEBUG    COMPLETED Step /mpirun/np-cmd-default-transformer-injector
2026-06-14 15:10:15.901 DEBUG    Step /mpicc/output_name-step-default-transformer received inputs ['0']
2026-06-14 15:10:15.901 DEBUG    Job /mpirun/niter-cmd-default-transformer-injector/0 changed status to COMPLETED
2026-06-14 15:10:15.901 DEBUG    COMPLETED Step /source-token-transformer
2026-06-14 15:10:15.901 DEBUG    Step /mpirun/msg_size-cmd-default-transformer-injector received termination token with Status COMPLETED
2026-06-14 15:10:15.901 DEBUG    Step /mpicc/output_name-step-default-transformer received inputs ['0']
2026-06-14 15:10:15.901 DEBUG    COMPLETED Step /mpicc/source-cmd-default-transformer-injector
2026-06-14 15:10:15.901 DEBUG    Step /mpirun/niter-cmd-default-transformer-injector received termination token with Status COMPLETED
2026-06-14 15:10:15.902 DEBUG    COMPLETED Step /source-wf-default-transformer-injector
2026-06-14 15:10:15.902 DEBUG    Step /mpicc/source-cmd-default-transformer received termination token with Status COMPLETED
2026-06-14 15:10:15.902 DEBUG    COMPLETED Step /mpirun/msg_size-cmd-default-transformer-injector
2026-06-14 15:10:15.902 DEBUG    COMPLETED Step /mpicc/source-cmd-default-transformer
2026-06-14 15:10:15.902 DEBUG    COMPLETED Step /mpirun/niter-cmd-default-transformer-injector
2026-06-14 15:10:15.902 DEBUG    Step /mpicc/output_name-cmd-default-transformer received inputs ['0']
2026-06-14 15:10:15.902 DEBUG    Step /mpicc/output_name-step-default-transformer received termination token with Status COMPLETED
2026-06-14 15:10:15.902 DEBUG    Step /mpicc/output_name-cmd-default-transformer received inputs ['0']
2026-06-14 15:10:15.903 DEBUG    COMPLETED Step /mpicc/output_name-step-default-transformer
2026-06-14 15:10:15.903 DEBUG    Step /mpicc/source-token-transformer received inputs ['0', '0']
2026-06-14 15:10:15.903 DEBUG    Processing /home/cwlmpi/cwl-mpi/workflows/mpich-sr/sr.c on location __LOCAL__/__LOCAL__.
2026-06-14 15:10:15.903 DEBUG    Step /mpicc/output_name-token-transformer received inputs ['0', '0']
2026-06-14 15:10:15.903 DEBUG    Step /mpicc/output_name-cmd-default-transformer received termination token with Status COMPLETED
2026-06-14 15:10:15.904 DEBUG    COMPLETED Step /mpicc/output_name-cmd-default-transformer
2026-06-14 15:10:15.904 DEBUG    Step /mpicc/__transfer__/output_name received inputs ['0']
2026-06-14 15:10:15.904 DEBUG    Step /mpicc/output_name-token-transformer received termination token with Status COMPLETED
2026-06-14 15:10:15.904 DEBUG    Step /mpicc/__transfer__/source received inputs ['0']
2026-06-14 15:10:15.904 DEBUG    Step /mpicc/__schedule__ received inputs ['0', '0']
2026-06-14 15:10:15.904 DEBUG    Step /mpicc/source-token-transformer received termination token with Status COMPLETED
2026-06-14 15:10:15.904 DEBUG    Retrieving available locations for job /mpicc/0 on 0c84da49-e219-4205-b2a8-5fb0d2804ba3/mfisherman/mpich:4.3.2.
2026-06-14 15:10:15.905 INFO     DEPLOYING 0c84da49-e219-4205-b2a8-5fb0d2804ba3
2026-06-14 15:10:15.905 DEBUG    EXECUTING command singularity --version 2>&1 on __LOCAL__/__LOCAL__ 
2026-06-14 15:10:15.906 DEBUG    COMPLETED Step /mpicc/output_name-token-transformer
2026-06-14 15:10:15.906 DEBUG    COMPLETED Step /mpicc/source-token-transformer
2026-06-14 15:10:15.919 DEBUG    Using apptainer version 1.4.5.
2026-06-14 15:10:15.919 DEBUG    EXECUTING command singularity instance start    --bind  "/tmp/streamflow:/tmp/streamflow"     --cleanenv    --contain                       --net   --network  "none"                         docker://mfisherman/mpich:4.3.2 1f196bc9-abd8-4a15-b158-2d97db3f9271  2>&1 on __LOCAL__/__LOCAL__ 
2026-06-14 15:10:17.031 DEBUG    EXECUTING command singularity instance list --json 2>&1 on __LOCAL__/__LOCAL__ 
2026-06-14 15:10:17.060 DEBUG    EXECUTING command nproc 2>&1 on SubprocessShell with command `singularity exec instance://1f196bc9-abd8-4a15-b158-2d97db3f9271 sh`
2026-06-14 15:10:17.130 DEBUG    EXECUTING command cat /proc/meminfo | grep MemTotal | awk '{print $2}' 2>&1 on SubprocessShell with command `singularity exec instance://1f196bc9-abd8-4a15-b158-2d97db3f9271 sh`
2026-06-14 15:10:17.141 DEBUG    EXECUTING command cat /proc/1/mountinfo 2>&1 on SubprocessShell with command `singularity exec instance://1f196bc9-abd8-4a15-b158-2d97db3f9271 sh`
2026-06-14 15:10:17.143 DEBUG    Container binds: {'/tmp/streamflow': '/tmp/streamflow', '/etc/localtime': '/usr/share/zoneinfo/Etc/UTC'}
2026-06-14 15:10:17.143 DEBUG    EXECUTING command df -aT | tail -n +2 | awk 'NF == 1 {device = $1; getline; $0 = device $0} {print $7, $2, $5}' 2>&1 on SubprocessShell with command `singularity exec instance://1f196bc9-abd8-4a15-b158-2d97db3f9271 sh`
2026-06-14 15:10:17.146 INFO     COMPLETED deployment of 0c84da49-e219-4205-b2a8-5fb0d2804ba3
2026-06-14 15:10:17.147 DEBUG    EXECUTING command test -e /tmp/streamflow && readlink -f /tmp/streamflow 2>&1 on SubprocessShell with command `singularity exec instance://1f196bc9-abd8-4a15-b158-2d97db3f9271 sh`
2026-06-14 15:10:17.149 DEBUG    Not enough available locations: job /mpicc/0 requires 1 locations on deployment 0c84da49-e219-4205-b2a8-5fb0d2804ba3/mfisherman/mpich:4.3.2, but only 0 are available.
