[2026-06-13T19:28:26+0300] [MainThread] [I] [toil.worker] ---TOIL WORKER OUTPUT LOG---
[2026-06-13T19:28:26+0300] [MainThread] [I] [toil] Running Toil version 9.4.1-c6a39f2c827899f9a1dd0018ca2b72c675120096 on host nid002275.
[2026-06-13T19:28:26+0300] [MainThread] [D] [toil] Configuration: {'cwl': False, 'workflowID': 'ec7ed22c-625a-4e23-95a3-194c1cebee36', 'kill_polling_interval': 5, 'jobStore': 'file:/pfs/lustrep4/projappl/[REDACTED]/[REDACTED]/cwl-mpi/workflows/mpich-sr/logs/toil/lumi/none/b6135dc0-d50d-4c1c-85f3-87895455a3a3', 'workDir': '/pfs/lustrep4/projappl/[REDACTED]/[REDACTED]/cwl-mpi/workflows/mpich-sr/logs/toil/lumi/none', 'coordination_dir': None, 'noStdOutErr': False, 'stats': False, 'cleanWorkDir': 'always', 'clean': 'onSuccess', 'clusterStats': None, 'restart': False, 'batchSystem': 'single_machine', 'scale': 1, 'slurm_allocate_mem': True, 'slurm_default_all_mem': False, 'slurm_time': None, 'slurm_partition': None, 'slurm_gpu_partition': None, 'slurm_pe': None, 'slurm_args': '', 'disableAutoDeployment': False, 'max_jobs': 9223372036854775807, 'max_local_jobs': None, 'manualMemArgs': False, 'run_local_jobs_on_workers': False, 'statePollingWait': None, 'state_polling_timeout': 1200, 'batch_logs_dir': None, 'symlinkImports': True, 'moveOutputs': False, 'caching': False, 'symlink_job_store_reads': True, 'provisioner': None, 'nodeTypes': [], 'minNodes': [0], 'maxNodes': [10], 'targetTime': 1800, 'betaInertia': 0.1, 'scaleInterval': 60, 'metrics': False, 'assume_zero_overhead': False, 'preemptibleCompensation': 0.0, 'nodeStorage': 50, 'nodeStorageOverrides': [], 'maxServiceJobs': 9223372036854775807, 'maxPreemptibleServiceJobs': 9223372036854775807, 'deadlockWait': 60, 'deadlockCheckInterval': 30, 'defaultMemory': 2147483648, 'defaultCores': 1, 'defaultDisk': 2147483648, 'defaultAccelerators': [], 'maxCores': 9223372036854775807, 'maxMemory': 9223372036854775807, 'maxDisk': 9223372036854775807, 'defaultPreemptible': False, 'retryCount': 0, 'retry_backoff_seconds': 2, 'retry_backoff_factor': 3, 'stop_on_first_failure': False, 'enableUnlimitedPreemptibleRetries': False, 'doubleMem': False, 'maxJobDuration': 9223372036854775807, 'rescueJobsFrequency': 60, 'job_store_timeout': 30, 'maxLogFileSize': 104857600, 'writeLogs': 'logs/toil/lumi/none', 'writeLogsGzip': None, 'writeLogsFromAllJobs': False, 'write_messages': '/tmp/tmpvv27djhx', 'publish_workflow_metrics': None, 'environment': {}, 'disableChaining': False, 'disableJobStoreChecksumVerification': False, 'statusWait': 3600, 'disableProgress': False, 'sseKey': None, 'servicePollingInterval': 60.0, 'forceDockerAppliance': False, 'debugWorker': False, 'disableWorkerOutputCapture': False, 'badWorker': 0.0, 'badWorkerFailInterval': 0.01, 'logLevel': 'Debug', 'colored_logs': True, 'memory_is_product': False, 'workflowAttemptNumber': 0}
[2026-06-13T19:28:26+0300] [MainThread] [D] [toil.deferred] Opened with own state file /tmp/toilwf-cef7c120df1252ac9946611ee238c002/deferred/funclpia_8jc
[2026-06-13T19:28:26+0300] [MainThread] [D] [toil.worker] Parsed job description
[2026-06-13T19:28:26+0300] [MainThread] [I] [toil.worker] Working on job 'CWLJob' sr-workflow.mpirun.mpich-mpirun-base-command kind-CWLJob/instance-rpohe8w6 v1
[2026-06-13T19:28:26+0300] [MainThread] [D] [toil.job] Loading user module ModuleDescriptor(dirPath='/pfs/lustrep4/projappl/[REDACTED]/[REDACTED]/micromamba-envs/envs/toil/lib/python3.13/site-packages', name='toil.cwl.cwltoil', fromVirtualEnv=True).
[2026-06-13T19:28:26+0300] [MainThread] [D] [pydot] pydot initializing
[2026-06-13T19:28:26+0300] [MainThread] [D] [pydot] pydot 4.0.1
[2026-06-13T19:28:26+0300] [MainThread] [D] [pydot.core] pydot core module initializing
[2026-06-13T19:28:27+0300] [MainThread] [D] [toil.jobStores.fileJobStore] Path to job store directory is '/pfs/lustrep4/projappl/[REDACTED]/[REDACTED]/cwl-mpi/workflows/mpich-sr/logs/toil/lumi/none/b6135dc0-d50d-4c1c-85f3-87895455a3a3'.
[2026-06-13T19:28:27+0300] [MainThread] [I] [toil.worker] Loaded body Job('CWLJob' sr-workflow.mpirun.mpich-mpirun-base-command kind-CWLJob/instance-rpohe8w6 v1) from description 'CWLJob' sr-workflow.mpirun.mpich-mpirun-base-command kind-CWLJob/instance-rpohe8w6 v1
[2026-06-13T19:28:27+0300] [MainThread] [D] [toil.lib.threading] Detected that /tmp/toilwf-cef7c120df1252ac9946611ee238c002 has lockable filesystem type: tmpfs
[2026-06-13T19:28:27+0300] [MainThread] [D] [toil.deferred] Running orphaned deferred functions
[2026-06-13T19:28:27+0300] [MainThread] [D] [toil.deferred] Ran orphaned deferred functions from 0 abandoned state files
[2026-06-13T19:28:27+0300] [MainThread] [D] [toil.deferred] Running job
[2026-06-13T19:28:27+0300] [MainThread] [D] [toil.cwl.cwltoil] Loaded order:
{'executable': ResolveSource(source key source, name executable in promise), 'msg_size': DefaultWithSource(0, ResolveSource(source key source, name msg_size in promise)), 'niter': DefaultWithSource(1, ResolveSource(source key source, name niter in promise)), 'np': DefaultWithSource(2, ResolveSource(source key source, name np in promise))}
[2026-06-13T19:28:27+0300] [MainThread] [D] [toil.cwl.cwltoil] Output disposition: copy
[2026-06-13T19:28:27+0300] [MainThread] [D] [toil.cwl.cwltoil] Running tool ToilCommandLineTool('file:///pfs/lustrep4/projappl/[REDACTED]/[REDACTED]/cwl-mpi/workflows/mpich-sr/sr-mpi-requirement.cwl#mpich-mpirun-base-command') with order: {'executable': ResolveSource(source key source, name executable in promise), 'msg_size': DefaultWithSource(0, ResolveSource(source key source, name msg_size in promise)), 'niter': DefaultWithSource(1, ResolveSource(source key source, name niter in promise)), 'np': DefaultWithSource(2, ResolveSource(source key source, name np in promise))}
[2026-06-13T19:28:27+0300] [MainThread] [D] [cwltool] [job sr-workflow.mpirun.mpich-mpirun-base-command] initializing from file:///pfs/lustrep4/projappl/[REDACTED]/[REDACTED]/cwl-mpi/workflows/mpich-sr/sr-mpi-requirement.cwl#mpich-mpirun-base-command
[2026-06-13T19:28:27+0300] [MainThread] [D] [cwltool] [job sr-workflow.mpirun.mpich-mpirun-base-command] {
    "executable": {
        "location": "file:///pfs/lustrep4/projappl/[REDACTED]/[REDACTED]/cwl-mpi/workflows/mpich-sr/logs/toil/lumi/none/sr",
        "basename": "sr",
        "nameroot": "sr",
        "nameext": "",
        "class": "File",
        "checksum": "sha1$dd86b70fef9bdf2628560d5455992724765aa3e5",
        "size": 18424,
        "http://commonwl.org/cwltool#generation": 0
    },
    "msg_size": 0,
    "niter": 1,
    "np": 6
}
[2026-06-13T19:28:27+0300] [MainThread] [D] [toil.cwl.cwltoil] Initial work dir: {'class': 'Directory', 'listing': [], 'basename': ''}
[2026-06-13T19:28:27+0300] [MainThread] [D] [cwltool] [job sr-workflow.mpirun.mpich-mpirun-base-command] path mappings is {
    "file:///pfs/lustrep4/projappl/[REDACTED]/[REDACTED]/cwl-mpi/workflows/mpich-sr/logs/toil/lumi/none/sr": [
        "/pfs/lustrep4/projappl/[REDACTED]/[REDACTED]/cwl-mpi/workflows/mpich-sr/logs/toil/lumi/none/sr",
        "/tmp/tmped_n248h/stg8af97de8-e2e8-41ec-a801-9932450a5f21/sr",
        "File",
        true
    ]
}
[2026-06-13T19:28:27+0300] [MainThread] [D] [cwltool] [job sr-workflow.mpirun.mpich-mpirun-base-command] command line bindings is [
    {
        "position": [
            2,
            "executable"
        ],
        "datum": {
            "location": "file:///pfs/lustrep4/projappl/[REDACTED]/[REDACTED]/cwl-mpi/workflows/mpich-sr/logs/toil/lumi/none/sr",
            "basename": "sr",
            "nameroot": "sr",
            "nameext": "",
            "class": "File",
            "checksum": "sha1$dd86b70fef9bdf2628560d5455992724765aa3e5",
            "size": 18424,
            "http://commonwl.org/cwltool#generation": 0,
            "path": "/tmp/tmped_n248h/stg8af97de8-e2e8-41ec-a801-9932450a5f21/sr",
            "dirname": "/tmp/tmped_n248h/stg8af97de8-e2e8-41ec-a801-9932450a5f21"
        }
    },
    {
        "position": [
            3,
            "msg_size"
        ],
        "datum": 0
    },
    {
        "position": [
            4,
            "niter"
        ],
        "datum": 1
    }
]
[2026-06-13T19:28:27+0300] [MainThread] [D] [cwltool] [job sr-workflow.mpirun.mpich-mpirun-base-command] initial work dir {}
[2026-06-13T19:28:27+0300] [MainThread] [I] [cwltool] [job sr-workflow.mpirun.mpich-mpirun-base-command] /tmp/tmp5ab7zo7f$ srun \
    -n \
    6 \
    /tmp/tmped_n248h/stg8af97de8-e2e8-41ec-a801-9932450a5f21/sr \
    0 \
    1 > /tmp/tmp5ab7zo7f/mpirun-mpi-requirement.out 2> /tmp/tmp5ab7zo7f/mpirun-mpi-requirement.err
[2026-06-13T19:28:27+0300] [MainThread] [D] [cwltool] Could not collect memory usage, job ended before monitoring began.
[2026-06-13T19:28:27+0300] [MainThread] [I] [cwltool] [job sr-workflow.mpirun.mpich-mpirun-base-command] completed success
[2026-06-13T19:28:27+0300] [MainThread] [D] [cwltool] [job sr-workflow.mpirun.mpich-mpirun-base-command] outputs {
    "stderr_file": {
        "location": "file:///tmp/tmp5ab7zo7f/mpirun-mpi-requirement.err",
        "basename": "mpirun-mpi-requirement.err",
        "nameroot": "mpirun-mpi-requirement",
        "nameext": ".err",
        "class": "File",
        "checksum": "sha1$da39a3ee5e6b4b0d3255bfef95601890afd80709",
        "size": 0,
        "http://commonwl.org/cwltool#generation": 0
    },
    "stdout_file": {
        "location": "file:///tmp/tmp5ab7zo7f/mpirun-mpi-requirement.out",
        "basename": "mpirun-mpi-requirement.out",
        "nameroot": "mpirun-mpi-requirement",
        "nameext": ".out",
        "class": "File",
        "checksum": "sha1$f1e9acd8736f77c9a2b2dab9663f9715ce6503b8",
        "size": 300,
        "http://commonwl.org/cwltool#generation": 0
    }
}
[2026-06-13T19:28:27+0300] [MainThread] [D] [cwltool] [job sr-workflow.mpirun.mpich-mpirun-base-command] Removing input staging directory /tmp/tmped_n248h
[2026-06-13T19:28:27+0300] [MainThread] [D] [cwltool] [job sr-workflow.mpirun.mpich-mpirun-base-command] Removing temporary directory /tmp/tmp6dsa9561
[2026-06-13T19:28:27+0300] [MainThread] [D] [cwltool] Copying /tmp/tmp5ab7zo7f/mpirun-mpi-requirement.err to /pfs/lustrep4/projappl/[REDACTED]/[REDACTED]/cwl-mpi/workflows/mpich-sr/logs/toil/lumi/none/mpirun-mpi-requirement.err
[2026-06-13T19:28:27+0300] [MainThread] [D] [cwltool] Copying /tmp/tmp5ab7zo7f/mpirun-mpi-requirement.out to /pfs/lustrep4/projappl/[REDACTED]/[REDACTED]/cwl-mpi/workflows/mpich-sr/logs/toil/lumi/none/mpirun-mpi-requirement.out
[2026-06-13T19:28:27+0300] [MainThread] [D] [cwltool] Removing intermediate output directory /tmp/tmp5ab7zo7f
[2026-06-13T19:28:27+0300] [MainThread] [D] [toil.cwl.cwltoil] Visiting files for {'stderr_file': {'location': 'file:///pfs/lustrep4/projappl/[REDACTED]/[REDACTED]/cwl-mpi/workflows/mpich-sr/logs/toil/lumi/none/mpirun-mpi-requirement.err', 'basename': 'mpirun-mpi-requirement.err', 'nameroot': 'mpirun-mpi-requirement', 'nameext': '.err', 'class': 'File', 'checksum': 'sha1$da39a3ee5e6b4b0d3255bfef95601890afd80709', 'size': 0, 'http://commonwl.org/cwltool#generation': 0}, 'stdout_file': {'location': 'file:///pfs/lustrep4/projappl/[REDACTED]/[REDACTED]/cwl-mpi/workflows/mpich-sr/logs/toil/lumi/none/mpirun-mpi-requirement.out', 'basename': 'mpirun-mpi-requirement.out', 'nameroot': 'mpirun-mpi-requirement', 'nameext': '.out', 'class': 'File', 'checksum': 'sha1$f1e9acd8736f77c9a2b2dab9663f9715ce6503b8', 'size': 300, 'http://commonwl.org/cwltool#generation': 0}}
[2026-06-13T19:28:27+0300] [MainThread] [D] [toil.cwl.cwltoil] Visiting files in {'stderr_file': {'location': 'file:///pfs/lustrep4/projappl/[REDACTED]/[REDACTED]/cwl-mpi/workflows/mpich-sr/logs/toil/lumi/none/mpirun-mpi-requirement.err', 'basename': 'mpirun-mpi-requirement.err', 'nameroot': 'mpirun-mpi-requirement', 'nameext': '.err', 'class': 'File', 'checksum': 'sha1$da39a3ee5e6b4b0d3255bfef95601890afd80709', 'size': 0, 'http://commonwl.org/cwltool#generation': 0}, 'stdout_file': {'location': 'file:///pfs/lustrep4/projappl/[REDACTED]/[REDACTED]/cwl-mpi/workflows/mpich-sr/logs/toil/lumi/none/mpirun-mpi-requirement.out', 'basename': 'mpirun-mpi-requirement.out', 'nameroot': 'mpirun-mpi-requirement', 'nameext': '.out', 'class': 'File', 'checksum': 'sha1$f1e9acd8736f77c9a2b2dab9663f9715ce6503b8', 'size': 300, 'http://commonwl.org/cwltool#generation': 0}}
[2026-06-13T19:28:27+0300] [MainThread] [D] [toil.cwl.cwltoil] Emitting output: {'stderr_file': {'location': 'file:///pfs/lustrep4/projappl/[REDACTED]/[REDACTED]/cwl-mpi/workflows/mpich-sr/logs/toil/lumi/none/mpirun-mpi-requirement.err', 'basename': 'mpirun-mpi-requirement.err', 'nameroot': 'mpirun-mpi-requirement', 'nameext': '.err', 'class': 'File', 'checksum': 'sha1$da39a3ee5e6b4b0d3255bfef95601890afd80709', 'size': 0, 'http://commonwl.org/cwltool#generation': 0}, 'stdout_file': {'location': 'file:///pfs/lustrep4/projappl/[REDACTED]/[REDACTED]/cwl-mpi/workflows/mpich-sr/logs/toil/lumi/none/mpirun-mpi-requirement.out', 'basename': 'mpirun-mpi-requirement.out', 'nameroot': 'mpirun-mpi-requirement', 'nameext': '.out', 'class': 'File', 'checksum': 'sha1$f1e9acd8736f77c9a2b2dab9663f9715ce6503b8', 'size': 300, 'http://commonwl.org/cwltool#generation': 0}}
[2026-06-13T19:28:27+0300] [MainThread] [I] [toil.fileStores.abstractFileStore] LOG-TO-LEADER: CWL step complete: sr-workflow.mpirun.mpich-mpirun-base-command
[2026-06-13T19:28:27+0300] [MainThread] [D] [toil.job] Saving graph of 1 jobs, 1 non-service, 0 new
[2026-06-13T19:28:27+0300] [MainThread] [I] [toil.job] Resolve promise files/no-job/file-fb02c148db0a4b738fc2de8ee18e7ca2/stream from Job('CWLJob' sr-workflow.mpirun.mpich-mpirun-base-command kind-CWLJob/instance-rpohe8w6 v1) with a <class 'dict'>
[2026-06-13T19:28:27+0300] [MainThread] [I] [toil.job] Resolve promise files/no-job/file-677782c1ff2d48cab6e1e817a8f9c203/stream from Job('CWLJob' sr-workflow.mpirun.mpich-mpirun-base-command kind-CWLJob/instance-rpohe8w6 v1) with a <class 'dict'>
[2026-06-13T19:28:27+0300] [MainThread] [I] [toil.job] Resolve promise files/no-job/file-bb98b5e645904a2da862675048893997/stream from Job('CWLJob' sr-workflow.mpirun.mpich-mpirun-base-command kind-CWLJob/instance-rpohe8w6 v1) with a <class 'dict'>
[2026-06-13T19:28:27+0300] [MainThread] [I] [toil.job] Resolve promise files/no-job/file-194e9abd5f96487180c25096fc946d75/stream from Job('CWLJob' sr-workflow.mpirun.mpich-mpirun-base-command kind-CWLJob/instance-rpohe8w6 v1) with a <class 'dict'>
[2026-06-13T19:28:27+0300] [MainThread] [D] [toil.job] Processing job 'CWLJob' sr-workflow.mpirun.mpich-mpirun-base-command kind-CWLJob/instance-rpohe8w6 v1
[2026-06-13T19:28:27+0300] [MainThread] [D] [toil.fileStores.abstractFileStore] LOG-TO-LEADER: Job 'CWLJob' sr-workflow.mpirun.mpich-mpirun-base-command kind-CWLJob/instance-rpohe8w6 v1 used 0.00% disk (4.0 KiB [4096B] used, 1.0 GiB [1073741824B] requested).
[2026-06-13T19:28:27+0300] [MainThread] [D] [toil.deferred] Running own deferred functions
[2026-06-13T19:28:27+0300] [MainThread] [D] [toil.deferred] Out of deferred functions!
[2026-06-13T19:28:27+0300] [MainThread] [D] [toil.deferred] Running orphaned deferred functions
[2026-06-13T19:28:27+0300] [MainThread] [D] [toil.deferred] Ran orphaned deferred functions from 0 abandoned state files
[2026-06-13T19:28:27+0300] [MainThread] [D] [toil.job] New job version: 'CWLJob' sr-workflow.mpirun.mpich-mpirun-base-command kind-CWLJob/instance-rpohe8w6 v2
[2026-06-13T19:28:27+0300] [MainThread] [D] [toil.job] New job version: 'CWLJob' sr-workflow.mpirun.mpich-mpirun-base-command kind-CWLJob/instance-rpohe8w6 v3
[2026-06-13T19:28:27+0300] [MainThread] [I] [toil.worker] Completed body for 'CWLJob' sr-workflow.mpirun.mpich-mpirun-base-command kind-CWLJob/instance-rpohe8w6 v3
[2026-06-13T19:28:27+0300] [MainThread] [D] [toil.worker] Stopping running chain of jobs: no successors: True, services: 0, checkpoint: False
[2026-06-13T19:28:27+0300] [MainThread] [I] [toil.worker] Not chaining from job 'CWLJob' sr-workflow.mpirun.mpich-mpirun-base-command kind-CWLJob/instance-rpohe8w6 v3
[2026-06-13T19:28:27+0300] [MainThread] [I] [toil.worker] Worker log can be found at /pfs/lustrep4/projappl/[REDACTED]/[REDACTED]/cwl-mpi/workflows/mpich-sr/logs/toil/lumi/none/toilwf-cef7c120df1252ac9946611ee238c002/f7d4. Set --cleanWorkDir to retain this log
[2026-06-13T19:28:27+0300] [MainThread] [I] [toil.worker] Finished running the chain of jobs on this node, we ran for a total of 0.829894 seconds
