[2026-06-14T15:00:11+0000] [MainThread] [I] [toil.worker] ---TOIL WORKER OUTPUT LOG---
[2026-06-14T15:00:11+0000] [MainThread] [I] [toil] Running Toil version 9.4.1-c6a39f2c827899f9a1dd0018ca2b72c675120096 on host mpi-01.
[2026-06-14T15:00:11+0000] [MainThread] [D] [toil] Configuration: {'cwl': False, 'workflowID': 'a18a1f91-5a3e-4160-9e1d-a922aef3d7ba', 'kill_polling_interval': 5, 'jobStore': 'file:/home/cwlmpi/cwl-mpi/workflows/mpich-sr/logs/toil/cloud/docker/0c863034-afc3-454a-93c2-d52780e10741', 'workDir': '/home/cwlmpi/cwl-mpi/workflows/mpich-sr/logs/toil/cloud/docker', 'coordination_dir': None, 'noStdOutErr': False, 'stats': False, 'cleanWorkDir': 'always', 'clean': 'onSuccess', 'clusterStats': None, 'restart': False, 'batchSystem': 'single_machine', 'scale': 1, 'slurm_allocate_mem': True, 'slurm_default_all_mem': False, 'slurm_time': None, 'slurm_partition': None, 'slurm_gpu_partition': None, 'slurm_pe': None, 'slurm_args': '', 'disableAutoDeployment': False, 'max_jobs': 9223372036854775807, 'max_local_jobs': None, 'manualMemArgs': False, 'run_local_jobs_on_workers': False, 'statePollingWait': None, 'state_polling_timeout': 1200, 'batch_logs_dir': None, 'symlinkImports': True, 'moveOutputs': False, 'caching': False, 'symlink_job_store_reads': True, 'provisioner': None, 'nodeTypes': [], 'minNodes': [0], 'maxNodes': [10], 'targetTime': 1800, 'betaInertia': 0.1, 'scaleInterval': 60, 'metrics': False, 'assume_zero_overhead': False, 'preemptibleCompensation': 0.0, 'nodeStorage': 50, 'nodeStorageOverrides': [], 'maxServiceJobs': 9223372036854775807, 'maxPreemptibleServiceJobs': 9223372036854775807, 'deadlockWait': 60, 'deadlockCheckInterval': 30, 'defaultMemory': 2147483648, 'defaultCores': 1, 'defaultDisk': 2147483648, 'defaultAccelerators': [], 'maxCores': 9223372036854775807, 'maxMemory': 9223372036854775807, 'maxDisk': 9223372036854775807, 'defaultPreemptible': False, 'retryCount': 0, 'retry_backoff_seconds': 2, 'retry_backoff_factor': 3, 'stop_on_first_failure': False, 'enableUnlimitedPreemptibleRetries': False, 'doubleMem': False, 'maxJobDuration': 9223372036854775807, 'rescueJobsFrequency': 60, 'job_store_timeout': 30, 'maxLogFileSize': 104857600, 'writeLogs': 'logs/toil/cloud/docker', 'writeLogsGzip': None, 'writeLogsFromAllJobs': False, 'write_messages': '/tmp/tmpbee0u3i8', 'publish_workflow_metrics': None, 'environment': {}, 'disableChaining': False, 'disableJobStoreChecksumVerification': False, 'statusWait': 3600, 'disableProgress': False, 'sseKey': None, 'servicePollingInterval': 60.0, 'forceDockerAppliance': False, 'debugWorker': False, 'disableWorkerOutputCapture': False, 'badWorker': 0.0, 'badWorkerFailInterval': 0.01, 'logLevel': 'Debug', 'colored_logs': True, 'memory_is_product': False, 'workflowAttemptNumber': 0}
[2026-06-14T15:00:11+0000] [MainThread] [D] [toil.deferred] Opened with own state file /run/lock/toilwf-d8ce1b7fbd535b60be58605ef3d77f78/deferred/funclyc6of79
[2026-06-14T15:00:11+0000] [MainThread] [D] [toil.worker] Parsed job description
[2026-06-14T15:00:11+0000] [MainThread] [I] [toil.worker] Working on job 'CWLJob' sr-workflow.mpicc.mpich-mpicc kind-CWLJob/instance-3ut8jie3 v1
[2026-06-14T15:00:11+0000] [MainThread] [D] [toil.job] Loading user module ModuleDescriptor(dirPath='/home/cwlmpi/micromamba/envs/toil/lib/python3.13/site-packages', name='toil.cwl.cwltoil', fromVirtualEnv=True).
[2026-06-14T15:00:11+0000] [MainThread] [D] [pydot] pydot initializing
[2026-06-14T15:00:11+0000] [MainThread] [D] [pydot] pydot 4.0.1
[2026-06-14T15:00:11+0000] [MainThread] [D] [pydot.core] pydot core module initializing
[2026-06-14T15:00:11+0000] [MainThread] [I] [toil.worker] Loaded body Job('CWLJob' sr-workflow.mpicc.mpich-mpicc kind-CWLJob/instance-3ut8jie3 v1) from description 'CWLJob' sr-workflow.mpicc.mpich-mpicc kind-CWLJob/instance-3ut8jie3 v1
[2026-06-14T15:00:11+0000] [MainThread] [D] [toil.lib.threading] Detected that /run/lock/toilwf-d8ce1b7fbd535b60be58605ef3d77f78 has lockable filesystem type: tmpfs
[2026-06-14T15:00:11+0000] [MainThread] [D] [toil.deferred] Running orphaned deferred functions
[2026-06-14T15:00:11+0000] [MainThread] [D] [toil.deferred] Ran orphaned deferred functions from 0 abandoned state files
[2026-06-14T15:00:11+0000] [MainThread] [D] [toil.deferred] Running job
[2026-06-14T15:00:11+0000] [MainThread] [D] [toil.cwl.cwltoil] Loaded order:
{'source': DefaultWithSource({'class': 'File', 'location': 'file:///home/cwlmpi/cwl-mpi/workflows/mpich-sr/sr.c', 'size': 2570, 'basename': 'sr.c', 'nameroot': 'sr', 'nameext': '.c'}, ResolveSource(source key source, name source in promise))}
[2026-06-14T15:00:11+0000] [MainThread] [D] [toil.cwl.cwltoil] Output disposition: copy
[2026-06-14T15:00:11+0000] [MainThread] [D] [toil.cwl.cwltoil] Running tool ToilCommandLineTool('file:///home/cwlmpi/cwl-mpi/workflows/mpich-sr/mpicc.cwl#mpich-mpicc') with order: {'source': DefaultWithSource({'class': 'File', 'location': 'file:///home/cwlmpi/cwl-mpi/workflows/mpich-sr/sr.c', 'size': 2570, 'basename': 'sr.c', 'nameroot': 'sr', 'nameext': '.c'}, ResolveSource(source key source, name source in promise))}
Warning: invalid field 'streamable', expected one of: 'class', 'location', 'path', 'basename', 'dirname', 'nameroot', 'nameext', 'checksum', 'size', 'secondaryFiles', 'format', 'contents'
[2026-06-14T15:00:11+0000] [MainThread] [W] [salad] Warning: invalid field 'streamable', expected one of: 'class', 'location', 'path', 'basename', 'dirname', 'nameroot', 'nameext', 'checksum', 'size', 'secondaryFiles', 'format', 'contents'
[2026-06-14T15:00:11+0000] [MainThread] [D] [cwltool] [job sr-workflow.mpicc.mpich-mpicc] initializing from file:///home/cwlmpi/cwl-mpi/workflows/mpich-sr/mpicc.cwl#mpich-mpicc
[2026-06-14T15:00:11+0000] [MainThread] [D] [cwltool] [job sr-workflow.mpicc.mpich-mpicc] {
    "source": {
        "class": "File",
        "location": "file:///home/cwlmpi/cwl-mpi/workflows/mpich-sr/sr.c",
        "size": 2570,
        "basename": "sr.c",
        "nameroot": "sr",
        "nameext": ".c",
        "streamable": false
    },
    "output_name": "sr"
}
[2026-06-14T15:00:11+0000] [MainThread] [D] [toil.cwl.cwltoil] Initial work dir: {'class': 'Directory', 'listing': [], 'basename': ''}
[2026-06-14T15:00:11+0000] [MainThread] [D] [cwltool] [job sr-workflow.mpicc.mpich-mpicc] path mappings is {
    "file:///home/cwlmpi/cwl-mpi/workflows/mpich-sr/sr.c": [
        "/home/cwlmpi/cwl-mpi/workflows/mpich-sr/sr.c",
        "/var/lib/cwl/stg34415bca-80f4-48c8-b617-371f1fccf855/sr.c",
        "File",
        true
    ]
}
[2026-06-14T15:00:11+0000] [MainThread] [D] [cwltool] [job sr-workflow.mpicc.mpich-mpicc] command line bindings is [
    {
        "position": [
            -1000000,
            0
        ],
        "datum": "mpicc"
    },
    {
        "position": [
            1,
            "source"
        ],
        "datum": {
            "class": "File",
            "location": "file:///home/cwlmpi/cwl-mpi/workflows/mpich-sr/sr.c",
            "size": 2570,
            "basename": "sr.c",
            "nameroot": "sr",
            "nameext": ".c",
            "streamable": false,
            "path": "/var/lib/cwl/stg34415bca-80f4-48c8-b617-371f1fccf855/sr.c",
            "dirname": "/var/lib/cwl/stg34415bca-80f4-48c8-b617-371f1fccf855"
        }
    },
    {
        "prefix": "-o",
        "position": [
            2,
            "output_name"
        ],
        "datum": "sr"
    }
]
[2026-06-14T15:00:11+0000] [MainThread] [D] [cwltool] [job sr-workflow.mpicc.mpich-mpicc] initial work dir {}
[2026-06-14T15:00:11+0000] [MainThread] [I] [cwltool] [job sr-workflow.mpicc.mpich-mpicc] /tmp/tmp4qhrs6qe$ docker \
    run \
    -i \
    --mount=type=bind,source=/tmp/tmp4qhrs6qe,target=/lHsMmd \
    --mount=type=bind,source=/tmp/tmpimq0_35h,target=/tmp \
    --mount=type=bind,source=/home/cwlmpi/cwl-mpi/workflows/mpich-sr/sr.c,target=/var/lib/cwl/stg34415bca-80f4-48c8-b617-371f1fccf855/sr.c,readonly \
    --workdir=/lHsMmd \
    --read-only=true \
    --net=none \
    --user=1000:1000 \
    --rm \
    --cidfile=/tmp/tmpixva6k9e/20260614150011-905882.cid \
    --env=TMPDIR=/tmp \
    --env=HOME=/lHsMmd \
    --memory=512m \
    --cpus=2 \
    mfisherman/mpich:4.3.2 \
    mpicc \
    /var/lib/cwl/stg34415bca-80f4-48c8-b617-371f1fccf855/sr.c \
    -o \
    sr
[2026-06-14T15:00:12+0000] [MainThread] [I] [cwltool] [job sr-workflow.mpicc.mpich-mpicc] completed success
[2026-06-14T15:00:12+0000] [MainThread] [D] [cwltool] [job sr-workflow.mpicc.mpich-mpicc] outputs {
    "executable": {
        "location": "file:///tmp/tmp4qhrs6qe/sr",
        "basename": "sr",
        "nameroot": "sr",
        "nameext": "",
        "class": "File",
        "checksum": "sha1$0ec2227060df40b5ce79cc59c60cdaacaf19bfb6",
        "size": 16512,
        "http://commonwl.org/cwltool#generation": 0
    }
}
[2026-06-14T15:00:12+0000] [MainThread] [D] [cwltool] [job sr-workflow.mpicc.mpich-mpicc] Removing input staging directory /tmp/tmpiis8zo43
[2026-06-14T15:00:12+0000] [MainThread] [D] [cwltool] [job sr-workflow.mpicc.mpich-mpicc] Removing temporary directory /tmp/tmpimq0_35h
[2026-06-14T15:00:12+0000] [MainThread] [D] [cwltool] Copying /tmp/tmp4qhrs6qe/sr to /home/cwlmpi/cwl-mpi/workflows/mpich-sr/logs/toil/cloud/docker/sr
[2026-06-14T15:00:12+0000] [MainThread] [D] [cwltool] Removing intermediate output directory /tmp/tmp4qhrs6qe
[2026-06-14T15:00:12+0000] [MainThread] [D] [toil.cwl.cwltoil] Visiting files for {'executable': {'location': 'file:///home/cwlmpi/cwl-mpi/workflows/mpich-sr/logs/toil/cloud/docker/sr', 'basename': 'sr', 'nameroot': 'sr', 'nameext': '', 'class': 'File', 'checksum': 'sha1$0ec2227060df40b5ce79cc59c60cdaacaf19bfb6', 'size': 16512, 'http://commonwl.org/cwltool#generation': 0}}
[2026-06-14T15:00:12+0000] [MainThread] [D] [toil.cwl.cwltoil] Visiting files in {'executable': {'location': 'file:///home/cwlmpi/cwl-mpi/workflows/mpich-sr/logs/toil/cloud/docker/sr', 'basename': 'sr', 'nameroot': 'sr', 'nameext': '', 'class': 'File', 'checksum': 'sha1$0ec2227060df40b5ce79cc59c60cdaacaf19bfb6', 'size': 16512, 'http://commonwl.org/cwltool#generation': 0}}
[2026-06-14T15:00:12+0000] [MainThread] [D] [toil.cwl.cwltoil] Emitting output: {'executable': {'location': 'file:///home/cwlmpi/cwl-mpi/workflows/mpich-sr/logs/toil/cloud/docker/sr', 'basename': 'sr', 'nameroot': 'sr', 'nameext': '', 'class': 'File', 'checksum': 'sha1$0ec2227060df40b5ce79cc59c60cdaacaf19bfb6', 'size': 16512, 'http://commonwl.org/cwltool#generation': 0}}
[2026-06-14T15:00:12+0000] [MainThread] [I] [toil.fileStores.abstractFileStore] LOG-TO-LEADER: CWL step complete: sr-workflow.mpicc.mpich-mpicc
[2026-06-14T15:00:12+0000] [MainThread] [D] [toil.job] Saving graph of 1 jobs, 1 non-service, 0 new
[2026-06-14T15:00:12+0000] [MainThread] [I] [toil.job] Resolve promise files/no-job/file-04cfb5b2efa34a89abbb3cdbcdeb2242/stream from Job('CWLJob' sr-workflow.mpicc.mpich-mpicc kind-CWLJob/instance-3ut8jie3 v1) with a <class 'dict'>
[2026-06-14T15:00:12+0000] [MainThread] [D] [toil.job] Processing job 'CWLJob' sr-workflow.mpicc.mpich-mpicc kind-CWLJob/instance-3ut8jie3 v1
[2026-06-14T15:00:12+0000] [MainThread] [D] [toil.fileStores.abstractFileStore] LOG-TO-LEADER: Job 'CWLJob' sr-workflow.mpicc.mpich-mpicc kind-CWLJob/instance-3ut8jie3 v1 used 0.00% disk (4.0 KiB [4096B] used, 1.0 GiB [1073741824B] requested).
[2026-06-14T15:00:12+0000] [MainThread] [D] [toil.deferred] Running own deferred functions
[2026-06-14T15:00:12+0000] [MainThread] [D] [toil.deferred] Out of deferred functions!
[2026-06-14T15:00:12+0000] [MainThread] [D] [toil.deferred] Running orphaned deferred functions
[2026-06-14T15:00:12+0000] [MainThread] [D] [toil.deferred] Ran orphaned deferred functions from 0 abandoned state files
[2026-06-14T15:00:12+0000] [MainThread] [D] [toil.job] New job version: 'CWLJob' sr-workflow.mpicc.mpich-mpicc kind-CWLJob/instance-3ut8jie3 v2
[2026-06-14T15:00:12+0000] [MainThread] [I] [toil.worker] Completed body for 'CWLJob' sr-workflow.mpicc.mpich-mpicc kind-CWLJob/instance-3ut8jie3 v2
[2026-06-14T15:00:12+0000] [MainThread] [D] [toil.worker] 'CWLJob' sr-workflow.mpicc.mpich-mpicc kind-CWLJob/instance-3ut8jie3 v2 would chain to ID kind-CWLJob/instance-q5et4dq9
[2026-06-14T15:00:12+0000] [MainThread] [D] [toil.worker] The next job has multiple predecessors; we must return to the leader.
[2026-06-14T15:00:12+0000] [MainThread] [I] [toil.worker] Not chaining from job 'CWLJob' sr-workflow.mpicc.mpich-mpicc kind-CWLJob/instance-3ut8jie3 v2
[2026-06-14T15:00:12+0000] [MainThread] [I] [toil.worker] Worker log can be found at /home/cwlmpi/cwl-mpi/workflows/mpich-sr/logs/toil/cloud/docker/toilwf-d8ce1b7fbd535b60be58605ef3d77f78/b9f4. Set --cleanWorkDir to retain this log
[2026-06-14T15:00:12+0000] [MainThread] [I] [toil.worker] Finished running the chain of jobs on this node, we ran for a total of 1.390397 seconds
