[2026-06-14T15:00:10+0000] [MainThread] [I] [toil.worker] ---TOIL WORKER OUTPUT LOG---
[2026-06-14T15:00:10+0000] [MainThread] [I] [toil] Running Toil version 9.4.1-c6a39f2c827899f9a1dd0018ca2b72c675120096 on host mpi-01.
[2026-06-14T15:00:10+0000] [MainThread] [D] [toil] Configuration: {'cwl': False, 'workflowID': 'a18a1f91-5a3e-4160-9e1d-a922aef3d7ba', 'kill_polling_interval': 5, 'jobStore': 'file:/home/cwlmpi/cwl-mpi/workflows/mpich-sr/logs/toil/cloud/docker/0c863034-afc3-454a-93c2-d52780e10741', 'workDir': '/home/cwlmpi/cwl-mpi/workflows/mpich-sr/logs/toil/cloud/docker', 'coordination_dir': None, 'noStdOutErr': False, 'stats': False, 'cleanWorkDir': 'always', 'clean': 'onSuccess', 'clusterStats': None, 'restart': False, 'batchSystem': 'single_machine', 'scale': 1, 'slurm_allocate_mem': True, 'slurm_default_all_mem': False, 'slurm_time': None, 'slurm_partition': None, 'slurm_gpu_partition': None, 'slurm_pe': None, 'slurm_args': '', 'disableAutoDeployment': False, 'max_jobs': 9223372036854775807, 'max_local_jobs': None, 'manualMemArgs': False, 'run_local_jobs_on_workers': False, 'statePollingWait': None, 'state_polling_timeout': 1200, 'batch_logs_dir': None, 'symlinkImports': True, 'moveOutputs': False, 'caching': False, 'symlink_job_store_reads': True, 'provisioner': None, 'nodeTypes': [], 'minNodes': [0], 'maxNodes': [10], 'targetTime': 1800, 'betaInertia': 0.1, 'scaleInterval': 60, 'metrics': False, 'assume_zero_overhead': False, 'preemptibleCompensation': 0.0, 'nodeStorage': 50, 'nodeStorageOverrides': [], 'maxServiceJobs': 9223372036854775807, 'maxPreemptibleServiceJobs': 9223372036854775807, 'deadlockWait': 60, 'deadlockCheckInterval': 30, 'defaultMemory': 2147483648, 'defaultCores': 1, 'defaultDisk': 2147483648, 'defaultAccelerators': [], 'maxCores': 9223372036854775807, 'maxMemory': 9223372036854775807, 'maxDisk': 9223372036854775807, 'defaultPreemptible': False, 'retryCount': 0, 'retry_backoff_seconds': 2, 'retry_backoff_factor': 3, 'stop_on_first_failure': False, 'enableUnlimitedPreemptibleRetries': False, 'doubleMem': False, 'maxJobDuration': 9223372036854775807, 'rescueJobsFrequency': 60, 'job_store_timeout': 30, 'maxLogFileSize': 104857600, 'writeLogs': 'logs/toil/cloud/docker', 'writeLogsGzip': None, 'writeLogsFromAllJobs': False, 'write_messages': '/tmp/tmpbee0u3i8', 'publish_workflow_metrics': None, 'environment': {}, 'disableChaining': False, 'disableJobStoreChecksumVerification': False, 'statusWait': 3600, 'disableProgress': False, 'sseKey': None, 'servicePollingInterval': 60.0, 'forceDockerAppliance': False, 'debugWorker': False, 'disableWorkerOutputCapture': False, 'badWorker': 0.0, 'badWorkerFailInterval': 0.01, 'logLevel': 'Debug', 'colored_logs': True, 'memory_is_product': False, 'workflowAttemptNumber': 0}
[2026-06-14T15:00:10+0000] [MainThread] [D] [toil.deferred] Opened with own state file /run/lock/toilwf-d8ce1b7fbd535b60be58605ef3d77f78/deferred/funcgyddi9sn
[2026-06-14T15:00:10+0000] [MainThread] [D] [toil.worker] Parsed job description
[2026-06-14T15:00:10+0000] [MainThread] [I] [toil.worker] Working on job 'CWLWorkflow' sr-workflow kind-CWLWorkflow/instance-902i84x_ v1
[2026-06-14T15:00:10+0000] [MainThread] [D] [toil.job] Loading user module ModuleDescriptor(dirPath='/home/cwlmpi/micromamba/envs/toil/lib/python3.13/site-packages', name='toil.cwl.cwltoil', fromVirtualEnv=True).
[2026-06-14T15:00:10+0000] [MainThread] [D] [pydot] pydot initializing
[2026-06-14T15:00:10+0000] [MainThread] [D] [pydot] pydot 4.0.1
[2026-06-14T15:00:10+0000] [MainThread] [D] [pydot.core] pydot core module initializing
[2026-06-14T15:00:10+0000] [MainThread] [I] [toil.worker] Loaded body Job('CWLWorkflow' sr-workflow kind-CWLWorkflow/instance-902i84x_ v1) from description 'CWLWorkflow' sr-workflow kind-CWLWorkflow/instance-902i84x_ v1
[2026-06-14T15:00:10+0000] [MainThread] [D] [toil.lib.threading] Detected that /run/lock/toilwf-d8ce1b7fbd535b60be58605ef3d77f78 has lockable filesystem type: tmpfs
[2026-06-14T15:00:10+0000] [MainThread] [D] [toil.deferred] Running orphaned deferred functions
[2026-06-14T15:00:10+0000] [MainThread] [D] [toil.deferred] Ran orphaned deferred functions from 0 abandoned state files
[2026-06-14T15:00:10+0000] [MainThread] [D] [toil.deferred] Running job
[2026-06-14T15:00:10+0000] [MainThread] [D] [toil.resource] Module dir is /home/cwlmpi/micromamba/envs/toil/lib/python3.13/site-packages, our prefix is /home/cwlmpi/micromamba/envs/toil, virtualenv: True
[2026-06-14T15:00:10+0000] [MainThread] [D] [toil.resource] Module dir is /home/cwlmpi/micromamba/envs/toil/lib/python3.13/site-packages, our prefix is /home/cwlmpi/micromamba/envs/toil, virtualenv: True
[2026-06-14T15:00:10+0000] [MainThread] [D] [toil.resource] Module dir is /home/cwlmpi/micromamba/envs/toil/lib/python3.13/site-packages, our prefix is /home/cwlmpi/micromamba/envs/toil, virtualenv: True
[2026-06-14T15:00:10+0000] [MainThread] [D] [toil.resource] Module dir is /home/cwlmpi/micromamba/envs/toil/lib/python3.13/site-packages, our prefix is /home/cwlmpi/micromamba/envs/toil, virtualenv: True
[2026-06-14T15:00:10+0000] [MainThread] [D] [toil.cwl.cwltoil] Ready to make job for workflow step file:///home/cwlmpi/cwl-mpi/workflows/mpich-sr/sr-workflow-base-command.cwl#sr-workflow/mpicc
[2026-06-14T15:00:10+0000] [MainThread] [D] [toil.cwl.cwltoil] Takes input: file:///home/cwlmpi/cwl-mpi/workflows/mpich-sr/sr-workflow-base-command.cwl#sr-workflow/mpicc/source
[2026-06-14T15:00:10+0000] [MainThread] [D] [toil.cwl.cwltoil] Value will come from DefaultWithSource({'class': 'File', 'location': 'file:///home/cwlmpi/cwl-mpi/workflows/mpich-sr/sr.c', 'size': 2570, 'basename': 'sr.c', 'nameroot': 'sr', 'nameext': '.c'}, ResolveSource(source key source, name source in promise))
[2026-06-14T15:00:10+0000] [MainThread] [D] [toil.cwl.cwltoil] Make job for tool: file:///home/cwlmpi/cwl-mpi/workflows/mpich-sr/mpicc.cwl#mpich-mpicc
[2026-06-14T15:00:10+0000] [MainThread] [D] [toil.resource] Module dir is /home/cwlmpi/micromamba/envs/toil/lib/python3.13/site-packages, our prefix is /home/cwlmpi/micromamba/envs/toil, virtualenv: True
[2026-06-14T15:00:10+0000] [MainThread] [D] [toil.cwl.cwltoil] Is non-scatter with Job('CWLJob' sr-workflow.mpicc.mpich-mpicc TemporaryID(25814ac2-ddc5-4de7-a8e9-aea84035dad6) v0) and follow-on Job('CWLJob' sr-workflow.mpicc.mpich-mpicc TemporaryID(25814ac2-ddc5-4de7-a8e9-aea84035dad6) v0)
[2026-06-14T15:00:10+0000] [MainThread] [D] [toil.cwl.cwltoil] Connect as child based on need for file:///home/cwlmpi/cwl-mpi/workflows/mpich-sr/sr-workflow-base-command.cwl#sr-workflow/source from Job('SelfJob' TemporaryID(9d4eb10d-2104-418e-b3ac-39f61bb8a3c2) v0)
[2026-06-14T15:00:10+0000] [MainThread] [D] [toil.cwl.cwltoil] Provides file:///home/cwlmpi/cwl-mpi/workflows/mpich-sr/sr-workflow-base-command.cwl#sr-workflow/mpicc/executable from Job('CWLJob' sr-workflow.mpicc.mpich-mpicc TemporaryID(25814ac2-ddc5-4de7-a8e9-aea84035dad6) v0)
[2026-06-14T15:00:10+0000] [MainThread] [D] [toil.cwl.cwltoil] Ready to make job for workflow step file:///home/cwlmpi/cwl-mpi/workflows/mpich-sr/sr-workflow-base-command.cwl#sr-workflow/mpirun
[2026-06-14T15:00:10+0000] [MainThread] [D] [toil.cwl.cwltoil] Takes input: file:///home/cwlmpi/cwl-mpi/workflows/mpich-sr/sr-workflow-base-command.cwl#sr-workflow/mpirun/executable
[2026-06-14T15:00:10+0000] [MainThread] [D] [toil.cwl.cwltoil] Value will come from ResolveSource(source key source, name executable in promise)
[2026-06-14T15:00:10+0000] [MainThread] [D] [toil.cwl.cwltoil] Takes input: file:///home/cwlmpi/cwl-mpi/workflows/mpich-sr/sr-workflow-base-command.cwl#sr-workflow/mpirun/msg_size
[2026-06-14T15:00:10+0000] [MainThread] [D] [toil.cwl.cwltoil] Value will come from DefaultWithSource(0, ResolveSource(source key source, name msg_size in promise))
[2026-06-14T15:00:10+0000] [MainThread] [D] [toil.cwl.cwltoil] Takes input: file:///home/cwlmpi/cwl-mpi/workflows/mpich-sr/sr-workflow-base-command.cwl#sr-workflow/mpirun/niter
[2026-06-14T15:00:10+0000] [MainThread] [D] [toil.cwl.cwltoil] Value will come from DefaultWithSource(1, ResolveSource(source key source, name niter in promise))
[2026-06-14T15:00:10+0000] [MainThread] [D] [toil.cwl.cwltoil] Takes input: file:///home/cwlmpi/cwl-mpi/workflows/mpich-sr/sr-workflow-base-command.cwl#sr-workflow/mpirun/np
[2026-06-14T15:00:10+0000] [MainThread] [D] [toil.cwl.cwltoil] Value will come from DefaultWithSource(2, ResolveSource(source key source, name np in promise))
[2026-06-14T15:00:10+0000] [MainThread] [D] [toil.cwl.cwltoil] Make job for tool: file:///home/cwlmpi/cwl-mpi/workflows/mpich-sr/sr-base-command.cwl#mpirun-base-command
[2026-06-14T15:00:10+0000] [MainThread] [D] [toil.resource] Module dir is /home/cwlmpi/micromamba/envs/toil/lib/python3.13/site-packages, our prefix is /home/cwlmpi/micromamba/envs/toil, virtualenv: True
[2026-06-14T15:00:10+0000] [MainThread] [D] [toil.cwl.cwltoil] Is non-scatter with Job('CWLJob' sr-workflow.mpirun.mpirun-base-command TemporaryID(4b66521e-0091-45bd-a17a-48a61470930c) v0) and follow-on Job('CWLJob' sr-workflow.mpirun.mpirun-base-command TemporaryID(4b66521e-0091-45bd-a17a-48a61470930c) v0)
[2026-06-14T15:00:10+0000] [MainThread] [D] [toil.cwl.cwltoil] Connect as child based on need for file:///home/cwlmpi/cwl-mpi/workflows/mpich-sr/sr-workflow-base-command.cwl#sr-workflow/mpicc/executable from Job('CWLJob' sr-workflow.mpicc.mpich-mpicc TemporaryID(25814ac2-ddc5-4de7-a8e9-aea84035dad6) v0)
[2026-06-14T15:00:10+0000] [MainThread] [D] [toil.cwl.cwltoil] Connect as child based on need for file:///home/cwlmpi/cwl-mpi/workflows/mpich-sr/sr-workflow-base-command.cwl#sr-workflow/msg_size from Job('SelfJob' TemporaryID(dc705eb7-c76c-4163-81b3-3920484473f6) v0)
[2026-06-14T15:00:10+0000] [MainThread] [D] [toil.cwl.cwltoil] Provides file:///home/cwlmpi/cwl-mpi/workflows/mpich-sr/sr-workflow-base-command.cwl#sr-workflow/mpirun/stdout_file from Job('CWLJob' sr-workflow.mpirun.mpirun-base-command TemporaryID(4b66521e-0091-45bd-a17a-48a61470930c) v0)
[2026-06-14T15:00:10+0000] [MainThread] [D] [toil.cwl.cwltoil] Provides file:///home/cwlmpi/cwl-mpi/workflows/mpich-sr/sr-workflow-base-command.cwl#sr-workflow/mpirun/stderr_file from Job('CWLJob' sr-workflow.mpirun.mpirun-base-command TemporaryID(4b66521e-0091-45bd-a17a-48a61470930c) v0)
[2026-06-14T15:00:10+0000] [MainThread] [D] [toil.job] Saving graph of 3 jobs, 3 non-service, 2 new
[2026-06-14T15:00:10+0000] [MainThread] [I] [toil.job] Resolve promise files/no-job/file-300e286dc3c24df69e4d1247f1349dd1/stream from Job('CWLWorkflow' sr-workflow kind-CWLWorkflow/instance-902i84x_ v1) with a <class 'toil.cwl.cwltoil.UnresolvedDict'>
[2026-06-14T15:00:10+0000] [MainThread] [D] [toil.job] Issuing promise files/no-job/file-2f92a086865c4a50b2820b7d8f109751/stream for result of 'CWLJob' sr-workflow.mpirun.mpirun-base-command kind-CWLJob/instance-q5et4dq9 v0
[2026-06-14T15:00:10+0000] [MainThread] [D] [toil.job] Issuing promise files/no-job/file-0ed844904d784eac988e4268a292b149/stream for result of 'CWLJob' sr-workflow.mpirun.mpirun-base-command kind-CWLJob/instance-q5et4dq9 v0
[2026-06-14T15:00:10+0000] [MainThread] [I] [toil.job] Resolve promise files/no-job/file-27b254fb900f4e358749cbc2dbbed0a4/stream from Job('CWLWorkflow' sr-workflow kind-CWLWorkflow/instance-902i84x_ v1) with a <class 'toil.cwl.cwltoil.UnresolvedDict'>
[2026-06-14T15:00:10+0000] [MainThread] [D] [toil.job] Issuing promise files/no-job/file-21a53efff70d4033adae8a4205f644c4/stream for result of 'CWLJob' sr-workflow.mpirun.mpirun-base-command kind-CWLJob/instance-q5et4dq9 v0
[2026-06-14T15:00:10+0000] [MainThread] [D] [toil.job] Issuing promise files/no-job/file-5ba40b97b0d246749c28827709069063/stream for result of 'CWLJob' sr-workflow.mpirun.mpirun-base-command kind-CWLJob/instance-q5et4dq9 v0
[2026-06-14T15:00:10+0000] [MainThread] [D] [toil.job] Processing job 'CWLJob' sr-workflow.mpirun.mpirun-base-command kind-CWLJob/instance-q5et4dq9 v0
[2026-06-14T15:00:10+0000] [MainThread] [D] [toil.job] Issuing promise files/no-job/file-04cfb5b2efa34a89abbb3cdbcdeb2242/stream for result of 'CWLJob' sr-workflow.mpicc.mpich-mpicc kind-CWLJob/instance-3ut8jie3 v0
[2026-06-14T15:00:10+0000] [MainThread] [D] [toil.job] Processing job 'CWLJob' sr-workflow.mpicc.mpich-mpicc kind-CWLJob/instance-3ut8jie3 v0
[2026-06-14T15:00:11+0000] [MainThread] [D] [toil.job] Processing job 'CWLWorkflow' sr-workflow kind-CWLWorkflow/instance-902i84x_ v1
[2026-06-14T15:00:11+0000] [MainThread] [D] [toil.job] New job version: 'CWLJob' sr-workflow.mpirun.mpirun-base-command kind-CWLJob/instance-q5et4dq9 v1
[2026-06-14T15:00:11+0000] [MainThread] [D] [toil.job] New job version: 'CWLJob' sr-workflow.mpicc.mpich-mpicc kind-CWLJob/instance-3ut8jie3 v1
[2026-06-14T15:00:11+0000] [MainThread] [D] [toil.fileStores.abstractFileStore] LOG-TO-LEADER: Job 'CWLWorkflow' sr-workflow kind-CWLWorkflow/instance-902i84x_ v1 used 0.39% disk (4.0 KiB [4096B] used, 1.0 MiB [1048576B] requested).
[2026-06-14T15:00:11+0000] [MainThread] [D] [toil.deferred] Running own deferred functions
[2026-06-14T15:00:11+0000] [MainThread] [D] [toil.deferred] Out of deferred functions!
[2026-06-14T15:00:11+0000] [MainThread] [D] [toil.deferred] Running orphaned deferred functions
[2026-06-14T15:00:11+0000] [MainThread] [D] [toil.deferred] Ran orphaned deferred functions from 0 abandoned state files
[2026-06-14T15:00:11+0000] [MainThread] [D] [toil.job] New job version: 'CWLWorkflow' sr-workflow kind-CWLWorkflow/instance-902i84x_ v2
[2026-06-14T15:00:11+0000] [MainThread] [I] [toil.worker] Completed body for 'CWLWorkflow' sr-workflow kind-CWLWorkflow/instance-902i84x_ v2
[2026-06-14T15:00:11+0000] [MainThread] [D] [toil.worker] No more jobs can run in series by this worker, it's got 2 successors
[2026-06-14T15:00:11+0000] [MainThread] [D] [toil.worker] Two distinct successors are kind-CWLJob/instance-q5et4dq9 and kind-CWLJob/instance-3ut8jie3
[2026-06-14T15:00:11+0000] [MainThread] [I] [toil.worker] Not chaining from job 'CWLWorkflow' sr-workflow kind-CWLWorkflow/instance-902i84x_ v2
[2026-06-14T15:00:11+0000] [MainThread] [I] [toil.worker] Worker log can be found at /home/cwlmpi/cwl-mpi/workflows/mpich-sr/logs/toil/cloud/docker/toilwf-d8ce1b7fbd535b60be58605ef3d77f78/9a9b. Set --cleanWorkDir to retain this log
[2026-06-14T15:00:11+0000] [MainThread] [I] [toil.worker] Finished running the chain of jobs on this node, we ran for a total of 0.458809 seconds
