[1;30mINFO[0m /home/cwlmpi/micromamba/envs/cwltool/bin/cwltool 3.2.20260413085819
[1;30mINFO[0m Resolved 'sr-workflow-base-command.cwl' to 'file:///home/cwlmpi/cwl-mpi/workflows/mpich-sr/sr-workflow-base-command.cwl'
[1;30mDEBUG[0m [32mParsed job order from command line: {
    "__id": "sr-workflow-base-command.cwl",
    "msg_size": 0,
    "niter": 1,
    "np": 2,
    "source": {
        "class": "File",
        "path": "file:///home/cwlmpi/cwl-mpi/workflows/mpich-sr/sr.c"
    }
}[0m
[1;30mDEBUG[0m [32m[workflow ] initialized from file:///home/cwlmpi/cwl-mpi/workflows/mpich-sr/sr-workflow-base-command.cwl#sr-workflow[0m
[1;30mINFO[0m [workflow ] start
[1;30mDEBUG[0m [32m[workflow ] inputs {
    "msg_size": 0,
    "niter": 1,
    "np": 2,
    "source": {
        "class": "File",
        "location": "file:///home/cwlmpi/cwl-mpi/workflows/mpich-sr/sr.c",
        "size": 2570,
        "basename": "sr.c",
        "nameroot": "sr",
        "nameext": ".c"
    }
}[0m
[1;30mINFO[0m [workflow ] starting step mpicc
[1;30mDEBUG[0m [32m[step mpicc] job input {
    "file:///home/cwlmpi/cwl-mpi/workflows/mpich-sr/sr-workflow-base-command.cwl#sr-workflow/mpicc/source": {
        "class": "File",
        "location": "file:///home/cwlmpi/cwl-mpi/workflows/mpich-sr/sr.c",
        "size": 2570,
        "basename": "sr.c",
        "nameroot": "sr",
        "nameext": ".c"
    }
}[0m
[1;30mDEBUG[0m [32m[step mpicc] evaluated job input to {
    "file:///home/cwlmpi/cwl-mpi/workflows/mpich-sr/sr-workflow-base-command.cwl#sr-workflow/mpicc/source": {
        "class": "File",
        "location": "file:///home/cwlmpi/cwl-mpi/workflows/mpich-sr/sr.c",
        "size": 2570,
        "basename": "sr.c",
        "nameroot": "sr",
        "nameext": ".c"
    }
}[0m
[1;30mINFO[0m [step mpicc] start
[1;30mDEBUG[0m [32m[job mpicc] initializing from file:///home/cwlmpi/cwl-mpi/workflows/mpich-sr/mpicc.cwl#mpich-mpicc as part of step mpicc[0m
[1;30mDEBUG[0m [32m[job mpicc] {
    "source": {
        "class": "File",
        "location": "file:///home/cwlmpi/cwl-mpi/workflows/mpich-sr/sr.c",
        "size": 2570,
        "basename": "sr.c",
        "nameroot": "sr",
        "nameext": ".c"
    },
    "output_name": "sr"
}[0m
[1;30mDEBUG[0m [32m[job mpicc] path mappings is {
    "file:///home/cwlmpi/cwl-mpi/workflows/mpich-sr/sr.c": [
        "/home/cwlmpi/cwl-mpi/workflows/mpich-sr/sr.c",
        "/tmp/idmt3c4b/stg8feeb36a-f2d2-4940-a520-a9081ac48c4a/sr.c",
        "File",
        true
    ]
}[0m
[1;30mDEBUG[0m [32m[job mpicc] command line bindings is [
    {
        "position": [
            -1000000,
            0
        ],
        "datum": "mpicc"
    },
    {
        "position": [
            1,
            "source"
        ],
        "datum": {
            "class": "File",
            "location": "file:///home/cwlmpi/cwl-mpi/workflows/mpich-sr/sr.c",
            "size": 2570,
            "basename": "sr.c",
            "nameroot": "sr",
            "nameext": ".c",
            "path": "/tmp/idmt3c4b/stg8feeb36a-f2d2-4940-a520-a9081ac48c4a/sr.c",
            "dirname": "/tmp/idmt3c4b/stg8feeb36a-f2d2-4940-a520-a9081ac48c4a"
        }
    },
    {
        "prefix": "-o",
        "position": [
            2,
            "output_name"
        ],
        "datum": "sr"
    }
][0m
[1;30mDEBUG[0m [32m[job mpicc] initial work dir {}[0m
[1;30mINFO[0m [job mpicc] /tmp/1jf7etq1$ mpicc \
    /tmp/idmt3c4b/stg8feeb36a-f2d2-4940-a520-a9081ac48c4a/sr.c \
    -o \
    sr
[1;30mDEBUG[0m [32mCould not collect memory usage, job ended before monitoring began.[0m
[1;30mINFO[0m [job mpicc] completed success
[1;30mDEBUG[0m [32m[job mpicc] outputs {
    "executable": {
        "location": "file:///tmp/1jf7etq1/sr",
        "basename": "sr",
        "nameroot": "sr",
        "nameext": "",
        "class": "File",
        "checksum": "sha1$477d38bc0e7c5e436119a5d685824809672236d6",
        "size": 16560,
        "http://commonwl.org/cwltool#generation": 0
    }
}[0m
[1;30mDEBUG[0m [32m[step mpicc] produced output {
    "file:///home/cwlmpi/cwl-mpi/workflows/mpich-sr/sr-workflow-base-command.cwl#sr-workflow/mpicc/executable": {
        "location": "file:///tmp/1jf7etq1/sr",
        "basename": "sr",
        "nameroot": "sr",
        "nameext": "",
        "class": "File",
        "checksum": "sha1$477d38bc0e7c5e436119a5d685824809672236d6",
        "size": 16560,
        "http://commonwl.org/cwltool#generation": 0
    }
}[0m
[1;30mINFO[0m [step mpicc] completed success
[1;30mDEBUG[0m [32m[job mpicc] Removing input staging directory /tmp/idmt3c4b[0m
[1;30mDEBUG[0m [32m[job mpicc] Removing temporary directory /tmp/b_t981oq[0m
[1;30mINFO[0m [workflow ] starting step mpirun
[1;30mDEBUG[0m [32m[step mpirun] job input {
    "file:///home/cwlmpi/cwl-mpi/workflows/mpich-sr/sr-workflow-base-command.cwl#sr-workflow/mpirun/executable": {
        "location": "file:///tmp/1jf7etq1/sr",
        "basename": "sr",
        "nameroot": "sr",
        "nameext": "",
        "class": "File",
        "checksum": "sha1$477d38bc0e7c5e436119a5d685824809672236d6",
        "size": 16560,
        "http://commonwl.org/cwltool#generation": 0
    },
    "file:///home/cwlmpi/cwl-mpi/workflows/mpich-sr/sr-workflow-base-command.cwl#sr-workflow/mpirun/msg_size": 0,
    "file:///home/cwlmpi/cwl-mpi/workflows/mpich-sr/sr-workflow-base-command.cwl#sr-workflow/mpirun/niter": 1,
    "file:///home/cwlmpi/cwl-mpi/workflows/mpich-sr/sr-workflow-base-command.cwl#sr-workflow/mpirun/np": 2
}[0m
[1;30mDEBUG[0m [32m[step mpirun] evaluated job input to {
    "file:///home/cwlmpi/cwl-mpi/workflows/mpich-sr/sr-workflow-base-command.cwl#sr-workflow/mpirun/executable": {
        "location": "file:///tmp/1jf7etq1/sr",
        "basename": "sr",
        "nameroot": "sr",
        "nameext": "",
        "class": "File",
        "checksum": "sha1$477d38bc0e7c5e436119a5d685824809672236d6",
        "size": 16560,
        "http://commonwl.org/cwltool#generation": 0
    },
    "file:///home/cwlmpi/cwl-mpi/workflows/mpich-sr/sr-workflow-base-command.cwl#sr-workflow/mpirun/msg_size": 0,
    "file:///home/cwlmpi/cwl-mpi/workflows/mpich-sr/sr-workflow-base-command.cwl#sr-workflow/mpirun/niter": 1,
    "file:///home/cwlmpi/cwl-mpi/workflows/mpich-sr/sr-workflow-base-command.cwl#sr-workflow/mpirun/np": 2
}[0m
[1;30mINFO[0m [step mpirun] start
[1;30mDEBUG[0m [32m[job mpirun] initializing from file:///home/cwlmpi/cwl-mpi/workflows/mpich-sr/sr-base-command.cwl#mpirun-base-command as part of step mpirun[0m
[1;30mDEBUG[0m [32m[job mpirun] {
    "executable": {
        "location": "file:///tmp/1jf7etq1/sr",
        "basename": "sr",
        "nameroot": "sr",
        "nameext": "",
        "class": "File",
        "checksum": "sha1$477d38bc0e7c5e436119a5d685824809672236d6",
        "size": 16560,
        "http://commonwl.org/cwltool#generation": 0
    },
    "msg_size": 0,
    "niter": 1,
    "np": 2
}[0m
[1;30mDEBUG[0m [32m[job mpirun] path mappings is {
    "file:///tmp/1jf7etq1/sr": [
        "/tmp/1jf7etq1/sr",
        "/tmp/jwpq31cm/stge8ddc0dc-32d3-4d54-956b-b3de6a4cccbb/sr",
        "File",
        true
    ]
}[0m
[1;30mDEBUG[0m [32m[job mpirun] command line bindings is [
    {
        "position": [
            -1000000,
            0
        ],
        "datum": "mpirun"
    },
    {
        "prefix": "-np",
        "position": [
            1,
            "np"
        ],
        "datum": 2
    },
    {
        "position": [
            2,
            "executable"
        ],
        "datum": {
            "location": "file:///tmp/1jf7etq1/sr",
            "basename": "sr",
            "nameroot": "sr",
            "nameext": "",
            "class": "File",
            "checksum": "sha1$477d38bc0e7c5e436119a5d685824809672236d6",
            "size": 16560,
            "http://commonwl.org/cwltool#generation": 0,
            "path": "/tmp/jwpq31cm/stge8ddc0dc-32d3-4d54-956b-b3de6a4cccbb/sr",
            "dirname": "/tmp/jwpq31cm/stge8ddc0dc-32d3-4d54-956b-b3de6a4cccbb"
        }
    },
    {
        "position": [
            3,
            "msg_size"
        ],
        "datum": 0
    },
    {
        "position": [
            4,
            "niter"
        ],
        "datum": 1
    }
][0m
[1;30mDEBUG[0m [32m[job mpirun] initial work dir {}[0m
[1;30mINFO[0m [job mpirun] /tmp/lfb0_158$ mpirun \
    -np \
    2 \
    /tmp/jwpq31cm/stge8ddc0dc-32d3-4d54-956b-b3de6a4cccbb/sr \
    0 \
    1 > /tmp/lfb0_158/mpirun-base-command.out 2> /tmp/lfb0_158/mpirun-base-command.err
[1;30mDEBUG[0m [32mCould not collect memory usage, job ended before monitoring began.[0m
[1;30mINFO[0m [job mpirun] completed success
[1;30mDEBUG[0m [32m[job mpirun] outputs {
    "stderr_file": {
        "location": "file:///tmp/lfb0_158/mpirun-base-command.err",
        "basename": "mpirun-base-command.err",
        "nameroot": "mpirun-base-command",
        "nameext": ".err",
        "class": "File",
        "checksum": "sha1$da39a3ee5e6b4b0d3255bfef95601890afd80709",
        "size": 0,
        "http://commonwl.org/cwltool#generation": 0
    },
    "stdout_file": {
        "location": "file:///tmp/lfb0_158/mpirun-base-command.out",
        "basename": "mpirun-base-command.out",
        "nameroot": "mpirun-base-command",
        "nameext": ".out",
        "class": "File",
        "checksum": "sha1$f240f9e6a3172eafdea7d60a750800f64ba05717",
        "size": 136,
        "http://commonwl.org/cwltool#generation": 0
    }
}[0m
[1;30mDEBUG[0m [32m[step mpirun] produced output {
    "file:///home/cwlmpi/cwl-mpi/workflows/mpich-sr/sr-workflow-base-command.cwl#sr-workflow/mpirun/stdout_file": {
        "location": "file:///tmp/lfb0_158/mpirun-base-command.out",
        "basename": "mpirun-base-command.out",
        "nameroot": "mpirun-base-command",
        "nameext": ".out",
        "class": "File",
        "checksum": "sha1$f240f9e6a3172eafdea7d60a750800f64ba05717",
        "size": 136,
        "http://commonwl.org/cwltool#generation": 0
    },
    "file:///home/cwlmpi/cwl-mpi/workflows/mpich-sr/sr-workflow-base-command.cwl#sr-workflow/mpirun/stderr_file": {
        "location": "file:///tmp/lfb0_158/mpirun-base-command.err",
        "basename": "mpirun-base-command.err",
        "nameroot": "mpirun-base-command",
        "nameext": ".err",
        "class": "File",
        "checksum": "sha1$da39a3ee5e6b4b0d3255bfef95601890afd80709",
        "size": 0,
        "http://commonwl.org/cwltool#generation": 0
    }
}[0m
[1;30mINFO[0m [step mpirun] completed success
[1;30mINFO[0m [workflow ] completed success
[1;30mDEBUG[0m [32m[workflow ] outputs {
    "stderr": {
        "location": "file:///tmp/lfb0_158/mpirun-base-command.err",
        "basename": "mpirun-base-command.err",
        "nameroot": "mpirun-base-command",
        "nameext": ".err",
        "class": "File",
        "checksum": "sha1$da39a3ee5e6b4b0d3255bfef95601890afd80709",
        "size": 0,
        "http://commonwl.org/cwltool#generation": 0
    },
    "stdout": {
        "location": "file:///tmp/lfb0_158/mpirun-base-command.out",
        "basename": "mpirun-base-command.out",
        "nameroot": "mpirun-base-command",
        "nameext": ".out",
        "class": "File",
        "checksum": "sha1$f240f9e6a3172eafdea7d60a750800f64ba05717",
        "size": 136,
        "http://commonwl.org/cwltool#generation": 0
    }
}[0m
[1;30mDEBUG[0m [32m[job mpirun] Removing input staging directory /tmp/jwpq31cm[0m
[1;30mDEBUG[0m [32m[job mpirun] Removing temporary directory /tmp/qa_xfm1s[0m
[1;30mDEBUG[0m [32mMoving /tmp/lfb0_158/mpirun-base-command.err to /home/cwlmpi/cwl-mpi/workflows/mpich-sr/logs/cwltool/cloud/none/mpirun-base-command.err[0m
[1;30mDEBUG[0m [32mMoving /tmp/lfb0_158/mpirun-base-command.out to /home/cwlmpi/cwl-mpi/workflows/mpich-sr/logs/cwltool/cloud/none/mpirun-base-command.out[0m
[1;30mDEBUG[0m [32mRemoving intermediate output directory /tmp/3xd_wgxc[0m
[1;30mDEBUG[0m [32mRemoving intermediate output directory /tmp/1jf7etq1[0m
[1;30mDEBUG[0m [32mRemoving intermediate output directory /tmp/lfb0_158[0m
{
    "stderr": {
        "location": "file:///home/cwlmpi/cwl-mpi/workflows/mpich-sr/logs/cwltool/cloud/none/mpirun-base-command.err",
        "basename": "mpirun-base-command.err",
        "class": "File",
        "checksum": "sha1$da39a3ee5e6b4b0d3255bfef95601890afd80709",
        "size": 0,
        "path": "/home/cwlmpi/cwl-mpi/workflows/mpich-sr/logs/cwltool/cloud/none/mpirun-base-command.err"
    },
    "stdout": {
        "location": "file:///home/cwlmpi/cwl-mpi/workflows/mpich-sr/logs/cwltool/cloud/none/mpirun-base-command.out",
        "basename": "mpirun-base-command.out",
        "class": "File",
        "checksum": "sha1$f240f9e6a3172eafdea7d60a750800f64ba05717",
        "size": 136,
        "path": "/home/cwlmpi/cwl-mpi/workflows/mpich-sr/logs/cwltool/cloud/none/mpirun-base-command.out"
    }
}[1;30mINFO[0m Final process status is success
