[1;30mINFO[0m /home/kinow/Development/python/micromamba/envs/cwltool/bin/cwltool 3.2.20260413085819
[1;30mINFO[0m Resolved 'fall3d-what-if-volcanos.0.2.1.cwl#demo-etna' to 'file:///home/kinow/Development/python/workspace/getit-workflows/fall3d-what-if-volcanos.0.2.1.cwl#demo-etna'
[1;30mDEBUG[0m [32m[workflow ] initialized from file:///home/kinow/Development/python/workspace/getit-workflows/fall3d-what-if-volcanos.0.2.1.cwl#demo-etna[0m
[1;30mINFO[0m [workflow ] start
[1;30mDEBUG[0m [32m[workflow ] inputs {
    "volcano": "Etna",
    "scenario": "high",
    "meteo_database": "ERA5ML",
    "initial_condition": "RESTART",
    "start_date_time": "2018-12-25T00:00:00Z",
    "end_date_time": "2018-12-26T00:00:00Z",
    "wkt": "POLYGON((8.0 33.0, 22.0 33.0, 22.0 40.0, 8.0 40.0, 8.0 33.0))",
    "dx": 0.05,
    "dy": 0.05,
    "nlevels": 24,
    "vent_lon": 15.0,
    "vent_lat": 37.75,
    "vent_height": 3300,
    "keys": [
        "tephra_col_mass",
        "SO2_cloud_top"
    ],
    "times": 6,
    "template": "/app/template.inp",
    "meteo": "/app/meteo.nc",
    "restart": "/app/restart.nc",
    "dictionary": "/app/ERA5.tbl",
    "levels": "/app/L137_ECMWF.levels",
    "exe": "Fall3d.GNU.r8.mpi.cpu.x",
    "nx_mpi": 3,
    "ny_mpi": 2,
    "nz_mpi": 1
}[0m
[1;30mINFO[0m [workflow ] starting step configure
[1;30mDEBUG[0m [32m[step configure] job input {
    "file:///home/kinow/Development/python/workspace/getit-workflows/fall3d-what-if-volcanos.0.2.1.cwl#demo-etna/configure/date": null,
    "file:///home/kinow/Development/python/workspace/getit-workflows/fall3d-what-if-volcanos.0.2.1.cwl#demo-etna/configure/dictionary": "/app/ERA5.tbl",
    "file:///home/kinow/Development/python/workspace/getit-workflows/fall3d-what-if-volcanos.0.2.1.cwl#demo-etna/configure/dx": 0.05,
    "file:///home/kinow/Development/python/workspace/getit-workflows/fall3d-what-if-volcanos.0.2.1.cwl#demo-etna/configure/dy": 0.05,
    "file:///home/kinow/Development/python/workspace/getit-workflows/fall3d-what-if-volcanos.0.2.1.cwl#demo-etna/configure/end_date_time": "2018-12-26T00:00:00Z",
    "file:///home/kinow/Development/python/workspace/getit-workflows/fall3d-what-if-volcanos.0.2.1.cwl#demo-etna/configure/end_time": null,
    "file:///home/kinow/Development/python/workspace/getit-workflows/fall3d-what-if-volcanos.0.2.1.cwl#demo-etna/configure/initial_condition": "RESTART",
    "file:///home/kinow/Development/python/workspace/getit-workflows/fall3d-what-if-volcanos.0.2.1.cwl#demo-etna/configure/levels": "/app/L137_ECMWF.levels",
    "file:///home/kinow/Development/python/workspace/getit-workflows/fall3d-what-if-volcanos.0.2.1.cwl#demo-etna/configure/meteo": "/app/meteo.nc",
    "file:///home/kinow/Development/python/workspace/getit-workflows/fall3d-what-if-volcanos.0.2.1.cwl#demo-etna/configure/meteo_database": "ERA5ML",
    "file:///home/kinow/Development/python/workspace/getit-workflows/fall3d-what-if-volcanos.0.2.1.cwl#demo-etna/configure/nlevels": 24,
    "file:///home/kinow/Development/python/workspace/getit-workflows/fall3d-what-if-volcanos.0.2.1.cwl#demo-etna/configure/restart": "/app/restart.nc",
    "file:///home/kinow/Development/python/workspace/getit-workflows/fall3d-what-if-volcanos.0.2.1.cwl#demo-etna/configure/start_date_time": "2018-12-25T00:00:00Z",
    "file:///home/kinow/Development/python/workspace/getit-workflows/fall3d-what-if-volcanos.0.2.1.cwl#demo-etna/configure/start_time": null,
    "file:///home/kinow/Development/python/workspace/getit-workflows/fall3d-what-if-volcanos.0.2.1.cwl#demo-etna/configure/template": "/app/template.inp",
    "file:///home/kinow/Development/python/workspace/getit-workflows/fall3d-what-if-volcanos.0.2.1.cwl#demo-etna/configure/vent_height": 3300,
    "file:///home/kinow/Development/python/workspace/getit-workflows/fall3d-what-if-volcanos.0.2.1.cwl#demo-etna/configure/vent_lat": 37.75,
    "file:///home/kinow/Development/python/workspace/getit-workflows/fall3d-what-if-volcanos.0.2.1.cwl#demo-etna/configure/vent_lon": 15.0,
    "file:///home/kinow/Development/python/workspace/getit-workflows/fall3d-what-if-volcanos.0.2.1.cwl#demo-etna/configure/wkt": "POLYGON((8.0 33.0, 22.0 33.0, 22.0 40.0, 8.0 40.0, 8.0 33.0))"
}[0m
[1;30mDEBUG[0m [32m[step configure] evaluated job input to {
    "file:///home/kinow/Development/python/workspace/getit-workflows/fall3d-what-if-volcanos.0.2.1.cwl#demo-etna/configure/date": "20181225",
    "file:///home/kinow/Development/python/workspace/getit-workflows/fall3d-what-if-volcanos.0.2.1.cwl#demo-etna/configure/dictionary": "/app/ERA5.tbl",
    "file:///home/kinow/Development/python/workspace/getit-workflows/fall3d-what-if-volcanos.0.2.1.cwl#demo-etna/configure/dx": 0.05,
    "file:///home/kinow/Development/python/workspace/getit-workflows/fall3d-what-if-volcanos.0.2.1.cwl#demo-etna/configure/dy": 0.05,
    "file:///home/kinow/Development/python/workspace/getit-workflows/fall3d-what-if-volcanos.0.2.1.cwl#demo-etna/configure/end_date_time": "2018-12-26T00:00:00Z",
    "file:///home/kinow/Development/python/workspace/getit-workflows/fall3d-what-if-volcanos.0.2.1.cwl#demo-etna/configure/end_time": 24,
    "file:///home/kinow/Development/python/workspace/getit-workflows/fall3d-what-if-volcanos.0.2.1.cwl#demo-etna/configure/initial_condition": "RESTART",
    "file:///home/kinow/Development/python/workspace/getit-workflows/fall3d-what-if-volcanos.0.2.1.cwl#demo-etna/configure/levels": "/app/L137_ECMWF.levels",
    "file:///home/kinow/Development/python/workspace/getit-workflows/fall3d-what-if-volcanos.0.2.1.cwl#demo-etna/configure/meteo": "/app/meteo.nc",
    "file:///home/kinow/Development/python/workspace/getit-workflows/fall3d-what-if-volcanos.0.2.1.cwl#demo-etna/configure/meteo_database": "ERA5ML",
    "file:///home/kinow/Development/python/workspace/getit-workflows/fall3d-what-if-volcanos.0.2.1.cwl#demo-etna/configure/nlevels": 24,
    "file:///home/kinow/Development/python/workspace/getit-workflows/fall3d-what-if-volcanos.0.2.1.cwl#demo-etna/configure/restart": "/app/restart.nc",
    "file:///home/kinow/Development/python/workspace/getit-workflows/fall3d-what-if-volcanos.0.2.1.cwl#demo-etna/configure/start_date_time": "2018-12-25T00:00:00Z",
    "file:///home/kinow/Development/python/workspace/getit-workflows/fall3d-what-if-volcanos.0.2.1.cwl#demo-etna/configure/start_time": 0,
    "file:///home/kinow/Development/python/workspace/getit-workflows/fall3d-what-if-volcanos.0.2.1.cwl#demo-etna/configure/template": "/app/template.inp",
    "file:///home/kinow/Development/python/workspace/getit-workflows/fall3d-what-if-volcanos.0.2.1.cwl#demo-etna/configure/vent_height": 3300,
    "file:///home/kinow/Development/python/workspace/getit-workflows/fall3d-what-if-volcanos.0.2.1.cwl#demo-etna/configure/vent_lat": 37.75,
    "file:///home/kinow/Development/python/workspace/getit-workflows/fall3d-what-if-volcanos.0.2.1.cwl#demo-etna/configure/vent_lon": 15.0,
    "file:///home/kinow/Development/python/workspace/getit-workflows/fall3d-what-if-volcanos.0.2.1.cwl#demo-etna/configure/wkt": "POLYGON((8.0 33.0, 22.0 33.0, 22.0 40.0, 8.0 40.0, 8.0 33.0))"
}[0m
[1;30mINFO[0m [step configure] start
[1;30mDEBUG[0m [32m[job configure] initializing from file:///home/kinow/Development/python/workspace/getit-workflows/fall3d-what-if-volcanos.0.2.1.cwl#config-etna as part of step configure[0m
[1;30mDEBUG[0m [32m[job configure] {
    "dictionary": "/app/ERA5.tbl",
    "dx": 0.05,
    "dy": 0.05,
    "end_date_time": "2018-12-26T00:00:00Z",
    "initial_condition": "RESTART",
    "levels": "/app/L137_ECMWF.levels",
    "meteo": "/app/meteo.nc",
    "meteo_database": "ERA5ML",
    "nlevels": 24,
    "restart": "/app/restart.nc",
    "start_date_time": "2018-12-25T00:00:00Z",
    "template": "/app/template.inp",
    "vent_height": 3300,
    "vent_lat": 37.75,
    "vent_lon": 15.0,
    "wkt": "POLYGON((8.0 33.0, 22.0 33.0, 22.0 40.0, 8.0 40.0, 8.0 33.0))"
}[0m
[1;30mDEBUG[0m [32m[job configure] path mappings is {}[0m
[1;30mDEBUG[0m [32m[job configure] command line bindings is [
    {
        "position": [
            -1000000,
            0
        ],
        "datum": "fill_template.py"
    },
    {
        "prefix": "--METEO_DICTIONARY",
        "position": [
            0,
            "dictionary"
        ],
        "datum": "/app/ERA5.tbl"
    },
    {
        "prefix": "--DX",
        "position": [
            0,
            "dx"
        ],
        "datum": 0.05
    },
    {
        "prefix": "--DY",
        "position": [
            0,
            "dy"
        ],
        "datum": 0.05
    },
    {
        "prefix": "--end_date_time",
        "position": [
            0,
            "end_date_time"
        ],
        "datum": "2018-12-26T00:00:00Z"
    },
    {
        "prefix": "--INITIAL",
        "position": [
            0,
            "initial_condition"
        ],
        "datum": "RESTART"
    },
    {
        "prefix": "--LEVELS_FILE",
        "position": [
            0,
            "levels"
        ],
        "datum": "/app/L137_ECMWF.levels"
    },
    {
        "prefix": "--METEO_FILE",
        "position": [
            0,
            "meteo"
        ],
        "datum": "/app/meteo.nc"
    },
    {
        "prefix": "--METEO_DATABASE",
        "position": [
            0,
            "meteo_database"
        ],
        "datum": "ERA5ML"
    },
    {
        "prefix": "--NZ",
        "position": [
            0,
            "nlevels"
        ],
        "datum": 24
    },
    {
        "prefix": "--RESTART_FILE",
        "position": [
            0,
            "restart"
        ],
        "datum": "/app/restart.nc"
    },
    {
        "prefix": "--start_date_time",
        "position": [
            0,
            "start_date_time"
        ],
        "datum": "2018-12-25T00:00:00Z"
    },
    {
        "prefix": "--template",
        "position": [
            0,
            "template"
        ],
        "datum": "/app/template.inp"
    },
    {
        "prefix": "--VENT_HEIGHT",
        "position": [
            0,
            "vent_height"
        ],
        "datum": 3300
    },
    {
        "prefix": "--VENT_LAT",
        "position": [
            0,
            "vent_lat"
        ],
        "datum": 37.75
    },
    {
        "prefix": "--VENT_LON",
        "position": [
            0,
            "vent_lon"
        ],
        "datum": 15.0
    },
    {
        "prefix": "--WKT",
        "position": [
            0,
            "wkt"
        ],
        "datum": "POLYGON((8.0 33.0, 22.0 33.0, 22.0 40.0, 8.0 40.0, 8.0 33.0))"
    }
][0m
[1;30mDEBUG[0m [32mSingularity version: 1.4.5 ({_SINGULARITY_FLAVOR}.[0m
[1;30mINFO[0m Using local copy of Singularity image docker.io_dtgeo_get-it-what-if-demo-etna:last_version.sif found in /home/kinow/Development/python/workspace/getit-workflows
[1;30mDEBUG[0m [32m[job configure] initial work dir {}[0m
[1;30mINFO[0m [job configure] /tmp/gbif1j2x$ singularity \
    --quiet \
    run \
    --contain \
    --ipc \
    --cleanenv \
    --no-eval \
    --userns \
    --home \
    /tmp/gbif1j2x:/QZTsvj \
    --mount=type=bind,source=/tmp/s0ucy6bl,target=/tmp \
    --pwd \
    /QZTsvj \
    /home/kinow/Development/python/workspace/getit-workflows/docker.io_dtgeo_get-it-what-if-demo-etna:last_version.sif \
    fill_template.py \
    --METEO_DICTIONARY \
    /app/ERA5.tbl \
    --DX \
    0.05 \
    --DY \
    0.05 \
    --end_date_time \
    2018-12-26T00:00:00Z \
    --INITIAL \
    RESTART \
    --LEVELS_FILE \
    /app/L137_ECMWF.levels \
    --METEO_FILE \
    /app/meteo.nc \
    --METEO_DATABASE \
    ERA5ML \
    --NZ \
    24 \
    --RESTART_FILE \
    /app/restart.nc \
    --start_date_time \
    2018-12-25T00:00:00Z \
    --template \
    /app/template.inp \
    --VENT_HEIGHT \
    3300 \
    --VENT_LAT \
    37.75 \
    --VENT_LON \
    15.0 \
    --WKT \
    'POLYGON((8.0 33.0, 22.0 33.0, 22.0 40.0, 8.0 40.0, 8.0 33.0))'
INFO:FILL_TEMPLATE:Filling in template...
INFO:FILL_TEMPLATE:Done!
Volcano coordinates are inside the domain box.
[1;30mINFO[0m [job configure] completed success
[1;30mDEBUG[0m [32m[job configure] outputs {
    "inp": {
        "location": "file:///tmp/gbif1j2x/final.inp",
        "basename": "final.inp",
        "nameroot": "final",
        "nameext": ".inp",
        "class": "File",
        "checksum": "sha1$5b05b7e9ca695dd62c40645ebc45838de21157d3",
        "size": 29144,
        "http://commonwl.org/cwltool#generation": 0
    }
}[0m
[1;30mDEBUG[0m [32m[step configure] produced output {
    "file:///home/kinow/Development/python/workspace/getit-workflows/fall3d-what-if-volcanos.0.2.1.cwl#demo-etna/configure/inp": {
        "location": "file:///tmp/gbif1j2x/final.inp",
        "basename": "final.inp",
        "nameroot": "final",
        "nameext": ".inp",
        "class": "File",
        "checksum": "sha1$5b05b7e9ca695dd62c40645ebc45838de21157d3",
        "size": 29144,
        "http://commonwl.org/cwltool#generation": 0
    }
}[0m
[1;30mINFO[0m [step configure] completed success
[1;30mDEBUG[0m [32m[job configure] Removing input staging directory /tmp/vkyow1n8[0m
[1;30mDEBUG[0m [32m[job configure] Removing temporary directory /tmp/s0ucy6bl[0m
[1;30mINFO[0m [workflow ] starting step set_scenario
[1;30mDEBUG[0m [32m[step set_scenario] job input {
    "file:///home/kinow/Development/python/workspace/getit-workflows/fall3d-what-if-volcanos.0.2.1.cwl#demo-etna/set_scenario/end_date_time": "2018-12-26T00:00:00Z",
    "file:///home/kinow/Development/python/workspace/getit-workflows/fall3d-what-if-volcanos.0.2.1.cwl#demo-etna/set_scenario/end_time": null,
    "file:///home/kinow/Development/python/workspace/getit-workflows/fall3d-what-if-volcanos.0.2.1.cwl#demo-etna/set_scenario/scenario": "high",
    "file:///home/kinow/Development/python/workspace/getit-workflows/fall3d-what-if-volcanos.0.2.1.cwl#demo-etna/set_scenario/start_date_time": "2018-12-25T00:00:00Z",
    "file:///home/kinow/Development/python/workspace/getit-workflows/fall3d-what-if-volcanos.0.2.1.cwl#demo-etna/set_scenario/start_time": null
}[0m
[1;30mDEBUG[0m [32m[step set_scenario] evaluated job input to {
    "file:///home/kinow/Development/python/workspace/getit-workflows/fall3d-what-if-volcanos.0.2.1.cwl#demo-etna/set_scenario/end_date_time": "2018-12-26T00:00:00Z",
    "file:///home/kinow/Development/python/workspace/getit-workflows/fall3d-what-if-volcanos.0.2.1.cwl#demo-etna/set_scenario/end_time": 24,
    "file:///home/kinow/Development/python/workspace/getit-workflows/fall3d-what-if-volcanos.0.2.1.cwl#demo-etna/set_scenario/scenario": "high",
    "file:///home/kinow/Development/python/workspace/getit-workflows/fall3d-what-if-volcanos.0.2.1.cwl#demo-etna/set_scenario/start_date_time": "2018-12-25T00:00:00Z",
    "file:///home/kinow/Development/python/workspace/getit-workflows/fall3d-what-if-volcanos.0.2.1.cwl#demo-etna/set_scenario/start_time": 0
}[0m
[1;30mINFO[0m [step set_scenario] start
[1;30mDEBUG[0m [32m[job set_scenario] initializing from file:///home/kinow/Development/python/workspace/getit-workflows/fall3d-what-if-volcanos.0.2.1.cwl#phases-etna as part of step set_scenario[0m
[1;30mDEBUG[0m [32m[job set_scenario] {
    "end_time": 24,
    "scenario": "high",
    "start_time": 0
}[0m
[1;30mDEBUG[0m [32m[job set_scenario] path mappings is {}[0m
[1;30mDEBUG[0m [32m[job set_scenario] command line bindings is [
    {
        "position": [
            -1000000,
            0
        ],
        "datum": "echo"
    },
    {
        "position": [
            0,
            0
        ],
        "datum": "Creating phases file"
    },
    {
        "prefix": "--path",
        "position": [
            0,
            "scenario"
        ],
        "datum": "high"
    }
][0m
[1;30mINFO[0m Using local copy of Singularity image docker.io_dtgeo_get-it-what-if-demo-etna:last_version.sif found in /home/kinow/Development/python/workspace/getit-workflows
[1;30mDEBUG[0m [32m[job set_scenario] initial work dir {
    "_:a4f3198e-8711-4eec-9e9a-b0e56b775535": [
        "0 24 5000\n",
        "/QZTsvj/phases.dat",
        "CreateFile",
        true
    ]
}[0m
[1;30mINFO[0m [job set_scenario] /tmp/36_mofvb$ singularity \
    --quiet \
    run \
    --contain \
    --ipc \
    --cleanenv \
    --no-eval \
    --userns \
    --home \
    /tmp/36_mofvb:/QZTsvj \
    --mount=type=bind,source=/tmp/b1s6hbf2,target=/tmp \
    --pwd \
    /QZTsvj \
    /home/kinow/Development/python/workspace/getit-workflows/docker.io_dtgeo_get-it-what-if-demo-etna:last_version.sif \
    echo \
    'Creating phases file' \
    --path \
    high
Creating phases file --path high
[1;30mINFO[0m [job set_scenario] completed success
[1;30mDEBUG[0m [32m[job set_scenario] outputs {
    "phases": {
        "location": "file:///tmp/36_mofvb/phases.dat",
        "basename": "phases.dat",
        "nameroot": "phases",
        "nameext": ".dat",
        "class": "File",
        "checksum": "sha1$b62d994f43911242fa91f4d83e487b0e53ec5b3d",
        "size": 10,
        "http://commonwl.org/cwltool#generation": 0
    }
}[0m
[1;30mDEBUG[0m [32m[step set_scenario] produced output {
    "file:///home/kinow/Development/python/workspace/getit-workflows/fall3d-what-if-volcanos.0.2.1.cwl#demo-etna/set_scenario/phases": {
        "location": "file:///tmp/36_mofvb/phases.dat",
        "basename": "phases.dat",
        "nameroot": "phases",
        "nameext": ".dat",
        "class": "File",
        "checksum": "sha1$b62d994f43911242fa91f4d83e487b0e53ec5b3d",
        "size": 10,
        "http://commonwl.org/cwltool#generation": 0
    }
}[0m
[1;30mINFO[0m [step set_scenario] completed success
[1;30mDEBUG[0m [32m[job set_scenario] Removing input staging directory /tmp/_e6lwijt[0m
[1;30mDEBUG[0m [32m[job set_scenario] Removing temporary directory /tmp/b1s6hbf2[0m
[1;30mDEBUG[0m [32m[workflow ] job step file:///home/kinow/Development/python/workspace/getit-workflows/fall3d-what-if-volcanos.0.2.1.cwl#demo-etna/create_catalog not ready[0m
[1;30mDEBUG[0m [32m[workflow ] job step file:///home/kinow/Development/python/workspace/getit-workflows/fall3d-what-if-volcanos.0.2.1.cwl#demo-etna/create_cogs not ready[0m
[1;30mINFO[0m [workflow ] starting step run_fall3d
[1;30mDEBUG[0m [32m[step run_fall3d] job input {
    "file:///home/kinow/Development/python/workspace/getit-workflows/fall3d-what-if-volcanos.0.2.1.cwl#demo-etna/run_fall3d/exe": "Fall3d.GNU.r8.mpi.cpu.x",
    "file:///home/kinow/Development/python/workspace/getit-workflows/fall3d-what-if-volcanos.0.2.1.cwl#demo-etna/run_fall3d/inp": {
        "location": "file:///tmp/gbif1j2x/final.inp",
        "basename": "final.inp",
        "nameroot": "final",
        "nameext": ".inp",
        "class": "File",
        "checksum": "sha1$5b05b7e9ca695dd62c40645ebc45838de21157d3",
        "size": 29144,
        "http://commonwl.org/cwltool#generation": 0
    },
    "file:///home/kinow/Development/python/workspace/getit-workflows/fall3d-what-if-volcanos.0.2.1.cwl#demo-etna/run_fall3d/meteo": "/app/meteo.nc",
    "file:///home/kinow/Development/python/workspace/getit-workflows/fall3d-what-if-volcanos.0.2.1.cwl#demo-etna/run_fall3d/nx": 3,
    "file:///home/kinow/Development/python/workspace/getit-workflows/fall3d-what-if-volcanos.0.2.1.cwl#demo-etna/run_fall3d/ny": 2,
    "file:///home/kinow/Development/python/workspace/getit-workflows/fall3d-what-if-volcanos.0.2.1.cwl#demo-etna/run_fall3d/nz": 1,
    "file:///home/kinow/Development/python/workspace/getit-workflows/fall3d-what-if-volcanos.0.2.1.cwl#demo-etna/run_fall3d/phases": {
        "location": "file:///tmp/36_mofvb/phases.dat",
        "basename": "phases.dat",
        "nameroot": "phases",
        "nameext": ".dat",
        "class": "File",
        "checksum": "sha1$b62d994f43911242fa91f4d83e487b0e53ec5b3d",
        "size": 10,
        "http://commonwl.org/cwltool#generation": 0
    },
    "file:///home/kinow/Development/python/workspace/getit-workflows/fall3d-what-if-volcanos.0.2.1.cwl#demo-etna/run_fall3d/restart": "/app/restart.nc"
}[0m
[1;30mDEBUG[0m [32m[step run_fall3d] evaluated job input to {
    "file:///home/kinow/Development/python/workspace/getit-workflows/fall3d-what-if-volcanos.0.2.1.cwl#demo-etna/run_fall3d/exe": "Fall3d.GNU.r8.mpi.cpu.x",
    "file:///home/kinow/Development/python/workspace/getit-workflows/fall3d-what-if-volcanos.0.2.1.cwl#demo-etna/run_fall3d/inp": {
        "location": "file:///tmp/gbif1j2x/final.inp",
        "basename": "final.inp",
        "nameroot": "final",
        "nameext": ".inp",
        "class": "File",
        "checksum": "sha1$5b05b7e9ca695dd62c40645ebc45838de21157d3",
        "size": 29144,
        "http://commonwl.org/cwltool#generation": 0
    },
    "file:///home/kinow/Development/python/workspace/getit-workflows/fall3d-what-if-volcanos.0.2.1.cwl#demo-etna/run_fall3d/meteo": "/app/meteo.nc",
    "file:///home/kinow/Development/python/workspace/getit-workflows/fall3d-what-if-volcanos.0.2.1.cwl#demo-etna/run_fall3d/nx": 3,
    "file:///home/kinow/Development/python/workspace/getit-workflows/fall3d-what-if-volcanos.0.2.1.cwl#demo-etna/run_fall3d/ny": 2,
    "file:///home/kinow/Development/python/workspace/getit-workflows/fall3d-what-if-volcanos.0.2.1.cwl#demo-etna/run_fall3d/nz": 1,
    "file:///home/kinow/Development/python/workspace/getit-workflows/fall3d-what-if-volcanos.0.2.1.cwl#demo-etna/run_fall3d/phases": {
        "location": "file:///tmp/36_mofvb/phases.dat",
        "basename": "phases.dat",
        "nameroot": "phases",
        "nameext": ".dat",
        "class": "File",
        "checksum": "sha1$b62d994f43911242fa91f4d83e487b0e53ec5b3d",
        "size": 10,
        "http://commonwl.org/cwltool#generation": 0
    },
    "file:///home/kinow/Development/python/workspace/getit-workflows/fall3d-what-if-volcanos.0.2.1.cwl#demo-etna/run_fall3d/restart": "/app/restart.nc"
}[0m
[1;30mINFO[0m [step run_fall3d] start
[1;30mDEBUG[0m [32m[job run_fall3d] initializing from file:///home/kinow/Development/python/workspace/getit-workflows/fall3d-what-if-volcanos.0.2.1.cwl#runner-etna as part of step run_fall3d[0m
[1;30mDEBUG[0m [32m[job run_fall3d] {
    "exe": "Fall3d.GNU.r8.mpi.cpu.x",
    "inp": {
        "location": "file:///tmp/gbif1j2x/final.inp",
        "basename": "final.inp",
        "nameroot": "final",
        "nameext": ".inp",
        "class": "File",
        "checksum": "sha1$5b05b7e9ca695dd62c40645ebc45838de21157d3",
        "size": 29144,
        "http://commonwl.org/cwltool#generation": 0
    },
    "meteo": "/app/meteo.nc",
    "nx": 3,
    "ny": 2,
    "nz": 1,
    "phases": {
        "location": "file:///tmp/36_mofvb/phases.dat",
        "basename": "phases.dat",
        "nameroot": "phases",
        "nameext": ".dat",
        "class": "File",
        "checksum": "sha1$b62d994f43911242fa91f4d83e487b0e53ec5b3d",
        "size": 10,
        "http://commonwl.org/cwltool#generation": 0
    },
    "restart": "/app/restart.nc",
    "task": "all"
}[0m
[1;30mDEBUG[0m [32m[job run_fall3d] path mappings is {
    "file:///tmp/gbif1j2x/final.inp": [
        "/tmp/gbif1j2x/final.inp",
        "/QZTsvj/final.inp",
        "File",
        false
    ],
    "file:///tmp/36_mofvb/phases.dat": [
        "/tmp/36_mofvb/phases.dat",
        "/QZTsvj/phases.dat",
        "File",
        false
    ]
}[0m
[1;30mDEBUG[0m [32m[job run_fall3d] command line bindings is [
    {
        "position": [
            -1000000,
            0
        ],
        "datum": "mpirun"
    },
    {
        "prefix": "-n",
        "valueFrom": "$(inputs.nx * inputs.ny * inputs.nz)",
        "position": [
            0,
            0
        ]
    },
    {
        "position": [
            0,
            "exe"
        ],
        "datum": "Fall3d.GNU.r8.mpi.cpu.x"
    },
    {
        "position": [
            1,
            "task"
        ],
        "datum": "all"
    },
    {
        "position": [
            2,
            "inp"
        ],
        "datum": {
            "location": "file:///tmp/gbif1j2x/final.inp",
            "basename": "final.inp",
            "nameroot": "final",
            "nameext": ".inp",
            "class": "File",
            "checksum": "sha1$5b05b7e9ca695dd62c40645ebc45838de21157d3",
            "size": 29144,
            "http://commonwl.org/cwltool#generation": 0,
            "path": "/QZTsvj/final.inp",
            "dirname": "/QZTsvj"
        }
    },
    {
        "position": [
            3,
            "nx"
        ],
        "datum": 3
    },
    {
        "position": [
            4,
            "ny"
        ],
        "datum": 2
    },
    {
        "position": [
            5,
            "nz"
        ],
        "datum": 1
    }
][0m
[1;30mINFO[0m Using local copy of Singularity image docker.io_dtgeo_get-it-what-if-demo-etna:last_version.sif found in /home/kinow/Development/python/workspace/getit-workflows
[1;30mDEBUG[0m [32m[job run_fall3d] initial work dir {
    "file:///tmp/gbif1j2x/final.inp": [
        "/tmp/gbif1j2x/final.inp",
        "/QZTsvj/final.inp",
        "File",
        true
    ],
    "file:///tmp/36_mofvb/phases.dat": [
        "/tmp/36_mofvb/phases.dat",
        "/QZTsvj/phases.dat",
        "File",
        true
    ]
}[0m
[1;30mINFO[0m [job run_fall3d] /tmp/_9xz2ukl$ singularity \
    --quiet \
    run \
    --contain \
    --ipc \
    --cleanenv \
    --no-eval \
    --userns \
    --home \
    /tmp/_9xz2ukl:/QZTsvj \
    --mount=type=bind,source=/tmp/0qq2hup8,target=/tmp \
    --mount=type=bind,source=/tmp/gbif1j2x/final.inp,target=/QZTsvj/final.inp,readonly \
    --mount=type=bind,source=/tmp/36_mofvb/phases.dat,target=/QZTsvj/phases.dat,readonly \
    --pwd \
    /QZTsvj \
    /home/kinow/Development/python/workspace/getit-workflows/docker.io_dtgeo_get-it-what-if-demo-etna:last_version.sif \
    mpirun \
    -n \
    6 \
    Fall3d.GNU.r8.mpi.cpu.x \
    all \
    /QZTsvj/final.inp \
    3 \
    2 \
    1 > /tmp/_9xz2ukl/fall3d.out 2> /tmp/_9xz2ukl/fall3d.err
[1;30mINFO[0m [job run_fall3d] completed success
[1;30mDEBUG[0m [32m[job run_fall3d] outputs {
    "log": {
        "location": "file:///tmp/_9xz2ukl/final.Fall3d.log",
        "basename": "final.Fall3d.log",
        "nameroot": "final.Fall3d",
        "nameext": ".log",
        "class": "File",
        "checksum": "sha1$27593619059c0d19b7f186e556842717fcdb7565",
        "size": 212974,
        "http://commonwl.org/cwltool#generation": 0
    },
    "res": {
        "location": "file:///tmp/_9xz2ukl/final.res.nc",
        "basename": "final.res.nc",
        "nameroot": "final.res",
        "nameext": ".nc",
        "class": "File",
        "checksum": "sha1$e28dc7ac4bb6d207d7fd7c289bccfe44c61afad2",
        "size": 43805153,
        "http://commonwl.org/cwltool#generation": 0
    },
    "rst": {
        "location": "file:///tmp/_9xz2ukl/final.2018-12-26-00-00.rst.nc",
        "basename": "final.2018-12-26-00-00.rst.nc",
        "nameroot": "final.2018-12-26-00-00.rst",
        "nameext": ".nc",
        "class": "File",
        "checksum": "sha1$f508ea2beab71be728f43c4e494cce7feb7b7632",
        "size": 23733886,
        "http://commonwl.org/cwltool#generation": 0
    },
    "stderr": {
        "location": "file:///tmp/_9xz2ukl/fall3d.err",
        "basename": "fall3d.err",
        "nameroot": "fall3d",
        "nameext": ".err",
        "class": "File",
        "checksum": "sha1$ff9b6a5de8fd935da68e1fb07b07c1a53805390f",
        "size": 430,
        "http://commonwl.org/cwltool#generation": 0
    },
    "stdout": {
        "location": "file:///tmp/_9xz2ukl/fall3d.out",
        "basename": "fall3d.out",
        "nameroot": "fall3d",
        "nameext": ".out",
        "class": "File",
        "checksum": "sha1$77f87d5c50db08775ddc3d10d689e9af157a619b",
        "size": 1475,
        "http://commonwl.org/cwltool#generation": 0
    }
}[0m
[1;30mDEBUG[0m [32m[step run_fall3d] produced output {
    "file:///home/kinow/Development/python/workspace/getit-workflows/fall3d-what-if-volcanos.0.2.1.cwl#demo-etna/run_fall3d/log": {
        "location": "file:///tmp/_9xz2ukl/final.Fall3d.log",
        "basename": "final.Fall3d.log",
        "nameroot": "final.Fall3d",
        "nameext": ".log",
        "class": "File",
        "checksum": "sha1$27593619059c0d19b7f186e556842717fcdb7565",
        "size": 212974,
        "http://commonwl.org/cwltool#generation": 0
    },
    "file:///home/kinow/Development/python/workspace/getit-workflows/fall3d-what-if-volcanos.0.2.1.cwl#demo-etna/run_fall3d/res": {
        "location": "file:///tmp/_9xz2ukl/final.res.nc",
        "basename": "final.res.nc",
        "nameroot": "final.res",
        "nameext": ".nc",
        "class": "File",
        "checksum": "sha1$e28dc7ac4bb6d207d7fd7c289bccfe44c61afad2",
        "size": 43805153,
        "http://commonwl.org/cwltool#generation": 0
    },
    "file:///home/kinow/Development/python/workspace/getit-workflows/fall3d-what-if-volcanos.0.2.1.cwl#demo-etna/run_fall3d/rst": {
        "location": "file:///tmp/_9xz2ukl/final.2018-12-26-00-00.rst.nc",
        "basename": "final.2018-12-26-00-00.rst.nc",
        "nameroot": "final.2018-12-26-00-00.rst",
        "nameext": ".nc",
        "class": "File",
        "checksum": "sha1$f508ea2beab71be728f43c4e494cce7feb7b7632",
        "size": 23733886,
        "http://commonwl.org/cwltool#generation": 0
    }
}[0m
[1;30mINFO[0m [step run_fall3d] completed success
[1;30mDEBUG[0m [32m[job run_fall3d] Removing input staging directory /tmp/_6g800ro[0m
[1;30mDEBUG[0m [32m[job run_fall3d] Removing temporary directory /tmp/0qq2hup8[0m
[1;30mDEBUG[0m [32m[workflow ] job step file:///home/kinow/Development/python/workspace/getit-workflows/fall3d-what-if-volcanos.0.2.1.cwl#demo-etna/create_catalog not ready[0m
[1;30mINFO[0m [workflow ] starting step create_cogs
[1;30mINFO[0m [step create_cogs] start
[1;30mDEBUG[0m [32m[job create_cogs] initializing from file:///home/kinow/Development/python/workspace/getit-workflows/fall3d-what-if-volcanos.0.2.1.cwl#figures-etna as part of step create_cogs[0m
[1;30mDEBUG[0m [32m[job create_cogs] {
    "key": "tephra_col_mass",
    "netcdf": {
        "location": "file:///tmp/_9xz2ukl/final.res.nc",
        "basename": "final.res.nc",
        "nameroot": "final.res",
        "nameext": ".nc",
        "class": "File",
        "checksum": "sha1$e28dc7ac4bb6d207d7fd7c289bccfe44c61afad2",
        "size": 43805153,
        "http://commonwl.org/cwltool#generation": 0
    },
    "times": 6
}[0m
[1;30mDEBUG[0m [32m[job create_cogs] path mappings is {
    "file:///tmp/_9xz2ukl/final.res.nc": [
        "/tmp/_9xz2ukl/final.res.nc",
        "/var/lib/cwl/stge2dc0093-902e-4311-9783-4511edc518c8/final.res.nc",
        "File",
        true
    ]
}[0m
[1;30mDEBUG[0m [32m[job create_cogs] command line bindings is [
    {
        "position": [
            -1000000,
            0
        ],
        "datum": "createCOG.py"
    },
    {
        "prefix": "--key",
        "position": [
            0,
            "key"
        ],
        "datum": "tephra_col_mass"
    },
    {
        "prefix": "--fname",
        "position": [
            0,
            "netcdf"
        ],
        "datum": {
            "location": "file:///tmp/_9xz2ukl/final.res.nc",
            "basename": "final.res.nc",
            "nameroot": "final.res",
            "nameext": ".nc",
            "class": "File",
            "checksum": "sha1$e28dc7ac4bb6d207d7fd7c289bccfe44c61afad2",
            "size": 43805153,
            "http://commonwl.org/cwltool#generation": 0,
            "path": "/var/lib/cwl/stge2dc0093-902e-4311-9783-4511edc518c8/final.res.nc",
            "dirname": "/var/lib/cwl/stge2dc0093-902e-4311-9783-4511edc518c8"
        }
    },
    {
        "prefix": "--times",
        "position": [
            0,
            "times"
        ],
        "datum": 6
    }
][0m
[1;30mINFO[0m Using local copy of Singularity image docker.io_dtgeo_get-it-what-if-demo-etna:last_version.sif found in /home/kinow/Development/python/workspace/getit-workflows
[1;30mDEBUG[0m [32m[job create_cogs] initial work dir {}[0m
[1;30mINFO[0m [job create_cogs] /tmp/3n8aaqp3$ singularity \
    --quiet \
    run \
    --contain \
    --ipc \
    --cleanenv \
    --no-eval \
    --userns \
    --home \
    /tmp/3n8aaqp3:/QZTsvj \
    --mount=type=bind,source=/tmp/k8njfehs,target=/tmp \
    --mount=type=bind,source=/tmp/_9xz2ukl/final.res.nc,target=/var/lib/cwl/stge2dc0093-902e-4311-9783-4511edc518c8/final.res.nc,readonly \
    --pwd \
    /QZTsvj \
    /home/kinow/Development/python/workspace/getit-workflows/docker.io_dtgeo_get-it-what-if-demo-etna:last_version.sif \
    createCOG.py \
    --key \
    tephra_col_mass \
    --fname \
    /var/lib/cwl/stge2dc0093-902e-4311-9783-4511edc518c8/final.res.nc \
    --times \
    6
INFO:NETCDF2COG:Creating COG GeoTIFF file...
Warning!  Library version information error.
The HDF5 library version information are not consistent in its source code.
This is NOT a fatal error but should be corrected.  Setting the environment
variable 'HDF5_DISABLE_VERSION_CHECK' to a value of 1 will suppress
this warning.
Library version information are:
H5_VERS_MAJOR=1, H5_VERS_MINOR=14, H5_VERS_RELEASE=4, H5_VERS_SUBRELEASE=2,
H5_VERS_INFO=HDF5 library version: 1.14.4
INFO:NETCDF2COG:Saving tephra_col_mass-t000.tif
INFO:NETCDF2COG:Saving tephra_col_mass-t006.tif
INFO:NETCDF2COG:Saving tephra_col_mass-t012.tif
INFO:NETCDF2COG:Saving tephra_col_mass-t018.tif
INFO:NETCDF2COG:Saving tephra_col_mass-t024.tif
INFO:NETCDF2COG:Done!
[1;30mINFO[0m [job create_cogs] completed success
[1;30mDEBUG[0m [32m[job create_cogs] outputs {
    "tif": [
        {
            "location": "file:///tmp/3n8aaqp3/tephra_col_mass-t000.tif",
            "basename": "tephra_col_mass-t000.tif",
            "nameroot": "tephra_col_mass-t000",
            "nameext": ".tif",
            "class": "File",
            "checksum": "sha1$ce115b23707b9e169470dc159722e2deb5eff2e3",
            "size": 41516,
            "http://commonwl.org/cwltool#generation": 0
        },
        {
            "location": "file:///tmp/3n8aaqp3/tephra_col_mass-t006.tif",
            "basename": "tephra_col_mass-t006.tif",
            "nameroot": "tephra_col_mass-t006",
            "nameext": ".tif",
            "class": "File",
            "checksum": "sha1$4cf659301e4dd12b4ee72b103685b41bdfa9692d",
            "size": 70723,
            "http://commonwl.org/cwltool#generation": 0
        },
        {
            "location": "file:///tmp/3n8aaqp3/tephra_col_mass-t012.tif",
            "basename": "tephra_col_mass-t012.tif",
            "nameroot": "tephra_col_mass-t012",
            "nameext": ".tif",
            "class": "File",
            "checksum": "sha1$a3f75e86a382aa65b3161b5d2f102b41e72b410e",
            "size": 81387,
            "http://commonwl.org/cwltool#generation": 0
        },
        {
            "location": "file:///tmp/3n8aaqp3/tephra_col_mass-t018.tif",
            "basename": "tephra_col_mass-t018.tif",
            "nameroot": "tephra_col_mass-t018",
            "nameext": ".tif",
            "class": "File",
            "checksum": "sha1$a6620516904832b246d0a82f9045bf835ebbd636",
            "size": 95933,
            "http://commonwl.org/cwltool#generation": 0
        },
        {
            "location": "file:///tmp/3n8aaqp3/tephra_col_mass-t024.tif",
            "basename": "tephra_col_mass-t024.tif",
            "nameroot": "tephra_col_mass-t024",
            "nameext": ".tif",
            "class": "File",
            "checksum": "sha1$36cbb7e811d3e8fa260c3f0d2b6d3a955dd717b8",
            "size": 104290,
            "http://commonwl.org/cwltool#generation": 0
        }
    ]
}[0m
[1;30mDEBUG[0m [32m[job create_cogs] Removing input staging directory /tmp/_usx9e5g[0m
[1;30mDEBUG[0m [32m[job create_cogs] Removing temporary directory /tmp/k8njfehs[0m
[1;30mINFO[0m [step create_cogs] start
[1;30mDEBUG[0m [32m[job create_cogs_2] initializing from file:///home/kinow/Development/python/workspace/getit-workflows/fall3d-what-if-volcanos.0.2.1.cwl#figures-etna as part of step create_cogs[0m
[1;30mDEBUG[0m [32m[job create_cogs_2] {
    "key": "SO2_cloud_top",
    "netcdf": {
        "location": "file:///tmp/_9xz2ukl/final.res.nc",
        "basename": "final.res.nc",
        "nameroot": "final.res",
        "nameext": ".nc",
        "class": "File",
        "checksum": "sha1$e28dc7ac4bb6d207d7fd7c289bccfe44c61afad2",
        "size": 43805153,
        "http://commonwl.org/cwltool#generation": 0
    },
    "times": 6
}[0m
[1;30mDEBUG[0m [32m[job create_cogs_2] path mappings is {
    "file:///tmp/_9xz2ukl/final.res.nc": [
        "/tmp/_9xz2ukl/final.res.nc",
        "/var/lib/cwl/stg2ca068ad-3ec5-4410-98cd-f600ed6dc1df/final.res.nc",
        "File",
        true
    ]
}[0m
[1;30mDEBUG[0m [32m[job create_cogs_2] command line bindings is [
    {
        "position": [
            -1000000,
            0
        ],
        "datum": "createCOG.py"
    },
    {
        "prefix": "--key",
        "position": [
            0,
            "key"
        ],
        "datum": "SO2_cloud_top"
    },
    {
        "prefix": "--fname",
        "position": [
            0,
            "netcdf"
        ],
        "datum": {
            "location": "file:///tmp/_9xz2ukl/final.res.nc",
            "basename": "final.res.nc",
            "nameroot": "final.res",
            "nameext": ".nc",
            "class": "File",
            "checksum": "sha1$e28dc7ac4bb6d207d7fd7c289bccfe44c61afad2",
            "size": 43805153,
            "http://commonwl.org/cwltool#generation": 0,
            "path": "/var/lib/cwl/stg2ca068ad-3ec5-4410-98cd-f600ed6dc1df/final.res.nc",
            "dirname": "/var/lib/cwl/stg2ca068ad-3ec5-4410-98cd-f600ed6dc1df"
        }
    },
    {
        "prefix": "--times",
        "position": [
            0,
            "times"
        ],
        "datum": 6
    }
][0m
[1;30mDEBUG[0m [32m[job create_cogs_2] initial work dir {}[0m
[1;30mINFO[0m [job create_cogs_2] /tmp/gzi5j99b$ singularity \
    --quiet \
    run \
    --contain \
    --ipc \
    --cleanenv \
    --no-eval \
    --userns \
    --home \
    /tmp/gzi5j99b:/QZTsvj \
    --mount=type=bind,source=/tmp/3knb6mq9,target=/tmp \
    --mount=type=bind,source=/tmp/_9xz2ukl/final.res.nc,target=/var/lib/cwl/stg2ca068ad-3ec5-4410-98cd-f600ed6dc1df/final.res.nc,readonly \
    --pwd \
    /QZTsvj \
    /home/kinow/Development/python/workspace/getit-workflows/docker.io_dtgeo_get-it-what-if-demo-etna:last_version.sif \
    createCOG.py \
    --key \
    SO2_cloud_top \
    --fname \
    /var/lib/cwl/stg2ca068ad-3ec5-4410-98cd-f600ed6dc1df/final.res.nc \
    --times \
    6
INFO:NETCDF2COG:Creating COG GeoTIFF file...
Warning!  Library version information error.
The HDF5 library version information are not consistent in its source code.
This is NOT a fatal error but should be corrected.  Setting the environment
variable 'HDF5_DISABLE_VERSION_CHECK' to a value of 1 will suppress
this warning.
Library version information are:
H5_VERS_MAJOR=1, H5_VERS_MINOR=14, H5_VERS_RELEASE=4, H5_VERS_SUBRELEASE=2,
H5_VERS_INFO=HDF5 library version: 1.14.4
INFO:NETCDF2COG:Saving SO2_cloud_top-t000.tif
INFO:NETCDF2COG:Saving SO2_cloud_top-t006.tif
INFO:NETCDF2COG:Saving SO2_cloud_top-t012.tif
INFO:NETCDF2COG:Saving SO2_cloud_top-t018.tif
INFO:NETCDF2COG:Saving SO2_cloud_top-t024.tif
INFO:NETCDF2COG:Done!
[1;30mINFO[0m [job create_cogs_2] completed success
[1;30mDEBUG[0m [32m[job create_cogs_2] outputs {
    "tif": [
        {
            "location": "file:///tmp/gzi5j99b/SO2_cloud_top-t000.tif",
            "basename": "SO2_cloud_top-t000.tif",
            "nameroot": "SO2_cloud_top-t000",
            "nameext": ".tif",
            "class": "File",
            "checksum": "sha1$7ebc65866142d132119d645a25fe39a410023b8f",
            "size": 18747,
            "http://commonwl.org/cwltool#generation": 0
        },
        {
            "location": "file:///tmp/gzi5j99b/SO2_cloud_top-t006.tif",
            "basename": "SO2_cloud_top-t006.tif",
            "nameroot": "SO2_cloud_top-t006",
            "nameext": ".tif",
            "class": "File",
            "checksum": "sha1$79117692a6710938a8e0cb5eba66cd2864d28ada",
            "size": 18414,
            "http://commonwl.org/cwltool#generation": 0
        },
        {
            "location": "file:///tmp/gzi5j99b/SO2_cloud_top-t012.tif",
            "basename": "SO2_cloud_top-t012.tif",
            "nameroot": "SO2_cloud_top-t012",
            "nameext": ".tif",
            "class": "File",
            "checksum": "sha1$1ac061768b261f89ddabd85599371d9e0af685c0",
            "size": 22041,
            "http://commonwl.org/cwltool#generation": 0
        },
        {
            "location": "file:///tmp/gzi5j99b/SO2_cloud_top-t018.tif",
            "basename": "SO2_cloud_top-t018.tif",
            "nameroot": "SO2_cloud_top-t018",
            "nameext": ".tif",
            "class": "File",
            "checksum": "sha1$60141b657697e36fff0aa6dee432cb15294ba9e4",
            "size": 19638,
            "http://commonwl.org/cwltool#generation": 0
        },
        {
            "location": "file:///tmp/gzi5j99b/SO2_cloud_top-t024.tif",
            "basename": "SO2_cloud_top-t024.tif",
            "nameroot": "SO2_cloud_top-t024",
            "nameext": ".tif",
            "class": "File",
            "checksum": "sha1$0c15d62226cc5f707b5ed87318e7fd5e01e47888",
            "size": 21717,
            "http://commonwl.org/cwltool#generation": 0
        }
    ]
}[0m
[1;30mDEBUG[0m [32m[step create_cogs] produced output {
    "file:///home/kinow/Development/python/workspace/getit-workflows/fall3d-what-if-volcanos.0.2.1.cwl#demo-etna/create_cogs/tif": [
        [
            {
                "location": "file:///tmp/3n8aaqp3/tephra_col_mass-t000.tif",
                "basename": "tephra_col_mass-t000.tif",
                "nameroot": "tephra_col_mass-t000",
                "nameext": ".tif",
                "class": "File",
                "checksum": "sha1$ce115b23707b9e169470dc159722e2deb5eff2e3",
                "size": 41516,
                "http://commonwl.org/cwltool#generation": 0
            },
            {
                "location": "file:///tmp/3n8aaqp3/tephra_col_mass-t006.tif",
                "basename": "tephra_col_mass-t006.tif",
                "nameroot": "tephra_col_mass-t006",
                "nameext": ".tif",
                "class": "File",
                "checksum": "sha1$4cf659301e4dd12b4ee72b103685b41bdfa9692d",
                "size": 70723,
                "http://commonwl.org/cwltool#generation": 0
            },
            {
                "location": "file:///tmp/3n8aaqp3/tephra_col_mass-t012.tif",
                "basename": "tephra_col_mass-t012.tif",
                "nameroot": "tephra_col_mass-t012",
                "nameext": ".tif",
                "class": "File",
                "checksum": "sha1$a3f75e86a382aa65b3161b5d2f102b41e72b410e",
                "size": 81387,
                "http://commonwl.org/cwltool#generation": 0
            },
            {
                "location": "file:///tmp/3n8aaqp3/tephra_col_mass-t018.tif",
                "basename": "tephra_col_mass-t018.tif",
                "nameroot": "tephra_col_mass-t018",
                "nameext": ".tif",
                "class": "File",
                "checksum": "sha1$a6620516904832b246d0a82f9045bf835ebbd636",
                "size": 95933,
                "http://commonwl.org/cwltool#generation": 0
            },
            {
                "location": "file:///tmp/3n8aaqp3/tephra_col_mass-t024.tif",
                "basename": "tephra_col_mass-t024.tif",
                "nameroot": "tephra_col_mass-t024",
                "nameext": ".tif",
                "class": "File",
                "checksum": "sha1$36cbb7e811d3e8fa260c3f0d2b6d3a955dd717b8",
                "size": 104290,
                "http://commonwl.org/cwltool#generation": 0
            }
        ],
        [
            {
                "location": "file:///tmp/gzi5j99b/SO2_cloud_top-t000.tif",
                "basename": "SO2_cloud_top-t000.tif",
                "nameroot": "SO2_cloud_top-t000",
                "nameext": ".tif",
                "class": "File",
                "checksum": "sha1$7ebc65866142d132119d645a25fe39a410023b8f",
                "size": 18747,
                "http://commonwl.org/cwltool#generation": 0
            },
            {
                "location": "file:///tmp/gzi5j99b/SO2_cloud_top-t006.tif",
                "basename": "SO2_cloud_top-t006.tif",
                "nameroot": "SO2_cloud_top-t006",
                "nameext": ".tif",
                "class": "File",
                "checksum": "sha1$79117692a6710938a8e0cb5eba66cd2864d28ada",
                "size": 18414,
                "http://commonwl.org/cwltool#generation": 0
            },
            {
                "location": "file:///tmp/gzi5j99b/SO2_cloud_top-t012.tif",
                "basename": "SO2_cloud_top-t012.tif",
                "nameroot": "SO2_cloud_top-t012",
                "nameext": ".tif",
                "class": "File",
                "checksum": "sha1$1ac061768b261f89ddabd85599371d9e0af685c0",
                "size": 22041,
                "http://commonwl.org/cwltool#generation": 0
            },
            {
                "location": "file:///tmp/gzi5j99b/SO2_cloud_top-t018.tif",
                "basename": "SO2_cloud_top-t018.tif",
                "nameroot": "SO2_cloud_top-t018",
                "nameext": ".tif",
                "class": "File",
                "checksum": "sha1$60141b657697e36fff0aa6dee432cb15294ba9e4",
                "size": 19638,
                "http://commonwl.org/cwltool#generation": 0
            },
            {
                "location": "file:///tmp/gzi5j99b/SO2_cloud_top-t024.tif",
                "basename": "SO2_cloud_top-t024.tif",
                "nameroot": "SO2_cloud_top-t024",
                "nameext": ".tif",
                "class": "File",
                "checksum": "sha1$0c15d62226cc5f707b5ed87318e7fd5e01e47888",
                "size": 21717,
                "http://commonwl.org/cwltool#generation": 0
            }
        ]
    ]
}[0m
[1;30mINFO[0m [step create_cogs] completed success
[1;30mDEBUG[0m [32m[job create_cogs_2] Removing input staging directory /tmp/kxr3un7o[0m
[1;30mDEBUG[0m [32m[job create_cogs_2] Removing temporary directory /tmp/3knb6mq9[0m
[1;30mINFO[0m [workflow ] starting step create_catalog
[1;30mDEBUG[0m [32m[step create_catalog] job input {
    "file:///home/kinow/Development/python/workspace/getit-workflows/fall3d-what-if-volcanos.0.2.1.cwl#demo-etna/create_catalog/scenario": "high",
    "file:///home/kinow/Development/python/workspace/getit-workflows/fall3d-what-if-volcanos.0.2.1.cwl#demo-etna/create_catalog/tifs": [
        [
            {
                "location": "file:///tmp/3n8aaqp3/tephra_col_mass-t000.tif",
                "basename": "tephra_col_mass-t000.tif",
                "nameroot": "tephra_col_mass-t000",
                "nameext": ".tif",
                "class": "File",
                "checksum": "sha1$ce115b23707b9e169470dc159722e2deb5eff2e3",
                "size": 41516,
                "http://commonwl.org/cwltool#generation": 0
            },
            {
                "location": "file:///tmp/3n8aaqp3/tephra_col_mass-t006.tif",
                "basename": "tephra_col_mass-t006.tif",
                "nameroot": "tephra_col_mass-t006",
                "nameext": ".tif",
                "class": "File",
                "checksum": "sha1$4cf659301e4dd12b4ee72b103685b41bdfa9692d",
                "size": 70723,
                "http://commonwl.org/cwltool#generation": 0
            },
            {
                "location": "file:///tmp/3n8aaqp3/tephra_col_mass-t012.tif",
                "basename": "tephra_col_mass-t012.tif",
                "nameroot": "tephra_col_mass-t012",
                "nameext": ".tif",
                "class": "File",
                "checksum": "sha1$a3f75e86a382aa65b3161b5d2f102b41e72b410e",
                "size": 81387,
                "http://commonwl.org/cwltool#generation": 0
            },
            {
                "location": "file:///tmp/3n8aaqp3/tephra_col_mass-t018.tif",
                "basename": "tephra_col_mass-t018.tif",
                "nameroot": "tephra_col_mass-t018",
                "nameext": ".tif",
                "class": "File",
                "checksum": "sha1$a6620516904832b246d0a82f9045bf835ebbd636",
                "size": 95933,
                "http://commonwl.org/cwltool#generation": 0
            },
            {
                "location": "file:///tmp/3n8aaqp3/tephra_col_mass-t024.tif",
                "basename": "tephra_col_mass-t024.tif",
                "nameroot": "tephra_col_mass-t024",
                "nameext": ".tif",
                "class": "File",
                "checksum": "sha1$36cbb7e811d3e8fa260c3f0d2b6d3a955dd717b8",
                "size": 104290,
                "http://commonwl.org/cwltool#generation": 0
            }
        ],
        [
            {
                "location": "file:///tmp/gzi5j99b/SO2_cloud_top-t000.tif",
                "basename": "SO2_cloud_top-t000.tif",
                "nameroot": "SO2_cloud_top-t000",
                "nameext": ".tif",
                "class": "File",
                "checksum": "sha1$7ebc65866142d132119d645a25fe39a410023b8f",
                "size": 18747,
                "http://commonwl.org/cwltool#generation": 0
            },
            {
                "location": "file:///tmp/gzi5j99b/SO2_cloud_top-t006.tif",
                "basename": "SO2_cloud_top-t006.tif",
                "nameroot": "SO2_cloud_top-t006",
                "nameext": ".tif",
                "class": "File",
                "checksum": "sha1$79117692a6710938a8e0cb5eba66cd2864d28ada",
                "size": 18414,
                "http://commonwl.org/cwltool#generation": 0
            },
            {
                "location": "file:///tmp/gzi5j99b/SO2_cloud_top-t012.tif",
                "basename": "SO2_cloud_top-t012.tif",
                "nameroot": "SO2_cloud_top-t012",
                "nameext": ".tif",
                "class": "File",
                "checksum": "sha1$1ac061768b261f89ddabd85599371d9e0af685c0",
                "size": 22041,
                "http://commonwl.org/cwltool#generation": 0
            },
            {
                "location": "file:///tmp/gzi5j99b/SO2_cloud_top-t018.tif",
                "basename": "SO2_cloud_top-t018.tif",
                "nameroot": "SO2_cloud_top-t018",
                "nameext": ".tif",
                "class": "File",
                "checksum": "sha1$60141b657697e36fff0aa6dee432cb15294ba9e4",
                "size": 19638,
                "http://commonwl.org/cwltool#generation": 0
            },
            {
                "location": "file:///tmp/gzi5j99b/SO2_cloud_top-t024.tif",
                "basename": "SO2_cloud_top-t024.tif",
                "nameroot": "SO2_cloud_top-t024",
                "nameext": ".tif",
                "class": "File",
                "checksum": "sha1$0c15d62226cc5f707b5ed87318e7fd5e01e47888",
                "size": 21717,
                "http://commonwl.org/cwltool#generation": 0
            }
        ]
    ]
}[0m
[1;30mDEBUG[0m [32m[step create_catalog] evaluated job input to {
    "file:///home/kinow/Development/python/workspace/getit-workflows/fall3d-what-if-volcanos.0.2.1.cwl#demo-etna/create_catalog/scenario": "high",
    "file:///home/kinow/Development/python/workspace/getit-workflows/fall3d-what-if-volcanos.0.2.1.cwl#demo-etna/create_catalog/tifs": [
        {
            "location": "file:///tmp/3n8aaqp3/tephra_col_mass-t000.tif",
            "basename": "tephra_col_mass-t000.tif",
            "nameroot": "tephra_col_mass-t000",
            "nameext": ".tif",
            "class": "File",
            "checksum": "sha1$ce115b23707b9e169470dc159722e2deb5eff2e3",
            "size": 41516,
            "http://commonwl.org/cwltool#generation": 0
        },
        {
            "location": "file:///tmp/3n8aaqp3/tephra_col_mass-t006.tif",
            "basename": "tephra_col_mass-t006.tif",
            "nameroot": "tephra_col_mass-t006",
            "nameext": ".tif",
            "class": "File",
            "checksum": "sha1$4cf659301e4dd12b4ee72b103685b41bdfa9692d",
            "size": 70723,
            "http://commonwl.org/cwltool#generation": 0
        },
        {
            "location": "file:///tmp/3n8aaqp3/tephra_col_mass-t012.tif",
            "basename": "tephra_col_mass-t012.tif",
            "nameroot": "tephra_col_mass-t012",
            "nameext": ".tif",
            "class": "File",
            "checksum": "sha1$a3f75e86a382aa65b3161b5d2f102b41e72b410e",
            "size": 81387,
            "http://commonwl.org/cwltool#generation": 0
        },
        {
            "location": "file:///tmp/3n8aaqp3/tephra_col_mass-t018.tif",
            "basename": "tephra_col_mass-t018.tif",
            "nameroot": "tephra_col_mass-t018",
            "nameext": ".tif",
            "class": "File",
            "checksum": "sha1$a6620516904832b246d0a82f9045bf835ebbd636",
            "size": 95933,
            "http://commonwl.org/cwltool#generation": 0
        },
        {
            "location": "file:///tmp/3n8aaqp3/tephra_col_mass-t024.tif",
            "basename": "tephra_col_mass-t024.tif",
            "nameroot": "tephra_col_mass-t024",
            "nameext": ".tif",
            "class": "File",
            "checksum": "sha1$36cbb7e811d3e8fa260c3f0d2b6d3a955dd717b8",
            "size": 104290,
            "http://commonwl.org/cwltool#generation": 0
        },
        {
            "location": "file:///tmp/gzi5j99b/SO2_cloud_top-t000.tif",
            "basename": "SO2_cloud_top-t000.tif",
            "nameroot": "SO2_cloud_top-t000",
            "nameext": ".tif",
            "class": "File",
            "checksum": "sha1$7ebc65866142d132119d645a25fe39a410023b8f",
            "size": 18747,
            "http://commonwl.org/cwltool#generation": 0
        },
        {
            "location": "file:///tmp/gzi5j99b/SO2_cloud_top-t006.tif",
            "basename": "SO2_cloud_top-t006.tif",
            "nameroot": "SO2_cloud_top-t006",
            "nameext": ".tif",
            "class": "File",
            "checksum": "sha1$79117692a6710938a8e0cb5eba66cd2864d28ada",
            "size": 18414,
            "http://commonwl.org/cwltool#generation": 0
        },
        {
            "location": "file:///tmp/gzi5j99b/SO2_cloud_top-t012.tif",
            "basename": "SO2_cloud_top-t012.tif",
            "nameroot": "SO2_cloud_top-t012",
            "nameext": ".tif",
            "class": "File",
            "checksum": "sha1$1ac061768b261f89ddabd85599371d9e0af685c0",
            "size": 22041,
            "http://commonwl.org/cwltool#generation": 0
        },
        {
            "location": "file:///tmp/gzi5j99b/SO2_cloud_top-t018.tif",
            "basename": "SO2_cloud_top-t018.tif",
            "nameroot": "SO2_cloud_top-t018",
            "nameext": ".tif",
            "class": "File",
            "checksum": "sha1$60141b657697e36fff0aa6dee432cb15294ba9e4",
            "size": 19638,
            "http://commonwl.org/cwltool#generation": 0
        },
        {
            "location": "file:///tmp/gzi5j99b/SO2_cloud_top-t024.tif",
            "basename": "SO2_cloud_top-t024.tif",
            "nameroot": "SO2_cloud_top-t024",
            "nameext": ".tif",
            "class": "File",
            "checksum": "sha1$0c15d62226cc5f707b5ed87318e7fd5e01e47888",
            "size": 21717,
            "http://commonwl.org/cwltool#generation": 0
        }
    ]
}[0m
[1;30mINFO[0m [step create_catalog] start
[1;30mDEBUG[0m [32m[job create_catalog] initializing from file:///home/kinow/Development/python/workspace/getit-workflows/fall3d-what-if-volcanos.0.2.1.cwl#catalog-etna as part of step create_catalog[0m
[1;30mDEBUG[0m [32m[job create_catalog] {
    "scenario": "high",
    "tifs": [
        {
            "location": "file:///tmp/3n8aaqp3/tephra_col_mass-t000.tif",
            "basename": "tephra_col_mass-t000.tif",
            "nameroot": "tephra_col_mass-t000",
            "nameext": ".tif",
            "class": "File",
            "checksum": "sha1$ce115b23707b9e169470dc159722e2deb5eff2e3",
            "size": 41516,
            "http://commonwl.org/cwltool#generation": 0
        },
        {
            "location": "file:///tmp/3n8aaqp3/tephra_col_mass-t006.tif",
            "basename": "tephra_col_mass-t006.tif",
            "nameroot": "tephra_col_mass-t006",
            "nameext": ".tif",
            "class": "File",
            "checksum": "sha1$4cf659301e4dd12b4ee72b103685b41bdfa9692d",
            "size": 70723,
            "http://commonwl.org/cwltool#generation": 0
        },
        {
            "location": "file:///tmp/3n8aaqp3/tephra_col_mass-t012.tif",
            "basename": "tephra_col_mass-t012.tif",
            "nameroot": "tephra_col_mass-t012",
            "nameext": ".tif",
            "class": "File",
            "checksum": "sha1$a3f75e86a382aa65b3161b5d2f102b41e72b410e",
            "size": 81387,
            "http://commonwl.org/cwltool#generation": 0
        },
        {
            "location": "file:///tmp/3n8aaqp3/tephra_col_mass-t018.tif",
            "basename": "tephra_col_mass-t018.tif",
            "nameroot": "tephra_col_mass-t018",
            "nameext": ".tif",
            "class": "File",
            "checksum": "sha1$a6620516904832b246d0a82f9045bf835ebbd636",
            "size": 95933,
            "http://commonwl.org/cwltool#generation": 0
        },
        {
            "location": "file:///tmp/3n8aaqp3/tephra_col_mass-t024.tif",
            "basename": "tephra_col_mass-t024.tif",
            "nameroot": "tephra_col_mass-t024",
            "nameext": ".tif",
            "class": "File",
            "checksum": "sha1$36cbb7e811d3e8fa260c3f0d2b6d3a955dd717b8",
            "size": 104290,
            "http://commonwl.org/cwltool#generation": 0
        },
        {
            "location": "file:///tmp/gzi5j99b/SO2_cloud_top-t000.tif",
            "basename": "SO2_cloud_top-t000.tif",
            "nameroot": "SO2_cloud_top-t000",
            "nameext": ".tif",
            "class": "File",
            "checksum": "sha1$7ebc65866142d132119d645a25fe39a410023b8f",
            "size": 18747,
            "http://commonwl.org/cwltool#generation": 0
        },
        {
            "location": "file:///tmp/gzi5j99b/SO2_cloud_top-t006.tif",
            "basename": "SO2_cloud_top-t006.tif",
            "nameroot": "SO2_cloud_top-t006",
            "nameext": ".tif",
            "class": "File",
            "checksum": "sha1$79117692a6710938a8e0cb5eba66cd2864d28ada",
            "size": 18414,
            "http://commonwl.org/cwltool#generation": 0
        },
        {
            "location": "file:///tmp/gzi5j99b/SO2_cloud_top-t012.tif",
            "basename": "SO2_cloud_top-t012.tif",
            "nameroot": "SO2_cloud_top-t012",
            "nameext": ".tif",
            "class": "File",
            "checksum": "sha1$1ac061768b261f89ddabd85599371d9e0af685c0",
            "size": 22041,
            "http://commonwl.org/cwltool#generation": 0
        },
        {
            "location": "file:///tmp/gzi5j99b/SO2_cloud_top-t018.tif",
            "basename": "SO2_cloud_top-t018.tif",
            "nameroot": "SO2_cloud_top-t018",
            "nameext": ".tif",
            "class": "File",
            "checksum": "sha1$60141b657697e36fff0aa6dee432cb15294ba9e4",
            "size": 19638,
            "http://commonwl.org/cwltool#generation": 0
        },
        {
            "location": "file:///tmp/gzi5j99b/SO2_cloud_top-t024.tif",
            "basename": "SO2_cloud_top-t024.tif",
            "nameroot": "SO2_cloud_top-t024",
            "nameext": ".tif",
            "class": "File",
            "checksum": "sha1$0c15d62226cc5f707b5ed87318e7fd5e01e47888",
            "size": 21717,
            "http://commonwl.org/cwltool#generation": 0
        }
    ]
}[0m
[1;30mDEBUG[0m [32m[job create_catalog] path mappings is {
    "file:///tmp/3n8aaqp3/tephra_col_mass-t000.tif": [
        "/tmp/3n8aaqp3/tephra_col_mass-t000.tif",
        "/var/lib/cwl/stgdb4322be-7534-4bc2-863c-2bb52837c3c7/tephra_col_mass-t000.tif",
        "File",
        true
    ],
    "file:///tmp/3n8aaqp3/tephra_col_mass-t006.tif": [
        "/tmp/3n8aaqp3/tephra_col_mass-t006.tif",
        "/var/lib/cwl/stg17b33675-be99-470c-98d0-1d000becbd00/tephra_col_mass-t006.tif",
        "File",
        true
    ],
    "file:///tmp/3n8aaqp3/tephra_col_mass-t012.tif": [
        "/tmp/3n8aaqp3/tephra_col_mass-t012.tif",
        "/var/lib/cwl/stg9d3bd130-bd98-4e71-a9cf-4cc8fe242731/tephra_col_mass-t012.tif",
        "File",
        true
    ],
    "file:///tmp/3n8aaqp3/tephra_col_mass-t018.tif": [
        "/tmp/3n8aaqp3/tephra_col_mass-t018.tif",
        "/var/lib/cwl/stg05b3fe11-743e-4b78-b1fa-1aadb5755fb4/tephra_col_mass-t018.tif",
        "File",
        true
    ],
    "file:///tmp/3n8aaqp3/tephra_col_mass-t024.tif": [
        "/tmp/3n8aaqp3/tephra_col_mass-t024.tif",
        "/var/lib/cwl/stg7a99db94-c08c-463c-ac53-508aadc6986d/tephra_col_mass-t024.tif",
        "File",
        true
    ],
    "file:///tmp/gzi5j99b/SO2_cloud_top-t000.tif": [
        "/tmp/gzi5j99b/SO2_cloud_top-t000.tif",
        "/var/lib/cwl/stg89054c48-61a9-41f6-becb-b5ff77a7bdac/SO2_cloud_top-t000.tif",
        "File",
        true
    ],
    "file:///tmp/gzi5j99b/SO2_cloud_top-t006.tif": [
        "/tmp/gzi5j99b/SO2_cloud_top-t006.tif",
        "/var/lib/cwl/stgea245a59-12a2-40e3-a95c-32f10b533f6b/SO2_cloud_top-t006.tif",
        "File",
        true
    ],
    "file:///tmp/gzi5j99b/SO2_cloud_top-t012.tif": [
        "/tmp/gzi5j99b/SO2_cloud_top-t012.tif",
        "/var/lib/cwl/stg141ab9ee-ff45-4a1f-82a4-f38eefd718a4/SO2_cloud_top-t012.tif",
        "File",
        true
    ],
    "file:///tmp/gzi5j99b/SO2_cloud_top-t018.tif": [
        "/tmp/gzi5j99b/SO2_cloud_top-t018.tif",
        "/var/lib/cwl/stga7d98ef0-d199-43f7-8c5e-2386a4112183/SO2_cloud_top-t018.tif",
        "File",
        true
    ],
    "file:///tmp/gzi5j99b/SO2_cloud_top-t024.tif": [
        "/tmp/gzi5j99b/SO2_cloud_top-t024.tif",
        "/var/lib/cwl/stgf33832c3-3994-45bc-a76c-6d647266ac3a/SO2_cloud_top-t024.tif",
        "File",
        true
    ]
}[0m
[1;30mDEBUG[0m [32m[job create_catalog] command line bindings is [
    {
        "position": [
            -1000000,
            0
        ],
        "datum": "createSTAC.py"
    },
    {
        "prefix": "--path",
        "position": [
            0,
            "scenario"
        ],
        "datum": "high"
    },
    {
        "prefix": "--cogs",
        "position": [
            0,
            "tifs"
        ],
        "datum": [
            {
                "location": "file:///tmp/3n8aaqp3/tephra_col_mass-t000.tif",
                "basename": "tephra_col_mass-t000.tif",
                "nameroot": "tephra_col_mass-t000",
                "nameext": ".tif",
                "class": "File",
                "checksum": "sha1$ce115b23707b9e169470dc159722e2deb5eff2e3",
                "size": 41516,
                "http://commonwl.org/cwltool#generation": 0,
                "path": "/var/lib/cwl/stgdb4322be-7534-4bc2-863c-2bb52837c3c7/tephra_col_mass-t000.tif",
                "dirname": "/var/lib/cwl/stgdb4322be-7534-4bc2-863c-2bb52837c3c7"
            },
            {
                "location": "file:///tmp/3n8aaqp3/tephra_col_mass-t006.tif",
                "basename": "tephra_col_mass-t006.tif",
                "nameroot": "tephra_col_mass-t006",
                "nameext": ".tif",
                "class": "File",
                "checksum": "sha1$4cf659301e4dd12b4ee72b103685b41bdfa9692d",
                "size": 70723,
                "http://commonwl.org/cwltool#generation": 0,
                "path": "/var/lib/cwl/stg17b33675-be99-470c-98d0-1d000becbd00/tephra_col_mass-t006.tif",
                "dirname": "/var/lib/cwl/stg17b33675-be99-470c-98d0-1d000becbd00"
            },
            {
                "location": "file:///tmp/3n8aaqp3/tephra_col_mass-t012.tif",
                "basename": "tephra_col_mass-t012.tif",
                "nameroot": "tephra_col_mass-t012",
                "nameext": ".tif",
                "class": "File",
                "checksum": "sha1$a3f75e86a382aa65b3161b5d2f102b41e72b410e",
                "size": 81387,
                "http://commonwl.org/cwltool#generation": 0,
                "path": "/var/lib/cwl/stg9d3bd130-bd98-4e71-a9cf-4cc8fe242731/tephra_col_mass-t012.tif",
                "dirname": "/var/lib/cwl/stg9d3bd130-bd98-4e71-a9cf-4cc8fe242731"
            },
            {
                "location": "file:///tmp/3n8aaqp3/tephra_col_mass-t018.tif",
                "basename": "tephra_col_mass-t018.tif",
                "nameroot": "tephra_col_mass-t018",
                "nameext": ".tif",
                "class": "File",
                "checksum": "sha1$a6620516904832b246d0a82f9045bf835ebbd636",
                "size": 95933,
                "http://commonwl.org/cwltool#generation": 0,
                "path": "/var/lib/cwl/stg05b3fe11-743e-4b78-b1fa-1aadb5755fb4/tephra_col_mass-t018.tif",
                "dirname": "/var/lib/cwl/stg05b3fe11-743e-4b78-b1fa-1aadb5755fb4"
            },
            {
                "location": "file:///tmp/3n8aaqp3/tephra_col_mass-t024.tif",
                "basename": "tephra_col_mass-t024.tif",
                "nameroot": "tephra_col_mass-t024",
                "nameext": ".tif",
                "class": "File",
                "checksum": "sha1$36cbb7e811d3e8fa260c3f0d2b6d3a955dd717b8",
                "size": 104290,
                "http://commonwl.org/cwltool#generation": 0,
                "path": "/var/lib/cwl/stg7a99db94-c08c-463c-ac53-508aadc6986d/tephra_col_mass-t024.tif",
                "dirname": "/var/lib/cwl/stg7a99db94-c08c-463c-ac53-508aadc6986d"
            },
            {
                "location": "file:///tmp/gzi5j99b/SO2_cloud_top-t000.tif",
                "basename": "SO2_cloud_top-t000.tif",
                "nameroot": "SO2_cloud_top-t000",
                "nameext": ".tif",
                "class": "File",
                "checksum": "sha1$7ebc65866142d132119d645a25fe39a410023b8f",
                "size": 18747,
                "http://commonwl.org/cwltool#generation": 0,
                "path": "/var/lib/cwl/stg89054c48-61a9-41f6-becb-b5ff77a7bdac/SO2_cloud_top-t000.tif",
                "dirname": "/var/lib/cwl/stg89054c48-61a9-41f6-becb-b5ff77a7bdac"
            },
            {
                "location": "file:///tmp/gzi5j99b/SO2_cloud_top-t006.tif",
                "basename": "SO2_cloud_top-t006.tif",
                "nameroot": "SO2_cloud_top-t006",
                "nameext": ".tif",
                "class": "File",
                "checksum": "sha1$79117692a6710938a8e0cb5eba66cd2864d28ada",
                "size": 18414,
                "http://commonwl.org/cwltool#generation": 0,
                "path": "/var/lib/cwl/stgea245a59-12a2-40e3-a95c-32f10b533f6b/SO2_cloud_top-t006.tif",
                "dirname": "/var/lib/cwl/stgea245a59-12a2-40e3-a95c-32f10b533f6b"
            },
            {
                "location": "file:///tmp/gzi5j99b/SO2_cloud_top-t012.tif",
                "basename": "SO2_cloud_top-t012.tif",
                "nameroot": "SO2_cloud_top-t012",
                "nameext": ".tif",
                "class": "File",
                "checksum": "sha1$1ac061768b261f89ddabd85599371d9e0af685c0",
                "size": 22041,
                "http://commonwl.org/cwltool#generation": 0,
                "path": "/var/lib/cwl/stg141ab9ee-ff45-4a1f-82a4-f38eefd718a4/SO2_cloud_top-t012.tif",
                "dirname": "/var/lib/cwl/stg141ab9ee-ff45-4a1f-82a4-f38eefd718a4"
            },
            {
                "location": "file:///tmp/gzi5j99b/SO2_cloud_top-t018.tif",
                "basename": "SO2_cloud_top-t018.tif",
                "nameroot": "SO2_cloud_top-t018",
                "nameext": ".tif",
                "class": "File",
                "checksum": "sha1$60141b657697e36fff0aa6dee432cb15294ba9e4",
                "size": 19638,
                "http://commonwl.org/cwltool#generation": 0,
                "path": "/var/lib/cwl/stga7d98ef0-d199-43f7-8c5e-2386a4112183/SO2_cloud_top-t018.tif",
                "dirname": "/var/lib/cwl/stga7d98ef0-d199-43f7-8c5e-2386a4112183"
            },
            {
                "location": "file:///tmp/gzi5j99b/SO2_cloud_top-t024.tif",
                "basename": "SO2_cloud_top-t024.tif",
                "nameroot": "SO2_cloud_top-t024",
                "nameext": ".tif",
                "class": "File",
                "checksum": "sha1$0c15d62226cc5f707b5ed87318e7fd5e01e47888",
                "size": 21717,
                "http://commonwl.org/cwltool#generation": 0,
                "path": "/var/lib/cwl/stgf33832c3-3994-45bc-a76c-6d647266ac3a/SO2_cloud_top-t024.tif",
                "dirname": "/var/lib/cwl/stgf33832c3-3994-45bc-a76c-6d647266ac3a"
            }
        ]
    },
    {
        "position": [
            0,
            "tifs",
            0,
            0,
            "tifs",
            "tifs"
        ],
        "datum": {
            "location": "file:///tmp/3n8aaqp3/tephra_col_mass-t000.tif",
            "basename": "tephra_col_mass-t000.tif",
            "nameroot": "tephra_col_mass-t000",
            "nameext": ".tif",
            "class": "File",
            "checksum": "sha1$ce115b23707b9e169470dc159722e2deb5eff2e3",
            "size": 41516,
            "http://commonwl.org/cwltool#generation": 0,
            "path": "/var/lib/cwl/stgdb4322be-7534-4bc2-863c-2bb52837c3c7/tephra_col_mass-t000.tif",
            "dirname": "/var/lib/cwl/stgdb4322be-7534-4bc2-863c-2bb52837c3c7"
        }
    },
    {
        "position": [
            0,
            "tifs",
            1,
            0,
            "tifs",
            "tifs"
        ],
        "datum": {
            "location": "file:///tmp/3n8aaqp3/tephra_col_mass-t006.tif",
            "basename": "tephra_col_mass-t006.tif",
            "nameroot": "tephra_col_mass-t006",
            "nameext": ".tif",
            "class": "File",
            "checksum": "sha1$4cf659301e4dd12b4ee72b103685b41bdfa9692d",
            "size": 70723,
            "http://commonwl.org/cwltool#generation": 0,
            "path": "/var/lib/cwl/stg17b33675-be99-470c-98d0-1d000becbd00/tephra_col_mass-t006.tif",
            "dirname": "/var/lib/cwl/stg17b33675-be99-470c-98d0-1d000becbd00"
        }
    },
    {
        "position": [
            0,
            "tifs",
            2,
            0,
            "tifs",
            "tifs"
        ],
        "datum": {
            "location": "file:///tmp/3n8aaqp3/tephra_col_mass-t012.tif",
            "basename": "tephra_col_mass-t012.tif",
            "nameroot": "tephra_col_mass-t012",
            "nameext": ".tif",
            "class": "File",
            "checksum": "sha1$a3f75e86a382aa65b3161b5d2f102b41e72b410e",
            "size": 81387,
            "http://commonwl.org/cwltool#generation": 0,
            "path": "/var/lib/cwl/stg9d3bd130-bd98-4e71-a9cf-4cc8fe242731/tephra_col_mass-t012.tif",
            "dirname": "/var/lib/cwl/stg9d3bd130-bd98-4e71-a9cf-4cc8fe242731"
        }
    },
    {
        "position": [
            0,
            "tifs",
            3,
            0,
            "tifs",
            "tifs"
        ],
        "datum": {
            "location": "file:///tmp/3n8aaqp3/tephra_col_mass-t018.tif",
            "basename": "tephra_col_mass-t018.tif",
            "nameroot": "tephra_col_mass-t018",
            "nameext": ".tif",
            "class": "File",
            "checksum": "sha1$a6620516904832b246d0a82f9045bf835ebbd636",
            "size": 95933,
            "http://commonwl.org/cwltool#generation": 0,
            "path": "/var/lib/cwl/stg05b3fe11-743e-4b78-b1fa-1aadb5755fb4/tephra_col_mass-t018.tif",
            "dirname": "/var/lib/cwl/stg05b3fe11-743e-4b78-b1fa-1aadb5755fb4"
        }
    },
    {
        "position": [
            0,
            "tifs",
            4,
            0,
            "tifs",
            "tifs"
        ],
        "datum": {
            "location": "file:///tmp/3n8aaqp3/tephra_col_mass-t024.tif",
            "basename": "tephra_col_mass-t024.tif",
            "nameroot": "tephra_col_mass-t024",
            "nameext": ".tif",
            "class": "File",
            "checksum": "sha1$36cbb7e811d3e8fa260c3f0d2b6d3a955dd717b8",
            "size": 104290,
            "http://commonwl.org/cwltool#generation": 0,
            "path": "/var/lib/cwl/stg7a99db94-c08c-463c-ac53-508aadc6986d/tephra_col_mass-t024.tif",
            "dirname": "/var/lib/cwl/stg7a99db94-c08c-463c-ac53-508aadc6986d"
        }
    },
    {
        "position": [
            0,
            "tifs",
            5,
            0,
            "tifs",
            "tifs"
        ],
        "datum": {
            "location": "file:///tmp/gzi5j99b/SO2_cloud_top-t000.tif",
            "basename": "SO2_cloud_top-t000.tif",
            "nameroot": "SO2_cloud_top-t000",
            "nameext": ".tif",
            "class": "File",
            "checksum": "sha1$7ebc65866142d132119d645a25fe39a410023b8f",
            "size": 18747,
            "http://commonwl.org/cwltool#generation": 0,
            "path": "/var/lib/cwl/stg89054c48-61a9-41f6-becb-b5ff77a7bdac/SO2_cloud_top-t000.tif",
            "dirname": "/var/lib/cwl/stg89054c48-61a9-41f6-becb-b5ff77a7bdac"
        }
    },
    {
        "position": [
            0,
            "tifs",
            6,
            0,
            "tifs",
            "tifs"
        ],
        "datum": {
            "location": "file:///tmp/gzi5j99b/SO2_cloud_top-t006.tif",
            "basename": "SO2_cloud_top-t006.tif",
            "nameroot": "SO2_cloud_top-t006",
            "nameext": ".tif",
            "class": "File",
            "checksum": "sha1$79117692a6710938a8e0cb5eba66cd2864d28ada",
            "size": 18414,
            "http://commonwl.org/cwltool#generation": 0,
            "path": "/var/lib/cwl/stgea245a59-12a2-40e3-a95c-32f10b533f6b/SO2_cloud_top-t006.tif",
            "dirname": "/var/lib/cwl/stgea245a59-12a2-40e3-a95c-32f10b533f6b"
        }
    },
    {
        "position": [
            0,
            "tifs",
            7,
            0,
            "tifs",
            "tifs"
        ],
        "datum": {
            "location": "file:///tmp/gzi5j99b/SO2_cloud_top-t012.tif",
            "basename": "SO2_cloud_top-t012.tif",
            "nameroot": "SO2_cloud_top-t012",
            "nameext": ".tif",
            "class": "File",
            "checksum": "sha1$1ac061768b261f89ddabd85599371d9e0af685c0",
            "size": 22041,
            "http://commonwl.org/cwltool#generation": 0,
            "path": "/var/lib/cwl/stg141ab9ee-ff45-4a1f-82a4-f38eefd718a4/SO2_cloud_top-t012.tif",
            "dirname": "/var/lib/cwl/stg141ab9ee-ff45-4a1f-82a4-f38eefd718a4"
        }
    },
    {
        "position": [
            0,
            "tifs",
            8,
            0,
            "tifs",
            "tifs"
        ],
        "datum": {
            "location": "file:///tmp/gzi5j99b/SO2_cloud_top-t018.tif",
            "basename": "SO2_cloud_top-t018.tif",
            "nameroot": "SO2_cloud_top-t018",
            "nameext": ".tif",
            "class": "File",
            "checksum": "sha1$60141b657697e36fff0aa6dee432cb15294ba9e4",
            "size": 19638,
            "http://commonwl.org/cwltool#generation": 0,
            "path": "/var/lib/cwl/stga7d98ef0-d199-43f7-8c5e-2386a4112183/SO2_cloud_top-t018.tif",
            "dirname": "/var/lib/cwl/stga7d98ef0-d199-43f7-8c5e-2386a4112183"
        }
    },
    {
        "position": [
            0,
            "tifs",
            9,
            0,
            "tifs",
            "tifs"
        ],
        "datum": {
            "location": "file:///tmp/gzi5j99b/SO2_cloud_top-t024.tif",
            "basename": "SO2_cloud_top-t024.tif",
            "nameroot": "SO2_cloud_top-t024",
            "nameext": ".tif",
            "class": "File",
            "checksum": "sha1$0c15d62226cc5f707b5ed87318e7fd5e01e47888",
            "size": 21717,
            "http://commonwl.org/cwltool#generation": 0,
            "path": "/var/lib/cwl/stgf33832c3-3994-45bc-a76c-6d647266ac3a/SO2_cloud_top-t024.tif",
            "dirname": "/var/lib/cwl/stgf33832c3-3994-45bc-a76c-6d647266ac3a"
        }
    }
][0m
[1;30mINFO[0m Using local copy of Singularity image docker.io_dtgeo_get-it-what-if-demo-etna:last_version.sif found in /home/kinow/Development/python/workspace/getit-workflows
[1;30mDEBUG[0m [32m[job create_catalog] initial work dir {}[0m
[1;30mINFO[0m [job create_catalog] /tmp/c587t9uh$ singularity \
    --quiet \
    run \
    --contain \
    --ipc \
    --cleanenv \
    --no-eval \
    --userns \
    --home \
    /tmp/c587t9uh:/QZTsvj \
    --mount=type=bind,source=/tmp/khkg6rr6,target=/tmp \
    --mount=type=bind,source=/tmp/3n8aaqp3/tephra_col_mass-t000.tif,target=/var/lib/cwl/stgdb4322be-7534-4bc2-863c-2bb52837c3c7/tephra_col_mass-t000.tif,readonly \
    --mount=type=bind,source=/tmp/3n8aaqp3/tephra_col_mass-t006.tif,target=/var/lib/cwl/stg17b33675-be99-470c-98d0-1d000becbd00/tephra_col_mass-t006.tif,readonly \
    --mount=type=bind,source=/tmp/3n8aaqp3/tephra_col_mass-t012.tif,target=/var/lib/cwl/stg9d3bd130-bd98-4e71-a9cf-4cc8fe242731/tephra_col_mass-t012.tif,readonly \
    --mount=type=bind,source=/tmp/3n8aaqp3/tephra_col_mass-t018.tif,target=/var/lib/cwl/stg05b3fe11-743e-4b78-b1fa-1aadb5755fb4/tephra_col_mass-t018.tif,readonly \
    --mount=type=bind,source=/tmp/3n8aaqp3/tephra_col_mass-t024.tif,target=/var/lib/cwl/stg7a99db94-c08c-463c-ac53-508aadc6986d/tephra_col_mass-t024.tif,readonly \
    --mount=type=bind,source=/tmp/gzi5j99b/SO2_cloud_top-t000.tif,target=/var/lib/cwl/stg89054c48-61a9-41f6-becb-b5ff77a7bdac/SO2_cloud_top-t000.tif,readonly \
    --mount=type=bind,source=/tmp/gzi5j99b/SO2_cloud_top-t006.tif,target=/var/lib/cwl/stgea245a59-12a2-40e3-a95c-32f10b533f6b/SO2_cloud_top-t006.tif,readonly \
    --mount=type=bind,source=/tmp/gzi5j99b/SO2_cloud_top-t012.tif,target=/var/lib/cwl/stg141ab9ee-ff45-4a1f-82a4-f38eefd718a4/SO2_cloud_top-t012.tif,readonly \
    --mount=type=bind,source=/tmp/gzi5j99b/SO2_cloud_top-t018.tif,target=/var/lib/cwl/stga7d98ef0-d199-43f7-8c5e-2386a4112183/SO2_cloud_top-t018.tif,readonly \
    --mount=type=bind,source=/tmp/gzi5j99b/SO2_cloud_top-t024.tif,target=/var/lib/cwl/stgf33832c3-3994-45bc-a76c-6d647266ac3a/SO2_cloud_top-t024.tif,readonly \
    --pwd \
    /QZTsvj \
    /home/kinow/Development/python/workspace/getit-workflows/docker.io_dtgeo_get-it-what-if-demo-etna:last_version.sif \
    createSTAC.py \
    --path \
    high \
    --cogs \
    /var/lib/cwl/stgdb4322be-7534-4bc2-863c-2bb52837c3c7/tephra_col_mass-t000.tif \
    /var/lib/cwl/stg17b33675-be99-470c-98d0-1d000becbd00/tephra_col_mass-t006.tif \
    /var/lib/cwl/stg9d3bd130-bd98-4e71-a9cf-4cc8fe242731/tephra_col_mass-t012.tif \
    /var/lib/cwl/stg05b3fe11-743e-4b78-b1fa-1aadb5755fb4/tephra_col_mass-t018.tif \
    /var/lib/cwl/stg7a99db94-c08c-463c-ac53-508aadc6986d/tephra_col_mass-t024.tif \
    /var/lib/cwl/stg89054c48-61a9-41f6-becb-b5ff77a7bdac/SO2_cloud_top-t000.tif \
    /var/lib/cwl/stgea245a59-12a2-40e3-a95c-32f10b533f6b/SO2_cloud_top-t006.tif \
    /var/lib/cwl/stg141ab9ee-ff45-4a1f-82a4-f38eefd718a4/SO2_cloud_top-t012.tif \
    /var/lib/cwl/stga7d98ef0-d199-43f7-8c5e-2386a4112183/SO2_cloud_top-t018.tif \
    /var/lib/cwl/stgf33832c3-3994-45bc-a76c-6d647266ac3a/SO2_cloud_top-t024.tif
INFO:CREATE_STAC:Creating STAC catalog...
INFO:CREATE_STAC:/var/lib/cwl/stgdb4322be-7534-4bc2-863c-2bb52837c3c7/tephra_col_mass-t000.tif: size=5924, nan_count=0, nodata=0.0
INFO:CREATE_STAC:/var/lib/cwl/stg17b33675-be99-470c-98d0-1d000becbd00/tephra_col_mass-t006.tif: size=11421, nan_count=0, nodata=0.0
INFO:CREATE_STAC:/var/lib/cwl/stg9d3bd130-bd98-4e71-a9cf-4cc8fe242731/tephra_col_mass-t012.tif: size=13485, nan_count=0, nodata=0.0
INFO:CREATE_STAC:/var/lib/cwl/stg05b3fe11-743e-4b78-b1fa-1aadb5755fb4/tephra_col_mass-t018.tif: size=16230, nan_count=0, nodata=0.0
INFO:CREATE_STAC:/var/lib/cwl/stg7a99db94-c08c-463c-ac53-508aadc6986d/tephra_col_mass-t024.tif: size=17860, nan_count=0, nodata=0.0
INFO:CREATE_STAC:/var/lib/cwl/stg89054c48-61a9-41f6-becb-b5ff77a7bdac/SO2_cloud_top-t000.tif: size=2014, nan_count=0, nodata=0.0
INFO:CREATE_STAC:/var/lib/cwl/stgea245a59-12a2-40e3-a95c-32f10b533f6b/SO2_cloud_top-t006.tif: size=2006, nan_count=0, nodata=0.0
INFO:CREATE_STAC:/var/lib/cwl/stg141ab9ee-ff45-4a1f-82a4-f38eefd718a4/SO2_cloud_top-t012.tif: size=3029, nan_count=0, nodata=0.0
INFO:CREATE_STAC:/var/lib/cwl/stga7d98ef0-d199-43f7-8c5e-2386a4112183/SO2_cloud_top-t018.tif: size=2311, nan_count=0, nodata=0.0
INFO:CREATE_STAC:/var/lib/cwl/stgf33832c3-3994-45bc-a76c-6d647266ac3a/SO2_cloud_top-t024.tif: size=2943, nan_count=0, nodata=0.0
INFO:CREATE_STAC:Done!
[1;30mINFO[0m [job create_catalog] completed success
[1;30mDEBUG[0m [32m[job create_catalog] outputs {
    "stac": {
        "location": "file:///tmp/c587t9uh/high",
        "basename": "high",
        "nameroot": "high",
        "nameext": "",
        "class": "Directory"
    }
}[0m
[1;30mDEBUG[0m [32m[step create_catalog] produced output {
    "file:///home/kinow/Development/python/workspace/getit-workflows/fall3d-what-if-volcanos.0.2.1.cwl#demo-etna/create_catalog/stac": {
        "location": "file:///tmp/c587t9uh/high",
        "basename": "high",
        "nameroot": "high",
        "nameext": "",
        "class": "Directory"
    }
}[0m
[1;30mINFO[0m [step create_catalog] completed success
[1;30mINFO[0m [workflow ] completed success
[1;30mDEBUG[0m [32m[workflow ] outputs {
    "stac": {
        "location": "file:///tmp/c587t9uh/high",
        "basename": "high",
        "nameroot": "high",
        "nameext": "",
        "class": "Directory"
    }
}[0m
[1;30mDEBUG[0m [32m[job create_catalog] Removing input staging directory /tmp/tj8ol2el[0m
[1;30mDEBUG[0m [32m[job create_catalog] Removing temporary directory /tmp/khkg6rr6[0m
[1;30mDEBUG[0m [32mMoving /tmp/c587t9uh/high to /home/kinow/Development/python/workspace/getit-workflows/high[0m
[1;30mDEBUG[0m [32mMoving /tmp/c587t9uh/high/catalog.json to /home/kinow/Development/python/workspace/getit-workflows/high/catalog.json[0m
[1;30mDEBUG[0m [32mMoving /tmp/c587t9uh/high/024 to /home/kinow/Development/python/workspace/getit-workflows/high/024[0m
[1;30mDEBUG[0m [32mMoving /tmp/c587t9uh/high/024/024.json to /home/kinow/Development/python/workspace/getit-workflows/high/024/024.json[0m
[1;30mDEBUG[0m [32mMoving /tmp/c587t9uh/high/024/SO2_cloud_top-t024.tif to /home/kinow/Development/python/workspace/getit-workflows/high/024/SO2_cloud_top-t024.tif[0m
[1;30mDEBUG[0m [32mMoving /tmp/c587t9uh/high/024/tephra_col_mass-t024.tif to /home/kinow/Development/python/workspace/getit-workflows/high/024/tephra_col_mass-t024.tif[0m
[1;30mDEBUG[0m [32mMoving /tmp/c587t9uh/high/018 to /home/kinow/Development/python/workspace/getit-workflows/high/018[0m
[1;30mDEBUG[0m [32mMoving /tmp/c587t9uh/high/018/018.json to /home/kinow/Development/python/workspace/getit-workflows/high/018/018.json[0m
[1;30mDEBUG[0m [32mMoving /tmp/c587t9uh/high/018/SO2_cloud_top-t018.tif to /home/kinow/Development/python/workspace/getit-workflows/high/018/SO2_cloud_top-t018.tif[0m
[1;30mDEBUG[0m [32mMoving /tmp/c587t9uh/high/018/tephra_col_mass-t018.tif to /home/kinow/Development/python/workspace/getit-workflows/high/018/tephra_col_mass-t018.tif[0m
[1;30mDEBUG[0m [32mMoving /tmp/c587t9uh/high/012 to /home/kinow/Development/python/workspace/getit-workflows/high/012[0m
[1;30mDEBUG[0m [32mMoving /tmp/c587t9uh/high/012/012.json to /home/kinow/Development/python/workspace/getit-workflows/high/012/012.json[0m
[1;30mDEBUG[0m [32mMoving /tmp/c587t9uh/high/012/SO2_cloud_top-t012.tif to /home/kinow/Development/python/workspace/getit-workflows/high/012/SO2_cloud_top-t012.tif[0m
[1;30mDEBUG[0m [32mMoving /tmp/c587t9uh/high/012/tephra_col_mass-t012.tif to /home/kinow/Development/python/workspace/getit-workflows/high/012/tephra_col_mass-t012.tif[0m
[1;30mDEBUG[0m [32mMoving /tmp/c587t9uh/high/006 to /home/kinow/Development/python/workspace/getit-workflows/high/006[0m
[1;30mDEBUG[0m [32mMoving /tmp/c587t9uh/high/006/006.json to /home/kinow/Development/python/workspace/getit-workflows/high/006/006.json[0m
[1;30mDEBUG[0m [32mMoving /tmp/c587t9uh/high/006/SO2_cloud_top-t006.tif to /home/kinow/Development/python/workspace/getit-workflows/high/006/SO2_cloud_top-t006.tif[0m
[1;30mDEBUG[0m [32mMoving /tmp/c587t9uh/high/006/tephra_col_mass-t006.tif to /home/kinow/Development/python/workspace/getit-workflows/high/006/tephra_col_mass-t006.tif[0m
[1;30mDEBUG[0m [32mMoving /tmp/c587t9uh/high/000 to /home/kinow/Development/python/workspace/getit-workflows/high/000[0m
[1;30mDEBUG[0m [32mMoving /tmp/c587t9uh/high/000/000.json to /home/kinow/Development/python/workspace/getit-workflows/high/000/000.json[0m
[1;30mDEBUG[0m [32mMoving /tmp/c587t9uh/high/000/SO2_cloud_top-t000.tif to /home/kinow/Development/python/workspace/getit-workflows/high/000/SO2_cloud_top-t000.tif[0m
[1;30mDEBUG[0m [32mMoving /tmp/c587t9uh/high/000/tephra_col_mass-t000.tif to /home/kinow/Development/python/workspace/getit-workflows/high/000/tephra_col_mass-t000.tif[0m
[1;30mDEBUG[0m [32mRemoving intermediate output directory /tmp/yrh1otn4[0m
[1;30mDEBUG[0m [32mRemoving intermediate output directory /tmp/3n8aaqp3[0m
[1;30mDEBUG[0m [32mRemoving intermediate output directory /tmp/gbif1j2x[0m
[1;30mDEBUG[0m [32mRemoving intermediate output directory /tmp/36_mofvb[0m
[1;30mDEBUG[0m [32mRemoving intermediate output directory /tmp/c587t9uh[0m
[1;30mDEBUG[0m [32mRemoving intermediate output directory /tmp/gzi5j99b[0m
[1;30mDEBUG[0m [32mRemoving intermediate output directory /tmp/_9xz2ukl[0m
{
    "stac": {
        "location": "file:///home/kinow/Development/python/workspace/getit-workflows/high",
        "basename": "high",
        "class": "Directory",
        "listing": [
            {
                "class": "File",
                "location": "file:///home/kinow/Development/python/workspace/getit-workflows/high/catalog.json",
                "basename": "catalog.json",
                "size": 893,
                "checksum": "sha1$6d14eb249bc8937e73eb52084fb185a3adc0f005",
                "path": "/home/kinow/Development/python/workspace/getit-workflows/high/catalog.json"
            },
            {
                "class": "Directory",
                "location": "file:///home/kinow/Development/python/workspace/getit-workflows/high/024",
                "basename": "024",
                "listing": [
                    {
                        "class": "File",
                        "location": "file:///home/kinow/Development/python/workspace/getit-workflows/high/024/024.json",
                        "basename": "024.json",
                        "size": 13216,
                        "checksum": "sha1$850e6214405d71af5cbe7b4712b7cce65713d017",
                        "path": "/home/kinow/Development/python/workspace/getit-workflows/high/024/024.json"
                    },
                    {
                        "class": "File",
                        "location": "file:///home/kinow/Development/python/workspace/getit-workflows/high/024/SO2_cloud_top-t024.tif",
                        "basename": "SO2_cloud_top-t024.tif",
                        "size": 21717,
                        "checksum": "sha1$0c15d62226cc5f707b5ed87318e7fd5e01e47888",
                        "path": "/home/kinow/Development/python/workspace/getit-workflows/high/024/SO2_cloud_top-t024.tif"
                    },
                    {
                        "class": "File",
                        "location": "file:///home/kinow/Development/python/workspace/getit-workflows/high/024/tephra_col_mass-t024.tif",
                        "basename": "tephra_col_mass-t024.tif",
                        "size": 104290,
                        "checksum": "sha1$36cbb7e811d3e8fa260c3f0d2b6d3a955dd717b8",
                        "path": "/home/kinow/Development/python/workspace/getit-workflows/high/024/tephra_col_mass-t024.tif"
                    }
                ],
                "path": "/home/kinow/Development/python/workspace/getit-workflows/high/024"
            },
            {
                "class": "Directory",
                "location": "file:///home/kinow/Development/python/workspace/getit-workflows/high/018",
                "basename": "018",
                "listing": [
                    {
                        "class": "File",
                        "location": "file:///home/kinow/Development/python/workspace/getit-workflows/high/018/018.json",
                        "basename": "018.json",
                        "size": 13192,
                        "checksum": "sha1$b89b025e70e1e946f78e6e9d0ca768efba76b6ca",
                        "path": "/home/kinow/Development/python/workspace/getit-workflows/high/018/018.json"
                    },
                    {
                        "class": "File",
                        "location": "file:///home/kinow/Development/python/workspace/getit-workflows/high/018/SO2_cloud_top-t018.tif",
                        "basename": "SO2_cloud_top-t018.tif",
                        "size": 19638,
                        "checksum": "sha1$60141b657697e36fff0aa6dee432cb15294ba9e4",
                        "path": "/home/kinow/Development/python/workspace/getit-workflows/high/018/SO2_cloud_top-t018.tif"
                    },
                    {
                        "class": "File",
                        "location": "file:///home/kinow/Development/python/workspace/getit-workflows/high/018/tephra_col_mass-t018.tif",
                        "basename": "tephra_col_mass-t018.tif",
                        "size": 95933,
                        "checksum": "sha1$a6620516904832b246d0a82f9045bf835ebbd636",
                        "path": "/home/kinow/Development/python/workspace/getit-workflows/high/018/tephra_col_mass-t018.tif"
                    }
                ],
                "path": "/home/kinow/Development/python/workspace/getit-workflows/high/018"
            },
            {
                "class": "Directory",
                "location": "file:///home/kinow/Development/python/workspace/getit-workflows/high/012",
                "basename": "012",
                "listing": [
                    {
                        "class": "File",
                        "location": "file:///home/kinow/Development/python/workspace/getit-workflows/high/012/012.json",
                        "basename": "012.json",
                        "size": 13175,
                        "checksum": "sha1$815557a330278549f0f8efca7ad1e723790ad6e3",
                        "path": "/home/kinow/Development/python/workspace/getit-workflows/high/012/012.json"
                    },
                    {
                        "class": "File",
                        "location": "file:///home/kinow/Development/python/workspace/getit-workflows/high/012/SO2_cloud_top-t012.tif",
                        "basename": "SO2_cloud_top-t012.tif",
                        "size": 22041,
                        "checksum": "sha1$1ac061768b261f89ddabd85599371d9e0af685c0",
                        "path": "/home/kinow/Development/python/workspace/getit-workflows/high/012/SO2_cloud_top-t012.tif"
                    },
                    {
                        "class": "File",
                        "location": "file:///home/kinow/Development/python/workspace/getit-workflows/high/012/tephra_col_mass-t012.tif",
                        "basename": "tephra_col_mass-t012.tif",
                        "size": 81387,
                        "checksum": "sha1$a3f75e86a382aa65b3161b5d2f102b41e72b410e",
                        "path": "/home/kinow/Development/python/workspace/getit-workflows/high/012/tephra_col_mass-t012.tif"
                    }
                ],
                "path": "/home/kinow/Development/python/workspace/getit-workflows/high/012"
            },
            {
                "class": "Directory",
                "location": "file:///home/kinow/Development/python/workspace/getit-workflows/high/006",
                "basename": "006",
                "listing": [
                    {
                        "class": "File",
                        "location": "file:///home/kinow/Development/python/workspace/getit-workflows/high/006/006.json",
                        "basename": "006.json",
                        "size": 13162,
                        "checksum": "sha1$a6209c52a41074180f57dc0edf06096a72bee015",
                        "path": "/home/kinow/Development/python/workspace/getit-workflows/high/006/006.json"
                    },
                    {
                        "class": "File",
                        "location": "file:///home/kinow/Development/python/workspace/getit-workflows/high/006/SO2_cloud_top-t006.tif",
                        "basename": "SO2_cloud_top-t006.tif",
                        "size": 18414,
                        "checksum": "sha1$79117692a6710938a8e0cb5eba66cd2864d28ada",
                        "path": "/home/kinow/Development/python/workspace/getit-workflows/high/006/SO2_cloud_top-t006.tif"
                    },
                    {
                        "class": "File",
                        "location": "file:///home/kinow/Development/python/workspace/getit-workflows/high/006/tephra_col_mass-t006.tif",
                        "basename": "tephra_col_mass-t006.tif",
                        "size": 70723,
                        "checksum": "sha1$4cf659301e4dd12b4ee72b103685b41bdfa9692d",
                        "path": "/home/kinow/Development/python/workspace/getit-workflows/high/006/tephra_col_mass-t006.tif"
                    }
                ],
                "path": "/home/kinow/Development/python/workspace/getit-workflows/high/006"
            },
            {
                "class": "Directory",
                "location": "file:///home/kinow/Development/python/workspace/getit-workflows/high/000",
                "basename": "000",
                "listing": [
                    {
                        "class": "File",
                        "location": "file:///home/kinow/Development/python/workspace/getit-workflows/high/000/000.json",
                        "basename": "000.json",
                        "size": 13132,
                        "checksum": "sha1$c9adebbb86dcfff683b1f8376c9a3b24aec5d097",
                        "path": "/home/kinow/Development/python/workspace/getit-workflows/high/000/000.json"
                    },
                    {
                        "class": "File",
                        "location": "file:///home/kinow/Development/python/workspace/getit-workflows/high/000/SO2_cloud_top-t000.tif",
                        "basename": "SO2_cloud_top-t000.tif",
                        "size": 18747,
                        "checksum": "sha1$7ebc65866142d132119d645a25fe39a410023b8f",
                        "path": "/home/kinow/Development/python/workspace/getit-workflows/high/000/SO2_cloud_top-t000.tif"
                    },
                    {
                        "class": "File",
                        "location": "file:///home/kinow/Development/python/workspace/getit-workflows/high/000/tephra_col_mass-t000.tif",
                        "basename": "tephra_col_mass-t000.tif",
                        "size": 41516,
                        "checksum": "sha1$ce115b23707b9e169470dc159722e2deb5eff2e3",
                        "path": "/home/kinow/Development/python/workspace/getit-workflows/high/000/tephra_col_mass-t000.tif"
                    }
                ],
                "path": "/home/kinow/Development/python/workspace/getit-workflows/high/000"
            }
        ],
        "path": "/home/kinow/Development/python/workspace/getit-workflows/high"
    }
}[1;30mINFO[0m Final process status is success
