StreamFlow file:

version: v1.0
database:
  type: default
  config:
    connection: ":memory:"
workflows:
  workflow_name:
    type: cwl
    config:
      file: "/gpfs/projects/[REDACTED]/[REDACTED]/cwl-mpi/workflows/mpich-sr/sr-workflow-base-command.cwl"
      docker:
        - step: /
          deployment:
            type: singularity
            config: {}


Executing: streamflow run --debug --outdir logs/streamflow/mn5/singularity /scratch/tmp/41770980/tmp.YEGupwtbE1
2026-06-14 00:59:47.859 INFO     Processing workflow bc551a2c-e88e-46bc-95a7-b3aa7e11ed55
2026-06-14 00:59:47.859 INFO     Building workflow execution plan
Could not load extension schema https://schema.org/version/latest/schemaorg-current-http.rdf: Error fetching https://schema.org/version/latest/schemaorg-current-http.rdf: HTTPSConnectionPool(host='schema.org', port=443): Max retries exceeded with url: /version/latest/schemaorg-current-http.rdf (Caused by NewConnectionError("HTTPSConnection(host='schema.org', port=443): Failed to establish a new connection: [Errno 101] Network is unreachable"))
2026-06-14 00:59:47.939 DEBUG    Translating Workflow /
2026-06-14 00:59:47.940 DEBUG    Translating WorkflowStep /mpicc
2026-06-14 00:59:47.948 DEBUG    Translating CommandLineTool /mpicc
2026-06-14 00:59:47.949 DEBUG    Translating WorkflowStep /mpirun
2026-06-14 00:59:47.958 DEBUG    Translating CommandLineTool /mpirun
2026-06-14 00:59:47.987 INFO     COMPLETED building of workflow execution plan
2026-06-14 00:59:47.987 INFO     EXECUTING workflow bc551a2c-e88e-46bc-95a7-b3aa7e11ed55
2026-06-14 00:59:47.992 DEBUG    Step /source-wf-default-transformer-injector received inputs ['0']
2026-06-14 00:59:47.992 DEBUG    Step /source-wf-default-transformer received inputs ['0']
2026-06-14 00:59:47.992 DEBUG    Step /np-wf-default-transformer-injector received inputs ['0']
2026-06-14 00:59:47.992 DEBUG    Step /np-wf-default-transformer received inputs ['0']
2026-06-14 00:59:47.992 DEBUG    Step /msg_size-wf-default-transformer-injector received inputs ['0']
2026-06-14 00:59:47.992 DEBUG    Step /msg_size-wf-default-transformer received inputs ['0']
2026-06-14 00:59:47.992 DEBUG    Step /niter-wf-default-transformer-injector received inputs ['0']
2026-06-14 00:59:47.992 DEBUG    Step /niter-wf-default-transformer received inputs ['0']
2026-06-14 00:59:47.992 DEBUG    Step /mpicc/source-cmd-default-transformer-injector received inputs ['0']
2026-06-14 00:59:47.992 DEBUG    Step /mpicc/output_name-cmd-default-transformer-injector received inputs ['0']
2026-06-14 00:59:47.992 DEBUG    Step /mpirun/np-cmd-default-transformer-injector received inputs ['0']
2026-06-14 00:59:47.992 DEBUG    Step /mpirun/msg_size-cmd-default-transformer-injector received inputs ['0']
2026-06-14 00:59:47.992 DEBUG    Step /mpirun/niter-cmd-default-transformer-injector received inputs ['0']
2026-06-14 00:59:47.994 DEBUG    Retrieving available locations for job /source-wf-default-transformer-injector/0 on __LOCAL__.
2026-06-14 00:59:47.994 DEBUG    Available locations for job /source-wf-default-transformer-injector/0 on __LOCAL__ are ['__LOCAL__'].
2026-06-14 00:59:47.994 DEBUG    Job /source-wf-default-transformer-injector/0 allocated locally
2026-06-14 00:59:47.994 DEBUG    Retrieving available locations for job /np-wf-default-transformer-injector/0 on __LOCAL__.
2026-06-14 00:59:47.995 DEBUG    Available locations for job /np-wf-default-transformer-injector/0 on __LOCAL__ are ['__LOCAL__'].
2026-06-14 00:59:47.995 DEBUG    Job /np-wf-default-transformer-injector/0 allocated locally
2026-06-14 00:59:47.995 DEBUG    Retrieving available locations for job /msg_size-wf-default-transformer-injector/0 on __LOCAL__.
2026-06-14 00:59:47.996 DEBUG    Available locations for job /msg_size-wf-default-transformer-injector/0 on __LOCAL__ are ['__LOCAL__'].
2026-06-14 00:59:47.996 DEBUG    Job /msg_size-wf-default-transformer-injector/0 allocated locally
2026-06-14 00:59:47.996 DEBUG    Retrieving available locations for job /niter-wf-default-transformer-injector/0 on __LOCAL__.
2026-06-14 00:59:47.998 DEBUG    COMPLETED Step __deploy__/__LOCAL__
2026-06-14 00:59:47.998 DEBUG    COMPLETED Step __deploy__/0a143d43-8e13-4e55-8a69-10397d70f38b
2026-06-14 00:59:47.998 DEBUG    COMPLETED Step __deploy__/0f2a649f-0a6d-4d04-8f7d-cd921901ccef
2026-06-14 00:59:47.999 DEBUG    Available locations for job /niter-wf-default-transformer-injector/0 on __LOCAL__ are ['__LOCAL__'].
2026-06-14 00:59:47.999 DEBUG    Job /niter-wf-default-transformer-injector/0 allocated locally
2026-06-14 00:59:47.999 DEBUG    Retrieving available locations for job /mpicc/source-cmd-default-transformer-injector/0 on __LOCAL__.
2026-06-14 00:59:47.999 DEBUG    Available locations for job /mpicc/source-cmd-default-transformer-injector/0 on __LOCAL__ are ['__LOCAL__'].
2026-06-14 00:59:47.999 DEBUG    Job /mpicc/source-cmd-default-transformer-injector/0 allocated locally
2026-06-14 00:59:47.999 DEBUG    Retrieving available locations for job /mpicc/output_name-cmd-default-transformer-injector/0 on __LOCAL__.
2026-06-14 00:59:48.000 DEBUG    Available locations for job /mpicc/output_name-cmd-default-transformer-injector/0 on __LOCAL__ are ['__LOCAL__'].
2026-06-14 00:59:48.000 DEBUG    Job /mpicc/output_name-cmd-default-transformer-injector/0 allocated locally
2026-06-14 00:59:48.000 DEBUG    Retrieving available locations for job /mpirun/np-cmd-default-transformer-injector/0 on __LOCAL__.
2026-06-14 00:59:48.001 DEBUG    Available locations for job /mpirun/np-cmd-default-transformer-injector/0 on __LOCAL__ are ['__LOCAL__'].
2026-06-14 00:59:48.001 DEBUG    Job /mpirun/np-cmd-default-transformer-injector/0 allocated locally
2026-06-14 00:59:48.001 DEBUG    Retrieving available locations for job /mpirun/msg_size-cmd-default-transformer-injector/0 on __LOCAL__.
2026-06-14 00:59:48.001 DEBUG    Available locations for job /mpirun/msg_size-cmd-default-transformer-injector/0 on __LOCAL__ are ['__LOCAL__'].
2026-06-14 00:59:48.001 DEBUG    Job /mpirun/msg_size-cmd-default-transformer-injector/0 allocated locally
2026-06-14 00:59:48.001 DEBUG    Retrieving available locations for job /mpirun/niter-cmd-default-transformer-injector/0 on __LOCAL__.
2026-06-14 00:59:48.002 DEBUG    Available locations for job /mpirun/niter-cmd-default-transformer-injector/0 on __LOCAL__ are ['__LOCAL__'].
2026-06-14 00:59:48.002 DEBUG    Job /mpirun/niter-cmd-default-transformer-injector/0 allocated locally
2026-06-14 00:59:48.002 DEBUG    COMPLETED Step /source-wf-default-transformer-injector/__schedule__
2026-06-14 00:59:48.002 DEBUG    Job /source-wf-default-transformer-injector/0 changed status to RUNNING
2026-06-14 00:59:48.004 DEBUG    Job /np-wf-default-transformer-injector/0 changed status to RUNNING
2026-06-14 00:59:48.004 DEBUG    Job /msg_size-wf-default-transformer-injector/0 changed status to RUNNING
2026-06-14 00:59:48.004 DEBUG    COMPLETED Step /np-wf-default-transformer-injector/__schedule__
2026-06-14 00:59:48.005 DEBUG    Job /niter-wf-default-transformer-injector/0 changed status to RUNNING
2026-06-14 00:59:48.005 DEBUG    COMPLETED Step /msg_size-wf-default-transformer-injector/__schedule__
2026-06-14 00:59:48.006 DEBUG    Job /mpicc/source-cmd-default-transformer-injector/0 changed status to RUNNING
2026-06-14 00:59:48.006 DEBUG    COMPLETED Step /niter-wf-default-transformer-injector/__schedule__
2026-06-14 00:59:48.006 DEBUG    Job /mpicc/output_name-cmd-default-transformer-injector/0 changed status to RUNNING
2026-06-14 00:59:48.007 DEBUG    COMPLETED Step /mpicc/source-cmd-default-transformer-injector/__schedule__
2026-06-14 00:59:48.007 DEBUG    Job /mpirun/np-cmd-default-transformer-injector/0 changed status to RUNNING
2026-06-14 00:59:48.007 DEBUG    COMPLETED Step /mpicc/output_name-cmd-default-transformer-injector/__schedule__
2026-06-14 00:59:48.007 DEBUG    Job /np-wf-default-transformer-injector/0 changed status to COMPLETED
2026-06-14 00:59:48.008 DEBUG    Step /np-wf-default-transformer received inputs ['0']
2026-06-14 00:59:48.008 DEBUG    Job /mpirun/msg_size-cmd-default-transformer-injector/0 changed status to RUNNING
2026-06-14 00:59:48.008 DEBUG    Step /msg_size-wf-default-transformer received inputs ['0']
2026-06-14 00:59:48.008 DEBUG    Job /msg_size-wf-default-transformer-injector/0 changed status to COMPLETED
2026-06-14 00:59:48.008 DEBUG    Step /np-wf-default-transformer-injector received termination token with Status COMPLETED
2026-06-14 00:59:48.008 DEBUG    Step /msg_size-wf-default-transformer-injector received termination token with Status COMPLETED
2026-06-14 00:59:48.008 DEBUG    COMPLETED Step /mpirun/np-cmd-default-transformer-injector/__schedule__
2026-06-14 00:59:48.008 DEBUG    Job /niter-wf-default-transformer-injector/0 changed status to COMPLETED
2026-06-14 00:59:48.008 DEBUG    Step /niter-wf-default-transformer received inputs ['0']
2026-06-14 00:59:48.009 DEBUG    Step /niter-wf-default-transformer-injector received termination token with Status COMPLETED
2026-06-14 00:59:48.009 DEBUG    Job /mpirun/niter-cmd-default-transformer-injector/0 changed status to RUNNING
2026-06-14 00:59:48.009 DEBUG    COMPLETED Step /mpirun/msg_size-cmd-default-transformer-injector/__schedule__
2026-06-14 00:59:48.009 DEBUG    Job /source-wf-default-transformer-injector/0 changed status to COMPLETED
2026-06-14 00:59:48.009 DEBUG    Step /source-wf-default-transformer received inputs ['0']
2026-06-14 00:59:48.009 DEBUG    Step /source-wf-default-transformer-injector received termination token with Status COMPLETED
2026-06-14 00:59:48.010 DEBUG    Step /np-token-transformer received inputs ['0']
2026-06-14 00:59:48.010 DEBUG    Step /np-wf-default-transformer received termination token with Status COMPLETED
2026-06-14 00:59:48.010 DEBUG    COMPLETED Step /mpirun/niter-cmd-default-transformer-injector/__schedule__
2026-06-14 00:59:48.010 DEBUG    Job /mpicc/output_name-cmd-default-transformer-injector/0 changed status to COMPLETED
2026-06-14 00:59:48.010 DEBUG    Step /msg_size-token-transformer received inputs ['0']
2026-06-14 00:59:48.011 DEBUG    Step /msg_size-wf-default-transformer received termination token with Status COMPLETED
2026-06-14 00:59:48.011 DEBUG    Step /mpicc/output_name-cmd-default-transformer-injector received termination token with Status COMPLETED
2026-06-14 00:59:48.011 DEBUG    Job /mpirun/np-cmd-default-transformer-injector/0 changed status to COMPLETED
2026-06-14 00:59:48.011 DEBUG    Step /niter-token-transformer received inputs ['0']
2026-06-14 00:59:48.011 DEBUG    Step /niter-wf-default-transformer received termination token with Status COMPLETED
2026-06-14 00:59:48.011 DEBUG    Step /mpirun/np-cmd-default-transformer-injector received termination token with Status COMPLETED
2026-06-14 00:59:48.011 DEBUG    COMPLETED Step /np-wf-default-transformer-injector
2026-06-14 00:59:48.011 DEBUG    COMPLETED Step /msg_size-wf-default-transformer-injector
2026-06-14 00:59:48.012 DEBUG    Job /mpicc/source-cmd-default-transformer-injector/0 changed status to COMPLETED
2026-06-14 00:59:48.012 DEBUG    COMPLETED Step /niter-wf-default-transformer-injector
2026-06-14 00:59:48.012 DEBUG    COMPLETED Step /np-wf-default-transformer
2026-06-14 00:59:48.012 DEBUG    Step /source-token-transformer received inputs ['0']
2026-06-14 00:59:48.012 DEBUG    Processing /gpfs/projects/[REDACTED]/[REDACTED]/cwl-mpi/workflows/mpich-sr/sr.c on location __LOCAL__/__LOCAL__.
2026-06-14 00:59:48.012 DEBUG    Step /source-wf-default-transformer received termination token with Status COMPLETED
2026-06-14 00:59:48.012 DEBUG    Job /mpirun/msg_size-cmd-default-transformer-injector/0 changed status to COMPLETED
2026-06-14 00:59:48.012 DEBUG    COMPLETED Step /msg_size-wf-default-transformer
2026-06-14 00:59:48.013 DEBUG    Step /mpicc/source-cmd-default-transformer-injector received termination token with Status COMPLETED
2026-06-14 00:59:48.013 DEBUG    COMPLETED Step /niter-wf-default-transformer
2026-06-14 00:59:48.013 DEBUG    COMPLETED Step /source-wf-default-transformer-injector
2026-06-14 00:59:48.013 DEBUG    Job /mpirun/niter-cmd-default-transformer-injector/0 changed status to COMPLETED
2026-06-14 00:59:48.013 DEBUG    COMPLETED Step /source-wf-default-transformer
2026-06-14 00:59:48.013 DEBUG    Step /mpirun/msg_size-cmd-default-transformer-injector received termination token with Status COMPLETED
2026-06-14 00:59:48.013 DEBUG    Step /mpirun/niter-cmd-default-transformer-injector received termination token with Status COMPLETED
2026-06-14 00:59:48.014 DEBUG    COMPLETED Step /mpicc/output_name-cmd-default-transformer-injector
2026-06-14 00:59:48.014 DEBUG    COMPLETED Step /mpirun/np-cmd-default-transformer-injector
2026-06-14 00:59:48.014 DEBUG    Step /np-token-transformer received termination token with Status COMPLETED
2026-06-14 00:59:48.014 DEBUG    Step /msg_size-token-transformer received termination token with Status COMPLETED
2026-06-14 00:59:48.014 DEBUG    Step /niter-token-transformer received termination token with Status COMPLETED
2026-06-14 00:59:48.014 DEBUG    COMPLETED Step /mpicc/source-cmd-default-transformer-injector
2026-06-14 00:59:48.014 DEBUG    COMPLETED Step /np-token-transformer
2026-06-14 00:59:48.015 DEBUG    COMPLETED Step /msg_size-token-transformer
2026-06-14 00:59:48.015 DEBUG    COMPLETED Step /mpirun/msg_size-cmd-default-transformer-injector
2026-06-14 00:59:48.015 DEBUG    COMPLETED Step /mpirun/niter-cmd-default-transformer-injector
2026-06-14 00:59:48.015 DEBUG    COMPLETED Step /niter-token-transformer
2026-06-14 00:59:48.015 DEBUG    Step /mpicc/output_name-step-default-transformer received inputs ['0']
2026-06-14 00:59:48.015 DEBUG    Step /mpicc/source-cmd-default-transformer received inputs ['0']
2026-06-14 00:59:48.015 DEBUG    Step /source-token-transformer received termination token with Status COMPLETED
2026-06-14 00:59:48.015 DEBUG    Step /mpicc/output_name-step-default-transformer received inputs ['0']
2026-06-14 00:59:48.015 DEBUG    Step /mpicc/output_name-step-default-transformer received inputs ['0']
2026-06-14 00:59:48.015 DEBUG    COMPLETED Step /source-token-transformer
2026-06-14 00:59:48.016 DEBUG    Step /mpicc/source-cmd-default-transformer received termination token with Status COMPLETED
2026-06-14 00:59:48.016 DEBUG    Step /mpicc/output_name-cmd-default-transformer received inputs ['0']
2026-06-14 00:59:48.016 DEBUG    Step /mpicc/output_name-step-default-transformer received termination token with Status COMPLETED
2026-06-14 00:59:48.016 DEBUG    Step /mpicc/output_name-cmd-default-transformer received inputs ['0']
2026-06-14 00:59:48.016 DEBUG    COMPLETED Step /mpicc/source-cmd-default-transformer
2026-06-14 00:59:48.016 DEBUG    COMPLETED Step /mpicc/output_name-step-default-transformer
2026-06-14 00:59:48.016 DEBUG    Step /mpicc/source-token-transformer received inputs ['0', '0']
2026-06-14 00:59:48.016 DEBUG    Processing /gpfs/projects/[REDACTED]/[REDACTED]/cwl-mpi/workflows/mpich-sr/sr.c on location __LOCAL__/__LOCAL__.
2026-06-14 00:59:48.017 DEBUG    Step /mpicc/output_name-token-transformer received inputs ['0', '0']
2026-06-14 00:59:48.017 DEBUG    Step /mpicc/output_name-cmd-default-transformer received termination token with Status COMPLETED
2026-06-14 00:59:48.017 DEBUG    COMPLETED Step /mpicc/output_name-cmd-default-transformer
2026-06-14 00:59:48.017 DEBUG    Step /mpicc/__transfer__/output_name received inputs ['0']
2026-06-14 00:59:48.017 DEBUG    Step /mpicc/output_name-token-transformer received termination token with Status COMPLETED
2026-06-14 00:59:48.018 DEBUG    Step /mpicc/__transfer__/source received inputs ['0']
2026-06-14 00:59:48.018 DEBUG    Step /mpicc/__schedule__ received inputs ['0', '0']
2026-06-14 00:59:48.018 DEBUG    Step /mpicc/source-token-transformer received termination token with Status COMPLETED
2026-06-14 00:59:48.018 DEBUG    Retrieving available locations for job /mpicc/0 on 0a143d43-8e13-4e55-8a69-10397d70f38b/mfisherman/mpich:4.3.2.
2026-06-14 00:59:48.018 INFO     DEPLOYING 0a143d43-8e13-4e55-8a69-10397d70f38b
2026-06-14 00:59:48.019 DEBUG    EXECUTING command singularity --version 2>&1 on __LOCAL__/__LOCAL__ 
2026-06-14 00:59:48.022 DEBUG    COMPLETED Step /mpicc/output_name-token-transformer
2026-06-14 00:59:48.022 DEBUG    COMPLETED Step /mpicc/source-token-transformer
2026-06-14 00:59:48.105 DEBUG    Using singularity-ce version 4.1.5.
2026-06-14 00:59:48.105 DEBUG    EXECUTING command singularity instance start    --bind  "/scratch/tmp/41770980/streamflow:/tmp/streamflow"     --cleanenv    --contain                       --net   --network  "none"                         docker://mfisherman/mpich:4.3.2 3d218ab7-3585-49b6-88fa-30c6fc1d64a6  2>&1 on __LOCAL__/__LOCAL__ 
2026-06-14 00:59:48.268 ERROR    FAILED Deployment of 0a143d43-8e13-4e55-8a69-10397d70f38b environment:[255] WARNING: Couldn't use cached digest for registry: Get "https://index.docker.io/v2/": dial tcp [2600:1f18:2148:bc01:2efe:dbff:cf89:c72]:443: connect: cannot assign requested address
WARNING: Falling back to direct digest.
FATAL:   Unable to handle docker://mfisherman/mpich:4.3.2 uri: failed to get checksum for docker://mfisherman/mpich:4.3.2: Get "https://index.docker.io/v2/": dial tcp 98.85.199.129:443: connect: network is unreachable
Traceback (most recent call last):
  File "/gpfs/projects/[REDACTED]/[REDACTED]/micromamba-envs/envs/streamflow/lib/python3.13/site-packages/streamflow/core/recovery.py", line 42, in wrapper
    await func(*args, **kwargs)
  File "/gpfs/projects/[REDACTED]/[REDACTED]/micromamba-envs/envs/streamflow/lib/python3.13/site-packages/streamflow/workflow/step.py", line 1490, in _schedule
    await self.workflow.context.scheduler.schedule(
    ...<3 lines>...
    )
  File "/gpfs/projects/[REDACTED]/[REDACTED]/micromamba-envs/envs/streamflow/lib/python3.13/site-packages/streamflow/scheduling/scheduler.py", line 528, in schedule
    task.result()
    ~~~~~~~~~~~^^
  File "/gpfs/projects/[REDACTED]/[REDACTED]/micromamba-envs/envs/streamflow/lib/python3.13/site-packages/streamflow/scheduling/scheduler.py", line 321, in _process_target
    await connector.get_available_locations(service=target.service)
  File "/gpfs/projects/[REDACTED]/[REDACTED]/micromamba-envs/envs/streamflow/lib/python3.13/site-packages/streamflow/deployment/future.py", line 149, in get_available_locations
    await self.deploy(self.external)
  File "/gpfs/projects/[REDACTED]/[REDACTED]/micromamba-envs/envs/streamflow/lib/python3.13/site-packages/streamflow/deployment/future.py", line 132, in deploy
    await connector.deploy(external)
  File "/gpfs/projects/[REDACTED]/[REDACTED]/micromamba-envs/envs/streamflow/lib/python3.13/site-packages/streamflow/deployment/connector/container.py", line 1997, in deploy
    raise WorkflowExecutionException(
    ...<2 lines>...
    )
streamflow.core.exception.WorkflowExecutionException: FAILED Deployment of 0a143d43-8e13-4e55-8a69-10397d70f38b environment:[255] WARNING: Couldn't use cached digest for registry: Get "https://index.docker.io/v2/": dial tcp [2600:1f18:2148:bc01:2efe:dbff:cf89:c72]:443: connect: cannot assign requested address
WARNING: Falling back to direct digest.
FATAL:   Unable to handle docker://mfisherman/mpich:4.3.2 uri: failed to get checksum for docker://mfisherman/mpich:4.3.2: Get "https://index.docker.io/v2/": dial tcp 98.85.199.129:443: connect: network is unreachable
2026-06-14 00:59:48.270 WARNING  Job /mpicc/0 failure can not be recovered. Failure manager is not enabled.
2026-06-14 00:59:48.271 ERROR    FAILED Deployment of 0a143d43-8e13-4e55-8a69-10397d70f38b environment:[255] WARNING: Couldn't use cached digest for registry: Get "https://index.docker.io/v2/": dial tcp [2600:1f18:2148:bc01:2efe:dbff:cf89:c72]:443: connect: cannot assign requested address
WARNING: Falling back to direct digest.
FATAL:   Unable to handle docker://mfisherman/mpich:4.3.2 uri: failed to get checksum for docker://mfisherman/mpich:4.3.2: Get "https://index.docker.io/v2/": dial tcp 98.85.199.129:443: connect: network is unreachable
Traceback (most recent call last):
  File "/gpfs/projects/[REDACTED]/[REDACTED]/micromamba-envs/envs/streamflow/lib/python3.13/site-packages/streamflow/workflow/step.py", line 1664, in run
    await self._schedule(job=job)
  File "/gpfs/projects/[REDACTED]/[REDACTED]/micromamba-envs/envs/streamflow/lib/python3.13/site-packages/streamflow/core/recovery.py", line 55, in wrapper
    await step.workflow.context.failure_manager.recover(job, step, e)
  File "/gpfs/projects/[REDACTED]/[REDACTED]/micromamba-envs/envs/streamflow/lib/python3.13/site-packages/streamflow/recovery/failure_manager.py", line 376, in recover
    raise exception
  File "/gpfs/projects/[REDACTED]/[REDACTED]/micromamba-envs/envs/streamflow/lib/python3.13/site-packages/streamflow/core/recovery.py", line 42, in wrapper
    await func(*args, **kwargs)
  File "/gpfs/projects/[REDACTED]/[REDACTED]/micromamba-envs/envs/streamflow/lib/python3.13/site-packages/streamflow/workflow/step.py", line 1490, in _schedule
    await self.workflow.context.scheduler.schedule(
    ...<3 lines>...
    )
  File "/gpfs/projects/[REDACTED]/[REDACTED]/micromamba-envs/envs/streamflow/lib/python3.13/site-packages/streamflow/scheduling/scheduler.py", line 528, in schedule
    task.result()
    ~~~~~~~~~~~^^
  File "/gpfs/projects/[REDACTED]/[REDACTED]/micromamba-envs/envs/streamflow/lib/python3.13/site-packages/streamflow/scheduling/scheduler.py", line 321, in _process_target
    await connector.get_available_locations(service=target.service)
  File "/gpfs/projects/[REDACTED]/[REDACTED]/micromamba-envs/envs/streamflow/lib/python3.13/site-packages/streamflow/deployment/future.py", line 149, in get_available_locations
    await self.deploy(self.external)
  File "/gpfs/projects/[REDACTED]/[REDACTED]/micromamba-envs/envs/streamflow/lib/python3.13/site-packages/streamflow/deployment/future.py", line 132, in deploy
    await connector.deploy(external)
  File "/gpfs/projects/[REDACTED]/[REDACTED]/micromamba-envs/envs/streamflow/lib/python3.13/site-packages/streamflow/deployment/connector/container.py", line 1997, in deploy
    raise WorkflowExecutionException(
    ...<2 lines>...
    )
streamflow.core.exception.WorkflowExecutionException: FAILED Deployment of 0a143d43-8e13-4e55-8a69-10397d70f38b environment:[255] WARNING: Couldn't use cached digest for registry: Get "https://index.docker.io/v2/": dial tcp [2600:1f18:2148:bc01:2efe:dbff:cf89:c72]:443: connect: cannot assign requested address
WARNING: Falling back to direct digest.
FATAL:   Unable to handle docker://mfisherman/mpich:4.3.2 uri: failed to get checksum for docker://mfisherman/mpich:4.3.2: Get "https://index.docker.io/v2/": dial tcp 98.85.199.129:443: connect: network is unreachable
2026-06-14 00:59:48.272 DEBUG    Step /mpicc received termination token with Status SKIPPED
2026-06-14 00:59:48.272 DEBUG    Step /mpirun/np-cmd-default-transformer received termination token with Status SKIPPED
2026-06-14 00:59:48.273 DEBUG    Step /mpirun/msg_size-cmd-default-transformer received termination token with Status SKIPPED
2026-06-14 00:59:48.273 DEBUG    Step /mpirun/niter-cmd-default-transformer received termination token with Status SKIPPED
2026-06-14 00:59:48.273 DEBUG    Step /mpirun/np-token-transformer received termination token with Status SKIPPED
2026-06-14 00:59:48.273 DEBUG    Step /mpirun/executable-token-transformer received termination token with Status SKIPPED
2026-06-14 00:59:48.273 DEBUG    Step /mpirun/msg_size-token-transformer received termination token with Status SKIPPED
2026-06-14 00:59:48.273 DEBUG    Step /mpirun/niter-token-transformer received termination token with Status SKIPPED
2026-06-14 00:59:48.273 DEBUG    Step /mpirun/__transfer__/np received termination token with Status SKIPPED
2026-06-14 00:59:48.273 DEBUG    Step /mpirun/__transfer__/executable received termination token with Status SKIPPED
2026-06-14 00:59:48.273 DEBUG    Step /mpirun/__transfer__/msg_size received termination token with Status SKIPPED
2026-06-14 00:59:48.273 DEBUG    Step /mpirun/__transfer__/niter received termination token with Status SKIPPED
2026-06-14 00:59:48.273 DEBUG    Step /mpirun/__schedule__ received termination token with Status SKIPPED
2026-06-14 00:59:48.273 DEBUG    Step /mpirun received termination token with Status SKIPPED
2026-06-14 00:59:48.273 DEBUG    Step /stdout-collector-transformer received termination token with Status SKIPPED
2026-06-14 00:59:48.274 DEBUG    Step /stderr-collector-transformer received termination token with Status SKIPPED
2026-06-14 00:59:48.274 DEBUG    Step /stdout-collector received termination token with Status SKIPPED
2026-06-14 00:59:48.274 DEBUG    Step /stdout-collector/__schedule__ received termination token with Status SKIPPED
2026-06-14 00:59:48.274 DEBUG    Step /stderr-collector received termination token with Status SKIPPED
2026-06-14 00:59:48.274 DEBUG    Step /stderr-collector/__schedule__ received termination token with Status SKIPPED
2026-06-14 00:59:48.275 DEBUG    FAILED Step /mpicc/__schedule__
2026-06-14 00:59:48.275 DEBUG    SKIPPED Step /mpicc/__transfer__/output_name
2026-06-14 00:59:48.275 DEBUG    SKIPPED Step /mpicc/__transfer__/source
2026-06-14 00:59:48.275 INFO     SKIPPED Step /mpicc
2026-06-14 00:59:48.275 DEBUG    SKIPPED Step /mpirun/np-cmd-default-transformer
2026-06-14 00:59:48.275 DEBUG    SKIPPED Step /mpirun/msg_size-cmd-default-transformer
2026-06-14 00:59:48.275 DEBUG    SKIPPED Step /mpirun/niter-cmd-default-transformer
2026-06-14 00:59:48.275 DEBUG    SKIPPED Step /mpirun/np-token-transformer
2026-06-14 00:59:48.275 DEBUG    SKIPPED Step /mpirun/executable-token-transformer
2026-06-14 00:59:48.275 DEBUG    SKIPPED Step /mpirun/msg_size-token-transformer
2026-06-14 00:59:48.275 DEBUG    SKIPPED Step /mpirun/niter-token-transformer
2026-06-14 00:59:48.275 DEBUG    SKIPPED Step /mpirun/__schedule__
2026-06-14 00:59:48.276 DEBUG    SKIPPED Step /mpirun/__transfer__/np
2026-06-14 00:59:48.276 DEBUG    SKIPPED Step /mpirun/__transfer__/executable
2026-06-14 00:59:48.276 DEBUG    SKIPPED Step /mpirun/__transfer__/msg_size
2026-06-14 00:59:48.276 DEBUG    SKIPPED Step /mpirun/__transfer__/niter
2026-06-14 00:59:48.276 INFO     SKIPPED Step /mpirun
2026-06-14 00:59:48.276 DEBUG    SKIPPED Step /stdout-collector-transformer
2026-06-14 00:59:48.276 DEBUG    SKIPPED Step /stderr-collector-transformer
2026-06-14 00:59:48.276 DEBUG    SKIPPED Step /stdout-collector/__schedule__
2026-06-14 00:59:48.276 DEBUG    SKIPPED Step /stderr-collector/__schedule__
2026-06-14 00:59:48.276 DEBUG    SKIPPED Step /stdout-collector
2026-06-14 00:59:48.276 DEBUG    SKIPPED Step /stderr-collector
2026-06-14 00:59:48.276 INFO     UNDEPLOYING 0a143d43-8e13-4e55-8a69-10397d70f38b
2026-06-14 00:59:48.276 INFO     COMPLETED undeployment of 0a143d43-8e13-4e55-8a69-10397d70f38b
2026-06-14 00:59:48.276 INFO     UNDEPLOYING 0f2a649f-0a6d-4d04-8f7d-cd921901ccef
2026-06-14 00:59:48.276 INFO     COMPLETED undeployment of 0f2a649f-0a6d-4d04-8f7d-cd921901ccef
2026-06-14 00:59:48.277 ERROR    FAILED Workflow execution
Traceback (most recent call last):
  File "/gpfs/projects/[REDACTED]/[REDACTED]/micromamba-envs/envs/streamflow/lib/python3.13/site-packages/streamflow/main.py", line 281, in main
    asyncio.run(_async_run(parsed_args))
    ~~~~~~~~~~~^^^^^^^^^^^^^^^^^^^^^^^^^
  File "/gpfs/projects/[REDACTED]/[REDACTED]/micromamba-envs/envs/streamflow/lib/python3.13/asyncio/runners.py", line 196, in run
    return runner.run(main)
           ~~~~~~~~~~^^^^^^
  File "/gpfs/projects/[REDACTED]/[REDACTED]/micromamba-envs/envs/streamflow/lib/python3.13/asyncio/runners.py", line 119, in run
    return self._loop.run_until_complete(task)
           ~~~~~~~~~~~~~~~~~~~~~~~~~~~~~^^^^^^
  File "/gpfs/projects/[REDACTED]/[REDACTED]/micromamba-envs/envs/streamflow/lib/python3.13/asyncio/base_events.py", line 725, in run_until_complete
    return future.result()
           ~~~~~~~~~~~~~^^
  File "/gpfs/projects/[REDACTED]/[REDACTED]/micromamba-envs/envs/streamflow/lib/python3.13/site-packages/streamflow/main.py", line 187, in _async_run
    await asyncio.gather(*workflow_tasks)
  File "/gpfs/projects/[REDACTED]/[REDACTED]/micromamba-envs/envs/streamflow/lib/python3.13/site-packages/streamflow/cwl/main.py", line 93, in main
    output_tokens = await executor.run()
                    ^^^^^^^^^^^^^^^^^^^^
  File "/gpfs/projects/[REDACTED]/[REDACTED]/micromamba-envs/envs/streamflow/lib/python3.13/site-packages/streamflow/workflow/executor.py", line 175, in run
    raise WorkflowExecutionException("FAILED Workflow execution")
streamflow.core.exception.WorkflowExecutionException: FAILED Workflow execution
