[2026-06-13T19:31:11+0300] [MainThread] [I] [toil.worker] ---TOIL WORKER OUTPUT LOG---
[2026-06-13T19:31:11+0300] [MainThread] [I] [toil] Running Toil version 9.4.1-c6a39f2c827899f9a1dd0018ca2b72c675120096 on host nid002276.
[2026-06-13T19:31:11+0300] [MainThread] [D] [toil] Configuration: {'cwl': False, 'workflowID': '23c55c02-d499-4814-8a3c-ae11276268a0', 'kill_polling_interval': 5, 'jobStore': 'file:/pfs/lustrep4/projappl/[REDACTED]/[REDACTED]/cwl-mpi/workflows/mpich-sr/logs/toil/lumi/singularity/e5ba04b3-cabc-41f2-8f60-9749936f64c8', 'workDir': '/pfs/lustrep4/projappl/[REDACTED]/[REDACTED]/cwl-mpi/workflows/mpich-sr/logs/toil/lumi/singularity', 'coordination_dir': None, 'noStdOutErr': False, 'stats': False, 'cleanWorkDir': 'always', 'clean': 'onSuccess', 'clusterStats': None, 'restart': False, 'batchSystem': 'single_machine', 'scale': 1, 'slurm_allocate_mem': True, 'slurm_default_all_mem': False, 'slurm_time': None, 'slurm_partition': None, 'slurm_gpu_partition': None, 'slurm_pe': None, 'slurm_args': '', 'disableAutoDeployment': False, 'max_jobs': 9223372036854775807, 'max_local_jobs': None, 'manualMemArgs': False, 'run_local_jobs_on_workers': False, 'statePollingWait': None, 'state_polling_timeout': 1200, 'batch_logs_dir': None, 'symlinkImports': True, 'moveOutputs': False, 'caching': False, 'symlink_job_store_reads': True, 'provisioner': None, 'nodeTypes': [], 'minNodes': [0], 'maxNodes': [10], 'targetTime': 1800, 'betaInertia': 0.1, 'scaleInterval': 60, 'metrics': False, 'assume_zero_overhead': False, 'preemptibleCompensation': 0.0, 'nodeStorage': 50, 'nodeStorageOverrides': [], 'maxServiceJobs': 9223372036854775807, 'maxPreemptibleServiceJobs': 9223372036854775807, 'deadlockWait': 60, 'deadlockCheckInterval': 30, 'defaultMemory': 2147483648, 'defaultCores': 1, 'defaultDisk': 2147483648, 'defaultAccelerators': [], 'maxCores': 9223372036854775807, 'maxMemory': 9223372036854775807, 'maxDisk': 9223372036854775807, 'defaultPreemptible': False, 'retryCount': 0, 'retry_backoff_seconds': 2, 'retry_backoff_factor': 3, 'stop_on_first_failure': False, 'enableUnlimitedPreemptibleRetries': False, 'doubleMem': False, 'maxJobDuration': 9223372036854775807, 'rescueJobsFrequency': 60, 'job_store_timeout': 30, 'maxLogFileSize': 104857600, 'writeLogs': 'logs/toil/lumi/singularity', 'writeLogsGzip': None, 'writeLogsFromAllJobs': False, 'write_messages': '/tmp/tmp3x33x9ym', 'publish_workflow_metrics': None, 'environment': {}, 'disableChaining': False, 'disableJobStoreChecksumVerification': False, 'statusWait': 3600, 'disableProgress': False, 'sseKey': None, 'servicePollingInterval': 60.0, 'forceDockerAppliance': False, 'debugWorker': False, 'disableWorkerOutputCapture': False, 'badWorker': 0.0, 'badWorkerFailInterval': 0.01, 'logLevel': 'Debug', 'colored_logs': True, 'memory_is_product': False, 'workflowAttemptNumber': 0}
[2026-06-13T19:31:11+0300] [MainThread] [D] [toil.deferred] Opened with own state file /tmp/toilwf-61b681f0ea3151a087775510160d1c5a/deferred/funcgee9qrdi
[2026-06-13T19:31:11+0300] [MainThread] [D] [toil.worker] Parsed job description
[2026-06-13T19:31:11+0300] [MainThread] [I] [toil.worker] Working on job 'CWLWorkflow' sr-workflow kind-CWLWorkflow/instance-vhxwnibk v1
[2026-06-13T19:31:11+0300] [MainThread] [D] [toil.job] Loading user module ModuleDescriptor(dirPath='/pfs/lustrep4/projappl/[REDACTED]/[REDACTED]/micromamba-envs/envs/toil/lib/python3.13/site-packages', name='toil.cwl.cwltoil', fromVirtualEnv=True).
[2026-06-13T19:31:11+0300] [MainThread] [D] [pydot] pydot initializing
[2026-06-13T19:31:11+0300] [MainThread] [D] [pydot] pydot 4.0.1
[2026-06-13T19:31:11+0300] [MainThread] [D] [pydot.core] pydot core module initializing
[2026-06-13T19:31:11+0300] [MainThread] [I] [toil.worker] Loaded body Job('CWLWorkflow' sr-workflow kind-CWLWorkflow/instance-vhxwnibk v1) from description 'CWLWorkflow' sr-workflow kind-CWLWorkflow/instance-vhxwnibk v1
[2026-06-13T19:31:11+0300] [MainThread] [D] [toil.lib.threading] Detected that /tmp/toilwf-61b681f0ea3151a087775510160d1c5a has lockable filesystem type: tmpfs
[2026-06-13T19:31:11+0300] [MainThread] [D] [toil.deferred] Running orphaned deferred functions
[2026-06-13T19:31:11+0300] [MainThread] [D] [toil.deferred] Ran orphaned deferred functions from 0 abandoned state files
[2026-06-13T19:31:11+0300] [MainThread] [D] [toil.deferred] Running job
[2026-06-13T19:31:11+0300] [MainThread] [D] [toil.resource] Module dir is /pfs/lustrep4/projappl/[REDACTED]/[REDACTED]/micromamba-envs/envs/toil/lib/python3.13/site-packages, our prefix is /pfs/lustrep4/projappl/[REDACTED]/[REDACTED]/micromamba-envs/envs/toil, virtualenv: True
[2026-06-13T19:31:11+0300] [MainThread] [D] [toil.resource] Module dir is /pfs/lustrep4/projappl/[REDACTED]/[REDACTED]/micromamba-envs/envs/toil/lib/python3.13/site-packages, our prefix is /pfs/lustrep4/projappl/[REDACTED]/[REDACTED]/micromamba-envs/envs/toil, virtualenv: True
[2026-06-13T19:31:11+0300] [MainThread] [D] [toil.resource] Module dir is /pfs/lustrep4/projappl/[REDACTED]/[REDACTED]/micromamba-envs/envs/toil/lib/python3.13/site-packages, our prefix is /pfs/lustrep4/projappl/[REDACTED]/[REDACTED]/micromamba-envs/envs/toil, virtualenv: True
[2026-06-13T19:31:11+0300] [MainThread] [D] [toil.resource] Module dir is /pfs/lustrep4/projappl/[REDACTED]/[REDACTED]/micromamba-envs/envs/toil/lib/python3.13/site-packages, our prefix is /pfs/lustrep4/projappl/[REDACTED]/[REDACTED]/micromamba-envs/envs/toil, virtualenv: True
[2026-06-13T19:31:11+0300] [MainThread] [D] [toil.cwl.cwltoil] Ready to make job for workflow step file:///pfs/lustrep4/projappl/[REDACTED]/[REDACTED]/cwl-mpi/workflows/mpich-sr/sr-workflow-mpi-requirement.cwl#sr-workflow/mpicc
[2026-06-13T19:31:11+0300] [MainThread] [D] [toil.cwl.cwltoil] Takes input: file:///pfs/lustrep4/projappl/[REDACTED]/[REDACTED]/cwl-mpi/workflows/mpich-sr/sr-workflow-mpi-requirement.cwl#sr-workflow/mpicc/source
[2026-06-13T19:31:11+0300] [MainThread] [D] [toil.cwl.cwltoil] Value will come from DefaultWithSource({'class': 'File', 'location': 'file:///pfs/lustrep4/projappl/[REDACTED]/[REDACTED]/cwl-mpi/workflows/mpich-sr/sr.c', 'size': 2570, 'basename': 'sr.c', 'nameroot': 'sr', 'nameext': '.c'}, ResolveSource(source key source, name source in promise))
[2026-06-13T19:31:11+0300] [MainThread] [D] [toil.cwl.cwltoil] Make job for tool: file:///pfs/lustrep4/projappl/[REDACTED]/[REDACTED]/cwl-mpi/workflows/mpich-sr/mpicc.cwl#mpich-mpicc
[2026-06-13T19:31:11+0300] [MainThread] [D] [toil.resource] Module dir is /pfs/lustrep4/projappl/[REDACTED]/[REDACTED]/micromamba-envs/envs/toil/lib/python3.13/site-packages, our prefix is /pfs/lustrep4/projappl/[REDACTED]/[REDACTED]/micromamba-envs/envs/toil, virtualenv: True
[2026-06-13T19:31:11+0300] [MainThread] [D] [toil.cwl.cwltoil] Is non-scatter with Job('CWLJob' sr-workflow.mpicc.mpich-mpicc TemporaryID(cdbf69f9-6afc-4968-93e2-f930e9439d80) v0) and follow-on Job('CWLJob' sr-workflow.mpicc.mpich-mpicc TemporaryID(cdbf69f9-6afc-4968-93e2-f930e9439d80) v0)
[2026-06-13T19:31:11+0300] [MainThread] [D] [toil.cwl.cwltoil] Connect as child based on need for file:///pfs/lustrep4/projappl/[REDACTED]/[REDACTED]/cwl-mpi/workflows/mpich-sr/sr-workflow-mpi-requirement.cwl#sr-workflow/source from Job('SelfJob' TemporaryID(f62b3ef5-ff4d-422a-843b-694aceb51594) v0)
[2026-06-13T19:31:11+0300] [MainThread] [D] [toil.cwl.cwltoil] Provides file:///pfs/lustrep4/projappl/[REDACTED]/[REDACTED]/cwl-mpi/workflows/mpich-sr/sr-workflow-mpi-requirement.cwl#sr-workflow/mpicc/executable from Job('CWLJob' sr-workflow.mpicc.mpich-mpicc TemporaryID(cdbf69f9-6afc-4968-93e2-f930e9439d80) v0)
[2026-06-13T19:31:11+0300] [MainThread] [D] [toil.cwl.cwltoil] Ready to make job for workflow step file:///pfs/lustrep4/projappl/[REDACTED]/[REDACTED]/cwl-mpi/workflows/mpich-sr/sr-workflow-mpi-requirement.cwl#sr-workflow/mpirun
[2026-06-13T19:31:11+0300] [MainThread] [D] [toil.cwl.cwltoil] Takes input: file:///pfs/lustrep4/projappl/[REDACTED]/[REDACTED]/cwl-mpi/workflows/mpich-sr/sr-workflow-mpi-requirement.cwl#sr-workflow/mpirun/executable
[2026-06-13T19:31:11+0300] [MainThread] [D] [toil.cwl.cwltoil] Value will come from ResolveSource(source key source, name executable in promise)
[2026-06-13T19:31:11+0300] [MainThread] [D] [toil.cwl.cwltoil] Takes input: file:///pfs/lustrep4/projappl/[REDACTED]/[REDACTED]/cwl-mpi/workflows/mpich-sr/sr-workflow-mpi-requirement.cwl#sr-workflow/mpirun/msg_size
[2026-06-13T19:31:11+0300] [MainThread] [D] [toil.cwl.cwltoil] Value will come from DefaultWithSource(0, ResolveSource(source key source, name msg_size in promise))
[2026-06-13T19:31:11+0300] [MainThread] [D] [toil.cwl.cwltoil] Takes input: file:///pfs/lustrep4/projappl/[REDACTED]/[REDACTED]/cwl-mpi/workflows/mpich-sr/sr-workflow-mpi-requirement.cwl#sr-workflow/mpirun/niter
[2026-06-13T19:31:11+0300] [MainThread] [D] [toil.cwl.cwltoil] Value will come from DefaultWithSource(1, ResolveSource(source key source, name niter in promise))
[2026-06-13T19:31:11+0300] [MainThread] [D] [toil.cwl.cwltoil] Takes input: file:///pfs/lustrep4/projappl/[REDACTED]/[REDACTED]/cwl-mpi/workflows/mpich-sr/sr-workflow-mpi-requirement.cwl#sr-workflow/mpirun/np
[2026-06-13T19:31:11+0300] [MainThread] [D] [toil.cwl.cwltoil] Value will come from DefaultWithSource(2, ResolveSource(source key source, name np in promise))
[2026-06-13T19:31:11+0300] [MainThread] [D] [toil.cwl.cwltoil] Make job for tool: file:///pfs/lustrep4/projappl/[REDACTED]/[REDACTED]/cwl-mpi/workflows/mpich-sr/sr-mpi-requirement.cwl#mpich-mpirun-base-command
[2026-06-13T19:31:11+0300] [MainThread] [D] [toil.resource] Module dir is /pfs/lustrep4/projappl/[REDACTED]/[REDACTED]/micromamba-envs/envs/toil/lib/python3.13/site-packages, our prefix is /pfs/lustrep4/projappl/[REDACTED]/[REDACTED]/micromamba-envs/envs/toil, virtualenv: True
[2026-06-13T19:31:11+0300] [MainThread] [D] [toil.cwl.cwltoil] Is non-scatter with Job('CWLJob' sr-workflow.mpirun.mpich-mpirun-base-command TemporaryID(fc8899dc-40ac-4154-a045-04b800a67a69) v0) and follow-on Job('CWLJob' sr-workflow.mpirun.mpich-mpirun-base-command TemporaryID(fc8899dc-40ac-4154-a045-04b800a67a69) v0)
[2026-06-13T19:31:11+0300] [MainThread] [D] [toil.cwl.cwltoil] Connect as child based on need for file:///pfs/lustrep4/projappl/[REDACTED]/[REDACTED]/cwl-mpi/workflows/mpich-sr/sr-workflow-mpi-requirement.cwl#sr-workflow/mpicc/executable from Job('CWLJob' sr-workflow.mpicc.mpich-mpicc TemporaryID(cdbf69f9-6afc-4968-93e2-f930e9439d80) v0)
[2026-06-13T19:31:11+0300] [MainThread] [D] [toil.cwl.cwltoil] Connect as child based on need for file:///pfs/lustrep4/projappl/[REDACTED]/[REDACTED]/cwl-mpi/workflows/mpich-sr/sr-workflow-mpi-requirement.cwl#sr-workflow/msg_size from Job('SelfJob' TemporaryID(6b6d5651-8986-49a9-a59e-b5f2eb3b3588) v0)
[2026-06-13T19:31:11+0300] [MainThread] [D] [toil.cwl.cwltoil] Provides file:///pfs/lustrep4/projappl/[REDACTED]/[REDACTED]/cwl-mpi/workflows/mpich-sr/sr-workflow-mpi-requirement.cwl#sr-workflow/mpirun/stdout_file from Job('CWLJob' sr-workflow.mpirun.mpich-mpirun-base-command TemporaryID(fc8899dc-40ac-4154-a045-04b800a67a69) v0)
[2026-06-13T19:31:11+0300] [MainThread] [D] [toil.cwl.cwltoil] Provides file:///pfs/lustrep4/projappl/[REDACTED]/[REDACTED]/cwl-mpi/workflows/mpich-sr/sr-workflow-mpi-requirement.cwl#sr-workflow/mpirun/stderr_file from Job('CWLJob' sr-workflow.mpirun.mpich-mpirun-base-command TemporaryID(fc8899dc-40ac-4154-a045-04b800a67a69) v0)
[2026-06-13T19:31:11+0300] [MainThread] [D] [toil.job] Saving graph of 3 jobs, 3 non-service, 2 new
[2026-06-13T19:31:11+0300] [MainThread] [I] [toil.job] Resolve promise files/no-job/file-5acd82f8b9e9479cb35e5f026a1002eb/stream from Job('CWLWorkflow' sr-workflow kind-CWLWorkflow/instance-vhxwnibk v1) with a <class 'toil.cwl.cwltoil.UnresolvedDict'>
[2026-06-13T19:31:11+0300] [MainThread] [D] [toil.job] Issuing promise files/no-job/file-4db16d0f024a4d27acffa38efe1ce048/stream for result of 'CWLJob' sr-workflow.mpirun.mpich-mpirun-base-command kind-CWLJob/instance-woqs9xk_ v0
[2026-06-13T19:31:11+0300] [MainThread] [D] [toil.job] Issuing promise files/no-job/file-e9aa5f44989b4d3aaafd5b5048572c6d/stream for result of 'CWLJob' sr-workflow.mpirun.mpich-mpirun-base-command kind-CWLJob/instance-woqs9xk_ v0
[2026-06-13T19:31:11+0300] [MainThread] [I] [toil.job] Resolve promise files/no-job/file-f25c20e7b1df4475aa02406f5461bdba/stream from Job('CWLWorkflow' sr-workflow kind-CWLWorkflow/instance-vhxwnibk v1) with a <class 'toil.cwl.cwltoil.UnresolvedDict'>
[2026-06-13T19:31:11+0300] [MainThread] [D] [toil.job] Issuing promise files/no-job/file-297c504bf53b4a4d940f0044d51007a8/stream for result of 'CWLJob' sr-workflow.mpirun.mpich-mpirun-base-command kind-CWLJob/instance-woqs9xk_ v0
[2026-06-13T19:31:11+0300] [MainThread] [D] [toil.job] Issuing promise files/no-job/file-1a16edbf558a477e9384cd9b6bb1ece7/stream for result of 'CWLJob' sr-workflow.mpirun.mpich-mpirun-base-command kind-CWLJob/instance-woqs9xk_ v0
[2026-06-13T19:31:11+0300] [MainThread] [D] [toil.job] Processing job 'CWLJob' sr-workflow.mpirun.mpich-mpirun-base-command kind-CWLJob/instance-woqs9xk_ v0
[2026-06-13T19:31:11+0300] [MainThread] [D] [toil.job] Issuing promise files/no-job/file-d41eacaf51884ced8523bde151b8ad00/stream for result of 'CWLJob' sr-workflow.mpicc.mpich-mpicc kind-CWLJob/instance-10xvaljr v0
[2026-06-13T19:31:11+0300] [MainThread] [D] [toil.job] Processing job 'CWLJob' sr-workflow.mpicc.mpich-mpicc kind-CWLJob/instance-10xvaljr v0
[2026-06-13T19:31:11+0300] [MainThread] [D] [toil.job] Processing job 'CWLWorkflow' sr-workflow kind-CWLWorkflow/instance-vhxwnibk v1
[2026-06-13T19:31:11+0300] [MainThread] [D] [toil.job] New job version: 'CWLJob' sr-workflow.mpirun.mpich-mpirun-base-command kind-CWLJob/instance-woqs9xk_ v1
[2026-06-13T19:31:11+0300] [MainThread] [D] [toil.job] New job version: 'CWLJob' sr-workflow.mpicc.mpich-mpicc kind-CWLJob/instance-10xvaljr v1
[2026-06-13T19:31:11+0300] [MainThread] [D] [toil.fileStores.abstractFileStore] LOG-TO-LEADER: Job 'CWLWorkflow' sr-workflow kind-CWLWorkflow/instance-vhxwnibk v1 used 0.39% disk (4.0 KiB [4096B] used, 1.0 MiB [1048576B] requested).
[2026-06-13T19:31:11+0300] [MainThread] [D] [toil.deferred] Running own deferred functions
[2026-06-13T19:31:11+0300] [MainThread] [D] [toil.deferred] Out of deferred functions!
[2026-06-13T19:31:11+0300] [MainThread] [D] [toil.deferred] Running orphaned deferred functions
[2026-06-13T19:31:11+0300] [MainThread] [D] [toil.deferred] Ran orphaned deferred functions from 0 abandoned state files
[2026-06-13T19:31:11+0300] [MainThread] [D] [toil.job] New job version: 'CWLWorkflow' sr-workflow kind-CWLWorkflow/instance-vhxwnibk v2
[2026-06-13T19:31:11+0300] [MainThread] [I] [toil.worker] Completed body for 'CWLWorkflow' sr-workflow kind-CWLWorkflow/instance-vhxwnibk v2
[2026-06-13T19:31:11+0300] [MainThread] [D] [toil.worker] No more jobs can run in series by this worker, it's got 2 successors
[2026-06-13T19:31:11+0300] [MainThread] [D] [toil.worker] Two distinct successors are kind-CWLJob/instance-woqs9xk_ and kind-CWLJob/instance-10xvaljr
[2026-06-13T19:31:11+0300] [MainThread] [I] [toil.worker] Not chaining from job 'CWLWorkflow' sr-workflow kind-CWLWorkflow/instance-vhxwnibk v2
[2026-06-13T19:31:11+0300] [MainThread] [I] [toil.worker] Worker log can be found at /pfs/lustrep4/projappl/[REDACTED]/[REDACTED]/cwl-mpi/workflows/mpich-sr/logs/toil/lumi/singularity/toilwf-61b681f0ea3151a087775510160d1c5a/9684. Set --cleanWorkDir to retain this log
[2026-06-13T19:31:11+0300] [MainThread] [I] [toil.worker] Finished running the chain of jobs on this node, we ran for a total of 0.448248 seconds
