[1;30mINFO[0m /home/kinow/Development/python/micromamba/envs/cwltool/bin/cwltool 3.2.20260413085819
[1;30mINFO[0m Resolved 'sr-workflow-mpi-requirement.cwl' to 'file:///home/kinow/Development/python/workspace/cwl-mpi/workflows/mpich-sr/sr-workflow-mpi-requirement.cwl'
[1;30mDEBUG[0m [32mParsed job order from command line: {
    "__id": "sr-workflow-mpi-requirement.cwl",
    "msg_size": 0,
    "niter": 1,
    "np": 6,
    "source": {
        "class": "File",
        "path": "file:///home/kinow/Development/python/workspace/cwl-mpi/workflows/mpich-sr/sr.c"
    }
}[0m
[1;30mDEBUG[0m [32m[workflow ] initialized from file:///home/kinow/Development/python/workspace/cwl-mpi/workflows/mpich-sr/sr-workflow-mpi-requirement.cwl#sr-workflow[0m
[1;30mINFO[0m [workflow ] start
[1;30mDEBUG[0m [32m[workflow ] inputs {
    "msg_size": 0,
    "niter": 1,
    "np": 6,
    "source": {
        "class": "File",
        "location": "file:///home/kinow/Development/python/workspace/cwl-mpi/workflows/mpich-sr/sr.c",
        "size": 2570,
        "basename": "sr.c",
        "nameroot": "sr",
        "nameext": ".c"
    }
}[0m
[1;30mINFO[0m [workflow ] starting step mpicc
[1;30mDEBUG[0m [32m[step mpicc] job input {
    "file:///home/kinow/Development/python/workspace/cwl-mpi/workflows/mpich-sr/sr-workflow-mpi-requirement.cwl#sr-workflow/mpicc/source": {
        "class": "File",
        "location": "file:///home/kinow/Development/python/workspace/cwl-mpi/workflows/mpich-sr/sr.c",
        "size": 2570,
        "basename": "sr.c",
        "nameroot": "sr",
        "nameext": ".c"
    }
}[0m
[1;30mDEBUG[0m [32m[step mpicc] evaluated job input to {
    "file:///home/kinow/Development/python/workspace/cwl-mpi/workflows/mpich-sr/sr-workflow-mpi-requirement.cwl#sr-workflow/mpicc/source": {
        "class": "File",
        "location": "file:///home/kinow/Development/python/workspace/cwl-mpi/workflows/mpich-sr/sr.c",
        "size": 2570,
        "basename": "sr.c",
        "nameroot": "sr",
        "nameext": ".c"
    }
}[0m
[1;30mINFO[0m [step mpicc] start
[1;30mDEBUG[0m [32m[job mpicc] initializing from file:///home/kinow/Development/python/workspace/cwl-mpi/workflows/mpich-sr/mpicc.cwl#mpich-mpicc as part of step mpicc[0m
[1;30mDEBUG[0m [32m[job mpicc] {
    "source": {
        "class": "File",
        "location": "file:///home/kinow/Development/python/workspace/cwl-mpi/workflows/mpich-sr/sr.c",
        "size": 2570,
        "basename": "sr.c",
        "nameroot": "sr",
        "nameext": ".c"
    },
    "output_name": "sr"
}[0m
[1;30mDEBUG[0m [32m[job mpicc] path mappings is {
    "file:///home/kinow/Development/python/workspace/cwl-mpi/workflows/mpich-sr/sr.c": [
        "/home/kinow/Development/python/workspace/cwl-mpi/workflows/mpich-sr/sr.c",
        "/var/lib/cwl/stg8f68ce8f-75e9-4d5a-b520-e8b2191a66a6/sr.c",
        "File",
        true
    ]
}[0m
[1;30mDEBUG[0m [32m[job mpicc] command line bindings is [
    {
        "position": [
            -1000000,
            0
        ],
        "datum": "mpicc"
    },
    {
        "position": [
            1,
            "source"
        ],
        "datum": {
            "class": "File",
            "location": "file:///home/kinow/Development/python/workspace/cwl-mpi/workflows/mpich-sr/sr.c",
            "size": 2570,
            "basename": "sr.c",
            "nameroot": "sr",
            "nameext": ".c",
            "path": "/var/lib/cwl/stg8f68ce8f-75e9-4d5a-b520-e8b2191a66a6/sr.c",
            "dirname": "/var/lib/cwl/stg8f68ce8f-75e9-4d5a-b520-e8b2191a66a6"
        }
    },
    {
        "prefix": "-o",
        "position": [
            2,
            "output_name"
        ],
        "datum": "sr"
    }
][0m
[1;30mDEBUG[0m [32m[job mpicc] initial work dir {}[0m
[1;30mINFO[0m [job mpicc] /tmp/e73z5x7t$ docker \
    run \
    -i \
    --mount=type=bind,source=/tmp/e73z5x7t,target=/tBsAAs \
    --mount=type=bind,source=/tmp/27m9new7,target=/tmp \
    --mount=type=bind,source=/home/kinow/Development/python/workspace/cwl-mpi/workflows/mpich-sr/sr.c,target=/var/lib/cwl/stg8f68ce8f-75e9-4d5a-b520-e8b2191a66a6/sr.c,readonly \
    --workdir=/tBsAAs \
    --read-only=true \
    --net=none \
    --user=1000:1000 \
    --rm \
    --cidfile=/tmp/b3fzd4ya/20260614011629-367040.cid \
    --env=TMPDIR=/tmp \
    --env=HOME=/tBsAAs \
    --memory=512m \
    --cpus=2 \
    mfisherman/mpich:4.3.2 \
    mpicc \
    /var/lib/cwl/stg8f68ce8f-75e9-4d5a-b520-e8b2191a66a6/sr.c \
    -o \
    sr
[1;30mINFO[0m [job mpicc] completed success
[1;30mDEBUG[0m [32m[job mpicc] outputs {
    "executable": {
        "location": "file:///tmp/e73z5x7t/sr",
        "basename": "sr",
        "nameroot": "sr",
        "nameext": "",
        "class": "File",
        "checksum": "sha1$0ec2227060df40b5ce79cc59c60cdaacaf19bfb6",
        "size": 16512,
        "http://commonwl.org/cwltool#generation": 0
    }
}[0m
[1;30mDEBUG[0m [32m[step mpicc] produced output {
    "file:///home/kinow/Development/python/workspace/cwl-mpi/workflows/mpich-sr/sr-workflow-mpi-requirement.cwl#sr-workflow/mpicc/executable": {
        "location": "file:///tmp/e73z5x7t/sr",
        "basename": "sr",
        "nameroot": "sr",
        "nameext": "",
        "class": "File",
        "checksum": "sha1$0ec2227060df40b5ce79cc59c60cdaacaf19bfb6",
        "size": 16512,
        "http://commonwl.org/cwltool#generation": 0
    }
}[0m
[1;30mINFO[0m [step mpicc] completed success
[1;30mDEBUG[0m [32m[job mpicc] Removing input staging directory /tmp/z173uudl[0m
[1;30mDEBUG[0m [32m[job mpicc] Removing temporary directory /tmp/27m9new7[0m
[1;30mINFO[0m [workflow ] starting step mpirun
[1;30mDEBUG[0m [32m[step mpirun] job input {
    "file:///home/kinow/Development/python/workspace/cwl-mpi/workflows/mpich-sr/sr-workflow-mpi-requirement.cwl#sr-workflow/mpirun/executable": {
        "location": "file:///tmp/e73z5x7t/sr",
        "basename": "sr",
        "nameroot": "sr",
        "nameext": "",
        "class": "File",
        "checksum": "sha1$0ec2227060df40b5ce79cc59c60cdaacaf19bfb6",
        "size": 16512,
        "http://commonwl.org/cwltool#generation": 0
    },
    "file:///home/kinow/Development/python/workspace/cwl-mpi/workflows/mpich-sr/sr-workflow-mpi-requirement.cwl#sr-workflow/mpirun/msg_size": 0,
    "file:///home/kinow/Development/python/workspace/cwl-mpi/workflows/mpich-sr/sr-workflow-mpi-requirement.cwl#sr-workflow/mpirun/niter": 1,
    "file:///home/kinow/Development/python/workspace/cwl-mpi/workflows/mpich-sr/sr-workflow-mpi-requirement.cwl#sr-workflow/mpirun/np": 6
}[0m
[1;30mDEBUG[0m [32m[step mpirun] evaluated job input to {
    "file:///home/kinow/Development/python/workspace/cwl-mpi/workflows/mpich-sr/sr-workflow-mpi-requirement.cwl#sr-workflow/mpirun/executable": {
        "location": "file:///tmp/e73z5x7t/sr",
        "basename": "sr",
        "nameroot": "sr",
        "nameext": "",
        "class": "File",
        "checksum": "sha1$0ec2227060df40b5ce79cc59c60cdaacaf19bfb6",
        "size": 16512,
        "http://commonwl.org/cwltool#generation": 0
    },
    "file:///home/kinow/Development/python/workspace/cwl-mpi/workflows/mpich-sr/sr-workflow-mpi-requirement.cwl#sr-workflow/mpirun/msg_size": 0,
    "file:///home/kinow/Development/python/workspace/cwl-mpi/workflows/mpich-sr/sr-workflow-mpi-requirement.cwl#sr-workflow/mpirun/niter": 1,
    "file:///home/kinow/Development/python/workspace/cwl-mpi/workflows/mpich-sr/sr-workflow-mpi-requirement.cwl#sr-workflow/mpirun/np": 6
}[0m
[1;30mINFO[0m [step mpirun] start
[1;30mWARNING[0m [33mMPI has been required while DockerRequirement is hinted and neither Singularity nor uDocker is being used, discarding Docker hint(s).[0m
[1;30mDEBUG[0m [32m[job mpirun] initializing from file:///home/kinow/Development/python/workspace/cwl-mpi/workflows/mpich-sr/sr-mpi-requirement.cwl#mpich-mpirun-base-command as part of step mpirun[0m
[1;30mDEBUG[0m [32m[job mpirun] {
    "executable": {
        "location": "file:///tmp/e73z5x7t/sr",
        "basename": "sr",
        "nameroot": "sr",
        "nameext": "",
        "class": "File",
        "checksum": "sha1$0ec2227060df40b5ce79cc59c60cdaacaf19bfb6",
        "size": 16512,
        "http://commonwl.org/cwltool#generation": 0
    },
    "msg_size": 0,
    "niter": 1,
    "np": 6
}[0m
[1;30mDEBUG[0m [32m[job mpirun] path mappings is {
    "file:///tmp/e73z5x7t/sr": [
        "/tmp/e73z5x7t/sr",
        "/tmp/8cbquy17/stg9596c0cb-ff80-45ae-a285-17c0caac2b1f/sr",
        "File",
        true
    ]
}[0m
[1;30mDEBUG[0m [32m[job mpirun] command line bindings is [
    {
        "position": [
            2,
            "executable"
        ],
        "datum": {
            "location": "file:///tmp/e73z5x7t/sr",
            "basename": "sr",
            "nameroot": "sr",
            "nameext": "",
            "class": "File",
            "checksum": "sha1$0ec2227060df40b5ce79cc59c60cdaacaf19bfb6",
            "size": 16512,
            "http://commonwl.org/cwltool#generation": 0,
            "path": "/tmp/8cbquy17/stg9596c0cb-ff80-45ae-a285-17c0caac2b1f/sr",
            "dirname": "/tmp/8cbquy17/stg9596c0cb-ff80-45ae-a285-17c0caac2b1f"
        }
    },
    {
        "position": [
            3,
            "msg_size"
        ],
        "datum": 0
    },
    {
        "position": [
            4,
            "niter"
        ],
        "datum": 1
    }
][0m
[1;30mDEBUG[0m [32m[job mpirun] initial work dir {}[0m
[1;30mINFO[0m [job mpirun] /tmp/bd466ivf$ mpirun \
    -n \
    6 \
    /tmp/8cbquy17/stg9596c0cb-ff80-45ae-a285-17c0caac2b1f/sr \
    0 \
    1 > /tmp/bd466ivf/mpirun-mpi-requirement.out 2> /tmp/bd466ivf/mpirun-mpi-requirement.err
[1;30mDEBUG[0m [32mCould not collect memory usage, job ended before monitoring began.[0m
[1;30mINFO[0m [job mpirun] completed success
[1;30mDEBUG[0m [32m[job mpirun] outputs {
    "stderr_file": {
        "location": "file:///tmp/bd466ivf/mpirun-mpi-requirement.err",
        "basename": "mpirun-mpi-requirement.err",
        "nameroot": "mpirun-mpi-requirement",
        "nameext": ".err",
        "class": "File",
        "checksum": "sha1$da39a3ee5e6b4b0d3255bfef95601890afd80709",
        "size": 0,
        "http://commonwl.org/cwltool#generation": 0
    },
    "stdout_file": {
        "location": "file:///tmp/bd466ivf/mpirun-mpi-requirement.out",
        "basename": "mpirun-mpi-requirement.out",
        "nameroot": "mpirun-mpi-requirement",
        "nameext": ".out",
        "class": "File",
        "checksum": "sha1$bffb91afa948c649ff3ddd3e56e66bfe9d094fc5",
        "size": 300,
        "http://commonwl.org/cwltool#generation": 0
    }
}[0m
[1;30mDEBUG[0m [32m[step mpirun] produced output {
    "file:///home/kinow/Development/python/workspace/cwl-mpi/workflows/mpich-sr/sr-workflow-mpi-requirement.cwl#sr-workflow/mpirun/stdout_file": {
        "location": "file:///tmp/bd466ivf/mpirun-mpi-requirement.out",
        "basename": "mpirun-mpi-requirement.out",
        "nameroot": "mpirun-mpi-requirement",
        "nameext": ".out",
        "class": "File",
        "checksum": "sha1$bffb91afa948c649ff3ddd3e56e66bfe9d094fc5",
        "size": 300,
        "http://commonwl.org/cwltool#generation": 0
    },
    "file:///home/kinow/Development/python/workspace/cwl-mpi/workflows/mpich-sr/sr-workflow-mpi-requirement.cwl#sr-workflow/mpirun/stderr_file": {
        "location": "file:///tmp/bd466ivf/mpirun-mpi-requirement.err",
        "basename": "mpirun-mpi-requirement.err",
        "nameroot": "mpirun-mpi-requirement",
        "nameext": ".err",
        "class": "File",
        "checksum": "sha1$da39a3ee5e6b4b0d3255bfef95601890afd80709",
        "size": 0,
        "http://commonwl.org/cwltool#generation": 0
    }
}[0m
[1;30mINFO[0m [step mpirun] completed success
[1;30mINFO[0m [workflow ] completed success
[1;30mDEBUG[0m [32m[workflow ] outputs {
    "stderr": {
        "location": "file:///tmp/bd466ivf/mpirun-mpi-requirement.err",
        "basename": "mpirun-mpi-requirement.err",
        "nameroot": "mpirun-mpi-requirement",
        "nameext": ".err",
        "class": "File",
        "checksum": "sha1$da39a3ee5e6b4b0d3255bfef95601890afd80709",
        "size": 0,
        "http://commonwl.org/cwltool#generation": 0
    },
    "stdout": {
        "location": "file:///tmp/bd466ivf/mpirun-mpi-requirement.out",
        "basename": "mpirun-mpi-requirement.out",
        "nameroot": "mpirun-mpi-requirement",
        "nameext": ".out",
        "class": "File",
        "checksum": "sha1$bffb91afa948c649ff3ddd3e56e66bfe9d094fc5",
        "size": 300,
        "http://commonwl.org/cwltool#generation": 0
    }
}[0m
[1;30mDEBUG[0m [32m[job mpirun] Removing input staging directory /tmp/8cbquy17[0m
[1;30mDEBUG[0m [32m[job mpirun] Removing temporary directory /tmp/bj5zsqxg[0m
[1;30mDEBUG[0m [32mMoving /tmp/bd466ivf/mpirun-mpi-requirement.err to /home/kinow/Development/python/workspace/cwl-mpi/workflows/mpich-sr/logs/cwltool/laptop/docker/mpirun-mpi-requirement.err[0m
[1;30mDEBUG[0m [32mMoving /tmp/bd466ivf/mpirun-mpi-requirement.out to /home/kinow/Development/python/workspace/cwl-mpi/workflows/mpich-sr/logs/cwltool/laptop/docker/mpirun-mpi-requirement.out[0m
[1;30mDEBUG[0m [32mRemoving intermediate output directory /tmp/jrnvr02k[0m
[1;30mDEBUG[0m [32mRemoving intermediate output directory /tmp/e73z5x7t[0m
[1;30mDEBUG[0m [32mRemoving intermediate output directory /tmp/bd466ivf[0m
{
    "stderr": {
        "location": "file:///home/kinow/Development/python/workspace/cwl-mpi/workflows/mpich-sr/logs/cwltool/laptop/docker/mpirun-mpi-requirement.err",
        "basename": "mpirun-mpi-requirement.err",
        "class": "File",
        "checksum": "sha1$da39a3ee5e6b4b0d3255bfef95601890afd80709",
        "size": 0,
        "path": "/home/kinow/Development/python/workspace/cwl-mpi/workflows/mpich-sr/logs/cwltool/laptop/docker/mpirun-mpi-requirement.err"
    },
    "stdout": {
        "location": "file:///home/kinow/Development/python/workspace/cwl-mpi/workflows/mpich-sr/logs/cwltool/laptop/docker/mpirun-mpi-requirement.out",
        "basename": "mpirun-mpi-requirement.out",
        "class": "File",
        "checksum": "sha1$bffb91afa948c649ff3ddd3e56e66bfe9d094fc5",
        "size": 300,
        "path": "/home/kinow/Development/python/workspace/cwl-mpi/workflows/mpich-sr/logs/cwltool/laptop/docker/mpirun-mpi-requirement.out"
    }
}[1;30mINFO[0m Final process status is success
