[2026-06-14T00:28:40+0200] [MainThread] [I] [toil.worker] ---TOIL WORKER OUTPUT LOG---
[2026-06-14T00:28:40+0200] [MainThread] [I] [toil] Running Toil version 9.4.1-c6a39f2c827899f9a1dd0018ca2b72c675120096 on host gs09r1b56.
[2026-06-14T00:28:40+0200] [MainThread] [D] [toil] Configuration: {'cwl': False, 'workflowID': '90ab28ad-ce2e-4c88-a0c2-a2ae5e154bda', 'kill_polling_interval': 5, 'jobStore': 'file:/gpfs/projects/[REDACTED]/[REDACTED]/cwl-mpi/workflows/mpich-sr/logs/toil/mn5/none/c6a14f7c-cb90-4aab-aeb3-aa9cccdf7d98', 'workDir': '/gpfs/projects/[REDACTED]/[REDACTED]/cwl-mpi/workflows/mpich-sr/logs/toil/mn5/none', 'coordination_dir': None, 'noStdOutErr': False, 'stats': False, 'cleanWorkDir': 'always', 'clean': 'onSuccess', 'clusterStats': None, 'restart': False, 'batchSystem': 'single_machine', 'scale': 1, 'slurm_allocate_mem': True, 'slurm_default_all_mem': False, 'slurm_time': None, 'slurm_partition': None, 'slurm_gpu_partition': None, 'slurm_pe': None, 'slurm_args': '', 'disableAutoDeployment': False, 'max_jobs': 9223372036854775807, 'max_local_jobs': None, 'manualMemArgs': False, 'run_local_jobs_on_workers': False, 'statePollingWait': None, 'state_polling_timeout': 1200, 'batch_logs_dir': None, 'symlinkImports': True, 'moveOutputs': False, 'caching': False, 'symlink_job_store_reads': True, 'provisioner': None, 'nodeTypes': [], 'minNodes': [0], 'maxNodes': [10], 'targetTime': 1800, 'betaInertia': 0.1, 'scaleInterval': 60, 'metrics': False, 'assume_zero_overhead': False, 'preemptibleCompensation': 0.0, 'nodeStorage': 50, 'nodeStorageOverrides': [], 'maxServiceJobs': 9223372036854775807, 'maxPreemptibleServiceJobs': 9223372036854775807, 'deadlockWait': 60, 'deadlockCheckInterval': 30, 'defaultMemory': 2147483648, 'defaultCores': 1, 'defaultDisk': 2147483648, 'defaultAccelerators': [], 'maxCores': 9223372036854775807, 'maxMemory': 9223372036854775807, 'maxDisk': 9223372036854775807, 'defaultPreemptible': False, 'retryCount': 0, 'retry_backoff_seconds': 2, 'retry_backoff_factor': 3, 'stop_on_first_failure': False, 'enableUnlimitedPreemptibleRetries': False, 'doubleMem': False, 'maxJobDuration': 9223372036854775807, 'rescueJobsFrequency': 60, 'job_store_timeout': 30, 'maxLogFileSize': 104857600, 'writeLogs': 'logs/toil/mn5/none', 'writeLogsGzip': None, 'writeLogsFromAllJobs': False, 'write_messages': '/scratch/tmp/41770328/tmpz4hkf87p', 'publish_workflow_metrics': None, 'environment': {}, 'disableChaining': False, 'disableJobStoreChecksumVerification': False, 'statusWait': 3600, 'disableProgress': False, 'sseKey': None, 'servicePollingInterval': 60.0, 'forceDockerAppliance': False, 'debugWorker': False, 'disableWorkerOutputCapture': False, 'badWorker': 0.0, 'badWorkerFailInterval': 0.01, 'logLevel': 'Debug', 'colored_logs': True, 'memory_is_product': False, 'workflowAttemptNumber': 0}
[2026-06-14T00:28:40+0200] [MainThread] [D] [toil.deferred] Opened with own state file /scratch/tmp/41770328/toilwf-e75b1cf3581c5890b9aebf4559d59f36/deferred/funcoukcs2rw
[2026-06-14T00:28:40+0200] [MainThread] [D] [toil.worker] Parsed job description
[2026-06-14T00:28:40+0200] [MainThread] [I] [toil.worker] Working on job 'CWLWorkflow' sr-workflow kind-CWLWorkflow/instance-c45abw0d v1
[2026-06-14T00:28:40+0200] [MainThread] [D] [toil.job] Loading user module ModuleDescriptor(dirPath='/gpfs/projects/[REDACTED]/[REDACTED]/micromamba-envs/envs/toil/lib/python3.13/site-packages', name='toil.cwl.cwltoil', fromVirtualEnv=True).
[2026-06-14T00:28:41+0200] [MainThread] [D] [pydot] pydot initializing
[2026-06-14T00:28:41+0200] [MainThread] [D] [pydot] pydot 4.0.1
[2026-06-14T00:28:41+0200] [MainThread] [D] [pydot.core] pydot core module initializing
[2026-06-14T00:28:41+0200] [MainThread] [I] [toil.worker] Loaded body Job('CWLWorkflow' sr-workflow kind-CWLWorkflow/instance-c45abw0d v1) from description 'CWLWorkflow' sr-workflow kind-CWLWorkflow/instance-c45abw0d v1
[2026-06-14T00:28:41+0200] [MainThread] [D] [toil.lib.threading] Detected that /scratch/tmp/41770328/toilwf-e75b1cf3581c5890b9aebf4559d59f36 has lockable filesystem type: ext2/ext3
[2026-06-14T00:28:41+0200] [MainThread] [D] [toil.deferred] Running orphaned deferred functions
[2026-06-14T00:28:41+0200] [MainThread] [D] [toil.deferred] Ran orphaned deferred functions from 0 abandoned state files
[2026-06-14T00:28:41+0200] [MainThread] [D] [toil.deferred] Running job
[2026-06-14T00:28:41+0200] [MainThread] [W] [toil.fileStores.nonCachingFileStore] Starting job 'CWLWorkflow' sr-workflow kind-CWLWorkflow/instance-c45abw0d v1 with less than 10%% of disk space remaining.
[2026-06-14T00:28:41+0200] [MainThread] [D] [toil.resource] Module dir is /gpfs/projects/[REDACTED]/[REDACTED]/micromamba-envs/envs/toil/lib/python3.13/site-packages, our prefix is /gpfs/projects/[REDACTED]/[REDACTED]/micromamba-envs/envs/toil, virtualenv: True
[2026-06-14T00:28:41+0200] [MainThread] [D] [toil.resource] Module dir is /gpfs/projects/[REDACTED]/[REDACTED]/micromamba-envs/envs/toil/lib/python3.13/site-packages, our prefix is /gpfs/projects/[REDACTED]/[REDACTED]/micromamba-envs/envs/toil, virtualenv: True
[2026-06-14T00:28:41+0200] [MainThread] [D] [toil.resource] Module dir is /gpfs/projects/[REDACTED]/[REDACTED]/micromamba-envs/envs/toil/lib/python3.13/site-packages, our prefix is /gpfs/projects/[REDACTED]/[REDACTED]/micromamba-envs/envs/toil, virtualenv: True
[2026-06-14T00:28:41+0200] [MainThread] [D] [toil.resource] Module dir is /gpfs/projects/[REDACTED]/[REDACTED]/micromamba-envs/envs/toil/lib/python3.13/site-packages, our prefix is /gpfs/projects/[REDACTED]/[REDACTED]/micromamba-envs/envs/toil, virtualenv: True
[2026-06-14T00:28:41+0200] [MainThread] [D] [toil.cwl.cwltoil] Ready to make job for workflow step file:///gpfs/projects/[REDACTED]/[REDACTED]/cwl-mpi/workflows/mpich-sr/sr-workflow-mpi-requirement.cwl#sr-workflow/mpicc
[2026-06-14T00:28:41+0200] [MainThread] [D] [toil.cwl.cwltoil] Takes input: file:///gpfs/projects/[REDACTED]/[REDACTED]/cwl-mpi/workflows/mpich-sr/sr-workflow-mpi-requirement.cwl#sr-workflow/mpicc/source
[2026-06-14T00:28:41+0200] [MainThread] [D] [toil.cwl.cwltoil] Value will come from DefaultWithSource({'class': 'File', 'location': 'file:///gpfs/projects/[REDACTED]/[REDACTED]/cwl-mpi/workflows/mpich-sr/sr.c', 'size': 2570, 'basename': 'sr.c', 'nameroot': 'sr', 'nameext': '.c'}, ResolveSource(source key source, name source in promise))
[2026-06-14T00:28:41+0200] [MainThread] [D] [toil.cwl.cwltoil] Make job for tool: file:///gpfs/projects/[REDACTED]/[REDACTED]/cwl-mpi/workflows/mpich-sr/mpicc.cwl#mpich-mpicc
[2026-06-14T00:28:41+0200] [MainThread] [D] [toil.resource] Module dir is /gpfs/projects/[REDACTED]/[REDACTED]/micromamba-envs/envs/toil/lib/python3.13/site-packages, our prefix is /gpfs/projects/[REDACTED]/[REDACTED]/micromamba-envs/envs/toil, virtualenv: True
[2026-06-14T00:28:41+0200] [MainThread] [D] [toil.cwl.cwltoil] Is non-scatter with Job('CWLJob' sr-workflow.mpicc.mpich-mpicc TemporaryID(b9b85e0b-eda6-4d27-a697-5e643fd825e7) v0) and follow-on Job('CWLJob' sr-workflow.mpicc.mpich-mpicc TemporaryID(b9b85e0b-eda6-4d27-a697-5e643fd825e7) v0)
[2026-06-14T00:28:41+0200] [MainThread] [D] [toil.cwl.cwltoil] Connect as child based on need for file:///gpfs/projects/[REDACTED]/[REDACTED]/cwl-mpi/workflows/mpich-sr/sr-workflow-mpi-requirement.cwl#sr-workflow/source from Job('SelfJob' TemporaryID(d0f06827-f89e-4b24-874d-4cdd62381fd8) v0)
[2026-06-14T00:28:41+0200] [MainThread] [D] [toil.cwl.cwltoil] Provides file:///gpfs/projects/[REDACTED]/[REDACTED]/cwl-mpi/workflows/mpich-sr/sr-workflow-mpi-requirement.cwl#sr-workflow/mpicc/executable from Job('CWLJob' sr-workflow.mpicc.mpich-mpicc TemporaryID(b9b85e0b-eda6-4d27-a697-5e643fd825e7) v0)
[2026-06-14T00:28:41+0200] [MainThread] [D] [toil.cwl.cwltoil] Ready to make job for workflow step file:///gpfs/projects/[REDACTED]/[REDACTED]/cwl-mpi/workflows/mpich-sr/sr-workflow-mpi-requirement.cwl#sr-workflow/mpirun
[2026-06-14T00:28:41+0200] [MainThread] [D] [toil.cwl.cwltoil] Takes input: file:///gpfs/projects/[REDACTED]/[REDACTED]/cwl-mpi/workflows/mpich-sr/sr-workflow-mpi-requirement.cwl#sr-workflow/mpirun/executable
[2026-06-14T00:28:41+0200] [MainThread] [D] [toil.cwl.cwltoil] Value will come from ResolveSource(source key source, name executable in promise)
[2026-06-14T00:28:41+0200] [MainThread] [D] [toil.cwl.cwltoil] Takes input: file:///gpfs/projects/[REDACTED]/[REDACTED]/cwl-mpi/workflows/mpich-sr/sr-workflow-mpi-requirement.cwl#sr-workflow/mpirun/msg_size
[2026-06-14T00:28:41+0200] [MainThread] [D] [toil.cwl.cwltoil] Value will come from DefaultWithSource(0, ResolveSource(source key source, name msg_size in promise))
[2026-06-14T00:28:41+0200] [MainThread] [D] [toil.cwl.cwltoil] Takes input: file:///gpfs/projects/[REDACTED]/[REDACTED]/cwl-mpi/workflows/mpich-sr/sr-workflow-mpi-requirement.cwl#sr-workflow/mpirun/niter
[2026-06-14T00:28:41+0200] [MainThread] [D] [toil.cwl.cwltoil] Value will come from DefaultWithSource(1, ResolveSource(source key source, name niter in promise))
[2026-06-14T00:28:41+0200] [MainThread] [D] [toil.cwl.cwltoil] Takes input: file:///gpfs/projects/[REDACTED]/[REDACTED]/cwl-mpi/workflows/mpich-sr/sr-workflow-mpi-requirement.cwl#sr-workflow/mpirun/np
[2026-06-14T00:28:41+0200] [MainThread] [D] [toil.cwl.cwltoil] Value will come from DefaultWithSource(2, ResolveSource(source key source, name np in promise))
[2026-06-14T00:28:41+0200] [MainThread] [D] [toil.cwl.cwltoil] Make job for tool: file:///gpfs/projects/[REDACTED]/[REDACTED]/cwl-mpi/workflows/mpich-sr/sr-mpi-requirement.cwl#mpich-mpirun-base-command
[2026-06-14T00:28:41+0200] [MainThread] [D] [toil.resource] Module dir is /gpfs/projects/[REDACTED]/[REDACTED]/micromamba-envs/envs/toil/lib/python3.13/site-packages, our prefix is /gpfs/projects/[REDACTED]/[REDACTED]/micromamba-envs/envs/toil, virtualenv: True
[2026-06-14T00:28:41+0200] [MainThread] [D] [toil.cwl.cwltoil] Is non-scatter with Job('CWLJob' sr-workflow.mpirun.mpich-mpirun-base-command TemporaryID(8911d70b-3050-4d01-81b3-8b74d30198ba) v0) and follow-on Job('CWLJob' sr-workflow.mpirun.mpich-mpirun-base-command TemporaryID(8911d70b-3050-4d01-81b3-8b74d30198ba) v0)
[2026-06-14T00:28:41+0200] [MainThread] [D] [toil.cwl.cwltoil] Connect as child based on need for file:///gpfs/projects/[REDACTED]/[REDACTED]/cwl-mpi/workflows/mpich-sr/sr-workflow-mpi-requirement.cwl#sr-workflow/mpicc/executable from Job('CWLJob' sr-workflow.mpicc.mpich-mpicc TemporaryID(b9b85e0b-eda6-4d27-a697-5e643fd825e7) v0)
[2026-06-14T00:28:41+0200] [MainThread] [D] [toil.cwl.cwltoil] Connect as child based on need for file:///gpfs/projects/[REDACTED]/[REDACTED]/cwl-mpi/workflows/mpich-sr/sr-workflow-mpi-requirement.cwl#sr-workflow/msg_size from Job('SelfJob' TemporaryID(834db7d3-5a85-4576-b15c-47180abeb3f7) v0)
[2026-06-14T00:28:41+0200] [MainThread] [D] [toil.cwl.cwltoil] Provides file:///gpfs/projects/[REDACTED]/[REDACTED]/cwl-mpi/workflows/mpich-sr/sr-workflow-mpi-requirement.cwl#sr-workflow/mpirun/stdout_file from Job('CWLJob' sr-workflow.mpirun.mpich-mpirun-base-command TemporaryID(8911d70b-3050-4d01-81b3-8b74d30198ba) v0)
[2026-06-14T00:28:41+0200] [MainThread] [D] [toil.cwl.cwltoil] Provides file:///gpfs/projects/[REDACTED]/[REDACTED]/cwl-mpi/workflows/mpich-sr/sr-workflow-mpi-requirement.cwl#sr-workflow/mpirun/stderr_file from Job('CWLJob' sr-workflow.mpirun.mpich-mpirun-base-command TemporaryID(8911d70b-3050-4d01-81b3-8b74d30198ba) v0)
[2026-06-14T00:28:41+0200] [MainThread] [D] [toil.job] Saving graph of 3 jobs, 3 non-service, 2 new
[2026-06-14T00:28:41+0200] [MainThread] [I] [toil.job] Resolve promise files/no-job/file-dffeacdd445e4e16b3f3597f4fa76918/stream from Job('CWLWorkflow' sr-workflow kind-CWLWorkflow/instance-c45abw0d v1) with a <class 'toil.cwl.cwltoil.UnresolvedDict'>
[2026-06-14T00:28:41+0200] [MainThread] [D] [toil.job] Issuing promise files/no-job/file-087eab1dadf94fe99473bca812a3b62d/stream for result of 'CWLJob' sr-workflow.mpirun.mpich-mpirun-base-command kind-CWLJob/instance-txgr5k1e v0
[2026-06-14T00:28:41+0200] [MainThread] [D] [toil.job] Issuing promise files/no-job/file-d415f96abd634aada15aad842c3cb998/stream for result of 'CWLJob' sr-workflow.mpirun.mpich-mpirun-base-command kind-CWLJob/instance-txgr5k1e v0
[2026-06-14T00:28:41+0200] [MainThread] [I] [toil.job] Resolve promise files/no-job/file-91baffaf0a5f4282b70817d64a83cfdd/stream from Job('CWLWorkflow' sr-workflow kind-CWLWorkflow/instance-c45abw0d v1) with a <class 'toil.cwl.cwltoil.UnresolvedDict'>
[2026-06-14T00:28:41+0200] [MainThread] [D] [toil.job] Issuing promise files/no-job/file-3ff0017908e04d52aac4389d2a1cce08/stream for result of 'CWLJob' sr-workflow.mpirun.mpich-mpirun-base-command kind-CWLJob/instance-txgr5k1e v0
[2026-06-14T00:28:41+0200] [MainThread] [D] [toil.job] Issuing promise files/no-job/file-d691214a8c1b4bc2b4aac8cb7d6ac983/stream for result of 'CWLJob' sr-workflow.mpirun.mpich-mpirun-base-command kind-CWLJob/instance-txgr5k1e v0
[2026-06-14T00:28:41+0200] [MainThread] [D] [toil.job] Processing job 'CWLJob' sr-workflow.mpirun.mpich-mpirun-base-command kind-CWLJob/instance-txgr5k1e v0
[2026-06-14T00:28:41+0200] [MainThread] [D] [toil.job] Issuing promise files/no-job/file-449aaf184e5041e583568639cb6edbb3/stream for result of 'CWLJob' sr-workflow.mpicc.mpich-mpicc kind-CWLJob/instance-8s08thwe v0
[2026-06-14T00:28:41+0200] [MainThread] [D] [toil.job] Processing job 'CWLJob' sr-workflow.mpicc.mpich-mpicc kind-CWLJob/instance-8s08thwe v0
[2026-06-14T00:28:41+0200] [MainThread] [D] [toil.job] Processing job 'CWLWorkflow' sr-workflow kind-CWLWorkflow/instance-c45abw0d v1
[2026-06-14T00:28:41+0200] [MainThread] [D] [toil.job] New job version: 'CWLJob' sr-workflow.mpirun.mpich-mpirun-base-command kind-CWLJob/instance-txgr5k1e v1
[2026-06-14T00:28:41+0200] [MainThread] [D] [toil.job] New job version: 'CWLJob' sr-workflow.mpicc.mpich-mpicc kind-CWLJob/instance-8s08thwe v1
[2026-06-14T00:28:41+0200] [MainThread] [D] [toil.fileStores.abstractFileStore] LOG-TO-LEADER: Job 'CWLWorkflow' sr-workflow kind-CWLWorkflow/instance-c45abw0d v1 used 0.10% disk (1.0 KiB [1024B] used, 1.0 MiB [1048576B] requested).
[2026-06-14T00:28:41+0200] [MainThread] [D] [toil.deferred] Running own deferred functions
[2026-06-14T00:28:41+0200] [MainThread] [D] [toil.deferred] Out of deferred functions!
[2026-06-14T00:28:41+0200] [MainThread] [D] [toil.deferred] Running orphaned deferred functions
[2026-06-14T00:28:41+0200] [MainThread] [D] [toil.deferred] Ran orphaned deferred functions from 0 abandoned state files
[2026-06-14T00:28:41+0200] [MainThread] [D] [toil.job] New job version: 'CWLWorkflow' sr-workflow kind-CWLWorkflow/instance-c45abw0d v2
[2026-06-14T00:28:41+0200] [MainThread] [I] [toil.worker] Completed body for 'CWLWorkflow' sr-workflow kind-CWLWorkflow/instance-c45abw0d v2
[2026-06-14T00:28:41+0200] [MainThread] [D] [toil.worker] No more jobs can run in series by this worker, it's got 2 successors
[2026-06-14T00:28:41+0200] [MainThread] [D] [toil.worker] Two distinct successors are kind-CWLJob/instance-txgr5k1e and kind-CWLJob/instance-8s08thwe
[2026-06-14T00:28:41+0200] [MainThread] [I] [toil.worker] Not chaining from job 'CWLWorkflow' sr-workflow kind-CWLWorkflow/instance-c45abw0d v2
[2026-06-14T00:28:41+0200] [MainThread] [I] [toil.worker] Worker log can be found at /gpfs/projects/[REDACTED]/[REDACTED]/cwl-mpi/workflows/mpich-sr/logs/toil/mn5/none/toilwf-e75b1cf3581c5890b9aebf4559d59f36/d5f5. Set --cleanWorkDir to retain this log
[2026-06-14T00:28:41+0200] [MainThread] [I] [toil.worker] Finished running the chain of jobs on this node, we ran for a total of 0.148393 seconds
