[2026-06-14T00:28:33+0200] [MainThread] [I] [toil.worker] ---TOIL WORKER OUTPUT LOG---
[2026-06-14T00:28:33+0200] [MainThread] [I] [toil] Running Toil version 9.4.1-c6a39f2c827899f9a1dd0018ca2b72c675120096 on host gs09r1b56.
[2026-06-14T00:28:33+0200] [MainThread] [D] [toil] Configuration: {'cwl': False, 'workflowID': 'c2b5d2b9-40bd-4f37-96ac-d3ef0f05cb74', 'kill_polling_interval': 5, 'jobStore': 'file:/gpfs/projects/[REDACTED]/[REDACTED]/cwl-mpi/workflows/mpich-sr/logs/toil/mn5/none/1fcc0871-4a49-4692-a3d3-f4919f493995', 'workDir': '/gpfs/projects/[REDACTED]/[REDACTED]/cwl-mpi/workflows/mpich-sr/logs/toil/mn5/none', 'coordination_dir': None, 'noStdOutErr': False, 'stats': False, 'cleanWorkDir': 'always', 'clean': 'onSuccess', 'clusterStats': None, 'restart': False, 'batchSystem': 'single_machine', 'scale': 1, 'slurm_allocate_mem': True, 'slurm_default_all_mem': False, 'slurm_time': None, 'slurm_partition': None, 'slurm_gpu_partition': None, 'slurm_pe': None, 'slurm_args': '', 'disableAutoDeployment': False, 'max_jobs': 9223372036854775807, 'max_local_jobs': None, 'manualMemArgs': False, 'run_local_jobs_on_workers': False, 'statePollingWait': None, 'state_polling_timeout': 1200, 'batch_logs_dir': None, 'symlinkImports': True, 'moveOutputs': False, 'caching': False, 'symlink_job_store_reads': True, 'provisioner': None, 'nodeTypes': [], 'minNodes': [0], 'maxNodes': [10], 'targetTime': 1800, 'betaInertia': 0.1, 'scaleInterval': 60, 'metrics': False, 'assume_zero_overhead': False, 'preemptibleCompensation': 0.0, 'nodeStorage': 50, 'nodeStorageOverrides': [], 'maxServiceJobs': 9223372036854775807, 'maxPreemptibleServiceJobs': 9223372036854775807, 'deadlockWait': 60, 'deadlockCheckInterval': 30, 'defaultMemory': 2147483648, 'defaultCores': 1, 'defaultDisk': 2147483648, 'defaultAccelerators': [], 'maxCores': 9223372036854775807, 'maxMemory': 9223372036854775807, 'maxDisk': 9223372036854775807, 'defaultPreemptible': False, 'retryCount': 0, 'retry_backoff_seconds': 2, 'retry_backoff_factor': 3, 'stop_on_first_failure': False, 'enableUnlimitedPreemptibleRetries': False, 'doubleMem': False, 'maxJobDuration': 9223372036854775807, 'rescueJobsFrequency': 60, 'job_store_timeout': 30, 'maxLogFileSize': 104857600, 'writeLogs': 'logs/toil/mn5/none', 'writeLogsGzip': None, 'writeLogsFromAllJobs': False, 'write_messages': '/scratch/tmp/41770328/tmpvf7wf4yw', 'publish_workflow_metrics': None, 'environment': {}, 'disableChaining': False, 'disableJobStoreChecksumVerification': False, 'statusWait': 3600, 'disableProgress': False, 'sseKey': None, 'servicePollingInterval': 60.0, 'forceDockerAppliance': False, 'debugWorker': False, 'disableWorkerOutputCapture': False, 'badWorker': 0.0, 'badWorkerFailInterval': 0.01, 'logLevel': 'Debug', 'colored_logs': True, 'memory_is_product': False, 'workflowAttemptNumber': 0}
[2026-06-14T00:28:33+0200] [MainThread] [D] [toil.deferred] Opened with own state file /scratch/tmp/41770328/toilwf-ae416a3948b25847a4d52a793796a7d0/deferred/func_tm3tqyk
[2026-06-14T00:28:33+0200] [MainThread] [D] [toil.worker] Parsed job description
[2026-06-14T00:28:33+0200] [MainThread] [I] [toil.worker] Working on job 'CWLJob' sr-workflow.mpicc.mpich-mpicc kind-CWLJob/instance-0ce0b0yr v1
[2026-06-14T00:28:33+0200] [MainThread] [D] [toil.job] Loading user module ModuleDescriptor(dirPath='/gpfs/projects/[REDACTED]/[REDACTED]/micromamba-envs/envs/toil/lib/python3.13/site-packages', name='toil.cwl.cwltoil', fromVirtualEnv=True).
[2026-06-14T00:28:33+0200] [MainThread] [D] [pydot] pydot initializing
[2026-06-14T00:28:33+0200] [MainThread] [D] [pydot] pydot 4.0.1
[2026-06-14T00:28:33+0200] [MainThread] [D] [pydot.core] pydot core module initializing
[2026-06-14T00:28:33+0200] [MainThread] [I] [toil.worker] Loaded body Job('CWLJob' sr-workflow.mpicc.mpich-mpicc kind-CWLJob/instance-0ce0b0yr v1) from description 'CWLJob' sr-workflow.mpicc.mpich-mpicc kind-CWLJob/instance-0ce0b0yr v1
[2026-06-14T00:28:33+0200] [MainThread] [D] [toil.lib.threading] Detected that /scratch/tmp/41770328/toilwf-ae416a3948b25847a4d52a793796a7d0 has lockable filesystem type: ext2/ext3
[2026-06-14T00:28:33+0200] [MainThread] [D] [toil.deferred] Running orphaned deferred functions
[2026-06-14T00:28:33+0200] [MainThread] [D] [toil.deferred] Ran orphaned deferred functions from 0 abandoned state files
[2026-06-14T00:28:33+0200] [MainThread] [D] [toil.deferred] Running job
[2026-06-14T00:28:33+0200] [MainThread] [W] [toil.fileStores.nonCachingFileStore] Starting job 'CWLJob' sr-workflow.mpicc.mpich-mpicc kind-CWLJob/instance-0ce0b0yr v1 with less than 10%% of disk space remaining.
[2026-06-14T00:28:33+0200] [MainThread] [D] [toil.cwl.cwltoil] Loaded order:
{'source': DefaultWithSource({'class': 'File', 'location': 'file:///gpfs/projects/[REDACTED]/[REDACTED]/cwl-mpi/workflows/mpich-sr/sr.c', 'size': 2570, 'basename': 'sr.c', 'nameroot': 'sr', 'nameext': '.c'}, ResolveSource(source key source, name source in promise))}
[2026-06-14T00:28:33+0200] [MainThread] [D] [toil.cwl.cwltoil] Output disposition: copy
[2026-06-14T00:28:33+0200] [MainThread] [D] [toil.cwl.cwltoil] Running tool ToilCommandLineTool('file:///gpfs/projects/[REDACTED]/[REDACTED]/cwl-mpi/workflows/mpich-sr/mpicc.cwl#mpich-mpicc') with order: {'source': DefaultWithSource({'class': 'File', 'location': 'file:///gpfs/projects/[REDACTED]/[REDACTED]/cwl-mpi/workflows/mpich-sr/sr.c', 'size': 2570, 'basename': 'sr.c', 'nameroot': 'sr', 'nameext': '.c'}, ResolveSource(source key source, name source in promise))}
Warning: invalid field 'streamable', expected one of: 'class', 'location', 'path', 'basename', 'dirname', 'nameroot', 'nameext', 'checksum', 'size', 'secondaryFiles', 'format', 'contents'
[2026-06-14T00:28:33+0200] [MainThread] [W] [salad] Warning: invalid field 'streamable', expected one of: 'class', 'location', 'path', 'basename', 'dirname', 'nameroot', 'nameext', 'checksum', 'size', 'secondaryFiles', 'format', 'contents'
[2026-06-14T00:28:33+0200] [MainThread] [D] [cwltool] [job sr-workflow.mpicc.mpich-mpicc] initializing from file:///gpfs/projects/[REDACTED]/[REDACTED]/cwl-mpi/workflows/mpich-sr/mpicc.cwl#mpich-mpicc
[2026-06-14T00:28:33+0200] [MainThread] [D] [cwltool] [job sr-workflow.mpicc.mpich-mpicc] {
    "source": {
        "class": "File",
        "location": "file:///gpfs/projects/[REDACTED]/[REDACTED]/cwl-mpi/workflows/mpich-sr/sr.c",
        "size": 2570,
        "basename": "sr.c",
        "nameroot": "sr",
        "nameext": ".c",
        "streamable": false
    },
    "output_name": "sr"
}
[2026-06-14T00:28:33+0200] [MainThread] [D] [toil.cwl.cwltoil] Initial work dir: {'class': 'Directory', 'listing': [], 'basename': ''}
[2026-06-14T00:28:33+0200] [MainThread] [D] [cwltool] [job sr-workflow.mpicc.mpich-mpicc] path mappings is {
    "file:///gpfs/projects/[REDACTED]/[REDACTED]/cwl-mpi/workflows/mpich-sr/sr.c": [
        "/gpfs/projects/[REDACTED]/[REDACTED]/cwl-mpi/workflows/mpich-sr/sr.c",
        "/scratch/tmp/41770328/tmph5gpgo8s/stgb98d7282-6b5c-4c91-97b9-66d6b1c1b206/sr.c",
        "File",
        true
    ]
}
[2026-06-14T00:28:33+0200] [MainThread] [D] [cwltool] [job sr-workflow.mpicc.mpich-mpicc] command line bindings is [
    {
        "position": [
            -1000000,
            0
        ],
        "datum": "mpicc"
    },
    {
        "position": [
            1,
            "source"
        ],
        "datum": {
            "class": "File",
            "location": "file:///gpfs/projects/[REDACTED]/[REDACTED]/cwl-mpi/workflows/mpich-sr/sr.c",
            "size": 2570,
            "basename": "sr.c",
            "nameroot": "sr",
            "nameext": ".c",
            "streamable": false,
            "path": "/scratch/tmp/41770328/tmph5gpgo8s/stgb98d7282-6b5c-4c91-97b9-66d6b1c1b206/sr.c",
            "dirname": "/scratch/tmp/41770328/tmph5gpgo8s/stgb98d7282-6b5c-4c91-97b9-66d6b1c1b206"
        }
    },
    {
        "prefix": "-o",
        "position": [
            2,
            "output_name"
        ],
        "datum": "sr"
    }
]
[2026-06-14T00:28:33+0200] [MainThread] [D] [cwltool] [job sr-workflow.mpicc.mpich-mpicc] initial work dir {}
[2026-06-14T00:28:33+0200] [MainThread] [I] [cwltool] [job sr-workflow.mpicc.mpich-mpicc] /gpfs/projects/[REDACTED]/[REDACTED]/cwl-mpi/workflows/mpich-sr/logs/toil/mn5/nonewm5plz_0$ mpicc \
    /scratch/tmp/41770328/tmph5gpgo8s/stgb98d7282-6b5c-4c91-97b9-66d6b1c1b206/sr.c \
    -o \
    sr
[2026-06-14T00:28:33+0200] [MainThread] [D] [cwltool] Could not collect memory usage, job ended before monitoring began.
[2026-06-14T00:28:33+0200] [MainThread] [W] [cwltool] [job sr-workflow.mpicc.mpich-mpicc] exited with status: 1
[2026-06-14T00:28:33+0200] [MainThread] [E] [cwltool] [job sr-workflow.mpicc.mpich-mpicc] Job error:
Error collecting output for parameter 'executable': mpicc.cwl:82:7: Did not find output file with glob pattern: ['sr'].
[2026-06-14T00:28:33+0200] [MainThread] [W] [cwltool] [job sr-workflow.mpicc.mpich-mpicc] completed permanentFail
[2026-06-14T00:28:33+0200] [MainThread] [D] [cwltool] [job sr-workflow.mpicc.mpich-mpicc] outputs {}
[2026-06-14T00:28:33+0200] [MainThread] [D] [cwltool] [job sr-workflow.mpicc.mpich-mpicc] Removing input staging directory /scratch/tmp/41770328/tmph5gpgo8s
[2026-06-14T00:28:33+0200] [MainThread] [D] [cwltool] [job sr-workflow.mpicc.mpich-mpicc] Removing temporary directory /scratch/tmp/41770328/tmpkat91rkv
[2026-06-14T00:28:33+0200] [MainThread] [D] [cwltool] Removing intermediate output directory /gpfs/projects/[REDACTED]/[REDACTED]/cwl-mpi/workflows/mpich-sr/logs/toil/mn5/nonewm5plz_0
[2026-06-14T00:28:33+0200] [MainThread] [E] [toil.cwl.cwltoil] Failed command standard error:
/scratch/tmp/41770328/tmph5gpgo8s/stgb98d7282-6b5c-4c91-97b9-66d6b1c1b206/sr.c:8:10: fatal error: mpi.h: No such file or directory
    8 | #include <mpi.h>
      |          ^~~~~~~
compilation terminated.

[2026-06-14T00:28:33+0200] [MainThread] [D] [toil.fileStores.abstractFileStore] LOG-TO-LEADER: Job 'CWLJob' sr-workflow.mpicc.mpich-mpicc kind-CWLJob/instance-0ce0b0yr v1 used 0.00% disk (1.0 KiB [1024B] used, 1.0 GiB [1073741824B] requested).
[2026-06-14T00:28:33+0200] [MainThread] [D] [toil.deferred] Running own deferred functions
[2026-06-14T00:28:33+0200] [MainThread] [D] [toil.deferred] Out of deferred functions!
[2026-06-14T00:28:33+0200] [MainThread] [D] [toil.deferred] Running orphaned deferred functions
[2026-06-14T00:28:33+0200] [MainThread] [D] [toil.deferred] Ran orphaned deferred functions from 0 abandoned state files
[2026-06-14T00:28:33+0200] [MainThread] [C] [toil.worker] Worker crashed with traceback:
Traceback (most recent call last):
  File "/gpfs/projects/[REDACTED]/[REDACTED]/micromamba-envs/envs/toil/lib/python3.13/site-packages/toil/worker.py", line 591, in workerScript
    job._runner(
    ~~~~~~~~~~~^
        jobGraph=None,
        ^^^^^^^^^^^^^^
    ...<2 lines>...
        defer=defer,
        ^^^^^^^^^^^^
    )
    ^
  File "/gpfs/projects/[REDACTED]/[REDACTED]/micromamba-envs/envs/toil/lib/python3.13/site-packages/toil/job.py", line 3376, in _runner
    returnValues = self._run(jobGraph=None, fileStore=fileStore)
  File "/gpfs/projects/[REDACTED]/[REDACTED]/micromamba-envs/envs/toil/lib/python3.13/site-packages/toil/job.py", line 3254, in _run
    return self.run(fileStore)
           ~~~~~~~~^^^^^^^^^^^
  File "/gpfs/projects/[REDACTED]/[REDACTED]/micromamba-envs/envs/toil/lib/python3.13/site-packages/toil/cwl/cwltoil.py", line 2871, in run
    raise cwl_utils.errors.WorkflowException(status)
cwl_utils.errors.WorkflowException: permanentFail

[2026-06-14T00:28:33+0200] [MainThread] [E] [toil.worker] Exiting the worker because of a failed job on host gs09r1b56
