load SINGULARITY/4.1.5 (PATH)
remove impi/2021.10.0 (PATH, MANPATH, LD_LIBRARY_PATH)
load impi/2021.10.0 (PATH, MANPATH, LD_LIBRARY_PATH)
Platform=mn5 Container=none Runner=toil-cwl-runner
make workflow-base
make[1]: Entering directory '/gpfs/projects/[REDACTED]/[REDACTED]/cwl-mpi/workflows/mpich-sr'
→ workflow-base
START=$(date +%s); timeout --kill-after=30s 300s toil-cwl-runner --no-container --logDebug --strict-cpu-limit --strict-memory-limit --enable-ext --bypass-file-store --disable-streaming --retryCount 0 --mpi-config-file mpi-config-file.yml --outdir=logs/toil/mn5/none --workDir=logs/toil/mn5/none --writeLogs=logs/toil/mn5/none --jobStore=logs/toil/mn5/none/1fcc0871-4a49-4692-a3d3-f4919f493995 --writeLogs=logs/toil/mn5/none --tmp-outdir-prefix=logs/toil/mn5/none --preserve-environment=I_MPI_ROOT --preserve-environment=LD_LIBRARY_PATH sr-workflow-base-command.cwl --np 6 > "logs/toil/mn5/none/workflow-base.log" 2>&1 ; EXIT=$? ; END=$(date +%s); DURATION=$((END - START)); echo "$DURATION" > "logs/toil/mn5/none/workflow-base.time"; if [ $EXIT -eq 124 ]; then echo "timeout" > "logs/toil/mn5/none/workflow-base.exit"; elif [ $EXIT -eq 137 ]; then echo "killed" > "logs/toil/mn5/none/workflow-base.exit"; else echo $EXIT > "logs/toil/mn5/none/workflow-base.exit"; fi
make[1]: Leaving directory '/gpfs/projects/[REDACTED]/[REDACTED]/cwl-mpi/workflows/mpich-sr'
make workflow-req
make[1]: Entering directory '/gpfs/projects/[REDACTED]/[REDACTED]/cwl-mpi/workflows/mpich-sr'
→ workflow-req
START=$(date +%s); timeout --kill-after=30s 300s toil-cwl-runner --no-container --logDebug --strict-cpu-limit --strict-memory-limit --enable-ext --bypass-file-store --disable-streaming --retryCount 0 --mpi-config-file mpi-config-file.yml --outdir=logs/toil/mn5/none --workDir=logs/toil/mn5/none --writeLogs=logs/toil/mn5/none --jobStore=logs/toil/mn5/none/c6a14f7c-cb90-4aab-aeb3-aa9cccdf7d98 --writeLogs=logs/toil/mn5/none --tmp-outdir-prefix=logs/toil/mn5/none --preserve-environment=I_MPI_ROOT --preserve-environment=LD_LIBRARY_PATH sr-workflow-mpi-requirement.cwl --np 6 > "logs/toil/mn5/none/workflow-req.log" 2>&1 ; EXIT=$? ; END=$(date +%s); DURATION=$((END - START)); echo "$DURATION" > "logs/toil/mn5/none/workflow-req.time"; if [ $EXIT -eq 124 ]; then echo "timeout" > "logs/toil/mn5/none/workflow-req.exit"; elif [ $EXIT -eq 137 ]; then echo "killed" > "logs/toil/mn5/none/workflow-req.exit"; else echo $EXIT > "logs/toil/mn5/none/workflow-req.exit"; fi
make[1]: Leaving directory '/gpfs/projects/[REDACTED]/[REDACTED]/cwl-mpi/workflows/mpich-sr'

================ REPORT ================
make[1]: Entering directory '/gpfs/projects/[REDACTED]/[REDACTED]/cwl-mpi/workflows/mpich-sr'
====================================================
 Experiment report (with timing)
====================================================
TEST                 RESULT     TIME(s)   
----------------------------------------------------
workflow-base        1          18        
workflow-req         1          8         
make[1]: Leaving directory '/gpfs/projects/[REDACTED]/[REDACTED]/cwl-mpi/workflows/mpich-sr'
