[2026-06-14T01:19:30+0200] [MainThread] [I] [toil.worker] ---TOIL WORKER OUTPUT LOG---
[2026-06-14T01:19:30+0200] [MainThread] [I] [toil] Running Toil version 9.4.1-c6a39f2c827899f9a1dd0018ca2b72c675120096 on host ranma.
[2026-06-14T01:19:30+0200] [MainThread] [D] [toil] Configuration: {'cwl': False, 'workflowID': '2f56be6b-f685-40f1-8665-a113ef6d556e', 'kill_polling_interval': 5, 'jobStore': 'file:/home/kinow/Development/python/workspace/cwl-mpi/workflows/mpich-sr/logs/toil/laptop/docker/6f5020ff-da09-4e83-a2dc-df83ad75f645', 'workDir': '/home/kinow/Development/python/workspace/cwl-mpi/workflows/mpich-sr/logs/toil/laptop/docker', 'coordination_dir': None, 'noStdOutErr': False, 'stats': False, 'cleanWorkDir': 'always', 'clean': 'onSuccess', 'clusterStats': None, 'restart': False, 'batchSystem': 'single_machine', 'scale': 1, 'slurm_allocate_mem': True, 'slurm_default_all_mem': False, 'slurm_time': None, 'slurm_partition': None, 'slurm_gpu_partition': None, 'slurm_pe': None, 'slurm_args': '', 'disableAutoDeployment': False, 'max_jobs': 9223372036854775807, 'max_local_jobs': None, 'manualMemArgs': False, 'run_local_jobs_on_workers': False, 'statePollingWait': None, 'state_polling_timeout': 1200, 'batch_logs_dir': None, 'symlinkImports': True, 'moveOutputs': False, 'caching': False, 'symlink_job_store_reads': True, 'provisioner': None, 'nodeTypes': [], 'minNodes': [0], 'maxNodes': [10], 'targetTime': 1800, 'betaInertia': 0.1, 'scaleInterval': 60, 'metrics': False, 'assume_zero_overhead': False, 'preemptibleCompensation': 0.0, 'nodeStorage': 50, 'nodeStorageOverrides': [], 'maxServiceJobs': 9223372036854775807, 'maxPreemptibleServiceJobs': 9223372036854775807, 'deadlockWait': 60, 'deadlockCheckInterval': 30, 'defaultMemory': 2147483648, 'defaultCores': 1, 'defaultDisk': 2147483648, 'defaultAccelerators': [], 'maxCores': 9223372036854775807, 'maxMemory': 9223372036854775807, 'maxDisk': 9223372036854775807, 'defaultPreemptible': False, 'retryCount': 0, 'retry_backoff_seconds': 2, 'retry_backoff_factor': 3, 'stop_on_first_failure': False, 'enableUnlimitedPreemptibleRetries': False, 'doubleMem': False, 'maxJobDuration': 9223372036854775807, 'rescueJobsFrequency': 60, 'job_store_timeout': 30, 'maxLogFileSize': 104857600, 'writeLogs': 'logs/toil/laptop/docker', 'writeLogsGzip': None, 'writeLogsFromAllJobs': False, 'write_messages': '/tmp/tmpdng5vccr', 'publish_workflow_metrics': None, 'environment': {}, 'disableChaining': False, 'disableJobStoreChecksumVerification': False, 'statusWait': 3600, 'disableProgress': False, 'sseKey': None, 'servicePollingInterval': 60.0, 'forceDockerAppliance': False, 'debugWorker': False, 'disableWorkerOutputCapture': False, 'badWorker': 0.0, 'badWorkerFailInterval': 0.01, 'logLevel': 'Debug', 'colored_logs': True, 'memory_is_product': False, 'workflowAttemptNumber': 0}
[2026-06-14T01:19:30+0200] [MainThread] [D] [toil.deferred] Opened with own state file /run/user/1000/toil/toilwf-a6f7b9dd44dd57a18f30177ecdf6e36c/deferred/funceh55_yhx
[2026-06-14T01:19:30+0200] [MainThread] [D] [toil.worker] Parsed job description
[2026-06-14T01:19:30+0200] [MainThread] [I] [toil.worker] Working on job 'CWLWorkflow' sr-workflow kind-CWLWorkflow/instance-phzevvwn v1
[2026-06-14T01:19:30+0200] [MainThread] [D] [toil.job] Loading user module ModuleDescriptor(dirPath='/home/kinow/Development/python/micromamba/envs/toil/lib/python3.13/site-packages', name='toil.cwl.cwltoil', fromVirtualEnv=True).
[2026-06-14T01:19:30+0200] [MainThread] [D] [pydot] pydot initializing
[2026-06-14T01:19:30+0200] [MainThread] [D] [pydot] pydot 4.0.1
[2026-06-14T01:19:30+0200] [MainThread] [D] [pydot.core] pydot core module initializing
[2026-06-14T01:19:31+0200] [MainThread] [I] [toil.worker] Loaded body Job('CWLWorkflow' sr-workflow kind-CWLWorkflow/instance-phzevvwn v1) from description 'CWLWorkflow' sr-workflow kind-CWLWorkflow/instance-phzevvwn v1
[2026-06-14T01:19:31+0200] [MainThread] [D] [toil.lib.threading] Detected that /run/user/1000/toil/toilwf-a6f7b9dd44dd57a18f30177ecdf6e36c has lockable filesystem type: tmpfs
[2026-06-14T01:19:31+0200] [MainThread] [D] [toil.deferred] Running orphaned deferred functions
[2026-06-14T01:19:31+0200] [MainThread] [D] [toil.deferred] Ran orphaned deferred functions from 0 abandoned state files
[2026-06-14T01:19:31+0200] [MainThread] [D] [toil.deferred] Running job
[2026-06-14T01:19:31+0200] [MainThread] [D] [toil.resource] Module dir is /home/kinow/Development/python/micromamba/envs/toil/lib/python3.13/site-packages, our prefix is /home/kinow/Development/python/micromamba/envs/toil, virtualenv: True
[2026-06-14T01:19:31+0200] [MainThread] [D] [toil.resource] Module dir is /home/kinow/Development/python/micromamba/envs/toil/lib/python3.13/site-packages, our prefix is /home/kinow/Development/python/micromamba/envs/toil, virtualenv: True
[2026-06-14T01:19:31+0200] [MainThread] [D] [toil.resource] Module dir is /home/kinow/Development/python/micromamba/envs/toil/lib/python3.13/site-packages, our prefix is /home/kinow/Development/python/micromamba/envs/toil, virtualenv: True
[2026-06-14T01:19:31+0200] [MainThread] [D] [toil.resource] Module dir is /home/kinow/Development/python/micromamba/envs/toil/lib/python3.13/site-packages, our prefix is /home/kinow/Development/python/micromamba/envs/toil, virtualenv: True
[2026-06-14T01:19:31+0200] [MainThread] [D] [toil.cwl.cwltoil] Ready to make job for workflow step file:///home/kinow/Development/python/workspace/cwl-mpi/workflows/mpich-sr/sr-workflow-base-command.cwl#sr-workflow/mpicc
[2026-06-14T01:19:31+0200] [MainThread] [D] [toil.cwl.cwltoil] Takes input: file:///home/kinow/Development/python/workspace/cwl-mpi/workflows/mpich-sr/sr-workflow-base-command.cwl#sr-workflow/mpicc/source
[2026-06-14T01:19:31+0200] [MainThread] [D] [toil.cwl.cwltoil] Value will come from DefaultWithSource({'class': 'File', 'location': 'file:///home/kinow/Development/python/workspace/cwl-mpi/workflows/mpich-sr/sr.c', 'size': 2570, 'basename': 'sr.c', 'nameroot': 'sr', 'nameext': '.c'}, ResolveSource(source key source, name source in promise))
[2026-06-14T01:19:31+0200] [MainThread] [D] [toil.cwl.cwltoil] Make job for tool: file:///home/kinow/Development/python/workspace/cwl-mpi/workflows/mpich-sr/mpicc.cwl#mpich-mpicc
[2026-06-14T01:19:31+0200] [MainThread] [D] [toil.resource] Module dir is /home/kinow/Development/python/micromamba/envs/toil/lib/python3.13/site-packages, our prefix is /home/kinow/Development/python/micromamba/envs/toil, virtualenv: True
[2026-06-14T01:19:31+0200] [MainThread] [D] [toil.cwl.cwltoil] Is non-scatter with Job('CWLJob' sr-workflow.mpicc.mpich-mpicc TemporaryID(309e9d25-044c-49c9-a6cc-86d7e7c83ca6) v0) and follow-on Job('CWLJob' sr-workflow.mpicc.mpich-mpicc TemporaryID(309e9d25-044c-49c9-a6cc-86d7e7c83ca6) v0)
[2026-06-14T01:19:31+0200] [MainThread] [D] [toil.cwl.cwltoil] Connect as child based on need for file:///home/kinow/Development/python/workspace/cwl-mpi/workflows/mpich-sr/sr-workflow-base-command.cwl#sr-workflow/source from Job('SelfJob' TemporaryID(79fb20dc-5d16-4f84-af28-f4f22be7036a) v0)
[2026-06-14T01:19:31+0200] [MainThread] [D] [toil.cwl.cwltoil] Provides file:///home/kinow/Development/python/workspace/cwl-mpi/workflows/mpich-sr/sr-workflow-base-command.cwl#sr-workflow/mpicc/executable from Job('CWLJob' sr-workflow.mpicc.mpich-mpicc TemporaryID(309e9d25-044c-49c9-a6cc-86d7e7c83ca6) v0)
[2026-06-14T01:19:31+0200] [MainThread] [D] [toil.cwl.cwltoil] Ready to make job for workflow step file:///home/kinow/Development/python/workspace/cwl-mpi/workflows/mpich-sr/sr-workflow-base-command.cwl#sr-workflow/mpirun
[2026-06-14T01:19:31+0200] [MainThread] [D] [toil.cwl.cwltoil] Takes input: file:///home/kinow/Development/python/workspace/cwl-mpi/workflows/mpich-sr/sr-workflow-base-command.cwl#sr-workflow/mpirun/executable
[2026-06-14T01:19:31+0200] [MainThread] [D] [toil.cwl.cwltoil] Value will come from ResolveSource(source key source, name executable in promise)
[2026-06-14T01:19:31+0200] [MainThread] [D] [toil.cwl.cwltoil] Takes input: file:///home/kinow/Development/python/workspace/cwl-mpi/workflows/mpich-sr/sr-workflow-base-command.cwl#sr-workflow/mpirun/msg_size
[2026-06-14T01:19:31+0200] [MainThread] [D] [toil.cwl.cwltoil] Value will come from DefaultWithSource(0, ResolveSource(source key source, name msg_size in promise))
[2026-06-14T01:19:31+0200] [MainThread] [D] [toil.cwl.cwltoil] Takes input: file:///home/kinow/Development/python/workspace/cwl-mpi/workflows/mpich-sr/sr-workflow-base-command.cwl#sr-workflow/mpirun/niter
[2026-06-14T01:19:31+0200] [MainThread] [D] [toil.cwl.cwltoil] Value will come from DefaultWithSource(1, ResolveSource(source key source, name niter in promise))
[2026-06-14T01:19:31+0200] [MainThread] [D] [toil.cwl.cwltoil] Takes input: file:///home/kinow/Development/python/workspace/cwl-mpi/workflows/mpich-sr/sr-workflow-base-command.cwl#sr-workflow/mpirun/np
[2026-06-14T01:19:31+0200] [MainThread] [D] [toil.cwl.cwltoil] Value will come from DefaultWithSource(2, ResolveSource(source key source, name np in promise))
[2026-06-14T01:19:31+0200] [MainThread] [D] [toil.cwl.cwltoil] Make job for tool: file:///home/kinow/Development/python/workspace/cwl-mpi/workflows/mpich-sr/sr-base-command.cwl#mpirun-base-command
[2026-06-14T01:19:31+0200] [MainThread] [D] [toil.resource] Module dir is /home/kinow/Development/python/micromamba/envs/toil/lib/python3.13/site-packages, our prefix is /home/kinow/Development/python/micromamba/envs/toil, virtualenv: True
[2026-06-14T01:19:31+0200] [MainThread] [D] [toil.cwl.cwltoil] Is non-scatter with Job('CWLJob' sr-workflow.mpirun.mpirun-base-command TemporaryID(b4ee35e1-06bc-47aa-bd99-71a4a54b5cb9) v0) and follow-on Job('CWLJob' sr-workflow.mpirun.mpirun-base-command TemporaryID(b4ee35e1-06bc-47aa-bd99-71a4a54b5cb9) v0)
[2026-06-14T01:19:31+0200] [MainThread] [D] [toil.cwl.cwltoil] Connect as child based on need for file:///home/kinow/Development/python/workspace/cwl-mpi/workflows/mpich-sr/sr-workflow-base-command.cwl#sr-workflow/mpicc/executable from Job('CWLJob' sr-workflow.mpicc.mpich-mpicc TemporaryID(309e9d25-044c-49c9-a6cc-86d7e7c83ca6) v0)
[2026-06-14T01:19:31+0200] [MainThread] [D] [toil.cwl.cwltoil] Connect as child based on need for file:///home/kinow/Development/python/workspace/cwl-mpi/workflows/mpich-sr/sr-workflow-base-command.cwl#sr-workflow/msg_size from Job('SelfJob' TemporaryID(71def610-9fc1-4a9c-9f26-128c02442d57) v0)
[2026-06-14T01:19:31+0200] [MainThread] [D] [toil.cwl.cwltoil] Provides file:///home/kinow/Development/python/workspace/cwl-mpi/workflows/mpich-sr/sr-workflow-base-command.cwl#sr-workflow/mpirun/stdout_file from Job('CWLJob' sr-workflow.mpirun.mpirun-base-command TemporaryID(b4ee35e1-06bc-47aa-bd99-71a4a54b5cb9) v0)
[2026-06-14T01:19:31+0200] [MainThread] [D] [toil.cwl.cwltoil] Provides file:///home/kinow/Development/python/workspace/cwl-mpi/workflows/mpich-sr/sr-workflow-base-command.cwl#sr-workflow/mpirun/stderr_file from Job('CWLJob' sr-workflow.mpirun.mpirun-base-command TemporaryID(b4ee35e1-06bc-47aa-bd99-71a4a54b5cb9) v0)
[2026-06-14T01:19:31+0200] [MainThread] [D] [toil.job] Saving graph of 3 jobs, 3 non-service, 2 new
[2026-06-14T01:19:31+0200] [MainThread] [I] [toil.job] Resolve promise files/no-job/file-dbce1fc633da4f8c88e31e5ae8e29132/stream from Job('CWLWorkflow' sr-workflow kind-CWLWorkflow/instance-phzevvwn v1) with a <class 'toil.cwl.cwltoil.UnresolvedDict'>
[2026-06-14T01:19:31+0200] [MainThread] [D] [toil.job] Issuing promise files/no-job/file-e5ae466e1a9c48fdbc917e77559b9e63/stream for result of 'CWLJob' sr-workflow.mpirun.mpirun-base-command kind-CWLJob/instance-jpr452jx v0
[2026-06-14T01:19:31+0200] [MainThread] [D] [toil.job] Issuing promise files/no-job/file-7a8e12d2851a48249467d1ee1b7850e6/stream for result of 'CWLJob' sr-workflow.mpirun.mpirun-base-command kind-CWLJob/instance-jpr452jx v0
[2026-06-14T01:19:31+0200] [MainThread] [I] [toil.job] Resolve promise files/no-job/file-ef6a603781684214806e2fda0a5a0c99/stream from Job('CWLWorkflow' sr-workflow kind-CWLWorkflow/instance-phzevvwn v1) with a <class 'toil.cwl.cwltoil.UnresolvedDict'>
[2026-06-14T01:19:31+0200] [MainThread] [D] [toil.job] Issuing promise files/no-job/file-bada30c47922480f8af60068ddb538a9/stream for result of 'CWLJob' sr-workflow.mpirun.mpirun-base-command kind-CWLJob/instance-jpr452jx v0
[2026-06-14T01:19:31+0200] [MainThread] [D] [toil.job] Issuing promise files/no-job/file-b9ee3d2785ea452e836c57e237b41111/stream for result of 'CWLJob' sr-workflow.mpirun.mpirun-base-command kind-CWLJob/instance-jpr452jx v0
[2026-06-14T01:19:31+0200] [MainThread] [D] [toil.job] Processing job 'CWLJob' sr-workflow.mpirun.mpirun-base-command kind-CWLJob/instance-jpr452jx v0
[2026-06-14T01:19:31+0200] [MainThread] [D] [toil.job] Issuing promise files/no-job/file-25e6886e023445f6adba1ac6e5f34b92/stream for result of 'CWLJob' sr-workflow.mpicc.mpich-mpicc kind-CWLJob/instance-_ci9x9aj v0
[2026-06-14T01:19:31+0200] [MainThread] [D] [toil.job] Processing job 'CWLJob' sr-workflow.mpicc.mpich-mpicc kind-CWLJob/instance-_ci9x9aj v0
[2026-06-14T01:19:31+0200] [MainThread] [D] [toil.job] Processing job 'CWLWorkflow' sr-workflow kind-CWLWorkflow/instance-phzevvwn v1
[2026-06-14T01:19:31+0200] [MainThread] [D] [toil.job] New job version: 'CWLJob' sr-workflow.mpirun.mpirun-base-command kind-CWLJob/instance-jpr452jx v1
[2026-06-14T01:19:31+0200] [MainThread] [D] [toil.job] New job version: 'CWLJob' sr-workflow.mpicc.mpich-mpicc kind-CWLJob/instance-_ci9x9aj v1
[2026-06-14T01:19:31+0200] [MainThread] [D] [toil.fileStores.abstractFileStore] LOG-TO-LEADER: Job 'CWLWorkflow' sr-workflow kind-CWLWorkflow/instance-phzevvwn v1 used 0.39% disk (4.0 KiB [4096B] used, 1.0 MiB [1048576B] requested).
[2026-06-14T01:19:31+0200] [MainThread] [D] [toil.deferred] Running own deferred functions
[2026-06-14T01:19:31+0200] [MainThread] [D] [toil.deferred] Out of deferred functions!
[2026-06-14T01:19:31+0200] [MainThread] [D] [toil.deferred] Running orphaned deferred functions
[2026-06-14T01:19:31+0200] [MainThread] [D] [toil.deferred] Ran orphaned deferred functions from 0 abandoned state files
[2026-06-14T01:19:31+0200] [MainThread] [D] [toil.job] New job version: 'CWLWorkflow' sr-workflow kind-CWLWorkflow/instance-phzevvwn v2
[2026-06-14T01:19:31+0200] [MainThread] [I] [toil.worker] Completed body for 'CWLWorkflow' sr-workflow kind-CWLWorkflow/instance-phzevvwn v2
[2026-06-14T01:19:31+0200] [MainThread] [D] [toil.worker] No more jobs can run in series by this worker, it's got 2 successors
[2026-06-14T01:19:31+0200] [MainThread] [D] [toil.worker] Two distinct successors are kind-CWLJob/instance-jpr452jx and kind-CWLJob/instance-_ci9x9aj
[2026-06-14T01:19:31+0200] [MainThread] [I] [toil.worker] Not chaining from job 'CWLWorkflow' sr-workflow kind-CWLWorkflow/instance-phzevvwn v2
[2026-06-14T01:19:31+0200] [MainThread] [I] [toil.worker] Worker log can be found at /home/kinow/Development/python/workspace/cwl-mpi/workflows/mpich-sr/logs/toil/laptop/docker/toilwf-a6f7b9dd44dd57a18f30177ecdf6e36c/a179. Set --cleanWorkDir to retain this log
[2026-06-14T01:19:31+0200] [MainThread] [I] [toil.worker] Finished running the chain of jobs on this node, we ran for a total of 0.322659 seconds
