[1;30mINFO[0m /home/kinow/Development/python/micromamba/envs/cwltool/bin/cwltool 3.2.20260413085819
[1;30mINFO[0m Resolved 'fall3d-what-if-volcanos.0.2.1_mpirequirement.cwl#demo-etna' to 'file:///home/kinow/Development/python/workspace/getit-workflows/fall3d-what-if-volcanos.0.2.1_mpirequirement.cwl#demo-etna'
[1;30mDEBUG[0m [32m[workflow ] initialized from file:///home/kinow/Development/python/workspace/getit-workflows/fall3d-what-if-volcanos.0.2.1_mpirequirement.cwl#demo-etna[0m
[1;30mINFO[0m [workflow ] start
[1;30mDEBUG[0m [32m[workflow ] inputs {
    "volcano": "Etna",
    "scenario": "high",
    "meteo_database": "ERA5ML",
    "initial_condition": "RESTART",
    "start_date_time": "2018-12-25T00:00:00Z",
    "end_date_time": "2018-12-26T00:00:00Z",
    "wkt": "POLYGON((8.0 33.0, 22.0 33.0, 22.0 40.0, 8.0 40.0, 8.0 33.0))",
    "dx": 0.05,
    "dy": 0.05,
    "nlevels": 24,
    "vent_lon": 15.0,
    "vent_lat": 37.75,
    "vent_height": 3300,
    "keys": [
        "tephra_col_mass",
        "SO2_cloud_top"
    ],
    "times": 6,
    "template": "/home/kinow/Development/python/workspace/getit-workflows/app_etna/template.inp",
    "meteo": "/home/kinow/Development/python/workspace/getit-workflows/app_etna/meteo.nc",
    "restart": "/home/kinow/Development/python/workspace/getit-workflows/app_etna/restart.nc",
    "dictionary": "/home/kinow/Development/python/workspace/getit-workflows/app_etna/ERA5.tbl",
    "levels": "/home/kinow/Development/python/workspace/getit-workflows/app_etna/L137_ECMWF.levels",
    "exe": "/home/kinow/Development/fortran/workspace/fall3d/build/bin/Fall3d.GNU.r8.mpi.cpu.x",
    "nx_mpi": 3,
    "ny_mpi": 2,
    "nz_mpi": 1
}[0m
[1;30mDEBUG[0m [32m[workflow ] job step file:///home/kinow/Development/python/workspace/getit-workflows/fall3d-what-if-volcanos.0.2.1_mpirequirement.cwl#demo-etna/run_fall3d not ready[0m
[1;30mDEBUG[0m [32m[workflow ] job step file:///home/kinow/Development/python/workspace/getit-workflows/fall3d-what-if-volcanos.0.2.1_mpirequirement.cwl#demo-etna/create_catalog not ready[0m
[1;30mDEBUG[0m [32m[workflow ] job step file:///home/kinow/Development/python/workspace/getit-workflows/fall3d-what-if-volcanos.0.2.1_mpirequirement.cwl#demo-etna/create_cogs not ready[0m
[1;30mINFO[0m [workflow ] starting step set_scenario
[1;30mDEBUG[0m [32m[step set_scenario] job input {
    "file:///home/kinow/Development/python/workspace/getit-workflows/fall3d-what-if-volcanos.0.2.1_mpirequirement.cwl#demo-etna/set_scenario/end_date_time": "2018-12-26T00:00:00Z",
    "file:///home/kinow/Development/python/workspace/getit-workflows/fall3d-what-if-volcanos.0.2.1_mpirequirement.cwl#demo-etna/set_scenario/end_time": null,
    "file:///home/kinow/Development/python/workspace/getit-workflows/fall3d-what-if-volcanos.0.2.1_mpirequirement.cwl#demo-etna/set_scenario/scenario": "high",
    "file:///home/kinow/Development/python/workspace/getit-workflows/fall3d-what-if-volcanos.0.2.1_mpirequirement.cwl#demo-etna/set_scenario/start_date_time": "2018-12-25T00:00:00Z",
    "file:///home/kinow/Development/python/workspace/getit-workflows/fall3d-what-if-volcanos.0.2.1_mpirequirement.cwl#demo-etna/set_scenario/start_time": null
}[0m
[1;30mDEBUG[0m [32m[step set_scenario] evaluated job input to {
    "file:///home/kinow/Development/python/workspace/getit-workflows/fall3d-what-if-volcanos.0.2.1_mpirequirement.cwl#demo-etna/set_scenario/end_date_time": "2018-12-26T00:00:00Z",
    "file:///home/kinow/Development/python/workspace/getit-workflows/fall3d-what-if-volcanos.0.2.1_mpirequirement.cwl#demo-etna/set_scenario/end_time": 24,
    "file:///home/kinow/Development/python/workspace/getit-workflows/fall3d-what-if-volcanos.0.2.1_mpirequirement.cwl#demo-etna/set_scenario/scenario": "high",
    "file:///home/kinow/Development/python/workspace/getit-workflows/fall3d-what-if-volcanos.0.2.1_mpirequirement.cwl#demo-etna/set_scenario/start_date_time": "2018-12-25T00:00:00Z",
    "file:///home/kinow/Development/python/workspace/getit-workflows/fall3d-what-if-volcanos.0.2.1_mpirequirement.cwl#demo-etna/set_scenario/start_time": 0
}[0m
[1;30mINFO[0m [step set_scenario] start
[1;30mDEBUG[0m [32m[job set_scenario] initializing from file:///home/kinow/Development/python/workspace/getit-workflows/fall3d-what-if-volcanos.0.2.1_mpirequirement.cwl#phases-etna as part of step set_scenario[0m
[1;30mDEBUG[0m [32m[job set_scenario] {
    "end_time": 24,
    "scenario": "high",
    "start_time": 0
}[0m
[1;30mDEBUG[0m [32m[job set_scenario] path mappings is {}[0m
[1;30mDEBUG[0m [32m[job set_scenario] command line bindings is [
    {
        "position": [
            -1000000,
            0
        ],
        "datum": "echo"
    },
    {
        "position": [
            0,
            0
        ],
        "datum": "Creating phases file"
    },
    {
        "prefix": "--path",
        "position": [
            0,
            "scenario"
        ],
        "datum": "high"
    }
][0m
[1;30mDEBUG[0m [32m[job set_scenario] initial work dir {
    "_:0fab740a-ae94-47e4-a8e7-effefe511f05": [
        "0 24 5000\n",
        "/tmp/h875tcb7/phases.dat",
        "CreateFile",
        true
    ]
}[0m
[1;30mINFO[0m [job set_scenario] /tmp/h875tcb7$ echo \
    'Creating phases file' \
    --path \
    high
Creating phases file --path high
[1;30mDEBUG[0m [32mCould not collect memory usage, job ended before monitoring began.[0m
[1;30mINFO[0m [job set_scenario] completed success
[1;30mDEBUG[0m [32m[job set_scenario] outputs {
    "phases": {
        "location": "file:///tmp/h875tcb7/phases.dat",
        "basename": "phases.dat",
        "nameroot": "phases",
        "nameext": ".dat",
        "class": "File",
        "checksum": "sha1$b62d994f43911242fa91f4d83e487b0e53ec5b3d",
        "size": 10,
        "http://commonwl.org/cwltool#generation": 0
    }
}[0m
[1;30mDEBUG[0m [32m[step set_scenario] produced output {
    "file:///home/kinow/Development/python/workspace/getit-workflows/fall3d-what-if-volcanos.0.2.1_mpirequirement.cwl#demo-etna/set_scenario/phases": {
        "location": "file:///tmp/h875tcb7/phases.dat",
        "basename": "phases.dat",
        "nameroot": "phases",
        "nameext": ".dat",
        "class": "File",
        "checksum": "sha1$b62d994f43911242fa91f4d83e487b0e53ec5b3d",
        "size": 10,
        "http://commonwl.org/cwltool#generation": 0
    }
}[0m
[1;30mINFO[0m [step set_scenario] completed success
[1;30mDEBUG[0m [32m[job set_scenario] Removing input staging directory /tmp/z8i9pf4j[0m
[1;30mDEBUG[0m [32m[job set_scenario] Removing temporary directory /tmp/e_dowcpw[0m
[1;30mINFO[0m [workflow ] starting step configure
[1;30mDEBUG[0m [32m[step configure] job input {
    "file:///home/kinow/Development/python/workspace/getit-workflows/fall3d-what-if-volcanos.0.2.1_mpirequirement.cwl#demo-etna/configure/date": null,
    "file:///home/kinow/Development/python/workspace/getit-workflows/fall3d-what-if-volcanos.0.2.1_mpirequirement.cwl#demo-etna/configure/dictionary": "/home/kinow/Development/python/workspace/getit-workflows/app_etna/ERA5.tbl",
    "file:///home/kinow/Development/python/workspace/getit-workflows/fall3d-what-if-volcanos.0.2.1_mpirequirement.cwl#demo-etna/configure/dx": 0.05,
    "file:///home/kinow/Development/python/workspace/getit-workflows/fall3d-what-if-volcanos.0.2.1_mpirequirement.cwl#demo-etna/configure/dy": 0.05,
    "file:///home/kinow/Development/python/workspace/getit-workflows/fall3d-what-if-volcanos.0.2.1_mpirequirement.cwl#demo-etna/configure/end_date_time": "2018-12-26T00:00:00Z",
    "file:///home/kinow/Development/python/workspace/getit-workflows/fall3d-what-if-volcanos.0.2.1_mpirequirement.cwl#demo-etna/configure/end_time": null,
    "file:///home/kinow/Development/python/workspace/getit-workflows/fall3d-what-if-volcanos.0.2.1_mpirequirement.cwl#demo-etna/configure/initial_condition": "RESTART",
    "file:///home/kinow/Development/python/workspace/getit-workflows/fall3d-what-if-volcanos.0.2.1_mpirequirement.cwl#demo-etna/configure/levels": "/home/kinow/Development/python/workspace/getit-workflows/app_etna/L137_ECMWF.levels",
    "file:///home/kinow/Development/python/workspace/getit-workflows/fall3d-what-if-volcanos.0.2.1_mpirequirement.cwl#demo-etna/configure/meteo": "/home/kinow/Development/python/workspace/getit-workflows/app_etna/meteo.nc",
    "file:///home/kinow/Development/python/workspace/getit-workflows/fall3d-what-if-volcanos.0.2.1_mpirequirement.cwl#demo-etna/configure/meteo_database": "ERA5ML",
    "file:///home/kinow/Development/python/workspace/getit-workflows/fall3d-what-if-volcanos.0.2.1_mpirequirement.cwl#demo-etna/configure/nlevels": 24,
    "file:///home/kinow/Development/python/workspace/getit-workflows/fall3d-what-if-volcanos.0.2.1_mpirequirement.cwl#demo-etna/configure/restart": "/home/kinow/Development/python/workspace/getit-workflows/app_etna/restart.nc",
    "file:///home/kinow/Development/python/workspace/getit-workflows/fall3d-what-if-volcanos.0.2.1_mpirequirement.cwl#demo-etna/configure/start_date_time": "2018-12-25T00:00:00Z",
    "file:///home/kinow/Development/python/workspace/getit-workflows/fall3d-what-if-volcanos.0.2.1_mpirequirement.cwl#demo-etna/configure/start_time": null,
    "file:///home/kinow/Development/python/workspace/getit-workflows/fall3d-what-if-volcanos.0.2.1_mpirequirement.cwl#demo-etna/configure/template": "/home/kinow/Development/python/workspace/getit-workflows/app_etna/template.inp",
    "file:///home/kinow/Development/python/workspace/getit-workflows/fall3d-what-if-volcanos.0.2.1_mpirequirement.cwl#demo-etna/configure/vent_height": 3300,
    "file:///home/kinow/Development/python/workspace/getit-workflows/fall3d-what-if-volcanos.0.2.1_mpirequirement.cwl#demo-etna/configure/vent_lat": 37.75,
    "file:///home/kinow/Development/python/workspace/getit-workflows/fall3d-what-if-volcanos.0.2.1_mpirequirement.cwl#demo-etna/configure/vent_lon": 15.0,
    "file:///home/kinow/Development/python/workspace/getit-workflows/fall3d-what-if-volcanos.0.2.1_mpirequirement.cwl#demo-etna/configure/wkt": "POLYGON((8.0 33.0, 22.0 33.0, 22.0 40.0, 8.0 40.0, 8.0 33.0))"
}[0m
[1;30mDEBUG[0m [32m[step configure] evaluated job input to {
    "file:///home/kinow/Development/python/workspace/getit-workflows/fall3d-what-if-volcanos.0.2.1_mpirequirement.cwl#demo-etna/configure/date": "20181225",
    "file:///home/kinow/Development/python/workspace/getit-workflows/fall3d-what-if-volcanos.0.2.1_mpirequirement.cwl#demo-etna/configure/dictionary": "/home/kinow/Development/python/workspace/getit-workflows/app_etna/ERA5.tbl",
    "file:///home/kinow/Development/python/workspace/getit-workflows/fall3d-what-if-volcanos.0.2.1_mpirequirement.cwl#demo-etna/configure/dx": 0.05,
    "file:///home/kinow/Development/python/workspace/getit-workflows/fall3d-what-if-volcanos.0.2.1_mpirequirement.cwl#demo-etna/configure/dy": 0.05,
    "file:///home/kinow/Development/python/workspace/getit-workflows/fall3d-what-if-volcanos.0.2.1_mpirequirement.cwl#demo-etna/configure/end_date_time": "2018-12-26T00:00:00Z",
    "file:///home/kinow/Development/python/workspace/getit-workflows/fall3d-what-if-volcanos.0.2.1_mpirequirement.cwl#demo-etna/configure/end_time": 24,
    "file:///home/kinow/Development/python/workspace/getit-workflows/fall3d-what-if-volcanos.0.2.1_mpirequirement.cwl#demo-etna/configure/initial_condition": "RESTART",
    "file:///home/kinow/Development/python/workspace/getit-workflows/fall3d-what-if-volcanos.0.2.1_mpirequirement.cwl#demo-etna/configure/levels": "/home/kinow/Development/python/workspace/getit-workflows/app_etna/L137_ECMWF.levels",
    "file:///home/kinow/Development/python/workspace/getit-workflows/fall3d-what-if-volcanos.0.2.1_mpirequirement.cwl#demo-etna/configure/meteo": "/home/kinow/Development/python/workspace/getit-workflows/app_etna/meteo.nc",
    "file:///home/kinow/Development/python/workspace/getit-workflows/fall3d-what-if-volcanos.0.2.1_mpirequirement.cwl#demo-etna/configure/meteo_database": "ERA5ML",
    "file:///home/kinow/Development/python/workspace/getit-workflows/fall3d-what-if-volcanos.0.2.1_mpirequirement.cwl#demo-etna/configure/nlevels": 24,
    "file:///home/kinow/Development/python/workspace/getit-workflows/fall3d-what-if-volcanos.0.2.1_mpirequirement.cwl#demo-etna/configure/restart": "/home/kinow/Development/python/workspace/getit-workflows/app_etna/restart.nc",
    "file:///home/kinow/Development/python/workspace/getit-workflows/fall3d-what-if-volcanos.0.2.1_mpirequirement.cwl#demo-etna/configure/start_date_time": "2018-12-25T00:00:00Z",
    "file:///home/kinow/Development/python/workspace/getit-workflows/fall3d-what-if-volcanos.0.2.1_mpirequirement.cwl#demo-etna/configure/start_time": 0,
    "file:///home/kinow/Development/python/workspace/getit-workflows/fall3d-what-if-volcanos.0.2.1_mpirequirement.cwl#demo-etna/configure/template": "/home/kinow/Development/python/workspace/getit-workflows/app_etna/template.inp",
    "file:///home/kinow/Development/python/workspace/getit-workflows/fall3d-what-if-volcanos.0.2.1_mpirequirement.cwl#demo-etna/configure/vent_height": 3300,
    "file:///home/kinow/Development/python/workspace/getit-workflows/fall3d-what-if-volcanos.0.2.1_mpirequirement.cwl#demo-etna/configure/vent_lat": 37.75,
    "file:///home/kinow/Development/python/workspace/getit-workflows/fall3d-what-if-volcanos.0.2.1_mpirequirement.cwl#demo-etna/configure/vent_lon": 15.0,
    "file:///home/kinow/Development/python/workspace/getit-workflows/fall3d-what-if-volcanos.0.2.1_mpirequirement.cwl#demo-etna/configure/wkt": "POLYGON((8.0 33.0, 22.0 33.0, 22.0 40.0, 8.0 40.0, 8.0 33.0))"
}[0m
[1;30mINFO[0m [step configure] start
[1;30mDEBUG[0m [32m[job configure] initializing from file:///home/kinow/Development/python/workspace/getit-workflows/fall3d-what-if-volcanos.0.2.1_mpirequirement.cwl#config-etna as part of step configure[0m
[1;30mDEBUG[0m [32m[job configure] {
    "dictionary": "/home/kinow/Development/python/workspace/getit-workflows/app_etna/ERA5.tbl",
    "dx": 0.05,
    "dy": 0.05,
    "end_date_time": "2018-12-26T00:00:00Z",
    "initial_condition": "RESTART",
    "levels": "/home/kinow/Development/python/workspace/getit-workflows/app_etna/L137_ECMWF.levels",
    "meteo": "/home/kinow/Development/python/workspace/getit-workflows/app_etna/meteo.nc",
    "meteo_database": "ERA5ML",
    "nlevels": 24,
    "restart": "/home/kinow/Development/python/workspace/getit-workflows/app_etna/restart.nc",
    "start_date_time": "2018-12-25T00:00:00Z",
    "template": "/home/kinow/Development/python/workspace/getit-workflows/app_etna/template.inp",
    "vent_height": 3300,
    "vent_lat": 37.75,
    "vent_lon": 15.0,
    "wkt": "POLYGON((8.0 33.0, 22.0 33.0, 22.0 40.0, 8.0 40.0, 8.0 33.0))"
}[0m
[1;30mDEBUG[0m [32m[job configure] path mappings is {}[0m
[1;30mDEBUG[0m [32m[job configure] command line bindings is [
    {
        "position": [
            -1000000,
            0
        ],
        "datum": "fill_template.py"
    },
    {
        "prefix": "--METEO_DICTIONARY",
        "position": [
            0,
            "dictionary"
        ],
        "datum": "/home/kinow/Development/python/workspace/getit-workflows/app_etna/ERA5.tbl"
    },
    {
        "prefix": "--DX",
        "position": [
            0,
            "dx"
        ],
        "datum": 0.05
    },
    {
        "prefix": "--DY",
        "position": [
            0,
            "dy"
        ],
        "datum": 0.05
    },
    {
        "prefix": "--end_date_time",
        "position": [
            0,
            "end_date_time"
        ],
        "datum": "2018-12-26T00:00:00Z"
    },
    {
        "prefix": "--INITIAL",
        "position": [
            0,
            "initial_condition"
        ],
        "datum": "RESTART"
    },
    {
        "prefix": "--LEVELS_FILE",
        "position": [
            0,
            "levels"
        ],
        "datum": "/home/kinow/Development/python/workspace/getit-workflows/app_etna/L137_ECMWF.levels"
    },
    {
        "prefix": "--METEO_FILE",
        "position": [
            0,
            "meteo"
        ],
        "datum": "/home/kinow/Development/python/workspace/getit-workflows/app_etna/meteo.nc"
    },
    {
        "prefix": "--METEO_DATABASE",
        "position": [
            0,
            "meteo_database"
        ],
        "datum": "ERA5ML"
    },
    {
        "prefix": "--NZ",
        "position": [
            0,
            "nlevels"
        ],
        "datum": 24
    },
    {
        "prefix": "--RESTART_FILE",
        "position": [
            0,
            "restart"
        ],
        "datum": "/home/kinow/Development/python/workspace/getit-workflows/app_etna/restart.nc"
    },
    {
        "prefix": "--start_date_time",
        "position": [
            0,
            "start_date_time"
        ],
        "datum": "2018-12-25T00:00:00Z"
    },
    {
        "prefix": "--template",
        "position": [
            0,
            "template"
        ],
        "datum": "/home/kinow/Development/python/workspace/getit-workflows/app_etna/template.inp"
    },
    {
        "prefix": "--VENT_HEIGHT",
        "position": [
            0,
            "vent_height"
        ],
        "datum": 3300
    },
    {
        "prefix": "--VENT_LAT",
        "position": [
            0,
            "vent_lat"
        ],
        "datum": 37.75
    },
    {
        "prefix": "--VENT_LON",
        "position": [
            0,
            "vent_lon"
        ],
        "datum": 15.0
    },
    {
        "prefix": "--WKT",
        "position": [
            0,
            "wkt"
        ],
        "datum": "POLYGON((8.0 33.0, 22.0 33.0, 22.0 40.0, 8.0 40.0, 8.0 33.0))"
    }
][0m
[1;30mDEBUG[0m [32m[job configure] initial work dir {}[0m
[1;30mINFO[0m [job configure] /tmp/ne7i734v$ fill_template.py \
    --METEO_DICTIONARY \
    /home/kinow/Development/python/workspace/getit-workflows/app_etna/ERA5.tbl \
    --DX \
    0.05 \
    --DY \
    0.05 \
    --end_date_time \
    2018-12-26T00:00:00Z \
    --INITIAL \
    RESTART \
    --LEVELS_FILE \
    /home/kinow/Development/python/workspace/getit-workflows/app_etna/L137_ECMWF.levels \
    --METEO_FILE \
    /home/kinow/Development/python/workspace/getit-workflows/app_etna/meteo.nc \
    --METEO_DATABASE \
    ERA5ML \
    --NZ \
    24 \
    --RESTART_FILE \
    /home/kinow/Development/python/workspace/getit-workflows/app_etna/restart.nc \
    --start_date_time \
    2018-12-25T00:00:00Z \
    --template \
    /home/kinow/Development/python/workspace/getit-workflows/app_etna/template.inp \
    --VENT_HEIGHT \
    3300 \
    --VENT_LAT \
    37.75 \
    --VENT_LON \
    15.0 \
    --WKT \
    'POLYGON((8.0 33.0, 22.0 33.0, 22.0 40.0, 8.0 40.0, 8.0 33.0))'
INFO:FILL_TEMPLATE:Filling in template...
INFO:FILL_TEMPLATE:Done!
Volcano coordinates are inside the domain box.
[1;30mDEBUG[0m [32mCould not collect memory usage, job ended before monitoring began.[0m
[1;30mINFO[0m [job configure] completed success
[1;30mDEBUG[0m [32m[job configure] outputs {
    "inp": {
        "location": "file:///tmp/ne7i734v/final.inp",
        "basename": "final.inp",
        "nameroot": "final",
        "nameext": ".inp",
        "class": "File",
        "checksum": "sha1$f48669fb49844668ab7cca4fa9088123268ba781",
        "size": 29510,
        "http://commonwl.org/cwltool#generation": 0
    }
}[0m
[1;30mDEBUG[0m [32m[step configure] produced output {
    "file:///home/kinow/Development/python/workspace/getit-workflows/fall3d-what-if-volcanos.0.2.1_mpirequirement.cwl#demo-etna/configure/inp": {
        "location": "file:///tmp/ne7i734v/final.inp",
        "basename": "final.inp",
        "nameroot": "final",
        "nameext": ".inp",
        "class": "File",
        "checksum": "sha1$f48669fb49844668ab7cca4fa9088123268ba781",
        "size": 29510,
        "http://commonwl.org/cwltool#generation": 0
    }
}[0m
[1;30mINFO[0m [step configure] completed success
[1;30mDEBUG[0m [32m[job configure] Removing input staging directory /tmp/6jx3xqa5[0m
[1;30mDEBUG[0m [32m[job configure] Removing temporary directory /tmp/xm4p4xsh[0m
[1;30mINFO[0m [workflow ] starting step run_fall3d
[1;30mDEBUG[0m [32m[step run_fall3d] job input {
    "file:///home/kinow/Development/python/workspace/getit-workflows/fall3d-what-if-volcanos.0.2.1_mpirequirement.cwl#demo-etna/run_fall3d/exe": "/home/kinow/Development/fortran/workspace/fall3d/build/bin/Fall3d.GNU.r8.mpi.cpu.x",
    "file:///home/kinow/Development/python/workspace/getit-workflows/fall3d-what-if-volcanos.0.2.1_mpirequirement.cwl#demo-etna/run_fall3d/inp": {
        "location": "file:///tmp/ne7i734v/final.inp",
        "basename": "final.inp",
        "nameroot": "final",
        "nameext": ".inp",
        "class": "File",
        "checksum": "sha1$f48669fb49844668ab7cca4fa9088123268ba781",
        "size": 29510,
        "http://commonwl.org/cwltool#generation": 0
    },
    "file:///home/kinow/Development/python/workspace/getit-workflows/fall3d-what-if-volcanos.0.2.1_mpirequirement.cwl#demo-etna/run_fall3d/meteo": "/home/kinow/Development/python/workspace/getit-workflows/app_etna/meteo.nc",
    "file:///home/kinow/Development/python/workspace/getit-workflows/fall3d-what-if-volcanos.0.2.1_mpirequirement.cwl#demo-etna/run_fall3d/nx": 3,
    "file:///home/kinow/Development/python/workspace/getit-workflows/fall3d-what-if-volcanos.0.2.1_mpirequirement.cwl#demo-etna/run_fall3d/ny": 2,
    "file:///home/kinow/Development/python/workspace/getit-workflows/fall3d-what-if-volcanos.0.2.1_mpirequirement.cwl#demo-etna/run_fall3d/nz": 1,
    "file:///home/kinow/Development/python/workspace/getit-workflows/fall3d-what-if-volcanos.0.2.1_mpirequirement.cwl#demo-etna/run_fall3d/phases": {
        "location": "file:///tmp/h875tcb7/phases.dat",
        "basename": "phases.dat",
        "nameroot": "phases",
        "nameext": ".dat",
        "class": "File",
        "checksum": "sha1$b62d994f43911242fa91f4d83e487b0e53ec5b3d",
        "size": 10,
        "http://commonwl.org/cwltool#generation": 0
    },
    "file:///home/kinow/Development/python/workspace/getit-workflows/fall3d-what-if-volcanos.0.2.1_mpirequirement.cwl#demo-etna/run_fall3d/restart": "/home/kinow/Development/python/workspace/getit-workflows/app_etna/restart.nc"
}[0m
[1;30mDEBUG[0m [32m[step run_fall3d] evaluated job input to {
    "file:///home/kinow/Development/python/workspace/getit-workflows/fall3d-what-if-volcanos.0.2.1_mpirequirement.cwl#demo-etna/run_fall3d/exe": "/home/kinow/Development/fortran/workspace/fall3d/build/bin/Fall3d.GNU.r8.mpi.cpu.x",
    "file:///home/kinow/Development/python/workspace/getit-workflows/fall3d-what-if-volcanos.0.2.1_mpirequirement.cwl#demo-etna/run_fall3d/inp": {
        "location": "file:///tmp/ne7i734v/final.inp",
        "basename": "final.inp",
        "nameroot": "final",
        "nameext": ".inp",
        "class": "File",
        "checksum": "sha1$f48669fb49844668ab7cca4fa9088123268ba781",
        "size": 29510,
        "http://commonwl.org/cwltool#generation": 0
    },
    "file:///home/kinow/Development/python/workspace/getit-workflows/fall3d-what-if-volcanos.0.2.1_mpirequirement.cwl#demo-etna/run_fall3d/meteo": "/home/kinow/Development/python/workspace/getit-workflows/app_etna/meteo.nc",
    "file:///home/kinow/Development/python/workspace/getit-workflows/fall3d-what-if-volcanos.0.2.1_mpirequirement.cwl#demo-etna/run_fall3d/nx": 3,
    "file:///home/kinow/Development/python/workspace/getit-workflows/fall3d-what-if-volcanos.0.2.1_mpirequirement.cwl#demo-etna/run_fall3d/ny": 2,
    "file:///home/kinow/Development/python/workspace/getit-workflows/fall3d-what-if-volcanos.0.2.1_mpirequirement.cwl#demo-etna/run_fall3d/nz": 1,
    "file:///home/kinow/Development/python/workspace/getit-workflows/fall3d-what-if-volcanos.0.2.1_mpirequirement.cwl#demo-etna/run_fall3d/phases": {
        "location": "file:///tmp/h875tcb7/phases.dat",
        "basename": "phases.dat",
        "nameroot": "phases",
        "nameext": ".dat",
        "class": "File",
        "checksum": "sha1$b62d994f43911242fa91f4d83e487b0e53ec5b3d",
        "size": 10,
        "http://commonwl.org/cwltool#generation": 0
    },
    "file:///home/kinow/Development/python/workspace/getit-workflows/fall3d-what-if-volcanos.0.2.1_mpirequirement.cwl#demo-etna/run_fall3d/restart": "/home/kinow/Development/python/workspace/getit-workflows/app_etna/restart.nc"
}[0m
[1;30mINFO[0m [step run_fall3d] start
[1;30mDEBUG[0m [32m[job run_fall3d] initializing from file:///home/kinow/Development/python/workspace/getit-workflows/fall3d-what-if-volcanos.0.2.1_mpirequirement.cwl#runner-etna as part of step run_fall3d[0m
[1;30mDEBUG[0m [32m[job run_fall3d] {
    "exe": "/home/kinow/Development/fortran/workspace/fall3d/build/bin/Fall3d.GNU.r8.mpi.cpu.x",
    "inp": {
        "location": "file:///tmp/ne7i734v/final.inp",
        "basename": "final.inp",
        "nameroot": "final",
        "nameext": ".inp",
        "class": "File",
        "checksum": "sha1$f48669fb49844668ab7cca4fa9088123268ba781",
        "size": 29510,
        "http://commonwl.org/cwltool#generation": 0
    },
    "meteo": "/home/kinow/Development/python/workspace/getit-workflows/app_etna/meteo.nc",
    "nx": 3,
    "ny": 2,
    "nz": 1,
    "phases": {
        "location": "file:///tmp/h875tcb7/phases.dat",
        "basename": "phases.dat",
        "nameroot": "phases",
        "nameext": ".dat",
        "class": "File",
        "checksum": "sha1$b62d994f43911242fa91f4d83e487b0e53ec5b3d",
        "size": 10,
        "http://commonwl.org/cwltool#generation": 0
    },
    "restart": "/home/kinow/Development/python/workspace/getit-workflows/app_etna/restart.nc",
    "task": "all"
}[0m
[1;30mDEBUG[0m [32m[job run_fall3d] path mappings is {
    "file:///tmp/ne7i734v/final.inp": [
        "/tmp/ne7i734v/final.inp",
        "/tmp/yk_8_pj7/final.inp",
        "File",
        false
    ],
    "file:///tmp/h875tcb7/phases.dat": [
        "/tmp/h875tcb7/phases.dat",
        "/tmp/yk_8_pj7/phases.dat",
        "File",
        false
    ]
}[0m
[1;30mDEBUG[0m [32m[job run_fall3d] command line bindings is [
    {
        "position": [
            0,
            "exe"
        ],
        "datum": "/home/kinow/Development/fortran/workspace/fall3d/build/bin/Fall3d.GNU.r8.mpi.cpu.x"
    },
    {
        "position": [
            1,
            "task"
        ],
        "datum": "all"
    },
    {
        "position": [
            2,
            "inp"
        ],
        "datum": {
            "location": "file:///tmp/ne7i734v/final.inp",
            "basename": "final.inp",
            "nameroot": "final",
            "nameext": ".inp",
            "class": "File",
            "checksum": "sha1$f48669fb49844668ab7cca4fa9088123268ba781",
            "size": 29510,
            "http://commonwl.org/cwltool#generation": 0,
            "path": "/tmp/yk_8_pj7/final.inp",
            "dirname": "/tmp/yk_8_pj7"
        }
    },
    {
        "position": [
            3,
            "nx"
        ],
        "datum": 3
    },
    {
        "position": [
            4,
            "ny"
        ],
        "datum": 2
    },
    {
        "position": [
            5,
            "nz"
        ],
        "datum": 1
    }
][0m
[1;30mDEBUG[0m [32m[job run_fall3d] initial work dir {
    "file:///tmp/ne7i734v/final.inp": [
        "/tmp/ne7i734v/final.inp",
        "/tmp/yk_8_pj7/final.inp",
        "File",
        true
    ],
    "file:///tmp/h875tcb7/phases.dat": [
        "/tmp/h875tcb7/phases.dat",
        "/tmp/yk_8_pj7/phases.dat",
        "File",
        true
    ]
}[0m
[1;30mINFO[0m [job run_fall3d] /tmp/yk_8_pj7$ mpirun.mpich \
    -n \
    6 \
    /home/kinow/Development/fortran/workspace/fall3d/build/bin/Fall3d.GNU.r8.mpi.cpu.x \
    all \
    /tmp/yk_8_pj7/final.inp \
    3 \
    2 \
    1 > /tmp/yk_8_pj7/fall3d.out 2> /tmp/yk_8_pj7/fall3d.err
[1;30mINFO[0m [job run_fall3d] Max memory used: 1535MiB
[1;30mINFO[0m [job run_fall3d] completed success
[1;30mDEBUG[0m [32m[job run_fall3d] outputs {
    "log": {
        "location": "file:///tmp/yk_8_pj7/final.Fall3d.log",
        "basename": "final.Fall3d.log",
        "nameroot": "final.Fall3d",
        "nameext": ".log",
        "class": "File",
        "checksum": "sha1$3fcd7e9d128e1a18d014cc1cbb0096f322cf8088",
        "size": 213029,
        "http://commonwl.org/cwltool#generation": 0
    },
    "res": {
        "location": "file:///tmp/yk_8_pj7/final.res.nc",
        "basename": "final.res.nc",
        "nameroot": "final.res",
        "nameext": ".nc",
        "class": "File",
        "checksum": "sha1$b02775d2fff5f9d09b11a1d4b5a39572c482f71f",
        "size": 43805174,
        "http://commonwl.org/cwltool#generation": 0
    },
    "rst": {
        "location": "file:///tmp/yk_8_pj7/final.2018-12-26-00-00.rst.nc",
        "basename": "final.2018-12-26-00-00.rst.nc",
        "nameroot": "final.2018-12-26-00-00.rst",
        "nameext": ".nc",
        "class": "File",
        "checksum": "sha1$cb65a4acda72142a3782c8c6c6a7151f5ca8639c",
        "size": 23733887,
        "http://commonwl.org/cwltool#generation": 0
    },
    "stderr": {
        "location": "file:///tmp/yk_8_pj7/fall3d.err",
        "basename": "fall3d.err",
        "nameroot": "fall3d",
        "nameext": ".err",
        "class": "File",
        "checksum": "sha1$da39a3ee5e6b4b0d3255bfef95601890afd80709",
        "size": 0,
        "http://commonwl.org/cwltool#generation": 0
    },
    "stdout": {
        "location": "file:///tmp/yk_8_pj7/fall3d.out",
        "basename": "fall3d.out",
        "nameroot": "fall3d",
        "nameext": ".out",
        "class": "File",
        "checksum": "sha1$46035c2fddf5da69f287e8d728d7f75a1bc718d3",
        "size": 1482,
        "http://commonwl.org/cwltool#generation": 0
    }
}[0m
[1;30mDEBUG[0m [32m[step run_fall3d] produced output {
    "file:///home/kinow/Development/python/workspace/getit-workflows/fall3d-what-if-volcanos.0.2.1_mpirequirement.cwl#demo-etna/run_fall3d/log": {
        "location": "file:///tmp/yk_8_pj7/final.Fall3d.log",
        "basename": "final.Fall3d.log",
        "nameroot": "final.Fall3d",
        "nameext": ".log",
        "class": "File",
        "checksum": "sha1$3fcd7e9d128e1a18d014cc1cbb0096f322cf8088",
        "size": 213029,
        "http://commonwl.org/cwltool#generation": 0
    },
    "file:///home/kinow/Development/python/workspace/getit-workflows/fall3d-what-if-volcanos.0.2.1_mpirequirement.cwl#demo-etna/run_fall3d/res": {
        "location": "file:///tmp/yk_8_pj7/final.res.nc",
        "basename": "final.res.nc",
        "nameroot": "final.res",
        "nameext": ".nc",
        "class": "File",
        "checksum": "sha1$b02775d2fff5f9d09b11a1d4b5a39572c482f71f",
        "size": 43805174,
        "http://commonwl.org/cwltool#generation": 0
    },
    "file:///home/kinow/Development/python/workspace/getit-workflows/fall3d-what-if-volcanos.0.2.1_mpirequirement.cwl#demo-etna/run_fall3d/rst": {
        "location": "file:///tmp/yk_8_pj7/final.2018-12-26-00-00.rst.nc",
        "basename": "final.2018-12-26-00-00.rst.nc",
        "nameroot": "final.2018-12-26-00-00.rst",
        "nameext": ".nc",
        "class": "File",
        "checksum": "sha1$cb65a4acda72142a3782c8c6c6a7151f5ca8639c",
        "size": 23733887,
        "http://commonwl.org/cwltool#generation": 0
    }
}[0m
[1;30mINFO[0m [step run_fall3d] completed success
[1;30mDEBUG[0m [32m[job run_fall3d] Removing input staging directory /tmp/2zzspdfw[0m
[1;30mDEBUG[0m [32m[job run_fall3d] Removing temporary directory /tmp/da0oekdw[0m
[1;30mDEBUG[0m [32m[workflow ] job step file:///home/kinow/Development/python/workspace/getit-workflows/fall3d-what-if-volcanos.0.2.1_mpirequirement.cwl#demo-etna/create_catalog not ready[0m
[1;30mINFO[0m [workflow ] starting step create_cogs
[1;30mINFO[0m [step create_cogs] start
[1;30mDEBUG[0m [32m[job create_cogs] initializing from file:///home/kinow/Development/python/workspace/getit-workflows/fall3d-what-if-volcanos.0.2.1_mpirequirement.cwl#figures-etna as part of step create_cogs[0m
[1;30mDEBUG[0m [32m[job create_cogs] {
    "key": "tephra_col_mass",
    "netcdf": {
        "location": "file:///tmp/yk_8_pj7/final.res.nc",
        "basename": "final.res.nc",
        "nameroot": "final.res",
        "nameext": ".nc",
        "class": "File",
        "checksum": "sha1$b02775d2fff5f9d09b11a1d4b5a39572c482f71f",
        "size": 43805174,
        "http://commonwl.org/cwltool#generation": 0
    },
    "times": 6
}[0m
[1;30mDEBUG[0m [32m[job create_cogs] path mappings is {
    "file:///tmp/yk_8_pj7/final.res.nc": [
        "/tmp/yk_8_pj7/final.res.nc",
        "/tmp/onca17la/stg4b6304ae-4cd3-4a09-b69b-25ddb50f2dde/final.res.nc",
        "File",
        true
    ]
}[0m
[1;30mDEBUG[0m [32m[job create_cogs] command line bindings is [
    {
        "position": [
            -1000000,
            0
        ],
        "datum": "createCOG.py"
    },
    {
        "prefix": "--key",
        "position": [
            0,
            "key"
        ],
        "datum": "tephra_col_mass"
    },
    {
        "prefix": "--fname",
        "position": [
            0,
            "netcdf"
        ],
        "datum": {
            "location": "file:///tmp/yk_8_pj7/final.res.nc",
            "basename": "final.res.nc",
            "nameroot": "final.res",
            "nameext": ".nc",
            "class": "File",
            "checksum": "sha1$b02775d2fff5f9d09b11a1d4b5a39572c482f71f",
            "size": 43805174,
            "http://commonwl.org/cwltool#generation": 0,
            "path": "/tmp/onca17la/stg4b6304ae-4cd3-4a09-b69b-25ddb50f2dde/final.res.nc",
            "dirname": "/tmp/onca17la/stg4b6304ae-4cd3-4a09-b69b-25ddb50f2dde"
        }
    },
    {
        "prefix": "--times",
        "position": [
            0,
            "times"
        ],
        "datum": 6
    }
][0m
[1;30mDEBUG[0m [32m[job create_cogs] initial work dir {}[0m
[1;30mINFO[0m [job create_cogs] /tmp/sks53phx$ createCOG.py \
    --key \
    tephra_col_mass \
    --fname \
    /tmp/onca17la/stg4b6304ae-4cd3-4a09-b69b-25ddb50f2dde/final.res.nc \
    --times \
    6
INFO:NETCDF2COG:Creating COG GeoTIFF file...
INFO:NETCDF2COG:Saving tephra_col_mass-t000.tif
INFO:NETCDF2COG:Saving tephra_col_mass-t006.tif
INFO:NETCDF2COG:Saving tephra_col_mass-t012.tif
INFO:NETCDF2COG:Saving tephra_col_mass-t018.tif
INFO:NETCDF2COG:Saving tephra_col_mass-t024.tif
INFO:NETCDF2COG:Done!
[1;30mINFO[0m [job create_cogs] Max memory used: 178MiB
[1;30mINFO[0m [job create_cogs] completed success
[1;30mDEBUG[0m [32m[job create_cogs] outputs {
    "tif": [
        {
            "location": "file:///tmp/sks53phx/tephra_col_mass-t000.tif",
            "basename": "tephra_col_mass-t000.tif",
            "nameroot": "tephra_col_mass-t000",
            "nameext": ".tif",
            "class": "File",
            "checksum": "sha1$ce115b23707b9e169470dc159722e2deb5eff2e3",
            "size": 41516,
            "http://commonwl.org/cwltool#generation": 0
        },
        {
            "location": "file:///tmp/sks53phx/tephra_col_mass-t006.tif",
            "basename": "tephra_col_mass-t006.tif",
            "nameroot": "tephra_col_mass-t006",
            "nameext": ".tif",
            "class": "File",
            "checksum": "sha1$4cf659301e4dd12b4ee72b103685b41bdfa9692d",
            "size": 70723,
            "http://commonwl.org/cwltool#generation": 0
        },
        {
            "location": "file:///tmp/sks53phx/tephra_col_mass-t012.tif",
            "basename": "tephra_col_mass-t012.tif",
            "nameroot": "tephra_col_mass-t012",
            "nameext": ".tif",
            "class": "File",
            "checksum": "sha1$a3f75e86a382aa65b3161b5d2f102b41e72b410e",
            "size": 81387,
            "http://commonwl.org/cwltool#generation": 0
        },
        {
            "location": "file:///tmp/sks53phx/tephra_col_mass-t018.tif",
            "basename": "tephra_col_mass-t018.tif",
            "nameroot": "tephra_col_mass-t018",
            "nameext": ".tif",
            "class": "File",
            "checksum": "sha1$26677e113fd44bd67a862f305dde84d890c8f952",
            "size": 95933,
            "http://commonwl.org/cwltool#generation": 0
        },
        {
            "location": "file:///tmp/sks53phx/tephra_col_mass-t024.tif",
            "basename": "tephra_col_mass-t024.tif",
            "nameroot": "tephra_col_mass-t024",
            "nameext": ".tif",
            "class": "File",
            "checksum": "sha1$36cbb7e811d3e8fa260c3f0d2b6d3a955dd717b8",
            "size": 104290,
            "http://commonwl.org/cwltool#generation": 0
        }
    ]
}[0m
[1;30mDEBUG[0m [32m[job create_cogs] Removing input staging directory /tmp/onca17la[0m
[1;30mDEBUG[0m [32m[job create_cogs] Removing temporary directory /tmp/6kko0cdn[0m
[1;30mINFO[0m [step create_cogs] start
[1;30mDEBUG[0m [32m[job create_cogs_2] initializing from file:///home/kinow/Development/python/workspace/getit-workflows/fall3d-what-if-volcanos.0.2.1_mpirequirement.cwl#figures-etna as part of step create_cogs[0m
[1;30mDEBUG[0m [32m[job create_cogs_2] {
    "key": "SO2_cloud_top",
    "netcdf": {
        "location": "file:///tmp/yk_8_pj7/final.res.nc",
        "basename": "final.res.nc",
        "nameroot": "final.res",
        "nameext": ".nc",
        "class": "File",
        "checksum": "sha1$b02775d2fff5f9d09b11a1d4b5a39572c482f71f",
        "size": 43805174,
        "http://commonwl.org/cwltool#generation": 0
    },
    "times": 6
}[0m
[1;30mDEBUG[0m [32m[job create_cogs_2] path mappings is {
    "file:///tmp/yk_8_pj7/final.res.nc": [
        "/tmp/yk_8_pj7/final.res.nc",
        "/tmp/ooiizp9j/stg1f5d6dcd-50ce-4b20-b57a-8064db31ace8/final.res.nc",
        "File",
        true
    ]
}[0m
[1;30mDEBUG[0m [32m[job create_cogs_2] command line bindings is [
    {
        "position": [
            -1000000,
            0
        ],
        "datum": "createCOG.py"
    },
    {
        "prefix": "--key",
        "position": [
            0,
            "key"
        ],
        "datum": "SO2_cloud_top"
    },
    {
        "prefix": "--fname",
        "position": [
            0,
            "netcdf"
        ],
        "datum": {
            "location": "file:///tmp/yk_8_pj7/final.res.nc",
            "basename": "final.res.nc",
            "nameroot": "final.res",
            "nameext": ".nc",
            "class": "File",
            "checksum": "sha1$b02775d2fff5f9d09b11a1d4b5a39572c482f71f",
            "size": 43805174,
            "http://commonwl.org/cwltool#generation": 0,
            "path": "/tmp/ooiizp9j/stg1f5d6dcd-50ce-4b20-b57a-8064db31ace8/final.res.nc",
            "dirname": "/tmp/ooiizp9j/stg1f5d6dcd-50ce-4b20-b57a-8064db31ace8"
        }
    },
    {
        "prefix": "--times",
        "position": [
            0,
            "times"
        ],
        "datum": 6
    }
][0m
[1;30mDEBUG[0m [32m[job create_cogs_2] initial work dir {}[0m
[1;30mINFO[0m [job create_cogs_2] /tmp/7uablphb$ createCOG.py \
    --key \
    SO2_cloud_top \
    --fname \
    /tmp/ooiizp9j/stg1f5d6dcd-50ce-4b20-b57a-8064db31ace8/final.res.nc \
    --times \
    6
INFO:NETCDF2COG:Creating COG GeoTIFF file...
INFO:NETCDF2COG:Saving SO2_cloud_top-t000.tif
INFO:NETCDF2COG:Saving SO2_cloud_top-t006.tif
INFO:NETCDF2COG:Saving SO2_cloud_top-t012.tif
INFO:NETCDF2COG:Saving SO2_cloud_top-t018.tif
INFO:NETCDF2COG:Saving SO2_cloud_top-t024.tif
INFO:NETCDF2COG:Done!
[1;30mDEBUG[0m [32mCould not collect memory usage, job ended before monitoring began.[0m
[1;30mINFO[0m [job create_cogs_2] completed success
[1;30mDEBUG[0m [32m[job create_cogs_2] outputs {
    "tif": [
        {
            "location": "file:///tmp/7uablphb/SO2_cloud_top-t000.tif",
            "basename": "SO2_cloud_top-t000.tif",
            "nameroot": "SO2_cloud_top-t000",
            "nameext": ".tif",
            "class": "File",
            "checksum": "sha1$7ebc65866142d132119d645a25fe39a410023b8f",
            "size": 18747,
            "http://commonwl.org/cwltool#generation": 0
        },
        {
            "location": "file:///tmp/7uablphb/SO2_cloud_top-t006.tif",
            "basename": "SO2_cloud_top-t006.tif",
            "nameroot": "SO2_cloud_top-t006",
            "nameext": ".tif",
            "class": "File",
            "checksum": "sha1$79117692a6710938a8e0cb5eba66cd2864d28ada",
            "size": 18414,
            "http://commonwl.org/cwltool#generation": 0
        },
        {
            "location": "file:///tmp/7uablphb/SO2_cloud_top-t012.tif",
            "basename": "SO2_cloud_top-t012.tif",
            "nameroot": "SO2_cloud_top-t012",
            "nameext": ".tif",
            "class": "File",
            "checksum": "sha1$1ac061768b261f89ddabd85599371d9e0af685c0",
            "size": 22041,
            "http://commonwl.org/cwltool#generation": 0
        },
        {
            "location": "file:///tmp/7uablphb/SO2_cloud_top-t018.tif",
            "basename": "SO2_cloud_top-t018.tif",
            "nameroot": "SO2_cloud_top-t018",
            "nameext": ".tif",
            "class": "File",
            "checksum": "sha1$60141b657697e36fff0aa6dee432cb15294ba9e4",
            "size": 19638,
            "http://commonwl.org/cwltool#generation": 0
        },
        {
            "location": "file:///tmp/7uablphb/SO2_cloud_top-t024.tif",
            "basename": "SO2_cloud_top-t024.tif",
            "nameroot": "SO2_cloud_top-t024",
            "nameext": ".tif",
            "class": "File",
            "checksum": "sha1$0c15d62226cc5f707b5ed87318e7fd5e01e47888",
            "size": 21717,
            "http://commonwl.org/cwltool#generation": 0
        }
    ]
}[0m
[1;30mDEBUG[0m [32m[step create_cogs] produced output {
    "file:///home/kinow/Development/python/workspace/getit-workflows/fall3d-what-if-volcanos.0.2.1_mpirequirement.cwl#demo-etna/create_cogs/tif": [
        [
            {
                "location": "file:///tmp/sks53phx/tephra_col_mass-t000.tif",
                "basename": "tephra_col_mass-t000.tif",
                "nameroot": "tephra_col_mass-t000",
                "nameext": ".tif",
                "class": "File",
                "checksum": "sha1$ce115b23707b9e169470dc159722e2deb5eff2e3",
                "size": 41516,
                "http://commonwl.org/cwltool#generation": 0
            },
            {
                "location": "file:///tmp/sks53phx/tephra_col_mass-t006.tif",
                "basename": "tephra_col_mass-t006.tif",
                "nameroot": "tephra_col_mass-t006",
                "nameext": ".tif",
                "class": "File",
                "checksum": "sha1$4cf659301e4dd12b4ee72b103685b41bdfa9692d",
                "size": 70723,
                "http://commonwl.org/cwltool#generation": 0
            },
            {
                "location": "file:///tmp/sks53phx/tephra_col_mass-t012.tif",
                "basename": "tephra_col_mass-t012.tif",
                "nameroot": "tephra_col_mass-t012",
                "nameext": ".tif",
                "class": "File",
                "checksum": "sha1$a3f75e86a382aa65b3161b5d2f102b41e72b410e",
                "size": 81387,
                "http://commonwl.org/cwltool#generation": 0
            },
            {
                "location": "file:///tmp/sks53phx/tephra_col_mass-t018.tif",
                "basename": "tephra_col_mass-t018.tif",
                "nameroot": "tephra_col_mass-t018",
                "nameext": ".tif",
                "class": "File",
                "checksum": "sha1$26677e113fd44bd67a862f305dde84d890c8f952",
                "size": 95933,
                "http://commonwl.org/cwltool#generation": 0
            },
            {
                "location": "file:///tmp/sks53phx/tephra_col_mass-t024.tif",
                "basename": "tephra_col_mass-t024.tif",
                "nameroot": "tephra_col_mass-t024",
                "nameext": ".tif",
                "class": "File",
                "checksum": "sha1$36cbb7e811d3e8fa260c3f0d2b6d3a955dd717b8",
                "size": 104290,
                "http://commonwl.org/cwltool#generation": 0
            }
        ],
        [
            {
                "location": "file:///tmp/7uablphb/SO2_cloud_top-t000.tif",
                "basename": "SO2_cloud_top-t000.tif",
                "nameroot": "SO2_cloud_top-t000",
                "nameext": ".tif",
                "class": "File",
                "checksum": "sha1$7ebc65866142d132119d645a25fe39a410023b8f",
                "size": 18747,
                "http://commonwl.org/cwltool#generation": 0
            },
            {
                "location": "file:///tmp/7uablphb/SO2_cloud_top-t006.tif",
                "basename": "SO2_cloud_top-t006.tif",
                "nameroot": "SO2_cloud_top-t006",
                "nameext": ".tif",
                "class": "File",
                "checksum": "sha1$79117692a6710938a8e0cb5eba66cd2864d28ada",
                "size": 18414,
                "http://commonwl.org/cwltool#generation": 0
            },
            {
                "location": "file:///tmp/7uablphb/SO2_cloud_top-t012.tif",
                "basename": "SO2_cloud_top-t012.tif",
                "nameroot": "SO2_cloud_top-t012",
                "nameext": ".tif",
                "class": "File",
                "checksum": "sha1$1ac061768b261f89ddabd85599371d9e0af685c0",
                "size": 22041,
                "http://commonwl.org/cwltool#generation": 0
            },
            {
                "location": "file:///tmp/7uablphb/SO2_cloud_top-t018.tif",
                "basename": "SO2_cloud_top-t018.tif",
                "nameroot": "SO2_cloud_top-t018",
                "nameext": ".tif",
                "class": "File",
                "checksum": "sha1$60141b657697e36fff0aa6dee432cb15294ba9e4",
                "size": 19638,
                "http://commonwl.org/cwltool#generation": 0
            },
            {
                "location": "file:///tmp/7uablphb/SO2_cloud_top-t024.tif",
                "basename": "SO2_cloud_top-t024.tif",
                "nameroot": "SO2_cloud_top-t024",
                "nameext": ".tif",
                "class": "File",
                "checksum": "sha1$0c15d62226cc5f707b5ed87318e7fd5e01e47888",
                "size": 21717,
                "http://commonwl.org/cwltool#generation": 0
            }
        ]
    ]
}[0m
[1;30mINFO[0m [step create_cogs] completed success
[1;30mDEBUG[0m [32m[job create_cogs_2] Removing input staging directory /tmp/ooiizp9j[0m
[1;30mDEBUG[0m [32m[job create_cogs_2] Removing temporary directory /tmp/cyol8r7g[0m
[1;30mINFO[0m [workflow ] starting step create_catalog
[1;30mDEBUG[0m [32m[step create_catalog] job input {
    "file:///home/kinow/Development/python/workspace/getit-workflows/fall3d-what-if-volcanos.0.2.1_mpirequirement.cwl#demo-etna/create_catalog/scenario": "high",
    "file:///home/kinow/Development/python/workspace/getit-workflows/fall3d-what-if-volcanos.0.2.1_mpirequirement.cwl#demo-etna/create_catalog/tifs": [
        [
            {
                "location": "file:///tmp/sks53phx/tephra_col_mass-t000.tif",
                "basename": "tephra_col_mass-t000.tif",
                "nameroot": "tephra_col_mass-t000",
                "nameext": ".tif",
                "class": "File",
                "checksum": "sha1$ce115b23707b9e169470dc159722e2deb5eff2e3",
                "size": 41516,
                "http://commonwl.org/cwltool#generation": 0
            },
            {
                "location": "file:///tmp/sks53phx/tephra_col_mass-t006.tif",
                "basename": "tephra_col_mass-t006.tif",
                "nameroot": "tephra_col_mass-t006",
                "nameext": ".tif",
                "class": "File",
                "checksum": "sha1$4cf659301e4dd12b4ee72b103685b41bdfa9692d",
                "size": 70723,
                "http://commonwl.org/cwltool#generation": 0
            },
            {
                "location": "file:///tmp/sks53phx/tephra_col_mass-t012.tif",
                "basename": "tephra_col_mass-t012.tif",
                "nameroot": "tephra_col_mass-t012",
                "nameext": ".tif",
                "class": "File",
                "checksum": "sha1$a3f75e86a382aa65b3161b5d2f102b41e72b410e",
                "size": 81387,
                "http://commonwl.org/cwltool#generation": 0
            },
            {
                "location": "file:///tmp/sks53phx/tephra_col_mass-t018.tif",
                "basename": "tephra_col_mass-t018.tif",
                "nameroot": "tephra_col_mass-t018",
                "nameext": ".tif",
                "class": "File",
                "checksum": "sha1$26677e113fd44bd67a862f305dde84d890c8f952",
                "size": 95933,
                "http://commonwl.org/cwltool#generation": 0
            },
            {
                "location": "file:///tmp/sks53phx/tephra_col_mass-t024.tif",
                "basename": "tephra_col_mass-t024.tif",
                "nameroot": "tephra_col_mass-t024",
                "nameext": ".tif",
                "class": "File",
                "checksum": "sha1$36cbb7e811d3e8fa260c3f0d2b6d3a955dd717b8",
                "size": 104290,
                "http://commonwl.org/cwltool#generation": 0
            }
        ],
        [
            {
                "location": "file:///tmp/7uablphb/SO2_cloud_top-t000.tif",
                "basename": "SO2_cloud_top-t000.tif",
                "nameroot": "SO2_cloud_top-t000",
                "nameext": ".tif",
                "class": "File",
                "checksum": "sha1$7ebc65866142d132119d645a25fe39a410023b8f",
                "size": 18747,
                "http://commonwl.org/cwltool#generation": 0
            },
            {
                "location": "file:///tmp/7uablphb/SO2_cloud_top-t006.tif",
                "basename": "SO2_cloud_top-t006.tif",
                "nameroot": "SO2_cloud_top-t006",
                "nameext": ".tif",
                "class": "File",
                "checksum": "sha1$79117692a6710938a8e0cb5eba66cd2864d28ada",
                "size": 18414,
                "http://commonwl.org/cwltool#generation": 0
            },
            {
                "location": "file:///tmp/7uablphb/SO2_cloud_top-t012.tif",
                "basename": "SO2_cloud_top-t012.tif",
                "nameroot": "SO2_cloud_top-t012",
                "nameext": ".tif",
                "class": "File",
                "checksum": "sha1$1ac061768b261f89ddabd85599371d9e0af685c0",
                "size": 22041,
                "http://commonwl.org/cwltool#generation": 0
            },
            {
                "location": "file:///tmp/7uablphb/SO2_cloud_top-t018.tif",
                "basename": "SO2_cloud_top-t018.tif",
                "nameroot": "SO2_cloud_top-t018",
                "nameext": ".tif",
                "class": "File",
                "checksum": "sha1$60141b657697e36fff0aa6dee432cb15294ba9e4",
                "size": 19638,
                "http://commonwl.org/cwltool#generation": 0
            },
            {
                "location": "file:///tmp/7uablphb/SO2_cloud_top-t024.tif",
                "basename": "SO2_cloud_top-t024.tif",
                "nameroot": "SO2_cloud_top-t024",
                "nameext": ".tif",
                "class": "File",
                "checksum": "sha1$0c15d62226cc5f707b5ed87318e7fd5e01e47888",
                "size": 21717,
                "http://commonwl.org/cwltool#generation": 0
            }
        ]
    ]
}[0m
[1;30mDEBUG[0m [32m[step create_catalog] evaluated job input to {
    "file:///home/kinow/Development/python/workspace/getit-workflows/fall3d-what-if-volcanos.0.2.1_mpirequirement.cwl#demo-etna/create_catalog/scenario": "high",
    "file:///home/kinow/Development/python/workspace/getit-workflows/fall3d-what-if-volcanos.0.2.1_mpirequirement.cwl#demo-etna/create_catalog/tifs": [
        {
            "location": "file:///tmp/sks53phx/tephra_col_mass-t000.tif",
            "basename": "tephra_col_mass-t000.tif",
            "nameroot": "tephra_col_mass-t000",
            "nameext": ".tif",
            "class": "File",
            "checksum": "sha1$ce115b23707b9e169470dc159722e2deb5eff2e3",
            "size": 41516,
            "http://commonwl.org/cwltool#generation": 0
        },
        {
            "location": "file:///tmp/sks53phx/tephra_col_mass-t006.tif",
            "basename": "tephra_col_mass-t006.tif",
            "nameroot": "tephra_col_mass-t006",
            "nameext": ".tif",
            "class": "File",
            "checksum": "sha1$4cf659301e4dd12b4ee72b103685b41bdfa9692d",
            "size": 70723,
            "http://commonwl.org/cwltool#generation": 0
        },
        {
            "location": "file:///tmp/sks53phx/tephra_col_mass-t012.tif",
            "basename": "tephra_col_mass-t012.tif",
            "nameroot": "tephra_col_mass-t012",
            "nameext": ".tif",
            "class": "File",
            "checksum": "sha1$a3f75e86a382aa65b3161b5d2f102b41e72b410e",
            "size": 81387,
            "http://commonwl.org/cwltool#generation": 0
        },
        {
            "location": "file:///tmp/sks53phx/tephra_col_mass-t018.tif",
            "basename": "tephra_col_mass-t018.tif",
            "nameroot": "tephra_col_mass-t018",
            "nameext": ".tif",
            "class": "File",
            "checksum": "sha1$26677e113fd44bd67a862f305dde84d890c8f952",
            "size": 95933,
            "http://commonwl.org/cwltool#generation": 0
        },
        {
            "location": "file:///tmp/sks53phx/tephra_col_mass-t024.tif",
            "basename": "tephra_col_mass-t024.tif",
            "nameroot": "tephra_col_mass-t024",
            "nameext": ".tif",
            "class": "File",
            "checksum": "sha1$36cbb7e811d3e8fa260c3f0d2b6d3a955dd717b8",
            "size": 104290,
            "http://commonwl.org/cwltool#generation": 0
        },
        {
            "location": "file:///tmp/7uablphb/SO2_cloud_top-t000.tif",
            "basename": "SO2_cloud_top-t000.tif",
            "nameroot": "SO2_cloud_top-t000",
            "nameext": ".tif",
            "class": "File",
            "checksum": "sha1$7ebc65866142d132119d645a25fe39a410023b8f",
            "size": 18747,
            "http://commonwl.org/cwltool#generation": 0
        },
        {
            "location": "file:///tmp/7uablphb/SO2_cloud_top-t006.tif",
            "basename": "SO2_cloud_top-t006.tif",
            "nameroot": "SO2_cloud_top-t006",
            "nameext": ".tif",
            "class": "File",
            "checksum": "sha1$79117692a6710938a8e0cb5eba66cd2864d28ada",
            "size": 18414,
            "http://commonwl.org/cwltool#generation": 0
        },
        {
            "location": "file:///tmp/7uablphb/SO2_cloud_top-t012.tif",
            "basename": "SO2_cloud_top-t012.tif",
            "nameroot": "SO2_cloud_top-t012",
            "nameext": ".tif",
            "class": "File",
            "checksum": "sha1$1ac061768b261f89ddabd85599371d9e0af685c0",
            "size": 22041,
            "http://commonwl.org/cwltool#generation": 0
        },
        {
            "location": "file:///tmp/7uablphb/SO2_cloud_top-t018.tif",
            "basename": "SO2_cloud_top-t018.tif",
            "nameroot": "SO2_cloud_top-t018",
            "nameext": ".tif",
            "class": "File",
            "checksum": "sha1$60141b657697e36fff0aa6dee432cb15294ba9e4",
            "size": 19638,
            "http://commonwl.org/cwltool#generation": 0
        },
        {
            "location": "file:///tmp/7uablphb/SO2_cloud_top-t024.tif",
            "basename": "SO2_cloud_top-t024.tif",
            "nameroot": "SO2_cloud_top-t024",
            "nameext": ".tif",
            "class": "File",
            "checksum": "sha1$0c15d62226cc5f707b5ed87318e7fd5e01e47888",
            "size": 21717,
            "http://commonwl.org/cwltool#generation": 0
        }
    ]
}[0m
[1;30mINFO[0m [step create_catalog] start
[1;30mDEBUG[0m [32m[job create_catalog] initializing from file:///home/kinow/Development/python/workspace/getit-workflows/fall3d-what-if-volcanos.0.2.1_mpirequirement.cwl#catalog-etna as part of step create_catalog[0m
[1;30mDEBUG[0m [32m[job create_catalog] {
    "scenario": "high",
    "tifs": [
        {
            "location": "file:///tmp/sks53phx/tephra_col_mass-t000.tif",
            "basename": "tephra_col_mass-t000.tif",
            "nameroot": "tephra_col_mass-t000",
            "nameext": ".tif",
            "class": "File",
            "checksum": "sha1$ce115b23707b9e169470dc159722e2deb5eff2e3",
            "size": 41516,
            "http://commonwl.org/cwltool#generation": 0
        },
        {
            "location": "file:///tmp/sks53phx/tephra_col_mass-t006.tif",
            "basename": "tephra_col_mass-t006.tif",
            "nameroot": "tephra_col_mass-t006",
            "nameext": ".tif",
            "class": "File",
            "checksum": "sha1$4cf659301e4dd12b4ee72b103685b41bdfa9692d",
            "size": 70723,
            "http://commonwl.org/cwltool#generation": 0
        },
        {
            "location": "file:///tmp/sks53phx/tephra_col_mass-t012.tif",
            "basename": "tephra_col_mass-t012.tif",
            "nameroot": "tephra_col_mass-t012",
            "nameext": ".tif",
            "class": "File",
            "checksum": "sha1$a3f75e86a382aa65b3161b5d2f102b41e72b410e",
            "size": 81387,
            "http://commonwl.org/cwltool#generation": 0
        },
        {
            "location": "file:///tmp/sks53phx/tephra_col_mass-t018.tif",
            "basename": "tephra_col_mass-t018.tif",
            "nameroot": "tephra_col_mass-t018",
            "nameext": ".tif",
            "class": "File",
            "checksum": "sha1$26677e113fd44bd67a862f305dde84d890c8f952",
            "size": 95933,
            "http://commonwl.org/cwltool#generation": 0
        },
        {
            "location": "file:///tmp/sks53phx/tephra_col_mass-t024.tif",
            "basename": "tephra_col_mass-t024.tif",
            "nameroot": "tephra_col_mass-t024",
            "nameext": ".tif",
            "class": "File",
            "checksum": "sha1$36cbb7e811d3e8fa260c3f0d2b6d3a955dd717b8",
            "size": 104290,
            "http://commonwl.org/cwltool#generation": 0
        },
        {
            "location": "file:///tmp/7uablphb/SO2_cloud_top-t000.tif",
            "basename": "SO2_cloud_top-t000.tif",
            "nameroot": "SO2_cloud_top-t000",
            "nameext": ".tif",
            "class": "File",
            "checksum": "sha1$7ebc65866142d132119d645a25fe39a410023b8f",
            "size": 18747,
            "http://commonwl.org/cwltool#generation": 0
        },
        {
            "location": "file:///tmp/7uablphb/SO2_cloud_top-t006.tif",
            "basename": "SO2_cloud_top-t006.tif",
            "nameroot": "SO2_cloud_top-t006",
            "nameext": ".tif",
            "class": "File",
            "checksum": "sha1$79117692a6710938a8e0cb5eba66cd2864d28ada",
            "size": 18414,
            "http://commonwl.org/cwltool#generation": 0
        },
        {
            "location": "file:///tmp/7uablphb/SO2_cloud_top-t012.tif",
            "basename": "SO2_cloud_top-t012.tif",
            "nameroot": "SO2_cloud_top-t012",
            "nameext": ".tif",
            "class": "File",
            "checksum": "sha1$1ac061768b261f89ddabd85599371d9e0af685c0",
            "size": 22041,
            "http://commonwl.org/cwltool#generation": 0
        },
        {
            "location": "file:///tmp/7uablphb/SO2_cloud_top-t018.tif",
            "basename": "SO2_cloud_top-t018.tif",
            "nameroot": "SO2_cloud_top-t018",
            "nameext": ".tif",
            "class": "File",
            "checksum": "sha1$60141b657697e36fff0aa6dee432cb15294ba9e4",
            "size": 19638,
            "http://commonwl.org/cwltool#generation": 0
        },
        {
            "location": "file:///tmp/7uablphb/SO2_cloud_top-t024.tif",
            "basename": "SO2_cloud_top-t024.tif",
            "nameroot": "SO2_cloud_top-t024",
            "nameext": ".tif",
            "class": "File",
            "checksum": "sha1$0c15d62226cc5f707b5ed87318e7fd5e01e47888",
            "size": 21717,
            "http://commonwl.org/cwltool#generation": 0
        }
    ]
}[0m
[1;30mDEBUG[0m [32m[job create_catalog] path mappings is {
    "file:///tmp/sks53phx/tephra_col_mass-t000.tif": [
        "/tmp/sks53phx/tephra_col_mass-t000.tif",
        "/tmp/jrizq0kb/stg16c4aedf-78ec-41cf-a548-a0a0e015a87c/tephra_col_mass-t000.tif",
        "File",
        true
    ],
    "file:///tmp/sks53phx/tephra_col_mass-t006.tif": [
        "/tmp/sks53phx/tephra_col_mass-t006.tif",
        "/tmp/jrizq0kb/stg301614c5-4073-43bf-999a-5cead179e276/tephra_col_mass-t006.tif",
        "File",
        true
    ],
    "file:///tmp/sks53phx/tephra_col_mass-t012.tif": [
        "/tmp/sks53phx/tephra_col_mass-t012.tif",
        "/tmp/jrizq0kb/stgda122d8a-9231-4907-be9a-07640cd14df6/tephra_col_mass-t012.tif",
        "File",
        true
    ],
    "file:///tmp/sks53phx/tephra_col_mass-t018.tif": [
        "/tmp/sks53phx/tephra_col_mass-t018.tif",
        "/tmp/jrizq0kb/stg6be073ab-0e22-48a6-80ce-fef4f2c428ad/tephra_col_mass-t018.tif",
        "File",
        true
    ],
    "file:///tmp/sks53phx/tephra_col_mass-t024.tif": [
        "/tmp/sks53phx/tephra_col_mass-t024.tif",
        "/tmp/jrizq0kb/stg60dc45f9-ddc7-4ffd-8d48-5eddb8cc2407/tephra_col_mass-t024.tif",
        "File",
        true
    ],
    "file:///tmp/7uablphb/SO2_cloud_top-t000.tif": [
        "/tmp/7uablphb/SO2_cloud_top-t000.tif",
        "/tmp/jrizq0kb/stg70ec6811-6345-4253-9800-a0f818f282d5/SO2_cloud_top-t000.tif",
        "File",
        true
    ],
    "file:///tmp/7uablphb/SO2_cloud_top-t006.tif": [
        "/tmp/7uablphb/SO2_cloud_top-t006.tif",
        "/tmp/jrizq0kb/stga6df08c3-69ab-4ada-8aa0-c82dca95d62c/SO2_cloud_top-t006.tif",
        "File",
        true
    ],
    "file:///tmp/7uablphb/SO2_cloud_top-t012.tif": [
        "/tmp/7uablphb/SO2_cloud_top-t012.tif",
        "/tmp/jrizq0kb/stg528a050f-e55c-48cf-9124-72dd624a166e/SO2_cloud_top-t012.tif",
        "File",
        true
    ],
    "file:///tmp/7uablphb/SO2_cloud_top-t018.tif": [
        "/tmp/7uablphb/SO2_cloud_top-t018.tif",
        "/tmp/jrizq0kb/stg12067b4b-8ff3-4321-8feb-f1c4ccf09338/SO2_cloud_top-t018.tif",
        "File",
        true
    ],
    "file:///tmp/7uablphb/SO2_cloud_top-t024.tif": [
        "/tmp/7uablphb/SO2_cloud_top-t024.tif",
        "/tmp/jrizq0kb/stg1d628aa6-0725-4cd6-a7c3-f2944b775e9e/SO2_cloud_top-t024.tif",
        "File",
        true
    ]
}[0m
[1;30mDEBUG[0m [32m[job create_catalog] command line bindings is [
    {
        "position": [
            -1000000,
            0
        ],
        "datum": "createSTAC.py"
    },
    {
        "prefix": "--path",
        "position": [
            0,
            "scenario"
        ],
        "datum": "high"
    },
    {
        "prefix": "--cogs",
        "position": [
            0,
            "tifs"
        ],
        "datum": [
            {
                "location": "file:///tmp/sks53phx/tephra_col_mass-t000.tif",
                "basename": "tephra_col_mass-t000.tif",
                "nameroot": "tephra_col_mass-t000",
                "nameext": ".tif",
                "class": "File",
                "checksum": "sha1$ce115b23707b9e169470dc159722e2deb5eff2e3",
                "size": 41516,
                "http://commonwl.org/cwltool#generation": 0,
                "path": "/tmp/jrizq0kb/stg16c4aedf-78ec-41cf-a548-a0a0e015a87c/tephra_col_mass-t000.tif",
                "dirname": "/tmp/jrizq0kb/stg16c4aedf-78ec-41cf-a548-a0a0e015a87c"
            },
            {
                "location": "file:///tmp/sks53phx/tephra_col_mass-t006.tif",
                "basename": "tephra_col_mass-t006.tif",
                "nameroot": "tephra_col_mass-t006",
                "nameext": ".tif",
                "class": "File",
                "checksum": "sha1$4cf659301e4dd12b4ee72b103685b41bdfa9692d",
                "size": 70723,
                "http://commonwl.org/cwltool#generation": 0,
                "path": "/tmp/jrizq0kb/stg301614c5-4073-43bf-999a-5cead179e276/tephra_col_mass-t006.tif",
                "dirname": "/tmp/jrizq0kb/stg301614c5-4073-43bf-999a-5cead179e276"
            },
            {
                "location": "file:///tmp/sks53phx/tephra_col_mass-t012.tif",
                "basename": "tephra_col_mass-t012.tif",
                "nameroot": "tephra_col_mass-t012",
                "nameext": ".tif",
                "class": "File",
                "checksum": "sha1$a3f75e86a382aa65b3161b5d2f102b41e72b410e",
                "size": 81387,
                "http://commonwl.org/cwltool#generation": 0,
                "path": "/tmp/jrizq0kb/stgda122d8a-9231-4907-be9a-07640cd14df6/tephra_col_mass-t012.tif",
                "dirname": "/tmp/jrizq0kb/stgda122d8a-9231-4907-be9a-07640cd14df6"
            },
            {
                "location": "file:///tmp/sks53phx/tephra_col_mass-t018.tif",
                "basename": "tephra_col_mass-t018.tif",
                "nameroot": "tephra_col_mass-t018",
                "nameext": ".tif",
                "class": "File",
                "checksum": "sha1$26677e113fd44bd67a862f305dde84d890c8f952",
                "size": 95933,
                "http://commonwl.org/cwltool#generation": 0,
                "path": "/tmp/jrizq0kb/stg6be073ab-0e22-48a6-80ce-fef4f2c428ad/tephra_col_mass-t018.tif",
                "dirname": "/tmp/jrizq0kb/stg6be073ab-0e22-48a6-80ce-fef4f2c428ad"
            },
            {
                "location": "file:///tmp/sks53phx/tephra_col_mass-t024.tif",
                "basename": "tephra_col_mass-t024.tif",
                "nameroot": "tephra_col_mass-t024",
                "nameext": ".tif",
                "class": "File",
                "checksum": "sha1$36cbb7e811d3e8fa260c3f0d2b6d3a955dd717b8",
                "size": 104290,
                "http://commonwl.org/cwltool#generation": 0,
                "path": "/tmp/jrizq0kb/stg60dc45f9-ddc7-4ffd-8d48-5eddb8cc2407/tephra_col_mass-t024.tif",
                "dirname": "/tmp/jrizq0kb/stg60dc45f9-ddc7-4ffd-8d48-5eddb8cc2407"
            },
            {
                "location": "file:///tmp/7uablphb/SO2_cloud_top-t000.tif",
                "basename": "SO2_cloud_top-t000.tif",
                "nameroot": "SO2_cloud_top-t000",
                "nameext": ".tif",
                "class": "File",
                "checksum": "sha1$7ebc65866142d132119d645a25fe39a410023b8f",
                "size": 18747,
                "http://commonwl.org/cwltool#generation": 0,
                "path": "/tmp/jrizq0kb/stg70ec6811-6345-4253-9800-a0f818f282d5/SO2_cloud_top-t000.tif",
                "dirname": "/tmp/jrizq0kb/stg70ec6811-6345-4253-9800-a0f818f282d5"
            },
            {
                "location": "file:///tmp/7uablphb/SO2_cloud_top-t006.tif",
                "basename": "SO2_cloud_top-t006.tif",
                "nameroot": "SO2_cloud_top-t006",
                "nameext": ".tif",
                "class": "File",
                "checksum": "sha1$79117692a6710938a8e0cb5eba66cd2864d28ada",
                "size": 18414,
                "http://commonwl.org/cwltool#generation": 0,
                "path": "/tmp/jrizq0kb/stga6df08c3-69ab-4ada-8aa0-c82dca95d62c/SO2_cloud_top-t006.tif",
                "dirname": "/tmp/jrizq0kb/stga6df08c3-69ab-4ada-8aa0-c82dca95d62c"
            },
            {
                "location": "file:///tmp/7uablphb/SO2_cloud_top-t012.tif",
                "basename": "SO2_cloud_top-t012.tif",
                "nameroot": "SO2_cloud_top-t012",
                "nameext": ".tif",
                "class": "File",
                "checksum": "sha1$1ac061768b261f89ddabd85599371d9e0af685c0",
                "size": 22041,
                "http://commonwl.org/cwltool#generation": 0,
                "path": "/tmp/jrizq0kb/stg528a050f-e55c-48cf-9124-72dd624a166e/SO2_cloud_top-t012.tif",
                "dirname": "/tmp/jrizq0kb/stg528a050f-e55c-48cf-9124-72dd624a166e"
            },
            {
                "location": "file:///tmp/7uablphb/SO2_cloud_top-t018.tif",
                "basename": "SO2_cloud_top-t018.tif",
                "nameroot": "SO2_cloud_top-t018",
                "nameext": ".tif",
                "class": "File",
                "checksum": "sha1$60141b657697e36fff0aa6dee432cb15294ba9e4",
                "size": 19638,
                "http://commonwl.org/cwltool#generation": 0,
                "path": "/tmp/jrizq0kb/stg12067b4b-8ff3-4321-8feb-f1c4ccf09338/SO2_cloud_top-t018.tif",
                "dirname": "/tmp/jrizq0kb/stg12067b4b-8ff3-4321-8feb-f1c4ccf09338"
            },
            {
                "location": "file:///tmp/7uablphb/SO2_cloud_top-t024.tif",
                "basename": "SO2_cloud_top-t024.tif",
                "nameroot": "SO2_cloud_top-t024",
                "nameext": ".tif",
                "class": "File",
                "checksum": "sha1$0c15d62226cc5f707b5ed87318e7fd5e01e47888",
                "size": 21717,
                "http://commonwl.org/cwltool#generation": 0,
                "path": "/tmp/jrizq0kb/stg1d628aa6-0725-4cd6-a7c3-f2944b775e9e/SO2_cloud_top-t024.tif",
                "dirname": "/tmp/jrizq0kb/stg1d628aa6-0725-4cd6-a7c3-f2944b775e9e"
            }
        ]
    },
    {
        "position": [
            0,
            "tifs",
            0,
            0,
            "tifs",
            "tifs"
        ],
        "datum": {
            "location": "file:///tmp/sks53phx/tephra_col_mass-t000.tif",
            "basename": "tephra_col_mass-t000.tif",
            "nameroot": "tephra_col_mass-t000",
            "nameext": ".tif",
            "class": "File",
            "checksum": "sha1$ce115b23707b9e169470dc159722e2deb5eff2e3",
            "size": 41516,
            "http://commonwl.org/cwltool#generation": 0,
            "path": "/tmp/jrizq0kb/stg16c4aedf-78ec-41cf-a548-a0a0e015a87c/tephra_col_mass-t000.tif",
            "dirname": "/tmp/jrizq0kb/stg16c4aedf-78ec-41cf-a548-a0a0e015a87c"
        }
    },
    {
        "position": [
            0,
            "tifs",
            1,
            0,
            "tifs",
            "tifs"
        ],
        "datum": {
            "location": "file:///tmp/sks53phx/tephra_col_mass-t006.tif",
            "basename": "tephra_col_mass-t006.tif",
            "nameroot": "tephra_col_mass-t006",
            "nameext": ".tif",
            "class": "File",
            "checksum": "sha1$4cf659301e4dd12b4ee72b103685b41bdfa9692d",
            "size": 70723,
            "http://commonwl.org/cwltool#generation": 0,
            "path": "/tmp/jrizq0kb/stg301614c5-4073-43bf-999a-5cead179e276/tephra_col_mass-t006.tif",
            "dirname": "/tmp/jrizq0kb/stg301614c5-4073-43bf-999a-5cead179e276"
        }
    },
    {
        "position": [
            0,
            "tifs",
            2,
            0,
            "tifs",
            "tifs"
        ],
        "datum": {
            "location": "file:///tmp/sks53phx/tephra_col_mass-t012.tif",
            "basename": "tephra_col_mass-t012.tif",
            "nameroot": "tephra_col_mass-t012",
            "nameext": ".tif",
            "class": "File",
            "checksum": "sha1$a3f75e86a382aa65b3161b5d2f102b41e72b410e",
            "size": 81387,
            "http://commonwl.org/cwltool#generation": 0,
            "path": "/tmp/jrizq0kb/stgda122d8a-9231-4907-be9a-07640cd14df6/tephra_col_mass-t012.tif",
            "dirname": "/tmp/jrizq0kb/stgda122d8a-9231-4907-be9a-07640cd14df6"
        }
    },
    {
        "position": [
            0,
            "tifs",
            3,
            0,
            "tifs",
            "tifs"
        ],
        "datum": {
            "location": "file:///tmp/sks53phx/tephra_col_mass-t018.tif",
            "basename": "tephra_col_mass-t018.tif",
            "nameroot": "tephra_col_mass-t018",
            "nameext": ".tif",
            "class": "File",
            "checksum": "sha1$26677e113fd44bd67a862f305dde84d890c8f952",
            "size": 95933,
            "http://commonwl.org/cwltool#generation": 0,
            "path": "/tmp/jrizq0kb/stg6be073ab-0e22-48a6-80ce-fef4f2c428ad/tephra_col_mass-t018.tif",
            "dirname": "/tmp/jrizq0kb/stg6be073ab-0e22-48a6-80ce-fef4f2c428ad"
        }
    },
    {
        "position": [
            0,
            "tifs",
            4,
            0,
            "tifs",
            "tifs"
        ],
        "datum": {
            "location": "file:///tmp/sks53phx/tephra_col_mass-t024.tif",
            "basename": "tephra_col_mass-t024.tif",
            "nameroot": "tephra_col_mass-t024",
            "nameext": ".tif",
            "class": "File",
            "checksum": "sha1$36cbb7e811d3e8fa260c3f0d2b6d3a955dd717b8",
            "size": 104290,
            "http://commonwl.org/cwltool#generation": 0,
            "path": "/tmp/jrizq0kb/stg60dc45f9-ddc7-4ffd-8d48-5eddb8cc2407/tephra_col_mass-t024.tif",
            "dirname": "/tmp/jrizq0kb/stg60dc45f9-ddc7-4ffd-8d48-5eddb8cc2407"
        }
    },
    {
        "position": [
            0,
            "tifs",
            5,
            0,
            "tifs",
            "tifs"
        ],
        "datum": {
            "location": "file:///tmp/7uablphb/SO2_cloud_top-t000.tif",
            "basename": "SO2_cloud_top-t000.tif",
            "nameroot": "SO2_cloud_top-t000",
            "nameext": ".tif",
            "class": "File",
            "checksum": "sha1$7ebc65866142d132119d645a25fe39a410023b8f",
            "size": 18747,
            "http://commonwl.org/cwltool#generation": 0,
            "path": "/tmp/jrizq0kb/stg70ec6811-6345-4253-9800-a0f818f282d5/SO2_cloud_top-t000.tif",
            "dirname": "/tmp/jrizq0kb/stg70ec6811-6345-4253-9800-a0f818f282d5"
        }
    },
    {
        "position": [
            0,
            "tifs",
            6,
            0,
            "tifs",
            "tifs"
        ],
        "datum": {
            "location": "file:///tmp/7uablphb/SO2_cloud_top-t006.tif",
            "basename": "SO2_cloud_top-t006.tif",
            "nameroot": "SO2_cloud_top-t006",
            "nameext": ".tif",
            "class": "File",
            "checksum": "sha1$79117692a6710938a8e0cb5eba66cd2864d28ada",
            "size": 18414,
            "http://commonwl.org/cwltool#generation": 0,
            "path": "/tmp/jrizq0kb/stga6df08c3-69ab-4ada-8aa0-c82dca95d62c/SO2_cloud_top-t006.tif",
            "dirname": "/tmp/jrizq0kb/stga6df08c3-69ab-4ada-8aa0-c82dca95d62c"
        }
    },
    {
        "position": [
            0,
            "tifs",
            7,
            0,
            "tifs",
            "tifs"
        ],
        "datum": {
            "location": "file:///tmp/7uablphb/SO2_cloud_top-t012.tif",
            "basename": "SO2_cloud_top-t012.tif",
            "nameroot": "SO2_cloud_top-t012",
            "nameext": ".tif",
            "class": "File",
            "checksum": "sha1$1ac061768b261f89ddabd85599371d9e0af685c0",
            "size": 22041,
            "http://commonwl.org/cwltool#generation": 0,
            "path": "/tmp/jrizq0kb/stg528a050f-e55c-48cf-9124-72dd624a166e/SO2_cloud_top-t012.tif",
            "dirname": "/tmp/jrizq0kb/stg528a050f-e55c-48cf-9124-72dd624a166e"
        }
    },
    {
        "position": [
            0,
            "tifs",
            8,
            0,
            "tifs",
            "tifs"
        ],
        "datum": {
            "location": "file:///tmp/7uablphb/SO2_cloud_top-t018.tif",
            "basename": "SO2_cloud_top-t018.tif",
            "nameroot": "SO2_cloud_top-t018",
            "nameext": ".tif",
            "class": "File",
            "checksum": "sha1$60141b657697e36fff0aa6dee432cb15294ba9e4",
            "size": 19638,
            "http://commonwl.org/cwltool#generation": 0,
            "path": "/tmp/jrizq0kb/stg12067b4b-8ff3-4321-8feb-f1c4ccf09338/SO2_cloud_top-t018.tif",
            "dirname": "/tmp/jrizq0kb/stg12067b4b-8ff3-4321-8feb-f1c4ccf09338"
        }
    },
    {
        "position": [
            0,
            "tifs",
            9,
            0,
            "tifs",
            "tifs"
        ],
        "datum": {
            "location": "file:///tmp/7uablphb/SO2_cloud_top-t024.tif",
            "basename": "SO2_cloud_top-t024.tif",
            "nameroot": "SO2_cloud_top-t024",
            "nameext": ".tif",
            "class": "File",
            "checksum": "sha1$0c15d62226cc5f707b5ed87318e7fd5e01e47888",
            "size": 21717,
            "http://commonwl.org/cwltool#generation": 0,
            "path": "/tmp/jrizq0kb/stg1d628aa6-0725-4cd6-a7c3-f2944b775e9e/SO2_cloud_top-t024.tif",
            "dirname": "/tmp/jrizq0kb/stg1d628aa6-0725-4cd6-a7c3-f2944b775e9e"
        }
    }
][0m
[1;30mDEBUG[0m [32m[job create_catalog] initial work dir {}[0m
[1;30mINFO[0m [job create_catalog] /tmp/whh5f1w8$ createSTAC.py \
    --path \
    high \
    --cogs \
    /tmp/jrizq0kb/stg16c4aedf-78ec-41cf-a548-a0a0e015a87c/tephra_col_mass-t000.tif \
    /tmp/jrizq0kb/stg301614c5-4073-43bf-999a-5cead179e276/tephra_col_mass-t006.tif \
    /tmp/jrizq0kb/stgda122d8a-9231-4907-be9a-07640cd14df6/tephra_col_mass-t012.tif \
    /tmp/jrizq0kb/stg6be073ab-0e22-48a6-80ce-fef4f2c428ad/tephra_col_mass-t018.tif \
    /tmp/jrizq0kb/stg60dc45f9-ddc7-4ffd-8d48-5eddb8cc2407/tephra_col_mass-t024.tif \
    /tmp/jrizq0kb/stg70ec6811-6345-4253-9800-a0f818f282d5/SO2_cloud_top-t000.tif \
    /tmp/jrizq0kb/stga6df08c3-69ab-4ada-8aa0-c82dca95d62c/SO2_cloud_top-t006.tif \
    /tmp/jrizq0kb/stg528a050f-e55c-48cf-9124-72dd624a166e/SO2_cloud_top-t012.tif \
    /tmp/jrizq0kb/stg12067b4b-8ff3-4321-8feb-f1c4ccf09338/SO2_cloud_top-t018.tif \
    /tmp/jrizq0kb/stg1d628aa6-0725-4cd6-a7c3-f2944b775e9e/SO2_cloud_top-t024.tif
INFO:CREATE_STAC:Creating STAC catalog...
INFO:CREATE_STAC:/tmp/jrizq0kb/stg16c4aedf-78ec-41cf-a548-a0a0e015a87c/tephra_col_mass-t000.tif: size=5924, nan_count=0, nodata=0.0
INFO:CREATE_STAC:/tmp/jrizq0kb/stg301614c5-4073-43bf-999a-5cead179e276/tephra_col_mass-t006.tif: size=11421, nan_count=0, nodata=0.0
INFO:CREATE_STAC:/tmp/jrizq0kb/stgda122d8a-9231-4907-be9a-07640cd14df6/tephra_col_mass-t012.tif: size=13485, nan_count=0, nodata=0.0
INFO:CREATE_STAC:/tmp/jrizq0kb/stg6be073ab-0e22-48a6-80ce-fef4f2c428ad/tephra_col_mass-t018.tif: size=16230, nan_count=0, nodata=0.0
INFO:CREATE_STAC:/tmp/jrizq0kb/stg60dc45f9-ddc7-4ffd-8d48-5eddb8cc2407/tephra_col_mass-t024.tif: size=17860, nan_count=0, nodata=0.0
INFO:CREATE_STAC:/tmp/jrizq0kb/stg70ec6811-6345-4253-9800-a0f818f282d5/SO2_cloud_top-t000.tif: size=2014, nan_count=0, nodata=0.0
INFO:CREATE_STAC:/tmp/jrizq0kb/stga6df08c3-69ab-4ada-8aa0-c82dca95d62c/SO2_cloud_top-t006.tif: size=2006, nan_count=0, nodata=0.0
INFO:CREATE_STAC:/tmp/jrizq0kb/stg528a050f-e55c-48cf-9124-72dd624a166e/SO2_cloud_top-t012.tif: size=3029, nan_count=0, nodata=0.0
INFO:CREATE_STAC:/tmp/jrizq0kb/stg12067b4b-8ff3-4321-8feb-f1c4ccf09338/SO2_cloud_top-t018.tif: size=2311, nan_count=0, nodata=0.0
INFO:CREATE_STAC:/tmp/jrizq0kb/stg1d628aa6-0725-4cd6-a7c3-f2944b775e9e/SO2_cloud_top-t024.tif: size=2943, nan_count=0, nodata=0.0
INFO:CREATE_STAC:Done!
[1;30mINFO[0m [job create_catalog] Max memory used: 131MiB
[1;30mINFO[0m [job create_catalog] completed success
[1;30mDEBUG[0m [32m[job create_catalog] outputs {
    "stac": {
        "location": "file:///tmp/whh5f1w8/high",
        "basename": "high",
        "nameroot": "high",
        "nameext": "",
        "class": "Directory"
    }
}[0m
[1;30mDEBUG[0m [32m[step create_catalog] produced output {
    "file:///home/kinow/Development/python/workspace/getit-workflows/fall3d-what-if-volcanos.0.2.1_mpirequirement.cwl#demo-etna/create_catalog/stac": {
        "location": "file:///tmp/whh5f1w8/high",
        "basename": "high",
        "nameroot": "high",
        "nameext": "",
        "class": "Directory"
    }
}[0m
[1;30mINFO[0m [step create_catalog] completed success
[1;30mINFO[0m [workflow ] completed success
[1;30mDEBUG[0m [32m[workflow ] outputs {
    "stac": {
        "location": "file:///tmp/whh5f1w8/high",
        "basename": "high",
        "nameroot": "high",
        "nameext": "",
        "class": "Directory"
    }
}[0m
[1;30mDEBUG[0m [32m[job create_catalog] Removing input staging directory /tmp/jrizq0kb[0m
[1;30mDEBUG[0m [32m[job create_catalog] Removing temporary directory /tmp/u_5126h9[0m
[1;30mDEBUG[0m [32mMoving /tmp/whh5f1w8/high to /home/kinow/Development/python/workspace/getit-workflows/high[0m
[1;30mDEBUG[0m [32mMoving /tmp/whh5f1w8/high/catalog.json to /home/kinow/Development/python/workspace/getit-workflows/high/catalog.json[0m
[1;30mDEBUG[0m [32mMoving /tmp/whh5f1w8/high/024 to /home/kinow/Development/python/workspace/getit-workflows/high/024[0m
[1;30mDEBUG[0m [32mMoving /tmp/whh5f1w8/high/024/024.json to /home/kinow/Development/python/workspace/getit-workflows/high/024/024.json[0m
[1;30mDEBUG[0m [32mMoving /tmp/whh5f1w8/high/024/SO2_cloud_top-t024.tif to /home/kinow/Development/python/workspace/getit-workflows/high/024/SO2_cloud_top-t024.tif[0m
[1;30mDEBUG[0m [32mMoving /tmp/whh5f1w8/high/024/tephra_col_mass-t024.tif to /home/kinow/Development/python/workspace/getit-workflows/high/024/tephra_col_mass-t024.tif[0m
[1;30mDEBUG[0m [32mMoving /tmp/whh5f1w8/high/018 to /home/kinow/Development/python/workspace/getit-workflows/high/018[0m
[1;30mDEBUG[0m [32mMoving /tmp/whh5f1w8/high/018/018.json to /home/kinow/Development/python/workspace/getit-workflows/high/018/018.json[0m
[1;30mDEBUG[0m [32mMoving /tmp/whh5f1w8/high/018/SO2_cloud_top-t018.tif to /home/kinow/Development/python/workspace/getit-workflows/high/018/SO2_cloud_top-t018.tif[0m
[1;30mDEBUG[0m [32mMoving /tmp/whh5f1w8/high/018/tephra_col_mass-t018.tif to /home/kinow/Development/python/workspace/getit-workflows/high/018/tephra_col_mass-t018.tif[0m
[1;30mDEBUG[0m [32mMoving /tmp/whh5f1w8/high/012 to /home/kinow/Development/python/workspace/getit-workflows/high/012[0m
[1;30mDEBUG[0m [32mMoving /tmp/whh5f1w8/high/012/012.json to /home/kinow/Development/python/workspace/getit-workflows/high/012/012.json[0m
[1;30mDEBUG[0m [32mMoving /tmp/whh5f1w8/high/012/SO2_cloud_top-t012.tif to /home/kinow/Development/python/workspace/getit-workflows/high/012/SO2_cloud_top-t012.tif[0m
[1;30mDEBUG[0m [32mMoving /tmp/whh5f1w8/high/012/tephra_col_mass-t012.tif to /home/kinow/Development/python/workspace/getit-workflows/high/012/tephra_col_mass-t012.tif[0m
[1;30mDEBUG[0m [32mMoving /tmp/whh5f1w8/high/006 to /home/kinow/Development/python/workspace/getit-workflows/high/006[0m
[1;30mDEBUG[0m [32mMoving /tmp/whh5f1w8/high/006/006.json to /home/kinow/Development/python/workspace/getit-workflows/high/006/006.json[0m
[1;30mDEBUG[0m [32mMoving /tmp/whh5f1w8/high/006/SO2_cloud_top-t006.tif to /home/kinow/Development/python/workspace/getit-workflows/high/006/SO2_cloud_top-t006.tif[0m
[1;30mDEBUG[0m [32mMoving /tmp/whh5f1w8/high/006/tephra_col_mass-t006.tif to /home/kinow/Development/python/workspace/getit-workflows/high/006/tephra_col_mass-t006.tif[0m
[1;30mDEBUG[0m [32mMoving /tmp/whh5f1w8/high/000 to /home/kinow/Development/python/workspace/getit-workflows/high/000[0m
[1;30mDEBUG[0m [32mMoving /tmp/whh5f1w8/high/000/000.json to /home/kinow/Development/python/workspace/getit-workflows/high/000/000.json[0m
[1;30mDEBUG[0m [32mMoving /tmp/whh5f1w8/high/000/SO2_cloud_top-t000.tif to /home/kinow/Development/python/workspace/getit-workflows/high/000/SO2_cloud_top-t000.tif[0m
[1;30mDEBUG[0m [32mMoving /tmp/whh5f1w8/high/000/tephra_col_mass-t000.tif to /home/kinow/Development/python/workspace/getit-workflows/high/000/tephra_col_mass-t000.tif[0m
[1;30mDEBUG[0m [32mRemoving intermediate output directory /tmp/7uablphb[0m
[1;30mDEBUG[0m [32mRemoving intermediate output directory /tmp/sks53phx[0m
[1;30mDEBUG[0m [32mRemoving intermediate output directory /tmp/h875tcb7[0m
[1;30mDEBUG[0m [32mRemoving intermediate output directory /tmp/whh5f1w8[0m
[1;30mDEBUG[0m [32mRemoving intermediate output directory /tmp/ne7i734v[0m
[1;30mDEBUG[0m [32mRemoving intermediate output directory /tmp/yk_8_pj7[0m
[1;30mDEBUG[0m [32mRemoving intermediate output directory /tmp/wna3nac_[0m
{
    "stac": {
        "location": "file:///home/kinow/Development/python/workspace/getit-workflows/high",
        "basename": "high",
        "class": "Directory",
        "listing": [
            {
                "class": "File",
                "location": "file:///home/kinow/Development/python/workspace/getit-workflows/high/catalog.json",
                "basename": "catalog.json",
                "size": 893,
                "checksum": "sha1$6d14eb249bc8937e73eb52084fb185a3adc0f005",
                "path": "/home/kinow/Development/python/workspace/getit-workflows/high/catalog.json"
            },
            {
                "class": "Directory",
                "location": "file:///home/kinow/Development/python/workspace/getit-workflows/high/024",
                "basename": "024",
                "listing": [
                    {
                        "class": "File",
                        "location": "file:///home/kinow/Development/python/workspace/getit-workflows/high/024/024.json",
                        "basename": "024.json",
                        "size": 13216,
                        "checksum": "sha1$e7fe6e83c57cd1ef1f7ad9a4882e0a08b1c731d6",
                        "path": "/home/kinow/Development/python/workspace/getit-workflows/high/024/024.json"
                    },
                    {
                        "class": "File",
                        "location": "file:///home/kinow/Development/python/workspace/getit-workflows/high/024/SO2_cloud_top-t024.tif",
                        "basename": "SO2_cloud_top-t024.tif",
                        "size": 21717,
                        "checksum": "sha1$0c15d62226cc5f707b5ed87318e7fd5e01e47888",
                        "path": "/home/kinow/Development/python/workspace/getit-workflows/high/024/SO2_cloud_top-t024.tif"
                    },
                    {
                        "class": "File",
                        "location": "file:///home/kinow/Development/python/workspace/getit-workflows/high/024/tephra_col_mass-t024.tif",
                        "basename": "tephra_col_mass-t024.tif",
                        "size": 104290,
                        "checksum": "sha1$36cbb7e811d3e8fa260c3f0d2b6d3a955dd717b8",
                        "path": "/home/kinow/Development/python/workspace/getit-workflows/high/024/tephra_col_mass-t024.tif"
                    }
                ],
                "path": "/home/kinow/Development/python/workspace/getit-workflows/high/024"
            },
            {
                "class": "Directory",
                "location": "file:///home/kinow/Development/python/workspace/getit-workflows/high/018",
                "basename": "018",
                "listing": [
                    {
                        "class": "File",
                        "location": "file:///home/kinow/Development/python/workspace/getit-workflows/high/018/018.json",
                        "basename": "018.json",
                        "size": 13192,
                        "checksum": "sha1$1c87a380cfe0d8f67344cb33d97c859540690e07",
                        "path": "/home/kinow/Development/python/workspace/getit-workflows/high/018/018.json"
                    },
                    {
                        "class": "File",
                        "location": "file:///home/kinow/Development/python/workspace/getit-workflows/high/018/SO2_cloud_top-t018.tif",
                        "basename": "SO2_cloud_top-t018.tif",
                        "size": 19638,
                        "checksum": "sha1$60141b657697e36fff0aa6dee432cb15294ba9e4",
                        "path": "/home/kinow/Development/python/workspace/getit-workflows/high/018/SO2_cloud_top-t018.tif"
                    },
                    {
                        "class": "File",
                        "location": "file:///home/kinow/Development/python/workspace/getit-workflows/high/018/tephra_col_mass-t018.tif",
                        "basename": "tephra_col_mass-t018.tif",
                        "size": 95933,
                        "checksum": "sha1$26677e113fd44bd67a862f305dde84d890c8f952",
                        "path": "/home/kinow/Development/python/workspace/getit-workflows/high/018/tephra_col_mass-t018.tif"
                    }
                ],
                "path": "/home/kinow/Development/python/workspace/getit-workflows/high/018"
            },
            {
                "class": "Directory",
                "location": "file:///home/kinow/Development/python/workspace/getit-workflows/high/012",
                "basename": "012",
                "listing": [
                    {
                        "class": "File",
                        "location": "file:///home/kinow/Development/python/workspace/getit-workflows/high/012/012.json",
                        "basename": "012.json",
                        "size": 13175,
                        "checksum": "sha1$3f9d65705e2ed1e936b30945c47e093189b34e62",
                        "path": "/home/kinow/Development/python/workspace/getit-workflows/high/012/012.json"
                    },
                    {
                        "class": "File",
                        "location": "file:///home/kinow/Development/python/workspace/getit-workflows/high/012/SO2_cloud_top-t012.tif",
                        "basename": "SO2_cloud_top-t012.tif",
                        "size": 22041,
                        "checksum": "sha1$1ac061768b261f89ddabd85599371d9e0af685c0",
                        "path": "/home/kinow/Development/python/workspace/getit-workflows/high/012/SO2_cloud_top-t012.tif"
                    },
                    {
                        "class": "File",
                        "location": "file:///home/kinow/Development/python/workspace/getit-workflows/high/012/tephra_col_mass-t012.tif",
                        "basename": "tephra_col_mass-t012.tif",
                        "size": 81387,
                        "checksum": "sha1$a3f75e86a382aa65b3161b5d2f102b41e72b410e",
                        "path": "/home/kinow/Development/python/workspace/getit-workflows/high/012/tephra_col_mass-t012.tif"
                    }
                ],
                "path": "/home/kinow/Development/python/workspace/getit-workflows/high/012"
            },
            {
                "class": "Directory",
                "location": "file:///home/kinow/Development/python/workspace/getit-workflows/high/006",
                "basename": "006",
                "listing": [
                    {
                        "class": "File",
                        "location": "file:///home/kinow/Development/python/workspace/getit-workflows/high/006/006.json",
                        "basename": "006.json",
                        "size": 13162,
                        "checksum": "sha1$bd23e72ddc8fd95b60333a69aa50f429e92d0b7d",
                        "path": "/home/kinow/Development/python/workspace/getit-workflows/high/006/006.json"
                    },
                    {
                        "class": "File",
                        "location": "file:///home/kinow/Development/python/workspace/getit-workflows/high/006/SO2_cloud_top-t006.tif",
                        "basename": "SO2_cloud_top-t006.tif",
                        "size": 18414,
                        "checksum": "sha1$79117692a6710938a8e0cb5eba66cd2864d28ada",
                        "path": "/home/kinow/Development/python/workspace/getit-workflows/high/006/SO2_cloud_top-t006.tif"
                    },
                    {
                        "class": "File",
                        "location": "file:///home/kinow/Development/python/workspace/getit-workflows/high/006/tephra_col_mass-t006.tif",
                        "basename": "tephra_col_mass-t006.tif",
                        "size": 70723,
                        "checksum": "sha1$4cf659301e4dd12b4ee72b103685b41bdfa9692d",
                        "path": "/home/kinow/Development/python/workspace/getit-workflows/high/006/tephra_col_mass-t006.tif"
                    }
                ],
                "path": "/home/kinow/Development/python/workspace/getit-workflows/high/006"
            },
            {
                "class": "Directory",
                "location": "file:///home/kinow/Development/python/workspace/getit-workflows/high/000",
                "basename": "000",
                "listing": [
                    {
                        "class": "File",
                        "location": "file:///home/kinow/Development/python/workspace/getit-workflows/high/000/000.json",
                        "basename": "000.json",
                        "size": 13132,
                        "checksum": "sha1$3df3542302b822a86a13b642f259317336048002",
                        "path": "/home/kinow/Development/python/workspace/getit-workflows/high/000/000.json"
                    },
                    {
                        "class": "File",
                        "location": "file:///home/kinow/Development/python/workspace/getit-workflows/high/000/SO2_cloud_top-t000.tif",
                        "basename": "SO2_cloud_top-t000.tif",
                        "size": 18747,
                        "checksum": "sha1$7ebc65866142d132119d645a25fe39a410023b8f",
                        "path": "/home/kinow/Development/python/workspace/getit-workflows/high/000/SO2_cloud_top-t000.tif"
                    },
                    {
                        "class": "File",
                        "location": "file:///home/kinow/Development/python/workspace/getit-workflows/high/000/tephra_col_mass-t000.tif",
                        "basename": "tephra_col_mass-t000.tif",
                        "size": 41516,
                        "checksum": "sha1$ce115b23707b9e169470dc159722e2deb5eff2e3",
                        "path": "/home/kinow/Development/python/workspace/getit-workflows/high/000/tephra_col_mass-t000.tif"
                    }
                ],
                "path": "/home/kinow/Development/python/workspace/getit-workflows/high/000"
            }
        ],
        "path": "/home/kinow/Development/python/workspace/getit-workflows/high"
    }
}[1;30mINFO[0m Final process status is success
