[1;30mINFO[0m /pfs/lustrep4/users/[REDACTED]/.local/share/mamba/envs/cwltool/bin/cwltool 3.2.20260413085819
[1;30mINFO[0m Resolved 'sr-workflow-base-command.cwl' to 'file:///pfs/lustrep4/projappl/[REDACTED]/[REDACTED]/cwl-mpi/workflows/mpich-sr/sr-workflow-base-command.cwl'
[1;30mDEBUG[0m [32mParsed job order from command line: {
    "__id": "sr-workflow-base-command.cwl",
    "msg_size": 0,
    "niter": 1,
    "np": 6,
    "source": {
        "class": "File",
        "path": "file:///pfs/lustrep4/projappl/[REDACTED]/[REDACTED]/cwl-mpi/workflows/mpich-sr/sr.c"
    }
}[0m
[1;30mDEBUG[0m [32m[workflow ] initialized from file:///pfs/lustrep4/projappl/[REDACTED]/[REDACTED]/cwl-mpi/workflows/mpich-sr/sr-workflow-base-command.cwl#sr-workflow[0m
[1;30mINFO[0m [workflow ] start
[1;30mDEBUG[0m [32m[workflow ] inputs {
    "msg_size": 0,
    "niter": 1,
    "np": 6,
    "source": {
        "class": "File",
        "location": "file:///pfs/lustrep4/projappl/[REDACTED]/[REDACTED]/cwl-mpi/workflows/mpich-sr/sr.c",
        "size": 2570,
        "basename": "sr.c",
        "nameroot": "sr",
        "nameext": ".c"
    }
}[0m
[1;30mDEBUG[0m [32m[workflow ] job step file:///pfs/lustrep4/projappl/[REDACTED]/[REDACTED]/cwl-mpi/workflows/mpich-sr/sr-workflow-base-command.cwl#sr-workflow/mpirun not ready[0m
[1;30mINFO[0m [workflow ] starting step mpicc
[1;30mDEBUG[0m [32m[step mpicc] job input {
    "file:///pfs/lustrep4/projappl/[REDACTED]/[REDACTED]/cwl-mpi/workflows/mpich-sr/sr-workflow-base-command.cwl#sr-workflow/mpicc/source": {
        "class": "File",
        "location": "file:///pfs/lustrep4/projappl/[REDACTED]/[REDACTED]/cwl-mpi/workflows/mpich-sr/sr.c",
        "size": 2570,
        "basename": "sr.c",
        "nameroot": "sr",
        "nameext": ".c"
    }
}[0m
[1;30mDEBUG[0m [32m[step mpicc] evaluated job input to {
    "file:///pfs/lustrep4/projappl/[REDACTED]/[REDACTED]/cwl-mpi/workflows/mpich-sr/sr-workflow-base-command.cwl#sr-workflow/mpicc/source": {
        "class": "File",
        "location": "file:///pfs/lustrep4/projappl/[REDACTED]/[REDACTED]/cwl-mpi/workflows/mpich-sr/sr.c",
        "size": 2570,
        "basename": "sr.c",
        "nameroot": "sr",
        "nameext": ".c"
    }
}[0m
[1;30mINFO[0m [step mpicc] start
[1;30mDEBUG[0m [32m[job mpicc] initializing from file:///pfs/lustrep4/projappl/[REDACTED]/[REDACTED]/cwl-mpi/workflows/mpich-sr/mpicc.cwl#mpich-mpicc as part of step mpicc[0m
[1;30mDEBUG[0m [32m[job mpicc] {
    "source": {
        "class": "File",
        "location": "file:///pfs/lustrep4/projappl/[REDACTED]/[REDACTED]/cwl-mpi/workflows/mpich-sr/sr.c",
        "size": 2570,
        "basename": "sr.c",
        "nameroot": "sr",
        "nameext": ".c"
    },
    "output_name": "sr"
}[0m
[1;30mDEBUG[0m [32m[job mpicc] path mappings is {
    "file:///pfs/lustrep4/projappl/[REDACTED]/[REDACTED]/cwl-mpi/workflows/mpich-sr/sr.c": [
        "/pfs/lustrep4/projappl/[REDACTED]/[REDACTED]/cwl-mpi/workflows/mpich-sr/sr.c",
        "/tmp/5a6pwah7/stg52e75c11-c9b3-43e8-8b2c-3a65cc82adc2/sr.c",
        "File",
        true
    ]
}[0m
[1;30mDEBUG[0m [32m[job mpicc] command line bindings is [
    {
        "position": [
            -1000000,
            0
        ],
        "datum": "mpicc"
    },
    {
        "position": [
            1,
            "source"
        ],
        "datum": {
            "class": "File",
            "location": "file:///pfs/lustrep4/projappl/[REDACTED]/[REDACTED]/cwl-mpi/workflows/mpich-sr/sr.c",
            "size": 2570,
            "basename": "sr.c",
            "nameroot": "sr",
            "nameext": ".c",
            "path": "/tmp/5a6pwah7/stg52e75c11-c9b3-43e8-8b2c-3a65cc82adc2/sr.c",
            "dirname": "/tmp/5a6pwah7/stg52e75c11-c9b3-43e8-8b2c-3a65cc82adc2"
        }
    },
    {
        "prefix": "-o",
        "position": [
            2,
            "output_name"
        ],
        "datum": "sr"
    }
][0m
[1;30mDEBUG[0m [32m[job mpicc] initial work dir {}[0m
[1;30mINFO[0m [job mpicc] /tmp/v92cspes$ mpicc \
    /tmp/5a6pwah7/stg52e75c11-c9b3-43e8-8b2c-3a65cc82adc2/sr.c \
    -o \
    sr
[1;30mINFO[0m [job mpicc] Max memory used: 106MiB
[1;30mINFO[0m [job mpicc] completed success
[1;30mDEBUG[0m [32m[job mpicc] outputs {
    "executable": {
        "location": "file:///tmp/v92cspes/sr",
        "basename": "sr",
        "nameroot": "sr",
        "nameext": "",
        "class": "File",
        "checksum": "sha1$dd86b70fef9bdf2628560d5455992724765aa3e5",
        "size": 18424,
        "http://commonwl.org/cwltool#generation": 0
    }
}[0m
[1;30mDEBUG[0m [32m[step mpicc] produced output {
    "file:///pfs/lustrep4/projappl/[REDACTED]/[REDACTED]/cwl-mpi/workflows/mpich-sr/sr-workflow-base-command.cwl#sr-workflow/mpicc/executable": {
        "location": "file:///tmp/v92cspes/sr",
        "basename": "sr",
        "nameroot": "sr",
        "nameext": "",
        "class": "File",
        "checksum": "sha1$dd86b70fef9bdf2628560d5455992724765aa3e5",
        "size": 18424,
        "http://commonwl.org/cwltool#generation": 0
    }
}[0m
[1;30mINFO[0m [step mpicc] completed success
[1;30mDEBUG[0m [32m[job mpicc] Removing input staging directory /tmp/5a6pwah7[0m
[1;30mDEBUG[0m [32m[job mpicc] Removing temporary directory /tmp/1n5cuuiw[0m
[1;30mINFO[0m [workflow ] starting step mpirun
[1;30mDEBUG[0m [32m[step mpirun] job input {
    "file:///pfs/lustrep4/projappl/[REDACTED]/[REDACTED]/cwl-mpi/workflows/mpich-sr/sr-workflow-base-command.cwl#sr-workflow/mpirun/executable": {
        "location": "file:///tmp/v92cspes/sr",
        "basename": "sr",
        "nameroot": "sr",
        "nameext": "",
        "class": "File",
        "checksum": "sha1$dd86b70fef9bdf2628560d5455992724765aa3e5",
        "size": 18424,
        "http://commonwl.org/cwltool#generation": 0
    },
    "file:///pfs/lustrep4/projappl/[REDACTED]/[REDACTED]/cwl-mpi/workflows/mpich-sr/sr-workflow-base-command.cwl#sr-workflow/mpirun/msg_size": 0,
    "file:///pfs/lustrep4/projappl/[REDACTED]/[REDACTED]/cwl-mpi/workflows/mpich-sr/sr-workflow-base-command.cwl#sr-workflow/mpirun/niter": 1,
    "file:///pfs/lustrep4/projappl/[REDACTED]/[REDACTED]/cwl-mpi/workflows/mpich-sr/sr-workflow-base-command.cwl#sr-workflow/mpirun/np": 6
}[0m
[1;30mDEBUG[0m [32m[step mpirun] evaluated job input to {
    "file:///pfs/lustrep4/projappl/[REDACTED]/[REDACTED]/cwl-mpi/workflows/mpich-sr/sr-workflow-base-command.cwl#sr-workflow/mpirun/executable": {
        "location": "file:///tmp/v92cspes/sr",
        "basename": "sr",
        "nameroot": "sr",
        "nameext": "",
        "class": "File",
        "checksum": "sha1$dd86b70fef9bdf2628560d5455992724765aa3e5",
        "size": 18424,
        "http://commonwl.org/cwltool#generation": 0
    },
    "file:///pfs/lustrep4/projappl/[REDACTED]/[REDACTED]/cwl-mpi/workflows/mpich-sr/sr-workflow-base-command.cwl#sr-workflow/mpirun/msg_size": 0,
    "file:///pfs/lustrep4/projappl/[REDACTED]/[REDACTED]/cwl-mpi/workflows/mpich-sr/sr-workflow-base-command.cwl#sr-workflow/mpirun/niter": 1,
    "file:///pfs/lustrep4/projappl/[REDACTED]/[REDACTED]/cwl-mpi/workflows/mpich-sr/sr-workflow-base-command.cwl#sr-workflow/mpirun/np": 6
}[0m
[1;30mINFO[0m [step mpirun] start
[1;30mDEBUG[0m [32m[job mpirun] initializing from file:///pfs/lustrep4/projappl/[REDACTED]/[REDACTED]/cwl-mpi/workflows/mpich-sr/sr-base-command.cwl#mpirun-base-command as part of step mpirun[0m
[1;30mDEBUG[0m [32m[job mpirun] {
    "executable": {
        "location": "file:///tmp/v92cspes/sr",
        "basename": "sr",
        "nameroot": "sr",
        "nameext": "",
        "class": "File",
        "checksum": "sha1$dd86b70fef9bdf2628560d5455992724765aa3e5",
        "size": 18424,
        "http://commonwl.org/cwltool#generation": 0
    },
    "msg_size": 0,
    "niter": 1,
    "np": 6
}[0m
[1;30mDEBUG[0m [32m[job mpirun] path mappings is {
    "file:///tmp/v92cspes/sr": [
        "/tmp/v92cspes/sr",
        "/tmp/ublnj_bb/stgfc0ffe52-dc46-4c2e-96c2-918009a815c9/sr",
        "File",
        true
    ]
}[0m
[1;30mDEBUG[0m [32m[job mpirun] command line bindings is [
    {
        "position": [
            -1000000,
            0
        ],
        "datum": "mpirun"
    },
    {
        "prefix": "-np",
        "position": [
            1,
            "np"
        ],
        "datum": 6
    },
    {
        "position": [
            2,
            "executable"
        ],
        "datum": {
            "location": "file:///tmp/v92cspes/sr",
            "basename": "sr",
            "nameroot": "sr",
            "nameext": "",
            "class": "File",
            "checksum": "sha1$dd86b70fef9bdf2628560d5455992724765aa3e5",
            "size": 18424,
            "http://commonwl.org/cwltool#generation": 0,
            "path": "/tmp/ublnj_bb/stgfc0ffe52-dc46-4c2e-96c2-918009a815c9/sr",
            "dirname": "/tmp/ublnj_bb/stgfc0ffe52-dc46-4c2e-96c2-918009a815c9"
        }
    },
    {
        "position": [
            3,
            "msg_size"
        ],
        "datum": 0
    },
    {
        "position": [
            4,
            "niter"
        ],
        "datum": 1
    }
][0m
[1;30mDEBUG[0m [32m[job mpirun] initial work dir {}[0m
[1;30mINFO[0m [job mpirun] /tmp/8t6e4brp$ mpirun \
    -np \
    6 \
    /tmp/ublnj_bb/stgfc0ffe52-dc46-4c2e-96c2-918009a815c9/sr \
    0 \
    1 > /tmp/8t6e4brp/mpirun-base-command.out 2> /tmp/8t6e4brp/mpirun-base-command.err
[1;30mERROR[0m [31m'mpirun' not found: [Errno 2] No such file or directory: 'mpirun'[0m
Traceback (most recent call last):
  File "/pfs/lustrep4/users/[REDACTED]/.local/share/mamba/envs/cwltool/lib/python3.13/site-packages/cwltool/job.py", line 324, in _execute
    rcode = _job_popen(
        commands,
    ...<11 lines>...
        default_stderr=runtimeContext.default_stderr,
    )
  File "/pfs/lustrep4/users/[REDACTED]/.local/share/mamba/envs/cwltool/lib/python3.13/site-packages/cwltool/job.py", line 963, in _job_popen
    sproc = subprocess.Popen(
        commands,
    ...<7 lines>...
        universal_newlines=True,
    )
  File "/pfs/lustrep4/users/[REDACTED]/.local/share/mamba/envs/cwltool/lib/python3.13/subprocess.py", line 1039, in __init__
    self._execute_child(args, executable, preexec_fn, close_fds,
    ~~~~~~~~~~~~~~~~~~~^^^^^^^^^^^^^^^^^^^^^^^^^^^^^^^^^^^^^^^^^
                        pass_fds, cwd, env,
                        ^^^^^^^^^^^^^^^^^^^
    ...<5 lines>...
                        gid, gids, uid, umask,
                        ^^^^^^^^^^^^^^^^^^^^^^
                        start_new_session, process_group)
                        ^^^^^^^^^^^^^^^^^^^^^^^^^^^^^^^^^
  File "/pfs/lustrep4/users/[REDACTED]/.local/share/mamba/envs/cwltool/lib/python3.13/subprocess.py", line 1991, in _execute_child
    raise child_exception_type(errno_num, err_msg, err_filename)
FileNotFoundError: [Errno 2] No such file or directory: 'mpirun'
[1;30mWARNING[0m [33m[job mpirun] completed permanentFail[0m
[1;30mDEBUG[0m [32m[job mpirun] outputs {}[0m
[1;30mERROR[0m [31m[step mpirun] Output is missing expected field file:///pfs/lustrep4/projappl/[REDACTED]/[REDACTED]/cwl-mpi/workflows/mpich-sr/sr-workflow-base-command.cwl#sr-workflow/mpirun/stdout_file[0m
[1;30mERROR[0m [31m[step mpirun] Output is missing expected field file:///pfs/lustrep4/projappl/[REDACTED]/[REDACTED]/cwl-mpi/workflows/mpich-sr/sr-workflow-base-command.cwl#sr-workflow/mpirun/stderr_file[0m
[1;30mDEBUG[0m [32m[step mpirun] produced output {}[0m
[1;30mWARNING[0m [33m[step mpirun] completed permanentFail[0m
[1;30mINFO[0m [workflow ] completed permanentFail
[1;30mDEBUG[0m [32m[workflow ] outputs {
    "stderr": null,
    "stdout": null
}[0m
[1;30mDEBUG[0m [32m[job mpirun] Removing input staging directory /tmp/ublnj_bb[0m
[1;30mDEBUG[0m [32m[job mpirun] Removing temporary directory /tmp/qr0mfmm0[0m
[1;30mDEBUG[0m [32mRemoving intermediate output directory /tmp/v92cspes[0m
[1;30mDEBUG[0m [32mRemoving intermediate output directory /tmp/8t6e4brp[0m
[1;30mDEBUG[0m [32mRemoving intermediate output directory /tmp/3x3ogkio[0m
{
    "stderr": null,
    "stdout": null
}[1;30mWARNING[0m [33mFinal process status is permanentFail[0m
