[2026-06-14T14:59:50+0000] [MainThread] [I] [toil.worker] ---TOIL WORKER OUTPUT LOG---
[2026-06-14T14:59:50+0000] [MainThread] [I] [toil] Running Toil version 9.4.1-c6a39f2c827899f9a1dd0018ca2b72c675120096 on host mpi-01.
[2026-06-14T14:59:50+0000] [MainThread] [D] [toil] Configuration: {'cwl': False, 'workflowID': 'a5d390d9-f030-411a-b019-14dd741675e0', 'kill_polling_interval': 5, 'jobStore': 'file:/home/cwlmpi/cwl-mpi/workflows/mpich-sr/logs/toil/cloud/none/ad985d50-a8c1-47ef-a87c-6ff447e592e6', 'workDir': '/home/cwlmpi/cwl-mpi/workflows/mpich-sr/logs/toil/cloud/none', 'coordination_dir': None, 'noStdOutErr': False, 'stats': False, 'cleanWorkDir': 'always', 'clean': 'onSuccess', 'clusterStats': None, 'restart': False, 'batchSystem': 'single_machine', 'scale': 1, 'slurm_allocate_mem': True, 'slurm_default_all_mem': False, 'slurm_time': None, 'slurm_partition': None, 'slurm_gpu_partition': None, 'slurm_pe': None, 'slurm_args': '', 'disableAutoDeployment': False, 'max_jobs': 9223372036854775807, 'max_local_jobs': None, 'manualMemArgs': False, 'run_local_jobs_on_workers': False, 'statePollingWait': None, 'state_polling_timeout': 1200, 'batch_logs_dir': None, 'symlinkImports': True, 'moveOutputs': False, 'caching': False, 'symlink_job_store_reads': True, 'provisioner': None, 'nodeTypes': [], 'minNodes': [0], 'maxNodes': [10], 'targetTime': 1800, 'betaInertia': 0.1, 'scaleInterval': 60, 'metrics': False, 'assume_zero_overhead': False, 'preemptibleCompensation': 0.0, 'nodeStorage': 50, 'nodeStorageOverrides': [], 'maxServiceJobs': 9223372036854775807, 'maxPreemptibleServiceJobs': 9223372036854775807, 'deadlockWait': 60, 'deadlockCheckInterval': 30, 'defaultMemory': 2147483648, 'defaultCores': 1, 'defaultDisk': 2147483648, 'defaultAccelerators': [], 'maxCores': 9223372036854775807, 'maxMemory': 9223372036854775807, 'maxDisk': 9223372036854775807, 'defaultPreemptible': False, 'retryCount': 0, 'retry_backoff_seconds': 2, 'retry_backoff_factor': 3, 'stop_on_first_failure': False, 'enableUnlimitedPreemptibleRetries': False, 'doubleMem': False, 'maxJobDuration': 9223372036854775807, 'rescueJobsFrequency': 60, 'job_store_timeout': 30, 'maxLogFileSize': 104857600, 'writeLogs': 'logs/toil/cloud/none', 'writeLogsGzip': None, 'writeLogsFromAllJobs': False, 'write_messages': '/tmp/tmp2gixa3yi', 'publish_workflow_metrics': None, 'environment': {}, 'disableChaining': False, 'disableJobStoreChecksumVerification': False, 'statusWait': 3600, 'disableProgress': False, 'sseKey': None, 'servicePollingInterval': 60.0, 'forceDockerAppliance': False, 'debugWorker': False, 'disableWorkerOutputCapture': False, 'badWorker': 0.0, 'badWorkerFailInterval': 0.01, 'logLevel': 'Debug', 'colored_logs': True, 'memory_is_product': False, 'workflowAttemptNumber': 0}
[2026-06-14T14:59:50+0000] [MainThread] [D] [toil.deferred] Opened with own state file /run/lock/toilwf-1b2732512d1c58d481add42a665b736c/deferred/func74uqj5d5
[2026-06-14T14:59:50+0000] [MainThread] [D] [toil.worker] Parsed job description
[2026-06-14T14:59:50+0000] [MainThread] [I] [toil.worker] Working on job 'ResolveIndirect' sr-workflow._resolve kind-ResolveIndirect/instance-9jr9tlpe v1
[2026-06-14T14:59:50+0000] [MainThread] [D] [toil.job] Loading user module ModuleDescriptor(dirPath='/home/cwlmpi/micromamba/envs/toil/lib/python3.13/site-packages', name='toil.cwl.cwltoil', fromVirtualEnv=True).
[2026-06-14T14:59:50+0000] [MainThread] [D] [pydot] pydot initializing
[2026-06-14T14:59:50+0000] [MainThread] [D] [pydot] pydot 4.0.1
[2026-06-14T14:59:50+0000] [MainThread] [D] [pydot.core] pydot core module initializing
[2026-06-14T14:59:50+0000] [MainThread] [D] [toil.jobStores.fileJobStore] Path to job store directory is '/home/cwlmpi/cwl-mpi/workflows/mpich-sr/logs/toil/cloud/none/ad985d50-a8c1-47ef-a87c-6ff447e592e6'.
[2026-06-14T14:59:50+0000] [MainThread] [I] [toil.worker] Loaded body Job('ResolveIndirect' sr-workflow._resolve kind-ResolveIndirect/instance-9jr9tlpe v1) from description 'ResolveIndirect' sr-workflow._resolve kind-ResolveIndirect/instance-9jr9tlpe v1
[2026-06-14T14:59:50+0000] [MainThread] [D] [toil.lib.threading] Detected that /run/lock/toilwf-1b2732512d1c58d481add42a665b736c has lockable filesystem type: tmpfs
[2026-06-14T14:59:50+0000] [MainThread] [D] [toil.deferred] Running orphaned deferred functions
[2026-06-14T14:59:50+0000] [MainThread] [D] [toil.deferred] Ran orphaned deferred functions from 0 abandoned state files
[2026-06-14T14:59:50+0000] [MainThread] [D] [toil.deferred] Running job
[2026-06-14T14:59:50+0000] [MainThread] [D] [toil.job] Saving graph of 1 jobs, 1 non-service, 0 new
[2026-06-14T14:59:50+0000] [MainThread] [D] [toil.job] Processing job 'ResolveIndirect' sr-workflow._resolve kind-ResolveIndirect/instance-9jr9tlpe v1
[2026-06-14T14:59:50+0000] [MainThread] [D] [toil.fileStores.abstractFileStore] LOG-TO-LEADER: Job 'ResolveIndirect' sr-workflow._resolve kind-ResolveIndirect/instance-9jr9tlpe v1 used 0.39% disk (4.0 KiB [4096B] used, 1.0 MiB [1048576B] requested).
[2026-06-14T14:59:50+0000] [MainThread] [D] [toil.deferred] Running own deferred functions
[2026-06-14T14:59:50+0000] [MainThread] [D] [toil.deferred] Out of deferred functions!
[2026-06-14T14:59:50+0000] [MainThread] [D] [toil.deferred] Running orphaned deferred functions
[2026-06-14T14:59:50+0000] [MainThread] [D] [toil.deferred] Ran orphaned deferred functions from 0 abandoned state files
[2026-06-14T14:59:50+0000] [MainThread] [D] [toil.job] New job version: 'ResolveIndirect' sr-workflow._resolve kind-ResolveIndirect/instance-9jr9tlpe v2
[2026-06-14T14:59:50+0000] [MainThread] [D] [toil.job] New job version: 'ResolveIndirect' sr-workflow._resolve kind-ResolveIndirect/instance-9jr9tlpe v3
[2026-06-14T14:59:50+0000] [MainThread] [W] [toil.fileStores.abstractFileStore] LOG-TO-LEADER: Job 'ResolveIndirect' sr-workflow._resolve kind-ResolveIndirect/instance-9jr9tlpe v3 used 1.01x more CPU than the requested 1 cores. Consider increasing the job's required CPU cores or limiting the number of processes/threads launched.
[2026-06-14T14:59:50+0000] [MainThread] [I] [toil.worker] Completed body for 'ResolveIndirect' sr-workflow._resolve kind-ResolveIndirect/instance-9jr9tlpe v3
[2026-06-14T14:59:50+0000] [MainThread] [D] [toil.worker] Stopping running chain of jobs: no successors: True, services: 0, checkpoint: False
[2026-06-14T14:59:50+0000] [MainThread] [I] [toil.worker] Not chaining from job 'ResolveIndirect' sr-workflow._resolve kind-ResolveIndirect/instance-9jr9tlpe v3
[2026-06-14T14:59:50+0000] [MainThread] [I] [toil.worker] Worker log can be found at /home/cwlmpi/cwl-mpi/workflows/mpich-sr/logs/toil/cloud/none/toilwf-1b2732512d1c58d481add42a665b736c/8101. Set --cleanWorkDir to retain this log
[2026-06-14T14:59:50+0000] [MainThread] [I] [toil.worker] Finished running the chain of jobs on this node, we ran for a total of 0.124487 seconds
