Platform=lumi Container=singularity Runner=cwltool
make workflow-base
make[1]: Entering directory '/pfs/lustrep4/projappl/[REDACTED]/[REDACTED]/cwl-mpi/workflows/mpich-sr'
→ workflow-base
START=$(date +%s); timeout --kill-after=30s 300s cwltool --singularity --debug --strict-cpu-limit --strict-memory-limit --enable-ext --mpi-config-file mpi-config-file.yml --outdir=logs/cwltool/lumi/singularity sr-workflow-base-command.cwl --np 6 > "logs/cwltool/lumi/singularity/workflow-base.log" 2>&1 ; EXIT=$? ; END=$(date +%s); DURATION=$((END - START)); echo "$DURATION" > "logs/cwltool/lumi/singularity/workflow-base.time"; if [ $EXIT -eq 124 ]; then echo "timeout" > "logs/cwltool/lumi/singularity/workflow-base.exit"; elif [ $EXIT -eq 137 ]; then echo "killed" > "logs/cwltool/lumi/singularity/workflow-base.exit"; else echo $EXIT > "logs/cwltool/lumi/singularity/workflow-base.exit"; fi
make[1]: Leaving directory '/pfs/lustrep4/projappl/[REDACTED]/[REDACTED]/cwl-mpi/workflows/mpich-sr'
make workflow-req
make[1]: Entering directory '/pfs/lustrep4/projappl/[REDACTED]/[REDACTED]/cwl-mpi/workflows/mpich-sr'
→ workflow-req
START=$(date +%s); timeout --kill-after=30s 300s cwltool --singularity --debug --strict-cpu-limit --strict-memory-limit --enable-ext --mpi-config-file mpi-config-file.yml --outdir=logs/cwltool/lumi/singularity sr-workflow-mpi-requirement.cwl --np 6 > "logs/cwltool/lumi/singularity/workflow-req.log" 2>&1 ; EXIT=$? ; END=$(date +%s); DURATION=$((END - START)); echo "$DURATION" > "logs/cwltool/lumi/singularity/workflow-req.time"; if [ $EXIT -eq 124 ]; then echo "timeout" > "logs/cwltool/lumi/singularity/workflow-req.exit"; elif [ $EXIT -eq 137 ]; then echo "killed" > "logs/cwltool/lumi/singularity/workflow-req.exit"; else echo $EXIT > "logs/cwltool/lumi/singularity/workflow-req.exit"; fi
make[1]: Leaving directory '/pfs/lustrep4/projappl/[REDACTED]/[REDACTED]/cwl-mpi/workflows/mpich-sr'

================ REPORT ================
make[1]: Entering directory '/pfs/lustrep4/projappl/[REDACTED]/[REDACTED]/cwl-mpi/workflows/mpich-sr'
====================================================
 Experiment report (with timing)
====================================================
TEST                 RESULT     TIME(s)   
----------------------------------------------------
workflow-base        0          29        
workflow-req         1          4         
make[1]: Leaving directory '/pfs/lustrep4/projappl/[REDACTED]/[REDACTED]/cwl-mpi/workflows/mpich-sr'
