Platform=lumi Container=none Runner=./streamflow-run-wrapper.sh
make workflow-base
make[1]: Entering directory '/pfs/lustrep4/projappl/[REDACTED]/[REDACTED]/cwl-mpi/workflows/mpich-sr'
→ workflow-base
START=$(date +%s); timeout --kill-after=30s 300s ./streamflow-run-wrapper.sh --container=none --debug  --outdir=logs/streamflow/lumi/none sr-workflow-base-command.cwl --np 6 > "logs/streamflow/lumi/none/workflow-base.log" 2>&1 ; EXIT=$? ; END=$(date +%s); DURATION=$((END - START)); echo "$DURATION" > "logs/streamflow/lumi/none/workflow-base.time"; if [ $EXIT -eq 124 ]; then echo "timeout" > "logs/streamflow/lumi/none/workflow-base.exit"; elif [ $EXIT -eq 137 ]; then echo "killed" > "logs/streamflow/lumi/none/workflow-base.exit"; else echo $EXIT > "logs/streamflow/lumi/none/workflow-base.exit"; fi
make[1]: Leaving directory '/pfs/lustrep4/projappl/[REDACTED]/[REDACTED]/cwl-mpi/workflows/mpich-sr'
make workflow-req
make[1]: Entering directory '/pfs/lustrep4/projappl/[REDACTED]/[REDACTED]/cwl-mpi/workflows/mpich-sr'
→ workflow-req
START=$(date +%s); timeout --kill-after=30s 300s ./streamflow-run-wrapper.sh --container=none --debug  --outdir=logs/streamflow/lumi/none sr-workflow-mpi-requirement.cwl --np 6 > "logs/streamflow/lumi/none/workflow-req.log" 2>&1 ; EXIT=$? ; END=$(date +%s); DURATION=$((END - START)); echo "$DURATION" > "logs/streamflow/lumi/none/workflow-req.time"; if [ $EXIT -eq 124 ]; then echo "timeout" > "logs/streamflow/lumi/none/workflow-req.exit"; elif [ $EXIT -eq 137 ]; then echo "killed" > "logs/streamflow/lumi/none/workflow-req.exit"; else echo $EXIT > "logs/streamflow/lumi/none/workflow-req.exit"; fi
make[1]: Leaving directory '/pfs/lustrep4/projappl/[REDACTED]/[REDACTED]/cwl-mpi/workflows/mpich-sr'

================ REPORT ================
make[1]: Entering directory '/pfs/lustrep4/projappl/[REDACTED]/[REDACTED]/cwl-mpi/workflows/mpich-sr'
====================================================
 Experiment report (with timing)
====================================================
TEST                 RESULT     TIME(s)   
----------------------------------------------------
workflow-base        1          113       
workflow-req         1          3         
make[1]: Leaving directory '/pfs/lustrep4/projappl/[REDACTED]/[REDACTED]/cwl-mpi/workflows/mpich-sr'
