StreamFlow file:

version: v1.0
database:
  type: default
  config:
    connection: ":memory:"
workflows:
  workflow_name:
    type: cwl
    config:
      file: "/pfs/lustrep4/projappl/[REDACTED]/[REDACTED]/cwl-mpi/workflows/mpich-sr/sr-workflow-base-command.cwl"


Executing: streamflow run --debug --outdir logs/streamflow/lumi/none /tmp/tmp.PvUZtMNGLO
2026-06-13 19:37:42.787 INFO     Processing workflow 729e5ea9-db3f-4ebb-a133-a020eb829cb6
2026-06-13 19:37:42.787 INFO     Building workflow execution plan
2026-06-13 19:37:45.547 DEBUG    Translating Workflow /
2026-06-13 19:37:45.548 DEBUG    Translating WorkflowStep /mpicc
2026-06-13 19:37:45.555 DEBUG    Translating CommandLineTool /mpicc
2026-06-13 19:37:45.556 DEBUG    Translating WorkflowStep /mpirun
2026-06-13 19:37:45.564 DEBUG    Translating CommandLineTool /mpirun
2026-06-13 19:37:46.469 INFO     COMPLETED building of workflow execution plan
2026-06-13 19:37:46.469 INFO     EXECUTING workflow 729e5ea9-db3f-4ebb-a133-a020eb829cb6
2026-06-13 19:37:46.540 DEBUG    Step /source-wf-default-transformer-injector received inputs ['0']
2026-06-13 19:37:46.540 DEBUG    Step /source-wf-default-transformer received inputs ['0']
2026-06-13 19:37:46.540 DEBUG    Step /np-wf-default-transformer-injector received inputs ['0']
2026-06-13 19:37:46.540 DEBUG    Step /np-wf-default-transformer received inputs ['0']
2026-06-13 19:37:46.540 DEBUG    Step /msg_size-wf-default-transformer-injector received inputs ['0']
2026-06-13 19:37:46.540 DEBUG    Step /msg_size-wf-default-transformer received inputs ['0']
2026-06-13 19:37:46.540 DEBUG    Step /niter-wf-default-transformer-injector received inputs ['0']
2026-06-13 19:37:46.540 DEBUG    Step /niter-wf-default-transformer received inputs ['0']
2026-06-13 19:37:46.540 DEBUG    Step /mpicc/source-cmd-default-transformer-injector received inputs ['0']
2026-06-13 19:37:46.540 DEBUG    Step /mpicc/output_name-cmd-default-transformer-injector received inputs ['0']
2026-06-13 19:37:46.540 DEBUG    Step /mpirun/np-cmd-default-transformer-injector received inputs ['0']
2026-06-13 19:37:46.540 DEBUG    Step /mpirun/msg_size-cmd-default-transformer-injector received inputs ['0']
2026-06-13 19:37:46.541 DEBUG    Step /mpirun/niter-cmd-default-transformer-injector received inputs ['0']
2026-06-13 19:37:46.542 DEBUG    Retrieving available locations for job /source-wf-default-transformer-injector/0 on __LOCAL__.
2026-06-13 19:37:46.542 DEBUG    Available locations for job /source-wf-default-transformer-injector/0 on __LOCAL__ are ['__LOCAL__'].
2026-06-13 19:37:46.542 DEBUG    Job /source-wf-default-transformer-injector/0 allocated locally
2026-06-13 19:37:46.542 DEBUG    Retrieving available locations for job /np-wf-default-transformer-injector/0 on __LOCAL__.
2026-06-13 19:37:46.543 DEBUG    Available locations for job /np-wf-default-transformer-injector/0 on __LOCAL__ are ['__LOCAL__'].
2026-06-13 19:37:46.543 DEBUG    Job /np-wf-default-transformer-injector/0 allocated locally
2026-06-13 19:37:46.543 DEBUG    Retrieving available locations for job /msg_size-wf-default-transformer-injector/0 on __LOCAL__.
2026-06-13 19:37:46.543 DEBUG    Available locations for job /msg_size-wf-default-transformer-injector/0 on __LOCAL__ are ['__LOCAL__'].
2026-06-13 19:37:46.544 DEBUG    Job /msg_size-wf-default-transformer-injector/0 allocated locally
2026-06-13 19:37:46.544 DEBUG    COMPLETED Step __deploy__/__LOCAL__
2026-06-13 19:37:46.544 DEBUG    COMPLETED Step __deploy__/f6b9d159-bc43-4180-b383-6eed9cdbcaa4
2026-06-13 19:37:46.544 DEBUG    Retrieving available locations for job /niter-wf-default-transformer-injector/0 on __LOCAL__.
2026-06-13 19:37:46.544 DEBUG    COMPLETED Step __deploy__/440ea157-c74d-48de-91e7-cf73d6c839b2
2026-06-13 19:37:46.544 DEBUG    Available locations for job /niter-wf-default-transformer-injector/0 on __LOCAL__ are ['__LOCAL__'].
2026-06-13 19:37:46.544 DEBUG    Job /niter-wf-default-transformer-injector/0 allocated locally
2026-06-13 19:37:46.545 DEBUG    Retrieving available locations for job /mpicc/source-cmd-default-transformer-injector/0 on __LOCAL__.
2026-06-13 19:37:46.545 DEBUG    Available locations for job /mpicc/source-cmd-default-transformer-injector/0 on __LOCAL__ are ['__LOCAL__'].
2026-06-13 19:37:46.545 DEBUG    Job /mpicc/source-cmd-default-transformer-injector/0 allocated locally
2026-06-13 19:37:46.545 DEBUG    Retrieving available locations for job /mpicc/output_name-cmd-default-transformer-injector/0 on __LOCAL__.
2026-06-13 19:37:46.546 DEBUG    Available locations for job /mpicc/output_name-cmd-default-transformer-injector/0 on __LOCAL__ are ['__LOCAL__'].
2026-06-13 19:37:46.546 DEBUG    Job /mpicc/output_name-cmd-default-transformer-injector/0 allocated locally
2026-06-13 19:37:46.546 DEBUG    Retrieving available locations for job /mpirun/np-cmd-default-transformer-injector/0 on __LOCAL__.
2026-06-13 19:37:46.547 DEBUG    Available locations for job /mpirun/np-cmd-default-transformer-injector/0 on __LOCAL__ are ['__LOCAL__'].
2026-06-13 19:37:46.547 DEBUG    Job /mpirun/np-cmd-default-transformer-injector/0 allocated locally
2026-06-13 19:37:46.547 DEBUG    COMPLETED Step /source-wf-default-transformer-injector/__schedule__
2026-06-13 19:37:46.547 DEBUG    Retrieving available locations for job /mpirun/msg_size-cmd-default-transformer-injector/0 on __LOCAL__.
2026-06-13 19:37:46.547 DEBUG    Available locations for job /mpirun/msg_size-cmd-default-transformer-injector/0 on __LOCAL__ are ['__LOCAL__'].
2026-06-13 19:37:46.547 DEBUG    Job /mpirun/msg_size-cmd-default-transformer-injector/0 allocated locally
2026-06-13 19:37:46.548 DEBUG    COMPLETED Step /np-wf-default-transformer-injector/__schedule__
2026-06-13 19:37:46.548 DEBUG    Retrieving available locations for job /mpirun/niter-cmd-default-transformer-injector/0 on __LOCAL__.
2026-06-13 19:37:46.548 DEBUG    Available locations for job /mpirun/niter-cmd-default-transformer-injector/0 on __LOCAL__ are ['__LOCAL__'].
2026-06-13 19:37:46.548 DEBUG    Job /mpirun/niter-cmd-default-transformer-injector/0 allocated locally
2026-06-13 19:37:46.548 DEBUG    COMPLETED Step /msg_size-wf-default-transformer-injector/__schedule__
2026-06-13 19:37:46.548 DEBUG    Job /source-wf-default-transformer-injector/0 changed status to RUNNING
2026-06-13 19:37:46.549 DEBUG    Job /np-wf-default-transformer-injector/0 changed status to RUNNING
2026-06-13 19:37:46.550 DEBUG    Job /msg_size-wf-default-transformer-injector/0 changed status to RUNNING
2026-06-13 19:37:46.550 DEBUG    Job /niter-wf-default-transformer-injector/0 changed status to RUNNING
2026-06-13 19:37:46.550 DEBUG    COMPLETED Step /niter-wf-default-transformer-injector/__schedule__
2026-06-13 19:37:46.550 DEBUG    Job /mpicc/source-cmd-default-transformer-injector/0 changed status to RUNNING
2026-06-13 19:37:46.551 DEBUG    Job /mpicc/output_name-cmd-default-transformer-injector/0 changed status to RUNNING
2026-06-13 19:37:46.551 DEBUG    COMPLETED Step /mpicc/source-cmd-default-transformer-injector/__schedule__
2026-06-13 19:37:46.551 DEBUG    Job /mpirun/np-cmd-default-transformer-injector/0 changed status to RUNNING
2026-06-13 19:37:46.552 DEBUG    COMPLETED Step /mpicc/output_name-cmd-default-transformer-injector/__schedule__
2026-06-13 19:37:46.552 DEBUG    Job /np-wf-default-transformer-injector/0 changed status to COMPLETED
2026-06-13 19:37:46.552 DEBUG    COMPLETED Step /mpirun/np-cmd-default-transformer-injector/__schedule__
2026-06-13 19:37:46.552 DEBUG    Step /np-wf-default-transformer received inputs ['0']
2026-06-13 19:37:46.552 DEBUG    Step /msg_size-wf-default-transformer received inputs ['0']
2026-06-13 19:37:46.552 DEBUG    Job /msg_size-wf-default-transformer-injector/0 changed status to COMPLETED
2026-06-13 19:37:46.552 DEBUG    Step /niter-wf-default-transformer received inputs ['0']
2026-06-13 19:37:46.552 DEBUG    COMPLETED Step /mpirun/msg_size-cmd-default-transformer-injector/__schedule__
2026-06-13 19:37:46.553 DEBUG    Step /np-wf-default-transformer-injector received termination token with Status COMPLETED
2026-06-13 19:37:46.553 DEBUG    Job /mpirun/msg_size-cmd-default-transformer-injector/0 changed status to RUNNING
2026-06-13 19:37:46.553 DEBUG    Job /niter-wf-default-transformer-injector/0 changed status to COMPLETED
2026-06-13 19:37:46.553 DEBUG    Step /msg_size-wf-default-transformer-injector received termination token with Status COMPLETED
2026-06-13 19:37:46.553 DEBUG    Job /mpirun/niter-cmd-default-transformer-injector/0 changed status to RUNNING
2026-06-13 19:37:46.553 DEBUG    Job /mpicc/output_name-cmd-default-transformer-injector/0 changed status to COMPLETED
2026-06-13 19:37:46.553 DEBUG    COMPLETED Step /mpirun/niter-cmd-default-transformer-injector/__schedule__
2026-06-13 19:37:46.553 DEBUG    Step /niter-wf-default-transformer-injector received termination token with Status COMPLETED
2026-06-13 19:37:46.554 DEBUG    Job /mpirun/np-cmd-default-transformer-injector/0 changed status to COMPLETED
2026-06-13 19:37:46.554 DEBUG    Step /np-token-transformer received inputs ['0']
2026-06-13 19:37:46.554 DEBUG    Step /np-wf-default-transformer received termination token with Status COMPLETED
2026-06-13 19:37:46.554 DEBUG    Step /msg_size-token-transformer received inputs ['0']
2026-06-13 19:37:46.554 DEBUG    Step /msg_size-wf-default-transformer received termination token with Status COMPLETED
2026-06-13 19:37:46.554 DEBUG    Step /mpicc/output_name-cmd-default-transformer-injector received termination token with Status COMPLETED
2026-06-13 19:37:46.554 DEBUG    Step /niter-token-transformer received inputs ['0']
2026-06-13 19:37:46.554 DEBUG    Step /niter-wf-default-transformer received termination token with Status COMPLETED
2026-06-13 19:37:46.554 DEBUG    Step /mpirun/np-cmd-default-transformer-injector received termination token with Status COMPLETED
2026-06-13 19:37:46.555 DEBUG    COMPLETED Step /np-wf-default-transformer-injector
2026-06-13 19:37:46.555 DEBUG    COMPLETED Step /np-wf-default-transformer
2026-06-13 19:37:46.555 DEBUG    COMPLETED Step /msg_size-wf-default-transformer
2026-06-13 19:37:46.555 DEBUG    COMPLETED Step /niter-wf-default-transformer
2026-06-13 19:37:46.555 DEBUG    COMPLETED Step /msg_size-wf-default-transformer-injector
2026-06-13 19:37:46.555 DEBUG    Job /mpirun/msg_size-cmd-default-transformer-injector/0 changed status to COMPLETED
2026-06-13 19:37:46.555 DEBUG    COMPLETED Step /niter-wf-default-transformer-injector
2026-06-13 19:37:46.555 DEBUG    Step /mpirun/msg_size-cmd-default-transformer-injector received termination token with Status COMPLETED
2026-06-13 19:37:46.555 DEBUG    COMPLETED Step /mpicc/output_name-cmd-default-transformer-injector
2026-06-13 19:37:46.556 DEBUG    Job /mpirun/niter-cmd-default-transformer-injector/0 changed status to COMPLETED
2026-06-13 19:37:46.556 DEBUG    Step /np-token-transformer received termination token with Status COMPLETED
2026-06-13 19:37:46.556 DEBUG    Step /mpirun/niter-cmd-default-transformer-injector received termination token with Status COMPLETED
2026-06-13 19:37:46.556 DEBUG    COMPLETED Step /mpirun/np-cmd-default-transformer-injector
2026-06-13 19:37:46.556 DEBUG    Step /msg_size-token-transformer received termination token with Status COMPLETED
2026-06-13 19:37:46.556 DEBUG    Step /niter-token-transformer received termination token with Status COMPLETED
2026-06-13 19:37:46.556 DEBUG    COMPLETED Step /np-token-transformer
2026-06-13 19:37:46.556 DEBUG    COMPLETED Step /mpirun/msg_size-cmd-default-transformer-injector
2026-06-13 19:37:46.556 DEBUG    COMPLETED Step /msg_size-token-transformer
2026-06-13 19:37:46.556 DEBUG    COMPLETED Step /niter-token-transformer
2026-06-13 19:37:46.557 DEBUG    COMPLETED Step /mpirun/niter-cmd-default-transformer-injector
2026-06-13 19:37:46.568 DEBUG    Job /source-wf-default-transformer-injector/0 changed status to COMPLETED
2026-06-13 19:37:46.568 DEBUG    Step /source-wf-default-transformer received inputs ['0']
2026-06-13 19:37:46.568 DEBUG    Step /source-wf-default-transformer-injector received termination token with Status COMPLETED
2026-06-13 19:37:46.568 DEBUG    Job /mpicc/source-cmd-default-transformer-injector/0 changed status to COMPLETED
2026-06-13 19:37:46.568 DEBUG    Step /mpicc/source-cmd-default-transformer-injector received termination token with Status COMPLETED
2026-06-13 19:37:46.568 DEBUG    Step /source-token-transformer received inputs ['0']
2026-06-13 19:37:46.569 DEBUG    Processing /pfs/lustrep4/projappl/[REDACTED]/[REDACTED]/cwl-mpi/workflows/mpich-sr/sr.c on location __LOCAL__/__LOCAL__.
2026-06-13 19:37:46.569 DEBUG    Step /source-wf-default-transformer received termination token with Status COMPLETED
2026-06-13 19:37:46.569 DEBUG    COMPLETED Step /source-wf-default-transformer-injector
2026-06-13 19:37:46.569 DEBUG    COMPLETED Step /source-wf-default-transformer
2026-06-13 19:37:46.569 DEBUG    COMPLETED Step /mpicc/source-cmd-default-transformer-injector
2026-06-13 19:37:46.569 DEBUG    Step /mpicc/output_name-step-default-transformer received inputs ['0']
2026-06-13 19:37:46.569 DEBUG    Step /mpicc/source-cmd-default-transformer received inputs ['0']
2026-06-13 19:37:46.569 DEBUG    Step /source-token-transformer received termination token with Status COMPLETED
2026-06-13 19:37:46.570 DEBUG    Step /mpicc/output_name-step-default-transformer received inputs ['0']
2026-06-13 19:37:46.570 DEBUG    Step /mpicc/output_name-step-default-transformer received inputs ['0']
2026-06-13 19:37:46.570 DEBUG    COMPLETED Step /source-token-transformer
2026-06-13 19:37:46.570 DEBUG    Step /mpicc/source-cmd-default-transformer received termination token with Status COMPLETED
2026-06-13 19:37:46.570 DEBUG    Step /mpicc/output_name-cmd-default-transformer received inputs ['0']
2026-06-13 19:37:46.570 DEBUG    Step /mpicc/output_name-step-default-transformer received termination token with Status COMPLETED
2026-06-13 19:37:46.571 DEBUG    COMPLETED Step /mpicc/source-cmd-default-transformer
2026-06-13 19:37:46.571 DEBUG    Step /mpicc/output_name-cmd-default-transformer received inputs ['0']
2026-06-13 19:37:46.571 DEBUG    COMPLETED Step /mpicc/output_name-step-default-transformer
2026-06-13 19:37:46.571 DEBUG    Step /mpicc/source-token-transformer received inputs ['0', '0']
2026-06-13 19:37:46.571 DEBUG    Processing /pfs/lustrep4/projappl/[REDACTED]/[REDACTED]/cwl-mpi/workflows/mpich-sr/sr.c on location __LOCAL__/__LOCAL__.
2026-06-13 19:37:46.571 DEBUG    Step /mpicc/output_name-token-transformer received inputs ['0', '0']
2026-06-13 19:37:46.571 DEBUG    Step /mpicc/output_name-cmd-default-transformer received termination token with Status COMPLETED
2026-06-13 19:37:46.572 DEBUG    COMPLETED Step /mpicc/output_name-cmd-default-transformer
2026-06-13 19:37:46.572 DEBUG    Step /mpicc/__transfer__/output_name received inputs ['0']
2026-06-13 19:37:46.572 DEBUG    Step /mpicc/output_name-token-transformer received termination token with Status COMPLETED
2026-06-13 19:37:46.572 DEBUG    Step /mpicc/__transfer__/source received inputs ['0']
2026-06-13 19:37:46.572 DEBUG    Step /mpicc/__schedule__ received inputs ['0', '0']
2026-06-13 19:37:46.572 DEBUG    Step /mpicc/source-token-transformer received termination token with Status COMPLETED
2026-06-13 19:37:46.572 DEBUG    Retrieving available locations for job /mpicc/0 on f6b9d159-bc43-4180-b383-6eed9cdbcaa4/mfisherman/mpich:4.3.2.
2026-06-13 19:37:46.572 INFO     DEPLOYING f6b9d159-bc43-4180-b383-6eed9cdbcaa4
2026-06-13 19:37:46.579 ERROR    Docker must be installed on the system to use the DockerConnector connector.
Traceback (most recent call last):
  File "/pfs/lustrep4/projappl/[REDACTED]/[REDACTED]/micromamba-envs/envs/streamflow/lib/python3.13/site-packages/streamflow/core/recovery.py", line 42, in wrapper
    await func(*args, **kwargs)
  File "/pfs/lustrep4/projappl/[REDACTED]/[REDACTED]/micromamba-envs/envs/streamflow/lib/python3.13/site-packages/streamflow/workflow/step.py", line 1490, in _schedule
    await self.workflow.context.scheduler.schedule(
    ...<3 lines>...
    )
  File "/pfs/lustrep4/projappl/[REDACTED]/[REDACTED]/micromamba-envs/envs/streamflow/lib/python3.13/site-packages/streamflow/scheduling/scheduler.py", line 528, in schedule
    task.result()
    ~~~~~~~~~~~^^
  File "/pfs/lustrep4/projappl/[REDACTED]/[REDACTED]/micromamba-envs/envs/streamflow/lib/python3.13/site-packages/streamflow/scheduling/scheduler.py", line 321, in _process_target
    await connector.get_available_locations(service=target.service)
  File "/pfs/lustrep4/projappl/[REDACTED]/[REDACTED]/micromamba-envs/envs/streamflow/lib/python3.13/site-packages/streamflow/deployment/future.py", line 149, in get_available_locations
    await self.deploy(self.external)
  File "/pfs/lustrep4/projappl/[REDACTED]/[REDACTED]/micromamba-envs/envs/streamflow/lib/python3.13/site-packages/streamflow/deployment/future.py", line 132, in deploy
    await connector.deploy(external)
  File "/pfs/lustrep4/projappl/[REDACTED]/[REDACTED]/micromamba-envs/envs/streamflow/lib/python3.13/site-packages/streamflow/deployment/connector/container.py", line 1136, in deploy
    await self._check_docker_installed()
  File "/pfs/lustrep4/projappl/[REDACTED]/[REDACTED]/micromamba-envs/envs/streamflow/lib/python3.13/site-packages/streamflow/deployment/connector/container.py", line 712, in _check_docker_installed
    raise WorkflowExecutionException(
    ...<2 lines>...
    )
streamflow.core.exception.WorkflowExecutionException: Docker must be installed on the system to use the DockerConnector connector.
2026-06-13 19:37:46.706 WARNING  Job /mpicc/0 failure can not be recovered. Failure manager is not enabled.
2026-06-13 19:37:46.706 ERROR    Docker must be installed on the system to use the DockerConnector connector.
Traceback (most recent call last):
  File "/pfs/lustrep4/projappl/[REDACTED]/[REDACTED]/micromamba-envs/envs/streamflow/lib/python3.13/site-packages/streamflow/workflow/step.py", line 1664, in run
    await self._schedule(job=job)
  File "/pfs/lustrep4/projappl/[REDACTED]/[REDACTED]/micromamba-envs/envs/streamflow/lib/python3.13/site-packages/streamflow/core/recovery.py", line 55, in wrapper
    await step.workflow.context.failure_manager.recover(job, step, e)
  File "/pfs/lustrep4/projappl/[REDACTED]/[REDACTED]/micromamba-envs/envs/streamflow/lib/python3.13/site-packages/streamflow/recovery/failure_manager.py", line 376, in recover
    raise exception
  File "/pfs/lustrep4/projappl/[REDACTED]/[REDACTED]/micromamba-envs/envs/streamflow/lib/python3.13/site-packages/streamflow/core/recovery.py", line 42, in wrapper
    await func(*args, **kwargs)
  File "/pfs/lustrep4/projappl/[REDACTED]/[REDACTED]/micromamba-envs/envs/streamflow/lib/python3.13/site-packages/streamflow/workflow/step.py", line 1490, in _schedule
    await self.workflow.context.scheduler.schedule(
    ...<3 lines>...
    )
  File "/pfs/lustrep4/projappl/[REDACTED]/[REDACTED]/micromamba-envs/envs/streamflow/lib/python3.13/site-packages/streamflow/scheduling/scheduler.py", line 528, in schedule
    task.result()
    ~~~~~~~~~~~^^
  File "/pfs/lustrep4/projappl/[REDACTED]/[REDACTED]/micromamba-envs/envs/streamflow/lib/python3.13/site-packages/streamflow/scheduling/scheduler.py", line 321, in _process_target
    await connector.get_available_locations(service=target.service)
  File "/pfs/lustrep4/projappl/[REDACTED]/[REDACTED]/micromamba-envs/envs/streamflow/lib/python3.13/site-packages/streamflow/deployment/future.py", line 149, in get_available_locations
    await self.deploy(self.external)
  File "/pfs/lustrep4/projappl/[REDACTED]/[REDACTED]/micromamba-envs/envs/streamflow/lib/python3.13/site-packages/streamflow/deployment/future.py", line 132, in deploy
    await connector.deploy(external)
  File "/pfs/lustrep4/projappl/[REDACTED]/[REDACTED]/micromamba-envs/envs/streamflow/lib/python3.13/site-packages/streamflow/deployment/connector/container.py", line 1136, in deploy
    await self._check_docker_installed()
  File "/pfs/lustrep4/projappl/[REDACTED]/[REDACTED]/micromamba-envs/envs/streamflow/lib/python3.13/site-packages/streamflow/deployment/connector/container.py", line 712, in _check_docker_installed
    raise WorkflowExecutionException(
    ...<2 lines>...
    )
streamflow.core.exception.WorkflowExecutionException: Docker must be installed on the system to use the DockerConnector connector.
2026-06-13 19:37:46.708 DEBUG    COMPLETED Step /mpicc/output_name-token-transformer
2026-06-13 19:37:46.708 DEBUG    COMPLETED Step /mpicc/source-token-transformer
2026-06-13 19:37:46.709 DEBUG    Step /mpicc received termination token with Status SKIPPED
2026-06-13 19:37:46.709 DEBUG    Step /mpirun/np-cmd-default-transformer received termination token with Status SKIPPED
2026-06-13 19:37:46.709 DEBUG    Step /mpirun/msg_size-cmd-default-transformer received termination token with Status SKIPPED
2026-06-13 19:37:46.709 DEBUG    Step /mpirun/niter-cmd-default-transformer received termination token with Status SKIPPED
2026-06-13 19:37:46.709 DEBUG    Step /mpirun/np-token-transformer received termination token with Status SKIPPED
2026-06-13 19:37:46.709 DEBUG    Step /mpirun/executable-token-transformer received termination token with Status SKIPPED
2026-06-13 19:37:46.709 DEBUG    Step /mpirun/msg_size-token-transformer received termination token with Status SKIPPED
2026-06-13 19:37:46.709 DEBUG    Step /mpirun/niter-token-transformer received termination token with Status SKIPPED
2026-06-13 19:37:46.709 DEBUG    Step /mpirun/__transfer__/np received termination token with Status SKIPPED
2026-06-13 19:37:46.709 DEBUG    Step /mpirun/__transfer__/executable received termination token with Status SKIPPED
2026-06-13 19:37:46.709 DEBUG    Step /mpirun/__transfer__/msg_size received termination token with Status SKIPPED
2026-06-13 19:37:46.709 DEBUG    Step /mpirun/__transfer__/niter received termination token with Status SKIPPED
2026-06-13 19:37:46.709 DEBUG    Step /mpirun/__schedule__ received termination token with Status SKIPPED
2026-06-13 19:37:46.710 DEBUG    FAILED Step /mpicc/__schedule__
2026-06-13 19:37:46.710 DEBUG    SKIPPED Step /mpicc/__transfer__/output_name
2026-06-13 19:37:46.710 DEBUG    Step /mpirun received termination token with Status SKIPPED
2026-06-13 19:37:46.710 DEBUG    Step /stdout-collector-transformer received termination token with Status SKIPPED
2026-06-13 19:37:46.710 DEBUG    Step /stderr-collector-transformer received termination token with Status SKIPPED
2026-06-13 19:37:46.710 DEBUG    SKIPPED Step /mpicc/__transfer__/source
2026-06-13 19:37:46.710 DEBUG    Step /stdout-collector received termination token with Status SKIPPED
2026-06-13 19:37:46.710 DEBUG    Step /stdout-collector/__schedule__ received termination token with Status SKIPPED
2026-06-13 19:37:46.710 DEBUG    Step /stderr-collector received termination token with Status SKIPPED
2026-06-13 19:37:46.710 DEBUG    Step /stderr-collector/__schedule__ received termination token with Status SKIPPED
2026-06-13 19:37:46.711 INFO     SKIPPED Step /mpicc
2026-06-13 19:37:46.711 DEBUG    SKIPPED Step /mpirun/np-cmd-default-transformer
2026-06-13 19:37:46.711 DEBUG    SKIPPED Step /mpirun/msg_size-cmd-default-transformer
2026-06-13 19:37:46.711 DEBUG    SKIPPED Step /mpirun/niter-cmd-default-transformer
2026-06-13 19:37:46.711 DEBUG    SKIPPED Step /mpirun/np-token-transformer
2026-06-13 19:37:46.711 DEBUG    SKIPPED Step /mpirun/executable-token-transformer
2026-06-13 19:37:46.711 DEBUG    SKIPPED Step /mpirun/msg_size-token-transformer
2026-06-13 19:37:46.711 DEBUG    SKIPPED Step /mpirun/niter-token-transformer
2026-06-13 19:37:46.711 DEBUG    SKIPPED Step /mpirun/__schedule__
2026-06-13 19:37:46.711 DEBUG    SKIPPED Step /mpirun/__transfer__/np
2026-06-13 19:37:46.711 DEBUG    SKIPPED Step /mpirun/__transfer__/executable
2026-06-13 19:37:46.711 DEBUG    SKIPPED Step /mpirun/__transfer__/msg_size
2026-06-13 19:37:46.711 DEBUG    SKIPPED Step /mpirun/__transfer__/niter
2026-06-13 19:37:46.711 INFO     SKIPPED Step /mpirun
2026-06-13 19:37:46.712 DEBUG    SKIPPED Step /stdout-collector-transformer
2026-06-13 19:37:46.712 DEBUG    SKIPPED Step /stderr-collector-transformer
2026-06-13 19:37:46.712 DEBUG    SKIPPED Step /stdout-collector/__schedule__
2026-06-13 19:37:46.712 DEBUG    SKIPPED Step /stderr-collector/__schedule__
2026-06-13 19:37:46.713 DEBUG    SKIPPED Step /stdout-collector
2026-06-13 19:37:46.713 DEBUG    SKIPPED Step /stderr-collector
2026-06-13 19:37:46.713 INFO     UNDEPLOYING f6b9d159-bc43-4180-b383-6eed9cdbcaa4
2026-06-13 19:37:46.713 INFO     COMPLETED undeployment of f6b9d159-bc43-4180-b383-6eed9cdbcaa4
2026-06-13 19:37:46.713 INFO     UNDEPLOYING 440ea157-c74d-48de-91e7-cf73d6c839b2
2026-06-13 19:37:46.713 INFO     COMPLETED undeployment of 440ea157-c74d-48de-91e7-cf73d6c839b2
2026-06-13 19:37:46.714 ERROR    FAILED Workflow execution
Traceback (most recent call last):
  File "/pfs/lustrep4/projappl/[REDACTED]/[REDACTED]/micromamba-envs/envs/streamflow/lib/python3.13/site-packages/streamflow/main.py", line 281, in main
    asyncio.run(_async_run(parsed_args))
    ~~~~~~~~~~~^^^^^^^^^^^^^^^^^^^^^^^^^
  File "/pfs/lustrep4/projappl/[REDACTED]/[REDACTED]/micromamba-envs/envs/streamflow/lib/python3.13/asyncio/runners.py", line 196, in run
    return runner.run(main)
           ~~~~~~~~~~^^^^^^
  File "/pfs/lustrep4/projappl/[REDACTED]/[REDACTED]/micromamba-envs/envs/streamflow/lib/python3.13/asyncio/runners.py", line 119, in run
    return self._loop.run_until_complete(task)
           ~~~~~~~~~~~~~~~~~~~~~~~~~~~~~^^^^^^
  File "/pfs/lustrep4/projappl/[REDACTED]/[REDACTED]/micromamba-envs/envs/streamflow/lib/python3.13/asyncio/base_events.py", line 725, in run_until_complete
    return future.result()
           ~~~~~~~~~~~~~^^
  File "/pfs/lustrep4/projappl/[REDACTED]/[REDACTED]/micromamba-envs/envs/streamflow/lib/python3.13/site-packages/streamflow/main.py", line 187, in _async_run
    await asyncio.gather(*workflow_tasks)
  File "/pfs/lustrep4/projappl/[REDACTED]/[REDACTED]/micromamba-envs/envs/streamflow/lib/python3.13/site-packages/streamflow/cwl/main.py", line 93, in main
    output_tokens = await executor.run()
                    ^^^^^^^^^^^^^^^^^^^^
  File "/pfs/lustrep4/projappl/[REDACTED]/[REDACTED]/micromamba-envs/envs/streamflow/lib/python3.13/site-packages/streamflow/workflow/executor.py", line 175, in run
    raise WorkflowExecutionException("FAILED Workflow execution")
streamflow.core.exception.WorkflowExecutionException: FAILED Workflow execution
